<?xml version="1.0" encoding="UTF-8"?>
<testsuite xmlns:xsi="http://www.w3.org/2001/XMLSchema-instance" xsi:noNamespaceSchemaLocation="https://maven.apache.org/surefire/maven-surefire-plugin/xsd/surefire-test-report.xsd" name="examples.ExamplesTest" time="10.967" tests="1" errors="0" skipped="0" failures="1">
  <properties>
    <property name="sun.desktop" value="windows"/>
    <property name="awt.toolkit" value="sun.awt.windows.WToolkit"/>
    <property name="java.specification.version" value="11"/>
    <property name="sun.cpu.isalist" value="amd64"/>
    <property name="sun.jnu.encoding" value="Cp1252"/>
    <property name="java.class.path" value="C:\Workspace\Karate\Karate\karate_test\target\test-classes;C:\Workspace\Karate\Karate\karate_test\target\classes;C:\Users\QOT\.m2\repository\com\intuit\karate\karate-junit5\1.3.1\karate-junit5-1.3.1.jar;C:\Users\QOT\.m2\repository\com\intuit\karate\karate-core\1.3.1\karate-core-1.3.1.jar;C:\Users\QOT\.m2\repository\org\graalvm\js\js-scriptengine\22.0.0.2\js-scriptengine-22.0.0.2.jar;C:\Users\QOT\.m2\repository\org\graalvm\sdk\graal-sdk\22.0.0.2\graal-sdk-22.0.0.2.jar;C:\Users\QOT\.m2\repository\org\graalvm\js\js\22.0.0.2\js-22.0.0.2.jar;C:\Users\QOT\.m2\repository\org\graalvm\regex\regex\22.0.0.2\regex-22.0.0.2.jar;C:\Users\QOT\.m2\repository\org\graalvm\truffle\truffle-api\22.0.0.2\truffle-api-22.0.0.2.jar;C:\Users\QOT\.m2\repository\org\thymeleaf\thymeleaf\3.0.14.RELEASE\thymeleaf-3.0.14.RELEASE.jar;C:\Users\QOT\.m2\repository\ognl\ognl\3.1.26\ognl-3.1.26.jar;C:\Users\QOT\.m2\repository\org\javassist\javassist\3.20.0-GA\javassist-3.20.0-GA.jar;C:\Users\QOT\.m2\repository\org\attoparser\attoparser\2.0.5.RELEASE\attoparser-2.0.5.RELEASE.jar;C:\Users\QOT\.m2\repository\org\unbescape\unbescape\1.1.6.RELEASE\unbescape-1.1.6.RELEASE.jar;C:\Users\QOT\.m2\repository\org\slf4j\slf4j-api\1.7.25\slf4j-api-1.7.25.jar;C:\Users\QOT\.m2\repository\com\linecorp\armeria\armeria\1.18.0\armeria-1.18.0.jar;C:\Users\QOT\.m2\repository\com\fasterxml\jackson\core\jackson-core\2.13.3\jackson-core-2.13.3.jar;C:\Users\QOT\.m2\repository\com\fasterxml\jackson\core\jackson-annotations\2.13.3\jackson-annotations-2.13.3.jar;C:\Users\QOT\.m2\repository\com\fasterxml\jackson\core\jackson-databind\2.13.3\jackson-databind-2.13.3.jar;C:\Users\QOT\.m2\repository\io\micrometer\micrometer-core\1.9.2\micrometer-core-1.9.2.jar;C:\Users\QOT\.m2\repository\org\hdrhistogram\HdrHistogram\2.1.12\HdrHistogram-2.1.12.jar;C:\Users\QOT\.m2\repository\org\latencyutils\LatencyUtils\2.0.3\LatencyUtils-2.0.3.jar;C:\Users\QOT\.m2\repository\io\netty\netty-transport\4.1.79.Final\netty-transport-4.1.79.Final.jar;C:\Users\QOT\.m2\repository\io\netty\netty-common\4.1.79.Final\netty-common-4.1.79.Final.jar;C:\Users\QOT\.m2\repository\io\netty\netty-buffer\4.1.79.Final\netty-buffer-4.1.79.Final.jar;C:\Users\QOT\.m2\repository\io\netty\netty-resolver\4.1.79.Final\netty-resolver-4.1.79.Final.jar;C:\Users\QOT\.m2\repository\io\netty\netty-codec-haproxy\4.1.79.Final\netty-codec-haproxy-4.1.79.Final.jar;C:\Users\QOT\.m2\repository\io\netty\netty-codec\4.1.79.Final\netty-codec-4.1.79.Final.jar;C:\Users\QOT\.m2\repository\io\netty\netty-codec-http2\4.1.79.Final\netty-codec-http2-4.1.79.Final.jar;C:\Users\QOT\.m2\repository\io\netty\netty-handler\4.1.79.Final\netty-handler-4.1.79.Final.jar;C:\Users\QOT\.m2\repository\io\netty\netty-codec-http\4.1.79.Final\netty-codec-http-4.1.79.Final.jar;C:\Users\QOT\.m2\repository\io\netty\netty-resolver-dns\4.1.79.Final\netty-resolver-dns-4.1.79.Final.jar;C:\Users\QOT\.m2\repository\io\netty\netty-codec-dns\4.1.79.Final\netty-codec-dns-4.1.79.Final.jar;C:\Users\QOT\.m2\repository\org\reactivestreams\reactive-streams\1.0.4\reactive-streams-1.0.4.jar;C:\Users\QOT\.m2\repository\com\google\code\findbugs\jsr305\3.0.2\jsr305-3.0.2.jar;C:\Users\QOT\.m2\repository\io\netty\netty-transport-native-unix-common\4.1.79.Final\netty-transport-native-unix-common-4.1.79.Final-linux-x86_64.jar;C:\Users\QOT\.m2\repository\io\netty\netty-transport-native-epoll\4.1.79.Final\netty-transport-native-epoll-4.1.79.Final-linux-x86_64.jar;C:\Users\QOT\.m2\repository\io\netty\netty-transport-native-unix-common\4.1.79.Final\netty-transport-native-unix-common-4.1.79.Final.jar;C:\Users\QOT\.m2\repository\io\netty\netty-transport-classes-epoll\4.1.79.Final\netty-transport-classes-epoll-4.1.79.Final.jar;C:\Users\QOT\.m2\repository\io\netty\netty-resolver-dns-native-macos\4.1.79.Final\netty-resolver-dns-native-macos-4.1.79.Final-osx-x86_64.jar;C:\Users\QOT\.m2\repository\io\netty\netty-resolver-dns-classes-macos\4.1.79.Final\netty-resolver-dns-classes-macos-4.1.79.Final.jar;C:\Users\QOT\.m2\repository\io\netty\netty-resolver-dns-native-macos\4.1.79.Final\netty-resolver-dns-native-macos-4.1.79.Final-osx-aarch_64.jar;C:\Users\QOT\.m2\repository\io\netty\netty-tcnative-boringssl-static\2.0.53.Final\netty-tcnative-boringssl-static-2.0.53.Final-linux-x86_64.jar;C:\Users\QOT\.m2\repository\io\netty\netty-tcnative-classes\2.0.53.Final\netty-tcnative-classes-2.0.53.Final.jar;C:\Users\QOT\.m2\repository\io\netty\netty-tcnative-boringssl-static\2.0.53.Final\netty-tcnative-boringssl-static-2.0.53.Final-linux-aarch_64.jar;C:\Users\QOT\.m2\repository\io\netty\netty-tcnative-boringssl-static\2.0.53.Final\netty-tcnative-boringssl-static-2.0.53.Final-osx-x86_64.jar;C:\Users\QOT\.m2\repository\io\netty\netty-tcnative-boringssl-static\2.0.53.Final\netty-tcnative-boringssl-static-2.0.53.Final-osx-aarch_64.jar;C:\Users\QOT\.m2\repository\io\netty\netty-tcnative-boringssl-static\2.0.53.Final\netty-tcnative-boringssl-static-2.0.53.Final-windows-x86_64.jar;C:\Users\QOT\.m2\repository\io\netty\netty-handler-proxy\4.1.79.Final\netty-handler-proxy-4.1.79.Final.jar;C:\Users\QOT\.m2\repository\io\netty\netty-codec-socks\4.1.79.Final\netty-codec-socks-4.1.79.Final.jar;C:\Users\QOT\.m2\repository\com\aayushatharva\brotli4j\brotli4j\1.7.1\brotli4j-1.7.1.jar;C:\Users\QOT\.m2\repository\com\aayushatharva\brotli4j\native-windows-x86_64\1.7.1\native-windows-x86_64-1.7.1.jar;C:\Users\QOT\.m2\repository\org\apache\httpcomponents\httpclient\4.5.13\httpclient-4.5.13.jar;C:\Users\QOT\.m2\repository\org\apache\httpcomponents\httpcore\4.4.13\httpcore-4.4.13.jar;C:\Users\QOT\.m2\repository\commons-codec\commons-codec\1.11\commons-codec-1.11.jar;C:\Users\QOT\.m2\repository\ch\qos\logback\logback-classic\1.2.9\logback-classic-1.2.9.jar;C:\Users\QOT\.m2\repository\ch\qos\logback\logback-core\1.2.9\logback-core-1.2.9.jar;C:\Users\QOT\.m2\repository\org\slf4j\jcl-over-slf4j\1.7.32\jcl-over-slf4j-1.7.32.jar;C:\Users\QOT\.m2\repository\org\antlr\antlr4-runtime\4.9.3\antlr4-runtime-4.9.3.jar;C:\Users\QOT\.m2\repository\com\jayway\jsonpath\json-path\2.7.0\json-path-2.7.0.jar;C:\Users\QOT\.m2\repository\net\minidev\json-smart\2.4.7\json-smart-2.4.7.jar;C:\Users\QOT\.m2\repository\net\minidev\accessors-smart\2.4.7\accessors-smart-2.4.7.jar;C:\Users\QOT\.m2\repository\org\ow2\asm\asm\9.1\asm-9.1.jar;C:\Users\QOT\.m2\repository\info\cukes\cucumber-java\1.2.5\cucumber-java-1.2.5.jar;C:\Users\QOT\.m2\repository\info\cukes\cucumber-core\1.2.5\cucumber-core-1.2.5.jar;C:\Users\QOT\.m2\repository\org\yaml\snakeyaml\1.32\snakeyaml-1.32.jar;C:\Users\QOT\.m2\repository\de\siegmar\fastcsv\2.0.0\fastcsv-2.0.0.jar;C:\Users\QOT\.m2\repository\info\picocli\picocli\4.6.1\picocli-4.6.1.jar;C:\Users\QOT\.m2\repository\io\github\classgraph\classgraph\4.8.149\classgraph-4.8.149.jar;C:\Users\QOT\.m2\repository\io\github\t12y\resemble\1.0.2\resemble-1.0.2.jar;C:\Users\QOT\.m2\repository\io\github\t12y\ssim\1.0.0\ssim-1.0.0.jar;C:\Users\QOT\.m2\repository\org\junit\jupiter\junit-jupiter-api\5.7.2\junit-jupiter-api-5.7.2.jar;C:\Users\QOT\.m2\repository\org\apiguardian\apiguardian-api\1.1.0\apiguardian-api-1.1.0.jar;C:\Users\QOT\.m2\repository\org\opentest4j\opentest4j\1.2.0\opentest4j-1.2.0.jar;C:\Users\QOT\.m2\repository\org\junit\platform\junit-platform-commons\1.7.2\junit-platform-commons-1.7.2.jar;C:\Users\QOT\.m2\repository\org\junit\jupiter\junit-jupiter-engine\5.7.2\junit-jupiter-engine-5.7.2.jar;C:\Users\QOT\.m2\repository\org\junit\platform\junit-platform-engine\1.7.2\junit-platform-engine-1.7.2.jar;"/>
    <property name="java.vm.vendor" value="Amazon.com Inc."/>
    <property name="sun.arch.data.model" value="64"/>
    <property name="user.variant" value=""/>
    <property name="java.vendor.url" value="https://aws.amazon.com/corretto/"/>
    <property name="user.timezone" value="Africa/Harare"/>
    <property name="java.vm.specification.version" value="11"/>
    <property name="os.name" value="Windows 10"/>
    <property name="sun.java.launcher" value="SUN_STANDARD"/>
    <property name="user.country" value="US"/>
    <property name="sun.boot.library.path" value="C:\Users\QOT\.jdks\corretto-11.0.18\bin"/>
    <property name="sun.java.command" value="C:\Users\QOT\AppData\Local\Temp\surefire12967374539296095420\surefirebooter8976278402181611296.jar C:\Users\QOT\AppData\Local\Temp\surefire12967374539296095420 2023-03-09T11-53-28_810-jvmRun1 surefire17083315918454345055tmp surefire_014041165660189283448tmp"/>
    <property name="jdk.debug" value="release"/>
    <property name="surefire.test.class.path" value="C:\Workspace\Karate\Karate\karate_test\target\test-classes;C:\Workspace\Karate\Karate\karate_test\target\classes;C:\Users\QOT\.m2\repository\com\intuit\karate\karate-junit5\1.3.1\karate-junit5-1.3.1.jar;C:\Users\QOT\.m2\repository\com\intuit\karate\karate-core\1.3.1\karate-core-1.3.1.jar;C:\Users\QOT\.m2\repository\org\graalvm\js\js-scriptengine\22.0.0.2\js-scriptengine-22.0.0.2.jar;C:\Users\QOT\.m2\repository\org\graalvm\sdk\graal-sdk\22.0.0.2\graal-sdk-22.0.0.2.jar;C:\Users\QOT\.m2\repository\org\graalvm\js\js\22.0.0.2\js-22.0.0.2.jar;C:\Users\QOT\.m2\repository\org\graalvm\regex\regex\22.0.0.2\regex-22.0.0.2.jar;C:\Users\QOT\.m2\repository\org\graalvm\truffle\truffle-api\22.0.0.2\truffle-api-22.0.0.2.jar;C:\Users\QOT\.m2\repository\org\thymeleaf\thymeleaf\3.0.14.RELEASE\thymeleaf-3.0.14.RELEASE.jar;C:\Users\QOT\.m2\repository\ognl\ognl\3.1.26\ognl-3.1.26.jar;C:\Users\QOT\.m2\repository\org\javassist\javassist\3.20.0-GA\javassist-3.20.0-GA.jar;C:\Users\QOT\.m2\repository\org\attoparser\attoparser\2.0.5.RELEASE\attoparser-2.0.5.RELEASE.jar;C:\Users\QOT\.m2\repository\org\unbescape\unbescape\1.1.6.RELEASE\unbescape-1.1.6.RELEASE.jar;C:\Users\QOT\.m2\repository\org\slf4j\slf4j-api\1.7.25\slf4j-api-1.7.25.jar;C:\Users\QOT\.m2\repository\com\linecorp\armeria\armeria\1.18.0\armeria-1.18.0.jar;C:\Users\QOT\.m2\repository\com\fasterxml\jackson\core\jackson-core\2.13.3\jackson-core-2.13.3.jar;C:\Users\QOT\.m2\repository\com\fasterxml\jackson\core\jackson-annotations\2.13.3\jackson-annotations-2.13.3.jar;C:\Users\QOT\.m2\repository\com\fasterxml\jackson\core\jackson-databind\2.13.3\jackson-databind-2.13.3.jar;C:\Users\QOT\.m2\repository\io\micrometer\micrometer-core\1.9.2\micrometer-core-1.9.2.jar;C:\Users\QOT\.m2\repository\org\hdrhistogram\HdrHistogram\2.1.12\HdrHistogram-2.1.12.jar;C:\Users\QOT\.m2\repository\org\latencyutils\LatencyUtils\2.0.3\LatencyUtils-2.0.3.jar;C:\Users\QOT\.m2\repository\io\netty\netty-transport\4.1.79.Final\netty-transport-4.1.79.Final.jar;C:\Users\QOT\.m2\repository\io\netty\netty-common\4.1.79.Final\netty-common-4.1.79.Final.jar;C:\Users\QOT\.m2\repository\io\netty\netty-buffer\4.1.79.Final\netty-buffer-4.1.79.Final.jar;C:\Users\QOT\.m2\repository\io\netty\netty-resolver\4.1.79.Final\netty-resolver-4.1.79.Final.jar;C:\Users\QOT\.m2\repository\io\netty\netty-codec-haproxy\4.1.79.Final\netty-codec-haproxy-4.1.79.Final.jar;C:\Users\QOT\.m2\repository\io\netty\netty-codec\4.1.79.Final\netty-codec-4.1.79.Final.jar;C:\Users\QOT\.m2\repository\io\netty\netty-codec-http2\4.1.79.Final\netty-codec-http2-4.1.79.Final.jar;C:\Users\QOT\.m2\repository\io\netty\netty-handler\4.1.79.Final\netty-handler-4.1.79.Final.jar;C:\Users\QOT\.m2\repository\io\netty\netty-codec-http\4.1.79.Final\netty-codec-http-4.1.79.Final.jar;C:\Users\QOT\.m2\repository\io\netty\netty-resolver-dns\4.1.79.Final\netty-resolver-dns-4.1.79.Final.jar;C:\Users\QOT\.m2\repository\io\netty\netty-codec-dns\4.1.79.Final\netty-codec-dns-4.1.79.Final.jar;C:\Users\QOT\.m2\repository\org\reactivestreams\reactive-streams\1.0.4\reactive-streams-1.0.4.jar;C:\Users\QOT\.m2\repository\com\google\code\findbugs\jsr305\3.0.2\jsr305-3.0.2.jar;C:\Users\QOT\.m2\repository\io\netty\netty-transport-native-unix-common\4.1.79.Final\netty-transport-native-unix-common-4.1.79.Final-linux-x86_64.jar;C:\Users\QOT\.m2\repository\io\netty\netty-transport-native-epoll\4.1.79.Final\netty-transport-native-epoll-4.1.79.Final-linux-x86_64.jar;C:\Users\QOT\.m2\repository\io\netty\netty-transport-native-unix-common\4.1.79.Final\netty-transport-native-unix-common-4.1.79.Final.jar;C:\Users\QOT\.m2\repository\io\netty\netty-transport-classes-epoll\4.1.79.Final\netty-transport-classes-epoll-4.1.79.Final.jar;C:\Users\QOT\.m2\repository\io\netty\netty-resolver-dns-native-macos\4.1.79.Final\netty-resolver-dns-native-macos-4.1.79.Final-osx-x86_64.jar;C:\Users\QOT\.m2\repository\io\netty\netty-resolver-dns-classes-macos\4.1.79.Final\netty-resolver-dns-classes-macos-4.1.79.Final.jar;C:\Users\QOT\.m2\repository\io\netty\netty-resolver-dns-native-macos\4.1.79.Final\netty-resolver-dns-native-macos-4.1.79.Final-osx-aarch_64.jar;C:\Users\QOT\.m2\repository\io\netty\netty-tcnative-boringssl-static\2.0.53.Final\netty-tcnative-boringssl-static-2.0.53.Final-linux-x86_64.jar;C:\Users\QOT\.m2\repository\io\netty\netty-tcnative-classes\2.0.53.Final\netty-tcnative-classes-2.0.53.Final.jar;C:\Users\QOT\.m2\repository\io\netty\netty-tcnative-boringssl-static\2.0.53.Final\netty-tcnative-boringssl-static-2.0.53.Final-linux-aarch_64.jar;C:\Users\QOT\.m2\repository\io\netty\netty-tcnative-boringssl-static\2.0.53.Final\netty-tcnative-boringssl-static-2.0.53.Final-osx-x86_64.jar;C:\Users\QOT\.m2\repository\io\netty\netty-tcnative-boringssl-static\2.0.53.Final\netty-tcnative-boringssl-static-2.0.53.Final-osx-aarch_64.jar;C:\Users\QOT\.m2\repository\io\netty\netty-tcnative-boringssl-static\2.0.53.Final\netty-tcnative-boringssl-static-2.0.53.Final-windows-x86_64.jar;C:\Users\QOT\.m2\repository\io\netty\netty-handler-proxy\4.1.79.Final\netty-handler-proxy-4.1.79.Final.jar;C:\Users\QOT\.m2\repository\io\netty\netty-codec-socks\4.1.79.Final\netty-codec-socks-4.1.79.Final.jar;C:\Users\QOT\.m2\repository\com\aayushatharva\brotli4j\brotli4j\1.7.1\brotli4j-1.7.1.jar;C:\Users\QOT\.m2\repository\com\aayushatharva\brotli4j\native-windows-x86_64\1.7.1\native-windows-x86_64-1.7.1.jar;C:\Users\QOT\.m2\repository\org\apache\httpcomponents\httpclient\4.5.13\httpclient-4.5.13.jar;C:\Users\QOT\.m2\repository\org\apache\httpcomponents\httpcore\4.4.13\httpcore-4.4.13.jar;C:\Users\QOT\.m2\repository\commons-codec\commons-codec\1.11\commons-codec-1.11.jar;C:\Users\QOT\.m2\repository\ch\qos\logback\logback-classic\1.2.9\logback-classic-1.2.9.jar;C:\Users\QOT\.m2\repository\ch\qos\logback\logback-core\1.2.9\logback-core-1.2.9.jar;C:\Users\QOT\.m2\repository\org\slf4j\jcl-over-slf4j\1.7.32\jcl-over-slf4j-1.7.32.jar;C:\Users\QOT\.m2\repository\org\antlr\antlr4-runtime\4.9.3\antlr4-runtime-4.9.3.jar;C:\Users\QOT\.m2\repository\com\jayway\jsonpath\json-path\2.7.0\json-path-2.7.0.jar;C:\Users\QOT\.m2\repository\net\minidev\json-smart\2.4.7\json-smart-2.4.7.jar;C:\Users\QOT\.m2\repository\net\minidev\accessors-smart\2.4.7\accessors-smart-2.4.7.jar;C:\Users\QOT\.m2\repository\org\ow2\asm\asm\9.1\asm-9.1.jar;C:\Users\QOT\.m2\repository\info\cukes\cucumber-java\1.2.5\cucumber-java-1.2.5.jar;C:\Users\QOT\.m2\repository\info\cukes\cucumber-core\1.2.5\cucumber-core-1.2.5.jar;C:\Users\QOT\.m2\repository\org\yaml\snakeyaml\1.32\snakeyaml-1.32.jar;C:\Users\QOT\.m2\repository\de\siegmar\fastcsv\2.0.0\fastcsv-2.0.0.jar;C:\Users\QOT\.m2\repository\info\picocli\picocli\4.6.1\picocli-4.6.1.jar;C:\Users\QOT\.m2\repository\io\github\classgraph\classgraph\4.8.149\classgraph-4.8.149.jar;C:\Users\QOT\.m2\repository\io\github\t12y\resemble\1.0.2\resemble-1.0.2.jar;C:\Users\QOT\.m2\repository\io\github\t12y\ssim\1.0.0\ssim-1.0.0.jar;C:\Users\QOT\.m2\repository\org\junit\jupiter\junit-jupiter-api\5.7.2\junit-jupiter-api-5.7.2.jar;C:\Users\QOT\.m2\repository\org\apiguardian\apiguardian-api\1.1.0\apiguardian-api-1.1.0.jar;C:\Users\QOT\.m2\repository\org\opentest4j\opentest4j\1.2.0\opentest4j-1.2.0.jar;C:\Users\QOT\.m2\repository\org\junit\platform\junit-platform-commons\1.7.2\junit-platform-commons-1.7.2.jar;C:\Users\QOT\.m2\repository\org\junit\jupiter\junit-jupiter-engine\5.7.2\junit-jupiter-engine-5.7.2.jar;C:\Users\QOT\.m2\repository\org\junit\platform\junit-platform-engine\1.7.2\junit-platform-engine-1.7.2.jar;"/>
    <property name="sun.cpu.endian" value="little"/>
    <property name="user.home" value="C:\Users\QOT"/>
    <property name="user.language" value="en"/>
    <property name="java.specification.vendor" value="Oracle Corporation"/>
    <property name="java.version.date" value="2023-01-17"/>
    <property name="java.home" value="C:\Users\QOT\.jdks\corretto-11.0.18"/>
    <property name="file.separator" value="\"/>
    <property name="basedir" value="C:\Workspace\Karate\Karate\karate_test"/>
    <property name="java.vm.compressedOopsMode" value="Zero based"/>
    <property name="line.separator" value="&#10;"/>
    <property name="java.specification.name" value="Java Platform API Specification"/>
    <property name="java.vm.specification.vendor" value="Oracle Corporation"/>
    <property name="java.awt.graphicsenv" value="sun.awt.Win32GraphicsEnvironment"/>
    <property name="surefire.real.class.path" value="C:\Users\QOT\AppData\Local\Temp\surefire12967374539296095420\surefirebooter8976278402181611296.jar"/>
    <property name="user.script" value=""/>
    <property name="sun.management.compiler" value="HotSpot 64-Bit Tiered Compilers"/>
    <property name="java.runtime.version" value="11.0.18+10-LTS"/>
    <property name="user.name" value="QOT"/>
    <property name="path.separator" value=";"/>
    <property name="os.version" value="10.0"/>
    <property name="java.runtime.name" value="OpenJDK Runtime Environment"/>
    <property name="file.encoding" value="UTF-8"/>
    <property name="java.vm.name" value="OpenJDK 64-Bit Server VM"/>
    <property name="java.vendor.version" value="Corretto-11.0.18.10.1"/>
    <property name="localRepository" value="C:\Users\QOT\.m2\repository"/>
    <property name="java.vendor.url.bug" value="https://github.com/corretto/corretto-11/issues/"/>
    <property name="java.io.tmpdir" value="C:\Users\QOT\AppData\Local\Temp\"/>
    <property name="idea.version" value="2022.3.2"/>
    <property name="java.version" value="11.0.18"/>
    <property name="user.dir" value="C:\Workspace\Karate\Karate\karate_test"/>
    <property name="os.arch" value="amd64"/>
    <property name="java.vm.specification.name" value="Java Virtual Machine Specification"/>
    <property name="java.awt.printerjob" value="sun.awt.windows.WPrinterJob"/>
    <property name="sun.os.patch.level" value=""/>
    <property name="java.library.path" value="C:\Users\QOT\.jdks\corretto-11.0.18\bin;C:\Windows\Sun\Java\bin;C:\Windows\system32;C:\Windows;C:\Python311\Scripts\;C:\Python311\;C:\Program Files (x86)\Common Files\Oracle\Java\javapath;C:\Windows\system32;C:\Windows;C:\Windows\System32\Wbem;C:\Windows\System32\WindowsPowerShell\v1.0\;C:\Windows\System32\OpenSSH\;C:\Program Files\apache-maven-3.6.3\bin;C:\Program Files\Git\cmd;C:\Program Files\nodejs\;C:\ProgramData\chocolatey\bin;C:\Users\QOT\scoop\shims;C:\Users\QOT\AppData\Local\Microsoft\WindowsApps;C:\Program Files\apache-maven-3.6.3\bin;C:\ProgramData\QOT\GitHubDesktop\bin;C:\Users\QOT\AppData\Local\GitHubDesktop\bin;C:\Program Files\Java\jdk1.8.0_202\bin;;C:\Program Files\JetBrains\IntelliJ IDEA Community Edition 2022.3.2\bin;;C:\Users\QOT\AppData\Roaming\npm;."/>
    <property name="java.vm.info" value="mixed mode"/>
    <property name="java.vendor" value="Amazon.com Inc."/>
    <property name="java.vm.version" value="11.0.18+10-LTS"/>
    <property name="sun.io.unicode.encoding" value="UnicodeLittle"/>
    <property name="java.class.version" value="55.0"/>
  </properties>
  <testcase name="testParallel" classname="examples.ExamplesTest" time="10.955">
    <failure message="status code was: 200, expected: 400, response time in milliseconds: 1762, url: https://petstore.swagger.io/v2/pet/findByStatus?status=available, response: &#10;[{&quot;id&quot;:9223372036854772447,&quot;category&quot;:{&quot;id&quot;:1,&quot;name&quot;:&quot;123&quot;},&quot;name&quot;:&quot;Bobik&quot;,&quot;photoUrls&quot;:[&quot;string&quot;],&quot;tags&quot;:[{&quot;id&quot;:1,&quot;name&quot;:&quot;234&quot;},{&quot;id&quot;:1,&quot;name&quot;:&quot;456&quot;}],&quot;status&quot;:&quot;available&quot;},{&quot;id&quot;:9223372036854772449,&quot;category&quot;:{&quot;id&quot;:0,&quot;name&quot;:&quot;string&quot;},&quot;name&quot;:&quot;doggie&quot;,&quot;photoUrls&quot;:[&quot;string&quot;],&quot;tags&quot;:[{&quot;id&quot;:0,&quot;name&quot;:&quot;string&quot;}],&quot;status&quot;:&quot;available&quot;},{&quot;id&quot;:9223372036854772455,&quot;category&quot;:{&quot;id&quot;:0,&quot;name&quot;:&quot;string&quot;},&quot;name&quot;:&quot;fish&quot;,&quot;photoUrls&quot;:[&quot;string&quot;],&quot;tags&quot;:[{&quot;id&quot;:0,&quot;name&quot;:&quot;string&quot;}],&quot;status&quot;:&quot;available&quot;},{&quot;id&quot;:9223372036854772456,&quot;category&quot;:{&quot;id&quot;:0,&quot;name&quot;:&quot;string&quot;},&quot;name&quot;:&quot;fish&quot;,&quot;photoUrls&quot;:[&quot;string&quot;],&quot;tags&quot;:[{&quot;id&quot;:0,&quot;name&quot;:&quot;string&quot;}],&quot;status&quot;:&quot;available&quot;},{&quot;id&quot;:9223372036854772461,&quot;category&quot;:{&quot;id&quot;:0,&quot;name&quot;:&quot;string&quot;},&quot;name&quot;:&quot;doggie&quot;,&quot;photoUrls&quot;:[&quot;string&quot;],&quot;tags&quot;:[{&quot;id&quot;:0,&quot;name&quot;:&quot;string&quot;}],&quot;status&quot;:&quot;available&quot;},{&quot;id&quot;:9223372036854772464,&quot;category&quot;:{&quot;id&quot;:1,&quot;name&quot;:&quot;123&quot;},&quot;name&quot;:&quot;Bobik&quot;,&quot;photoUrls&quot;:[&quot;string&quot;],&quot;tags&quot;:[{&quot;id&quot;:1,&quot;name&quot;:&quot;234&quot;},{&quot;id&quot;:1,&quot;name&quot;:&quot;456&quot;}],&quot;status&quot;:&quot;available&quot;},{&quot;id&quot;:9223372036854772466,&quot;category&quot;:{&quot;id&quot;:0,&quot;name&quot;:&quot;string&quot;},&quot;name&quot;:&quot;fish&quot;,&quot;photoUrls&quot;:[&quot;string&quot;],&quot;tags&quot;:[{&quot;id&quot;:0,&quot;name&quot;:&quot;string&quot;}],&quot;status&quot;:&quot;available&quot;},{&quot;id&quot;:9223372036854772467,&quot;category&quot;:{&quot;id&quot;:0,&quot;name&quot;:&quot;string&quot;},&quot;name&quot;:&quot;fish&quot;,&quot;photoUrls&quot;:[&quot;string&quot;],&quot;tags&quot;:[{&quot;id&quot;:0,&quot;name&quot;:&quot;string&quot;}],&quot;status&quot;:&quot;available&quot;},{&quot;id&quot;:222,&quot;name&quot;:&quot;tex&quot;,&quot;photoUrls&quot;:[],&quot;tags&quot;:[{&quot;id&quot;:21,&quot;name&quot;:&quot;tex&quot;}],&quot;status&quot;:&quot;available&quot;},{&quot;id&quot;:9223372036854772472,&quot;category&quot;:{&quot;id&quot;:-40550398,&quot;name&quot;:&quot;fish&quot;},&quot;name&quot;:&quot;nemo&quot;,&quot;photoUrls&quot;:[&quot;ut incididunt Duis Ut quis&quot;,&quot;esse dolor aute&quot;],&quot;tags&quot;:[{&quot;id&quot;:87374033,&quot;name&quot;:&quot;laborum anim commodo&quot;},{&quot;id&quot;:20541211,&quot;name&quot;:&quot;enim deserunt&quot;}],&quot;status&quot;:&quot;available&quot;},{&quot;id&quot;:9223372036854772475,&quot;name&quot;:&quot;Jimmy&quot;,&quot;photoUrls&quot;:[&quot;string&quot;],&quot;tags&quot;:[],&quot;status&quot;:&quot;available&quot;},{&quot;id&quot;:49087884,&quot;category&quot;:{&quot;id&quot;:-50629969,&quot;name&quot;:&quot;Excepteur elit&quot;},&quot;name&quot;:&quot;doggie&quot;,&quot;photoUrls&quot;:[&quot;sed velit&quot;,&quot;ullamco dolore minim voluptate&quot;],&quot;tags&quot;:[{&quot;id&quot;:-56971972,&quot;name&quot;:&quot;ipsum id mollit&quot;},{&quot;id&quot;:-27456905,&quot;name&quot;:&quot;aliquip velit amet ex&quot;}],&quot;status&quot;:&quot;available&quot;},{&quot;id&quot;:9223372036854772487,&quot;category&quot;:{&quot;id&quot;:0,&quot;name&quot;:&quot;string&quot;},&quot;name&quot;:&quot;fish&quot;,&quot;photoUrls&quot;:[&quot;string&quot;],&quot;tags&quot;:[{&quot;id&quot;:0,&quot;name&quot;:&quot;string&quot;}],&quot;status&quot;:&quot;available&quot;},{&quot;id&quot;:9223372036854772488,&quot;category&quot;:{&quot;id&quot;:0,&quot;name&quot;:&quot;string&quot;},&quot;name&quot;:&quot;fish&quot;,&quot;photoUrls&quot;:[&quot;string&quot;],&quot;tags&quot;:[{&quot;id&quot;:0,&quot;name&quot;:&quot;string&quot;}],&quot;status&quot;:&quot;available&quot;},{&quot;id&quot;:9223372036854772489,&quot;category&quot;:{&quot;id&quot;:0,&quot;name&quot;:&quot;string&quot;},&quot;name&quot;:&quot;fish&quot;,&quot;photoUrls&quot;:[&quot;string&quot;],&quot;tags&quot;:[{&quot;id&quot;:0,&quot;name&quot;:&quot;string&quot;}],&quot;status&quot;:&quot;available&quot;},{&quot;id&quot;:9223372036854772490,&quot;category&quot;:{&quot;id&quot;:0,&quot;name&quot;:&quot;string&quot;},&quot;name&quot;:&quot;fish&quot;,&quot;photoUrls&quot;:[&quot;string&quot;],&quot;tags&quot;:[{&quot;id&quot;:0,&quot;name&quot;:&quot;string&quot;}],&quot;status&quot;:&quot;available&quot;},{&quot;id&quot;:9223372036854772491,&quot;category&quot;:{&quot;id&quot;:0,&quot;name&quot;:&quot;string&quot;},&quot;name&quot;:&quot;doggie&quot;,&quot;photoUrls&quot;:[&quot;string&quot;],&quot;tags&quot;:[{&quot;id&quot;:0,&quot;name&quot;:&quot;string&quot;}],&quot;status&quot;:&quot;available&quot;},{&quot;id&quot;:9223372036854772494,&quot;category&quot;:{&quot;id&quot;:1,&quot;name&quot;:&quot;Cat&quot;},&quot;name&quot;:&quot;Bruno&quot;,&quot;photoUrls&quot;:[&quot;https://upload.wikimedia.org/wikipedia/commons/0/0e/Felis_silvestris_silvestris.jpg&quot;],&quot;tags&quot;:[{&quot;id&quot;:1,&quot;name&quot;:&quot;Felis silvestris&quot;}],&quot;status&quot;:&quot;available&quot;},{&quot;id&quot;:9223372036854772509,&quot;category&quot;:{&quot;id&quot;:0,&quot;name&quot;:&quot;string&quot;},&quot;name&quot;:&quot;doggie&quot;,&quot;photoUrls&quot;:[&quot;string&quot;],&quot;tags&quot;:[{&quot;id&quot;:0,&quot;name&quot;:&quot;string&quot;}],&quot;status&quot;:&quot;available&quot;},{&quot;id&quot;:9223372036854772516,&quot;category&quot;:{&quot;id&quot;:0,&quot;name&quot;:&quot;string&quot;},&quot;name&quot;:&quot;doggie&quot;,&quot;photoUrls&quot;:[&quot;string&quot;],&quot;tags&quot;:[{&quot;id&quot;:0,&quot;name&quot;:&quot;string&quot;}],&quot;status&quot;:&quot;available&quot;},{&quot;id&quot;:9223372036854772524,&quot;category&quot;:{&quot;id&quot;:0,&quot;name&quot;:&quot;string&quot;},&quot;name&quot;:&quot;Blue&quot;,&quot;photoUrls&quot;:[&quot;string&quot;],&quot;tags&quot;:[{&quot;id&quot;:0,&quot;name&quot;:&quot;string&quot;}],&quot;status&quot;:&quot;available&quot;},{&quot;id&quot;:9223372036854772535,&quot;category&quot;:{&quot;id&quot;:1,&quot;name&quot;:&quot;123&quot;},&quot;name&quot;:&quot;Bobik&quot;,&quot;photoUrls&quot;:[&quot;string&quot;],&quot;tags&quot;:[{&quot;id&quot;:1,&quot;name&quot;:&quot;234&quot;},{&quot;id&quot;:1,&quot;name&quot;:&quot;456&quot;}],&quot;status&quot;:&quot;available&quot;},{&quot;id&quot;:9223372036854772547,&quot;category&quot;:{&quot;id&quot;:0,&quot;name&quot;:&quot;string&quot;},&quot;name&quot;:&quot;fish&quot;,&quot;photoUrls&quot;:[&quot;string&quot;],&quot;tags&quot;:[{&quot;id&quot;:0,&quot;name&quot;:&quot;string&quot;}],&quot;status&quot;:&quot;available&quot;},{&quot;id&quot;:9223372036854772548,&quot;category&quot;:{&quot;id&quot;:0,&quot;name&quot;:&quot;string&quot;},&quot;name&quot;:&quot;fish&quot;,&quot;photoUrls&quot;:[&quot;string&quot;],&quot;tags&quot;:[{&quot;id&quot;:0,&quot;name&quot;:&quot;string&quot;}],&quot;status&quot;:&quot;available&quot;},{&quot;id&quot;:9223372036854772552,&quot;category&quot;:{&quot;id&quot;:0,&quot;name&quot;:&quot;string&quot;},&quot;name&quot;:&quot;doggie&quot;,&quot;photoUrls&quot;:[&quot;string&quot;],&quot;tags&quot;:[{&quot;id&quot;:0,&quot;name&quot;:&quot;string&quot;}],&quot;status&quot;:&quot;available&quot;},{&quot;id&quot;:9223372036854772553,&quot;category&quot;:{&quot;id&quot;:0,&quot;name&quot;:&quot;string&quot;},&quot;name&quot;:&quot;fish&quot;,&quot;photoUrls&quot;:[&quot;string&quot;],&quot;tags&quot;:[{&quot;id&quot;:0,&quot;name&quot;:&quot;string&quot;}],&quot;status&quot;:&quot;available&quot;},{&quot;id&quot;:23456789,&quot;category&quot;:{&quot;id&quot;:0,&quot;name&quot;:&quot;string&quot;},&quot;name&quot;:&quot;doggie&quot;,&quot;photoUrls&quot;:[&quot;string&quot;],&quot;tags&quot;:[{&quot;id&quot;:0,&quot;name&quot;:&quot;string&quot;}],&quot;status&quot;:&quot;available&quot;},{&quot;id&quot;:9223372036854772560,&quot;category&quot;:{&quot;id&quot;:0,&quot;name&quot;:&quot;string&quot;},&quot;name&quot;:&quot;fish&quot;,&quot;photoUrls&quot;:[&quot;string&quot;],&quot;tags&quot;:[{&quot;id&quot;:0,&quot;name&quot;:&quot;string&quot;}],&quot;status&quot;:&quot;available&quot;},{&quot;id&quot;:9223372036854772567,&quot;category&quot;:{&quot;id&quot;:0,&quot;name&quot;:&quot;string&quot;},&quot;name&quot;:&quot;doggie&quot;,&quot;photoUrls&quot;:[&quot;string&quot;],&quot;tags&quot;:[{&quot;id&quot;:0,&quot;name&quot;:&quot;string&quot;}],&quot;status&quot;:&quot;available&quot;},{&quot;id&quot;:9223372036854772568,&quot;name&quot;:&quot;doggie&quot;,&quot;photoUrls&quot;:[],&quot;tags&quot;:[],&quot;status&quot;:&quot;available&quot;},{&quot;id&quot;:9223372036854772569,&quot;name&quot;:&quot;doggie&quot;,&quot;photoUrls&quot;:[],&quot;tags&quot;:[],&quot;status&quot;:&quot;available&quot;},{&quot;id&quot;:9223372036854772571,&quot;name&quot;:&quot;doggie&quot;,&quot;photoUrls&quot;:[],&quot;tags&quot;:[],&quot;status&quot;:&quot;available&quot;},{&quot;id&quot;:9223372036854772574,&quot;name&quot;:&quot;petname&quot;,&quot;photoUrls&quot;:[],&quot;tags&quot;:[],&quot;status&quot;:&quot;available&quot;},{&quot;id&quot;:9223372036854772577,&quot;name&quot;:&quot;doggie&quot;,&quot;photoUrls&quot;:[],&quot;tags&quot;:[],&quot;status&quot;:&quot;available&quot;},{&quot;id&quot;:9223372036854772578,&quot;name&quot;:&quot;doggie3&quot;,&quot;photoUrls&quot;:[],&quot;tags&quot;:[],&quot;status&quot;:&quot;available&quot;},{&quot;id&quot;:9223372036854772579,&quot;name&quot;:&quot;doggie&quot;,&quot;photoUrls&quot;:[],&quot;tags&quot;:[],&quot;status&quot;:&quot;available&quot;},{&quot;id&quot;:9223372036854772580,&quot;name&quot;:&quot;doggie2&quot;,&quot;photoUrls&quot;:[],&quot;tags&quot;:[],&quot;status&quot;:&quot;available&quot;},{&quot;id&quot;:9223372036854772581,&quot;name&quot;:&quot;doggie3&quot;,&quot;photoUrls&quot;:[],&quot;tags&quot;:[],&quot;status&quot;:&quot;available&quot;},{&quot;id&quot;:9223372036854772582,&quot;name&quot;:&quot;doggie&quot;,&quot;photoUrls&quot;:[],&quot;tags&quot;:[],&quot;status&quot;:&quot;available&quot;},{&quot;id&quot;:9223372036854772583,&quot;name&quot;:&quot;doggie&quot;,&quot;photoUrls&quot;:[],&quot;tags&quot;:[],&quot;status&quot;:&quot;available&quot;},{&quot;id&quot;:9223372036854772584,&quot;name&quot;:&quot;doggie&quot;,&quot;photoUrls&quot;:[],&quot;tags&quot;:[],&quot;status&quot;:&quot;available&quot;},{&quot;id&quot;:9223372036854772585,&quot;name&quot;:&quot;doggie2&quot;,&quot;photoUrls&quot;:[],&quot;tags&quot;:[],&quot;status&quot;:&quot;available&quot;},{&quot;id&quot;:9223372036854772586,&quot;name&quot;:&quot;doggie3&quot;,&quot;photoUrls&quot;:[],&quot;tags&quot;:[],&quot;status&quot;:&quot;available&quot;},{&quot;id&quot;:9223372036854772587,&quot;name&quot;:&quot;doggie&quot;,&quot;photoUrls&quot;:[],&quot;tags&quot;:[],&quot;status&quot;:&quot;available&quot;},{&quot;id&quot;:9223372036854772588,&quot;name&quot;:&quot;doggie2&quot;,&quot;photoUrls&quot;:[],&quot;tags&quot;:[],&quot;status&quot;:&quot;available&quot;},{&quot;id&quot;:9223372036854772589,&quot;name&quot;:&quot;doggie3&quot;,&quot;photoUrls&quot;:[],&quot;tags&quot;:[],&quot;status&quot;:&quot;available&quot;},{&quot;id&quot;:9223372036854772590,&quot;name&quot;:&quot;doggie&quot;,&quot;photoUrls&quot;:[],&quot;tags&quot;:[],&quot;status&quot;:&quot;available&quot;},{&quot;id&quot;:9223372036854772591,&quot;name&quot;:&quot;doggie2&quot;,&quot;photoUrls&quot;:[],&quot;tags&quot;:[],&quot;status&quot;:&quot;available&quot;},{&quot;id&quot;:9223372036854772592,&quot;name&quot;:&quot;doggie3&quot;,&quot;photoUrls&quot;:[],&quot;tags&quot;:[],&quot;status&quot;:&quot;available&quot;},{&quot;id&quot;:9223372036854772594,&quot;name&quot;:&quot;doggie&quot;,&quot;photoUrls&quot;:[],&quot;tags&quot;:[],&quot;status&quot;:&quot;available&quot;},{&quot;id&quot;:9223372036854772596,&quot;name&quot;:&quot;doggie2&quot;,&quot;photoUrls&quot;:[],&quot;tags&quot;:[],&quot;status&quot;:&quot;available&quot;},{&quot;id&quot;:9223372036854772597,&quot;name&quot;:&quot;doggie3&quot;,&quot;photoUrls&quot;:[],&quot;tags&quot;:[],&quot;status&quot;:&quot;available&quot;},{&quot;id&quot;:9223372036854772598,&quot;name&quot;:&quot;doggie&quot;,&quot;photoUrls&quot;:[],&quot;tags&quot;:[],&quot;status&quot;:&quot;available&quot;},{&quot;id&quot;:9223372036854772599,&quot;name&quot;:&quot;doggie2&quot;,&quot;photoUrls&quot;:[],&quot;tags&quot;:[],&quot;status&quot;:&quot;available&quot;},{&quot;id&quot;:9223372036854772600,&quot;name&quot;:&quot;doggie3&quot;,&quot;photoUrls&quot;:[],&quot;tags&quot;:[],&quot;status&quot;:&quot;available&quot;},{&quot;id&quot;:9223372036854772601,&quot;name&quot;:&quot;doggie&quot;,&quot;photoUrls&quot;:[],&quot;tags&quot;:[],&quot;status&quot;:&quot;available&quot;},{&quot;id&quot;:9223372036854772602,&quot;name&quot;:&quot;doggie&quot;,&quot;photoUrls&quot;:[],&quot;tags&quot;:[],&quot;status&quot;:&quot;available&quot;},{&quot;id&quot;:9223372036854772603,&quot;name&quot;:&quot;doggie2&quot;,&quot;photoUrls&quot;:[],&quot;tags&quot;:[],&quot;status&quot;:&quot;available&quot;},{&quot;id&quot;:9223372036854772604,&quot;name&quot;:&quot;doggie3&quot;,&quot;photoUrls&quot;:[],&quot;tags&quot;:[],&quot;status&quot;:&quot;available&quot;},{&quot;id&quot;:9223372036854772605,&quot;name&quot;:&quot;doggie&quot;,&quot;photoUrls&quot;:[],&quot;tags&quot;:[],&quot;status&quot;:&quot;available&quot;},{&quot;id&quot;:9223372036854772606,&quot;name&quot;:&quot;doggie&quot;,&quot;photoUrls&quot;:[],&quot;tags&quot;:[],&quot;status&quot;:&quot;available&quot;},{&quot;id&quot;:9223372036854772607,&quot;name&quot;:&quot;doggie&quot;,&quot;photoUrls&quot;:[],&quot;tags&quot;:[],&quot;status&quot;:&quot;available&quot;},{&quot;id&quot;:9223372036854772618,&quot;name&quot;:&quot;doggie4&quot;,&quot;photoUrls&quot;:[],&quot;tags&quot;:[],&quot;status&quot;:&quot;available&quot;},{&quot;id&quot;:9223372036854772619,&quot;name&quot;:&quot;doggie3&quot;,&quot;photoUrls&quot;:[],&quot;tags&quot;:[],&quot;status&quot;:&quot;available&quot;},{&quot;id&quot;:9223372036854772620,&quot;name&quot;:&quot;doggie2&quot;,&quot;photoUrls&quot;:[],&quot;tags&quot;:[],&quot;status&quot;:&quot;available&quot;},{&quot;id&quot;:9223372036854772621,&quot;name&quot;:&quot;doggie1&quot;,&quot;photoUrls&quot;:[],&quot;tags&quot;:[],&quot;status&quot;:&quot;available&quot;},{&quot;id&quot;:9223372036854772622,&quot;name&quot;:&quot;doggie0&quot;,&quot;photoUrls&quot;:[],&quot;tags&quot;:[],&quot;status&quot;:&quot;available&quot;},{&quot;id&quot;:9223372036854772629,&quot;category&quot;:{&quot;id&quot;:0,&quot;name&quot;:&quot;string&quot;},&quot;name&quot;:&quot;doggie&quot;,&quot;photoUrls&quot;:[&quot;string&quot;],&quot;tags&quot;:[{&quot;id&quot;:0,&quot;name&quot;:&quot;string&quot;}],&quot;status&quot;:&quot;available&quot;},{&quot;id&quot;:9223372036854772630,&quot;name&quot;:&quot;doggie&quot;,&quot;photoUrls&quot;:[],&quot;tags&quot;:[],&quot;status&quot;:&quot;available&quot;},{&quot;id&quot;:9223372036854772631,&quot;name&quot;:&quot;doggie&quot;,&quot;photoUrls&quot;:[],&quot;tags&quot;:[],&quot;status&quot;:&quot;available&quot;},{&quot;id&quot;:9223372036854772633,&quot;name&quot;:&quot;doggie&quot;,&quot;photoUrls&quot;:[],&quot;tags&quot;:[],&quot;status&quot;:&quot;available&quot;},{&quot;id&quot;:9223372036854772636,&quot;name&quot;:&quot;petname&quot;,&quot;photoUrls&quot;:[],&quot;tags&quot;:[],&quot;status&quot;:&quot;available&quot;},{&quot;id&quot;:9223372036854772639,&quot;name&quot;:&quot;doggie&quot;,&quot;photoUrls&quot;:[],&quot;tags&quot;:[],&quot;status&quot;:&quot;available&quot;},{&quot;id&quot;:9223372036854772640,&quot;name&quot;:&quot;doggie3&quot;,&quot;photoUrls&quot;:[],&quot;tags&quot;:[],&quot;status&quot;:&quot;available&quot;},{&quot;id&quot;:9223372036854772641,&quot;name&quot;:&quot;doggie&quot;,&quot;photoUrls&quot;:[],&quot;tags&quot;:[],&quot;status&quot;:&quot;available&quot;},{&quot;id&quot;:9223372036854772642,&quot;name&quot;:&quot;doggie2&quot;,&quot;photoUrls&quot;:[],&quot;tags&quot;:[],&quot;status&quot;:&quot;available&quot;},{&quot;id&quot;:9223372036854772643,&quot;name&quot;:&quot;doggie3&quot;,&quot;photoUrls&quot;:[],&quot;tags&quot;:[],&quot;status&quot;:&quot;available&quot;},{&quot;id&quot;:9223372036854772644,&quot;name&quot;:&quot;doggie&quot;,&quot;photoUrls&quot;:[],&quot;tags&quot;:[],&quot;status&quot;:&quot;available&quot;},{&quot;id&quot;:9223372036854772645,&quot;name&quot;:&quot;doggie&quot;,&quot;photoUrls&quot;:[],&quot;tags&quot;:[],&quot;status&quot;:&quot;available&quot;},{&quot;id&quot;:9223372036854772646,&quot;name&quot;:&quot;doggie&quot;,&quot;photoUrls&quot;:[],&quot;tags&quot;:[],&quot;status&quot;:&quot;available&quot;},{&quot;id&quot;:9223372036854772647,&quot;name&quot;:&quot;doggie2&quot;,&quot;photoUrls&quot;:[],&quot;tags&quot;:[],&quot;status&quot;:&quot;available&quot;},{&quot;id&quot;:9223372036854772648,&quot;name&quot;:&quot;doggie3&quot;,&quot;photoUrls&quot;:[],&quot;tags&quot;:[],&quot;status&quot;:&quot;available&quot;},{&quot;id&quot;:9223372036854772649,&quot;name&quot;:&quot;doggie&quot;,&quot;photoUrls&quot;:[],&quot;tags&quot;:[],&quot;status&quot;:&quot;available&quot;},{&quot;id&quot;:9223372036854772650,&quot;name&quot;:&quot;doggie2&quot;,&quot;photoUrls&quot;:[],&quot;tags&quot;:[],&quot;status&quot;:&quot;available&quot;},{&quot;id&quot;:9223372036854772651,&quot;name&quot;:&quot;doggie3&quot;,&quot;photoUrls&quot;:[],&quot;tags&quot;:[],&quot;status&quot;:&quot;available&quot;},{&quot;id&quot;:9223372036854772652,&quot;name&quot;:&quot;doggie&quot;,&quot;photoUrls&quot;:[],&quot;tags&quot;:[],&quot;status&quot;:&quot;available&quot;},{&quot;id&quot;:9223372036854772653,&quot;name&quot;:&quot;doggie2&quot;,&quot;photoUrls&quot;:[],&quot;tags&quot;:[],&quot;status&quot;:&quot;available&quot;},{&quot;id&quot;:9223372036854772654,&quot;name&quot;:&quot;doggie3&quot;,&quot;photoUrls&quot;:[],&quot;tags&quot;:[],&quot;status&quot;:&quot;available&quot;},{&quot;id&quot;:9223372036854772655,&quot;name&quot;:&quot;doggie&quot;,&quot;photoUrls&quot;:[],&quot;tags&quot;:[],&quot;status&quot;:&quot;available&quot;},{&quot;id&quot;:9223372036854772656,&quot;name&quot;:&quot;doggie2&quot;,&quot;photoUrls&quot;:[],&quot;tags&quot;:[],&quot;status&quot;:&quot;available&quot;},{&quot;id&quot;:9223372036854772657,&quot;name&quot;:&quot;doggie3&quot;,&quot;photoUrls&quot;:[],&quot;tags&quot;:[],&quot;status&quot;:&quot;available&quot;},{&quot;id&quot;:9223372036854772658,&quot;name&quot;:&quot;doggie&quot;,&quot;photoUrls&quot;:[],&quot;tags&quot;:[],&quot;status&quot;:&quot;available&quot;},{&quot;id&quot;:9223372036854772659,&quot;name&quot;:&quot;doggie&quot;,&quot;photoUrls&quot;:[],&quot;tags&quot;:[],&quot;status&quot;:&quot;available&quot;},{&quot;id&quot;:9223372036854772660,&quot;name&quot;:&quot;doggie&quot;,&quot;photoUrls&quot;:[],&quot;tags&quot;:[],&quot;status&quot;:&quot;available&quot;},{&quot;id&quot;:9223372036854772661,&quot;name&quot;:&quot;doggie2&quot;,&quot;photoUrls&quot;:[],&quot;tags&quot;:[],&quot;status&quot;:&quot;available&quot;},{&quot;id&quot;:9223372036854772663,&quot;name&quot;:&quot;doggie3&quot;,&quot;photoUrls&quot;:[],&quot;tags&quot;:[],&quot;status&quot;:&quot;available&quot;},{&quot;id&quot;:9223372036854772664,&quot;name&quot;:&quot;doggie&quot;,&quot;photoUrls&quot;:[],&quot;tags&quot;:[],&quot;status&quot;:&quot;available&quot;},{&quot;id&quot;:9223372036854772665,&quot;name&quot;:&quot;doggie&quot;,&quot;photoUrls&quot;:[],&quot;tags&quot;:[],&quot;status&quot;:&quot;available&quot;},{&quot;id&quot;:9223372036854772666,&quot;name&quot;:&quot;doggie&quot;,&quot;photoUrls&quot;:[],&quot;tags&quot;:[],&quot;status&quot;:&quot;available&quot;},{&quot;id&quot;:9223372036854772667,&quot;name&quot;:&quot;doggie2&quot;,&quot;photoUrls&quot;:[],&quot;tags&quot;:[],&quot;status&quot;:&quot;available&quot;},{&quot;id&quot;:9223372036854772670,&quot;name&quot;:&quot;petname&quot;,&quot;photoUrls&quot;:[],&quot;tags&quot;:[],&quot;status&quot;:&quot;available&quot;},{&quot;id&quot;:9223372036854772671,&quot;name&quot;:&quot;doggie3&quot;,&quot;photoUrls&quot;:[],&quot;tags&quot;:[],&quot;status&quot;:&quot;available&quot;},{&quot;id&quot;:9223372036854772674,&quot;name&quot;:&quot;doggie&quot;,&quot;photoUrls&quot;:[],&quot;tags&quot;:[],&quot;status&quot;:&quot;available&quot;},{&quot;id&quot;:9223372036854772675,&quot;name&quot;:&quot;doggie&quot;,&quot;photoUrls&quot;:[],&quot;tags&quot;:[],&quot;status&quot;:&quot;available&quot;},{&quot;id&quot;:9223372036854772676,&quot;name&quot;:&quot;doggie&quot;,&quot;photoUrls&quot;:[],&quot;tags&quot;:[],&quot;status&quot;:&quot;available&quot;},{&quot;id&quot;:9223372036854772677,&quot;name&quot;:&quot;doggie3&quot;,&quot;photoUrls&quot;:[],&quot;tags&quot;:[],&quot;status&quot;:&quot;available&quot;},{&quot;id&quot;:9223372036854772678,&quot;name&quot;:&quot;doggie&quot;,&quot;photoUrls&quot;:[],&quot;tags&quot;:[],&quot;status&quot;:&quot;available&quot;},{&quot;id&quot;:9223372036854772679,&quot;name&quot;:&quot;doggie&quot;,&quot;photoUrls&quot;:[],&quot;tags&quot;:[],&quot;status&quot;:&quot;available&quot;},{&quot;id&quot;:9223372036854772680,&quot;category&quot;:{&quot;id&quot;:1,&quot;name&quot;:&quot;123&quot;},&quot;name&quot;:&quot;Bobik&quot;,&quot;photoUrls&quot;:[&quot;string&quot;],&quot;tags&quot;:[{&quot;id&quot;:1,&quot;name&quot;:&quot;234&quot;},{&quot;id&quot;:1,&quot;name&quot;:&quot;456&quot;}],&quot;status&quot;:&quot;available&quot;},{&quot;id&quot;:9223372036854772683,&quot;name&quot;:&quot;doggie2&quot;,&quot;photoUrls&quot;:[],&quot;tags&quot;:[],&quot;status&quot;:&quot;available&quot;},{&quot;id&quot;:9223372036854772687,&quot;name&quot;:&quot;doggie3&quot;,&quot;photoUrls&quot;:[],&quot;tags&quot;:[],&quot;status&quot;:&quot;available&quot;},{&quot;id&quot;:9223372036854772689,&quot;name&quot;:&quot;doggie&quot;,&quot;photoUrls&quot;:[],&quot;tags&quot;:[],&quot;status&quot;:&quot;available&quot;},{&quot;id&quot;:9223372036854772695,&quot;name&quot;:&quot;doggie&quot;,&quot;photoUrls&quot;:[],&quot;tags&quot;:[],&quot;status&quot;:&quot;available&quot;},{&quot;id&quot;:9223372036854772696,&quot;name&quot;:&quot;doggie&quot;,&quot;photoUrls&quot;:[],&quot;tags&quot;:[],&quot;status&quot;:&quot;available&quot;},{&quot;id&quot;:9223372036854772697,&quot;name&quot;:&quot;doggie2&quot;,&quot;photoUrls&quot;:[],&quot;tags&quot;:[],&quot;status&quot;:&quot;available&quot;},{&quot;id&quot;:9223372036854772698,&quot;name&quot;:&quot;doggie1&quot;,&quot;photoUrls&quot;:[],&quot;tags&quot;:[],&quot;status&quot;:&quot;available&quot;},{&quot;id&quot;:9223372036854772699,&quot;name&quot;:&quot;doggie3&quot;,&quot;photoUrls&quot;:[],&quot;tags&quot;:[],&quot;status&quot;:&quot;available&quot;},{&quot;id&quot;:9223372036854772700,&quot;name&quot;:&quot;doggie0&quot;,&quot;photoUrls&quot;:[],&quot;tags&quot;:[],&quot;status&quot;:&quot;available&quot;},{&quot;id&quot;:9223372036854772701,&quot;name&quot;:&quot;doggie4&quot;,&quot;photoUrls&quot;:[],&quot;tags&quot;:[],&quot;status&quot;:&quot;available&quot;},{&quot;id&quot;:9223372036854772702,&quot;name&quot;:&quot;doggie2&quot;,&quot;photoUrls&quot;:[],&quot;tags&quot;:[],&quot;status&quot;:&quot;available&quot;},{&quot;id&quot;:9223372036854772703,&quot;name&quot;:&quot;doggie3&quot;,&quot;photoUrls&quot;:[],&quot;tags&quot;:[],&quot;status&quot;:&quot;available&quot;},{&quot;id&quot;:9223372036854772704,&quot;name&quot;:&quot;doggie&quot;,&quot;photoUrls&quot;:[],&quot;tags&quot;:[],&quot;status&quot;:&quot;available&quot;},{&quot;id&quot;:9223372036854772706,&quot;name&quot;:&quot;doggie2&quot;,&quot;photoUrls&quot;:[],&quot;tags&quot;:[],&quot;status&quot;:&quot;available&quot;},{&quot;id&quot;:9223372036854772707,&quot;name&quot;:&quot;doggie3&quot;,&quot;photoUrls&quot;:[],&quot;tags&quot;:[],&quot;status&quot;:&quot;available&quot;},{&quot;id&quot;:9223372036854772709,&quot;name&quot;:&quot;doggie&quot;,&quot;photoUrls&quot;:[],&quot;tags&quot;:[],&quot;status&quot;:&quot;available&quot;},{&quot;id&quot;:9223372036854772710,&quot;name&quot;:&quot;doggie2&quot;,&quot;photoUrls&quot;:[],&quot;tags&quot;:[],&quot;status&quot;:&quot;available&quot;},{&quot;id&quot;:9223372036854772711,&quot;name&quot;:&quot;doggie3&quot;,&quot;photoUrls&quot;:[],&quot;tags&quot;:[],&quot;status&quot;:&quot;available&quot;},{&quot;id&quot;:9223372036854772712,&quot;name&quot;:&quot;doggie&quot;,&quot;photoUrls&quot;:[],&quot;tags&quot;:[],&quot;status&quot;:&quot;available&quot;},{&quot;id&quot;:9223372036854772713,&quot;name&quot;:&quot;doggie2&quot;,&quot;photoUrls&quot;:[],&quot;tags&quot;:[],&quot;status&quot;:&quot;available&quot;},{&quot;id&quot;:9223372036854772714,&quot;name&quot;:&quot;doggie3&quot;,&quot;photoUrls&quot;:[],&quot;tags&quot;:[],&quot;status&quot;:&quot;available&quot;},{&quot;id&quot;:9223372036854772715,&quot;name&quot;:&quot;doggie&quot;,&quot;photoUrls&quot;:[],&quot;tags&quot;:[],&quot;status&quot;:&quot;available&quot;},{&quot;id&quot;:9223372036854772716,&quot;name&quot;:&quot;doggie2&quot;,&quot;photoUrls&quot;:[],&quot;tags&quot;:[],&quot;status&quot;:&quot;available&quot;},{&quot;id&quot;:9223372036854772717,&quot;name&quot;:&quot;doggie3&quot;,&quot;photoUrls&quot;:[],&quot;tags&quot;:[],&quot;status&quot;:&quot;available&quot;},{&quot;id&quot;:9223372036854772718,&quot;name&quot;:&quot;doggie&quot;,&quot;photoUrls&quot;:[],&quot;tags&quot;:[],&quot;status&quot;:&quot;available&quot;},{&quot;id&quot;:9223372036854772719,&quot;name&quot;:&quot;doggie&quot;,&quot;photoUrls&quot;:[],&quot;tags&quot;:[],&quot;status&quot;:&quot;available&quot;},{&quot;id&quot;:9223372036854772720,&quot;name&quot;:&quot;doggie2&quot;,&quot;photoUrls&quot;:[],&quot;tags&quot;:[],&quot;status&quot;:&quot;available&quot;},{&quot;id&quot;:9223372036854772721,&quot;name&quot;:&quot;doggie3&quot;,&quot;photoUrls&quot;:[],&quot;tags&quot;:[],&quot;status&quot;:&quot;available&quot;},{&quot;id&quot;:9223372036854772722,&quot;name&quot;:&quot;doggie&quot;,&quot;photoUrls&quot;:[],&quot;tags&quot;:[],&quot;status&quot;:&quot;available&quot;},{&quot;id&quot;:9223372036854772723,&quot;name&quot;:&quot;doggie&quot;,&quot;photoUrls&quot;:[],&quot;tags&quot;:[],&quot;status&quot;:&quot;available&quot;},{&quot;id&quot;:9223372036854772724,&quot;name&quot;:&quot;doggie&quot;,&quot;photoUrls&quot;:[],&quot;tags&quot;:[],&quot;status&quot;:&quot;available&quot;},{&quot;id&quot;:9223372036854772735,&quot;name&quot;:&quot;doggie1&quot;,&quot;photoUrls&quot;:[],&quot;tags&quot;:[],&quot;status&quot;:&quot;available&quot;},{&quot;id&quot;:9223372036854772736,&quot;name&quot;:&quot;doggie0&quot;,&quot;photoUrls&quot;:[],&quot;tags&quot;:[],&quot;status&quot;:&quot;available&quot;},{&quot;id&quot;:9223372036854772737,&quot;name&quot;:&quot;doggie3&quot;,&quot;photoUrls&quot;:[],&quot;tags&quot;:[],&quot;status&quot;:&quot;available&quot;},{&quot;id&quot;:9223372036854772738,&quot;name&quot;:&quot;doggie2&quot;,&quot;photoUrls&quot;:[],&quot;tags&quot;:[],&quot;status&quot;:&quot;available&quot;},{&quot;id&quot;:9223372036854772739,&quot;name&quot;:&quot;doggie4&quot;,&quot;photoUrls&quot;:[],&quot;tags&quot;:[],&quot;status&quot;:&quot;available&quot;},{&quot;id&quot;:9223372036854772744,&quot;category&quot;:{&quot;id&quot;:1,&quot;name&quot;:&quot;123&quot;},&quot;name&quot;:&quot;Bobik&quot;,&quot;photoUrls&quot;:[&quot;string&quot;],&quot;tags&quot;:[{&quot;id&quot;:1,&quot;name&quot;:&quot;234&quot;},{&quot;id&quot;:1,&quot;name&quot;:&quot;456&quot;}],&quot;status&quot;:&quot;available&quot;},{&quot;id&quot;:9223372036854772748,&quot;category&quot;:{&quot;id&quot;:1,&quot;name&quot;:&quot;123&quot;},&quot;name&quot;:&quot;Bobik&quot;,&quot;photoUrls&quot;:[&quot;string&quot;],&quot;tags&quot;:[{&quot;id&quot;:1,&quot;name&quot;:&quot;234&quot;},{&quot;id&quot;:1,&quot;name&quot;:&quot;456&quot;}],&quot;status&quot;:&quot;available&quot;},{&quot;id&quot;:9223372036854772751,&quot;category&quot;:{&quot;id&quot;:0,&quot;name&quot;:&quot;string&quot;},&quot;name&quot;:&quot;fish&quot;,&quot;photoUrls&quot;:[&quot;string&quot;],&quot;tags&quot;:[{&quot;id&quot;:0,&quot;name&quot;:&quot;string&quot;}],&quot;status&quot;:&quot;available&quot;},{&quot;id&quot;:9223372036854772752,&quot;category&quot;:{&quot;id&quot;:0,&quot;name&quot;:&quot;string&quot;},&quot;name&quot;:&quot;fish&quot;,&quot;photoUrls&quot;:[&quot;string&quot;],&quot;tags&quot;:[{&quot;id&quot;:0,&quot;name&quot;:&quot;string&quot;}],&quot;status&quot;:&quot;available&quot;},{&quot;id&quot;:9223372036854772753,&quot;category&quot;:{&quot;id&quot;:1,&quot;name&quot;:&quot;123&quot;},&quot;name&quot;:&quot;Bobik&quot;,&quot;photoUrls&quot;:[&quot;string&quot;],&quot;tags&quot;:[{&quot;id&quot;:1,&quot;name&quot;:&quot;234&quot;},{&quot;id&quot;:1,&quot;name&quot;:&quot;456&quot;}],&quot;status&quot;:&quot;available&quot;},{&quot;id&quot;:9223372036854772758,&quot;category&quot;:{&quot;id&quot;:1,&quot;name&quot;:&quot;123&quot;},&quot;name&quot;:&quot;Bobik&quot;,&quot;photoUrls&quot;:[&quot;string&quot;],&quot;tags&quot;:[{&quot;id&quot;:1,&quot;name&quot;:&quot;234&quot;},{&quot;id&quot;:1,&quot;name&quot;:&quot;456&quot;}],&quot;status&quot;:&quot;available&quot;},{&quot;id&quot;:112233,&quot;category&quot;:{&quot;id&quot;:30,&quot;name&quot;:&quot;Eq-dog&quot;},&quot;name&quot;:&quot;Postman&quot;,&quot;photoUrls&quot;:[&quot;URLLink&quot;],&quot;tags&quot;:[{&quot;id&quot;:10,&quot;name&quot;:&quot;Doberman&quot;}],&quot;status&quot;:&quot;available&quot;},{&quot;id&quot;:9223372036854772764,&quot;name&quot;:&quot;Jimmy&quot;,&quot;photoUrls&quot;:[&quot;string&quot;],&quot;tags&quot;:[],&quot;status&quot;:&quot;available&quot;},{&quot;id&quot;:9222968140491042131,&quot;category&quot;:{&quot;id&quot;:0,&quot;name&quot;:&quot;string&quot;},&quot;name&quot;:&quot;doggie&quot;,&quot;photoUrls&quot;:[&quot;string&quot;],&quot;tags&quot;:[{&quot;id&quot;:0,&quot;name&quot;:&quot;string&quot;}],&quot;status&quot;:&quot;available&quot;},{&quot;id&quot;:9223372036854772765,&quot;category&quot;:{&quot;id&quot;:0,&quot;name&quot;:&quot;string&quot;},&quot;name&quot;:&quot;fish&quot;,&quot;photoUrls&quot;:[&quot;string&quot;],&quot;tags&quot;:[{&quot;id&quot;:0,&quot;name&quot;:&quot;string&quot;}],&quot;status&quot;:&quot;available&quot;},{&quot;id&quot;:9223372036854772766,&quot;category&quot;:{&quot;id&quot;:0,&quot;name&quot;:&quot;string&quot;},&quot;name&quot;:&quot;fish&quot;,&quot;photoUrls&quot;:[&quot;string&quot;],&quot;tags&quot;:[{&quot;id&quot;:0,&quot;name&quot;:&quot;string&quot;}],&quot;status&quot;:&quot;available&quot;},{&quot;id&quot;:9223372036854772771,&quot;category&quot;:{&quot;id&quot;:0,&quot;name&quot;:&quot;string&quot;},&quot;name&quot;:&quot;fish&quot;,&quot;photoUrls&quot;:[&quot;string&quot;],&quot;tags&quot;:[{&quot;id&quot;:0,&quot;name&quot;:&quot;string&quot;}],&quot;status&quot;:&quot;available&quot;},{&quot;id&quot;:9223372036854772772,&quot;category&quot;:{&quot;id&quot;:0,&quot;name&quot;:&quot;string&quot;},&quot;name&quot;:&quot;fish&quot;,&quot;photoUrls&quot;:[&quot;string&quot;],&quot;tags&quot;:[{&quot;id&quot;:0,&quot;name&quot;:&quot;string&quot;}],&quot;status&quot;:&quot;available&quot;},{&quot;id&quot;:9223372036854772773,&quot;category&quot;:{&quot;id&quot;:0,&quot;name&quot;:&quot;string&quot;},&quot;name&quot;:&quot;fish&quot;,&quot;photoUrls&quot;:[&quot;string&quot;],&quot;tags&quot;:[{&quot;id&quot;:0,&quot;name&quot;:&quot;string&quot;}],&quot;status&quot;:&quot;available&quot;},{&quot;id&quot;:9223372036854772778,&quot;category&quot;:{&quot;id&quot;:0,&quot;name&quot;:&quot;string&quot;},&quot;name&quot;:&quot;fish&quot;,&quot;photoUrls&quot;:[&quot;string&quot;],&quot;tags&quot;:[{&quot;id&quot;:0,&quot;name&quot;:&quot;string&quot;}],&quot;status&quot;:&quot;available&quot;},{&quot;id&quot;:9223372036854772786,&quot;category&quot;:{&quot;id&quot;:1804,&quot;name&quot;:&quot;dog&quot;},&quot;name&quot;:&quot;rex&quot;,&quot;photoUrls&quot;:[&quot;string&quot;],&quot;tags&quot;:[{&quot;id&quot;:1804,&quot;name&quot;:&quot;sheperd&quot;}],&quot;status&quot;:&quot;available&quot;},{&quot;id&quot;:9223372036854772787,&quot;category&quot;:{&quot;id&quot;:0,&quot;name&quot;:&quot;string&quot;},&quot;name&quot;:&quot;doggie&quot;,&quot;photoUrls&quot;:[&quot;string&quot;],&quot;tags&quot;:[{&quot;id&quot;:0,&quot;name&quot;:&quot;string&quot;}],&quot;status&quot;:&quot;available&quot;},{&quot;id&quot;:9223372036854772792,&quot;category&quot;:{&quot;id&quot;:1804,&quot;name&quot;:&quot;dog&quot;},&quot;name&quot;:&quot;rex&quot;,&quot;photoUrls&quot;:[&quot;string&quot;],&quot;tags&quot;:[{&quot;id&quot;:1804,&quot;name&quot;:&quot;sheperd&quot;}],&quot;status&quot;:&quot;available&quot;},{&quot;id&quot;:9223372036854772793,&quot;category&quot;:{&quot;id&quot;:1804,&quot;name&quot;:&quot;dog&quot;},&quot;name&quot;:&quot;rex&quot;,&quot;photoUrls&quot;:[&quot;string&quot;],&quot;tags&quot;:[{&quot;id&quot;:1804,&quot;name&quot;:&quot;sheperd&quot;}],&quot;status&quot;:&quot;available&quot;},{&quot;id&quot;:9223372036854772794,&quot;category&quot;:{&quot;id&quot;:0,&quot;name&quot;:&quot;cats&quot;},&quot;name&quot;:&quot;красивые большие глазки&quot;,&quot;photoUrls&quot;:[&quot;https://klike.net/uploads/posts/2019-06/medium/1561011173_8.jpg&quot;],&quot;tags&quot;:[{&quot;id&quot;:0,&quot;name&quot;:&quot;большие глазки&quot;}],&quot;status&quot;:&quot;available&quot;},{&quot;id&quot;:9222968140497180179,&quot;category&quot;:{&quot;id&quot;:0,&quot;name&quot;:&quot;string&quot;},&quot;name&quot;:&quot;test&quot;,&quot;photoUrls&quot;:[&quot;string&quot;],&quot;tags&quot;:[{&quot;id&quot;:0,&quot;name&quot;:&quot;string&quot;}],&quot;status&quot;:&quot;available&quot;},{&quot;id&quot;:9223372036854772805,&quot;category&quot;:{&quot;id&quot;:1804,&quot;name&quot;:&quot;dog&quot;},&quot;name&quot;:&quot;rex&quot;,&quot;photoUrls&quot;:[&quot;string&quot;],&quot;tags&quot;:[{&quot;id&quot;:1804,&quot;name&quot;:&quot;sheperd&quot;}],&quot;status&quot;:&quot;available&quot;},{&quot;id&quot;:1245,&quot;category&quot;:{&quot;id&quot;:1245,&quot;name&quot;:&quot;xyz&quot;},&quot;name&quot;:&quot;xyz&quot;,&quot;photoUrls&quot;:[&quot;test&quot;],&quot;tags&quot;:[],&quot;status&quot;:&quot;available&quot;},{&quot;id&quot;:9223372036854772809,&quot;category&quot;:{&quot;id&quot;:1804,&quot;name&quot;:&quot;dog&quot;},&quot;name&quot;:&quot;rex&quot;,&quot;photoUrls&quot;:[&quot;string&quot;],&quot;tags&quot;:[{&quot;id&quot;:1804,&quot;name&quot;:&quot;sheperd&quot;}],&quot;status&quot;:&quot;available&quot;},{&quot;id&quot;:1340,&quot;category&quot;:{&quot;id&quot;:1340,&quot;name&quot;:&quot;cat&quot;},&quot;name&quot;:&quot;persic&quot;,&quot;photoUrls&quot;:[&quot;string&quot;],&quot;tags&quot;:[{&quot;id&quot;:1340,&quot;name&quot;:&quot;red&quot;}],&quot;status&quot;:&quot;available&quot;},{&quot;id&quot;:9223372036854772829,&quot;category&quot;:{&quot;id&quot;:1804,&quot;name&quot;:&quot;dog&quot;},&quot;name&quot;:&quot;rex&quot;,&quot;photoUrls&quot;:[&quot;string&quot;],&quot;tags&quot;:[{&quot;id&quot;:1804,&quot;name&quot;:&quot;sheperd&quot;}],&quot;status&quot;:&quot;available&quot;},{&quot;id&quot;:9223372036854772831,&quot;category&quot;:{&quot;id&quot;:0,&quot;name&quot;:&quot;string&quot;},&quot;name&quot;:&quot;doggie&quot;,&quot;photoUrls&quot;:[&quot;string&quot;],&quot;tags&quot;:[{&quot;id&quot;:0,&quot;name&quot;:&quot;string&quot;}],&quot;status&quot;:&quot;available&quot;},{&quot;id&quot;:478364873,&quot;category&quot;:{&quot;id&quot;:1,&quot;name&quot;:&quot;Cat&quot;},&quot;name&quot;:&quot;Bruno&quot;,&quot;photoUrls&quot;:[&quot;https://upload.wikimedia.org/wikipedia/commons/0/0e/Felis_silvestris_silvestris.jpg&quot;],&quot;tags&quot;:[{&quot;id&quot;:1,&quot;name&quot;:&quot;Felis silvestris&quot;}],&quot;status&quot;:&quot;available&quot;},{&quot;id&quot;:9223372036854772832,&quot;category&quot;:{&quot;id&quot;:0,&quot;name&quot;:&quot;string&quot;},&quot;name&quot;:&quot;fish&quot;,&quot;photoUrls&quot;:[&quot;string&quot;],&quot;tags&quot;:[{&quot;id&quot;:0,&quot;name&quot;:&quot;string&quot;}],&quot;status&quot;:&quot;available&quot;},{&quot;id&quot;:9223372036854772833,&quot;category&quot;:{&quot;id&quot;:0,&quot;name&quot;:&quot;string&quot;},&quot;name&quot;:&quot;doggie&quot;,&quot;photoUrls&quot;:[&quot;string&quot;],&quot;tags&quot;:[{&quot;id&quot;:0,&quot;name&quot;:&quot;string&quot;}],&quot;status&quot;:&quot;available&quot;},{&quot;id&quot;:9223372036854772835,&quot;category&quot;:{&quot;id&quot;:0,&quot;name&quot;:&quot;string&quot;},&quot;name&quot;:&quot;fish&quot;,&quot;photoUrls&quot;:[&quot;string&quot;],&quot;tags&quot;:[{&quot;id&quot;:0,&quot;name&quot;:&quot;string&quot;}],&quot;status&quot;:&quot;available&quot;},{&quot;id&quot;:9223372036854772838,&quot;category&quot;:{&quot;id&quot;:0,&quot;name&quot;:&quot;string&quot;},&quot;name&quot;:&quot;doggie&quot;,&quot;photoUrls&quot;:[&quot;string&quot;],&quot;tags&quot;:[{&quot;id&quot;:0,&quot;name&quot;:&quot;string&quot;}],&quot;status&quot;:&quot;available&quot;},{&quot;id&quot;:9223372036854772845,&quot;name&quot;:&quot;doggieUpdated&quot;,&quot;photoUrls&quot;:[],&quot;tags&quot;:[],&quot;status&quot;:&quot;available&quot;},{&quot;id&quot;:9223372036854772846,&quot;name&quot;:&quot;fishUpdated&quot;,&quot;photoUrls&quot;:[],&quot;tags&quot;:[],&quot;status&quot;:&quot;available&quot;},{&quot;id&quot;:9223372036854772847,&quot;name&quot;:&quot;LunaUpdated&quot;,&quot;photoUrls&quot;:[],&quot;tags&quot;:[],&quot;status&quot;:&quot;available&quot;},{&quot;id&quot;:9223372036854772848,&quot;name&quot;:&quot;CharlieUpdated&quot;,&quot;photoUrls&quot;:[],&quot;tags&quot;:[],&quot;status&quot;:&quot;available&quot;},{&quot;id&quot;:9223372036854772849,&quot;category&quot;:{&quot;id&quot;:0,&quot;name&quot;:&quot;string&quot;},&quot;name&quot;:&quot;fish&quot;,&quot;photoUrls&quot;:[&quot;string&quot;],&quot;tags&quot;:[{&quot;id&quot;:0,&quot;name&quot;:&quot;string&quot;}],&quot;status&quot;:&quot;available&quot;},{&quot;id&quot;:88888,&quot;category&quot;:{&quot;id&quot;:0,&quot;name&quot;:&quot;string&quot;},&quot;name&quot;:&quot;bentley&quot;,&quot;photoUrls&quot;:[&quot;string&quot;],&quot;tags&quot;:[{&quot;id&quot;:0,&quot;name&quot;:&quot;string&quot;}],&quot;status&quot;:&quot;available&quot;},{&quot;id&quot;:9223372036854772862,&quot;name&quot;:&quot;doggieUpdated&quot;,&quot;photoUrls&quot;:[],&quot;tags&quot;:[],&quot;status&quot;:&quot;available&quot;},{&quot;id&quot;:9223372036854772866,&quot;name&quot;:&quot;fishUpdated&quot;,&quot;photoUrls&quot;:[],&quot;tags&quot;:[],&quot;status&quot;:&quot;available&quot;},{&quot;id&quot;:9223372036854772868,&quot;name&quot;:&quot;LunaUpdated&quot;,&quot;photoUrls&quot;:[],&quot;tags&quot;:[],&quot;status&quot;:&quot;available&quot;},{&quot;id&quot;:9223372036854772869,&quot;category&quot;:{&quot;id&quot;:1804,&quot;name&quot;:&quot;dog&quot;},&quot;name&quot;:&quot;rex&quot;,&quot;photoUrls&quot;:[&quot;string&quot;],&quot;tags&quot;:[{&quot;id&quot;:1804,&quot;name&quot;:&quot;sheperd&quot;}],&quot;status&quot;:&quot;available&quot;},{&quot;id&quot;:9223372036854772870,&quot;name&quot;:&quot;CharlieUpdated&quot;,&quot;photoUrls&quot;:[],&quot;tags&quot;:[],&quot;status&quot;:&quot;available&quot;},{&quot;id&quot;:9223372036854772872,&quot;category&quot;:{&quot;id&quot;:1804,&quot;name&quot;:&quot;dog&quot;},&quot;name&quot;:&quot;rex&quot;,&quot;photoUrls&quot;:[&quot;string&quot;],&quot;tags&quot;:[{&quot;id&quot;:1804,&quot;name&quot;:&quot;sheperd&quot;}],&quot;status&quot;:&quot;available&quot;},{&quot;id&quot;:9223372036854772875,&quot;category&quot;:{&quot;id&quot;:0,&quot;name&quot;:&quot;string&quot;},&quot;name&quot;:&quot;fish&quot;,&quot;photoUrls&quot;:[&quot;string&quot;],&quot;tags&quot;:[{&quot;id&quot;:0,&quot;name&quot;:&quot;string&quot;}],&quot;status&quot;:&quot;available&quot;},{&quot;id&quot;:9223372036854772876,&quot;category&quot;:{&quot;id&quot;:0,&quot;name&quot;:&quot;string&quot;},&quot;name&quot;:&quot;doggie&quot;,&quot;photoUrls&quot;:[&quot;string&quot;],&quot;tags&quot;:[{&quot;id&quot;:0,&quot;name&quot;:&quot;string&quot;}],&quot;status&quot;:&quot;available&quot;},{&quot;id&quot;:9223372036854772884,&quot;category&quot;:{&quot;id&quot;:0,&quot;name&quot;:&quot;Dog&quot;},&quot;name&quot;:&quot;Günther&quot;,&quot;photoUrls&quot;:[&quot;https://www.bmel.de/SharedDocs/Bilder/DE/_Tiere/Haus-Zootiere/tierschutz-hunde.jpg?__blob=wide&amp;v=3&quot;],&quot;tags&quot;:[{&quot;id&quot;:0,&quot;name&quot;:&quot;string&quot;}],&quot;status&quot;:&quot;available&quot;},{&quot;id&quot;:9223372036854772907,&quot;category&quot;:{&quot;id&quot;:0,&quot;name&quot;:&quot;string&quot;},&quot;name&quot;:&quot;fish&quot;,&quot;photoUrls&quot;:[&quot;string&quot;],&quot;tags&quot;:[{&quot;id&quot;:0,&quot;name&quot;:&quot;string&quot;}],&quot;status&quot;:&quot;available&quot;},{&quot;id&quot;:9223372036854772911,&quot;category&quot;:{&quot;id&quot;:0,&quot;name&quot;:&quot;string&quot;},&quot;name&quot;:&quot;fish&quot;,&quot;photoUrls&quot;:[&quot;string&quot;],&quot;tags&quot;:[{&quot;id&quot;:0,&quot;name&quot;:&quot;string&quot;}],&quot;status&quot;:&quot;available&quot;},{&quot;id&quot;:9223372036854772913,&quot;category&quot;:{&quot;id&quot;:0,&quot;name&quot;:&quot;Жужа&quot;},&quot;name&quot;:&quot;doggie&quot;,&quot;photoUrls&quot;:[&quot;string&quot;],&quot;tags&quot;:[{&quot;id&quot;:0,&quot;name&quot;:&quot;string&quot;}],&quot;status&quot;:&quot;available&quot;},{&quot;id&quot;:9223372036854772922,&quot;category&quot;:{&quot;id&quot;:0,&quot;name&quot;:&quot;mer&quot;},&quot;name&quot;:&quot;doggie&quot;,&quot;photoUrls&quot;:[&quot;string&quot;],&quot;tags&quot;:[{&quot;id&quot;:0,&quot;name&quot;:&quot;kuuur&quot;}],&quot;status&quot;:&quot;available&quot;},{&quot;id&quot;:9223372036854772926,&quot;category&quot;:{&quot;id&quot;:0,&quot;name&quot;:&quot;string&quot;},&quot;name&quot;:&quot;doggie&quot;,&quot;photoUrls&quot;:[&quot;string&quot;],&quot;tags&quot;:[{&quot;id&quot;:0,&quot;name&quot;:&quot;string&quot;}],&quot;status&quot;:&quot;available&quot;},{&quot;id&quot;:9223372036854772927,&quot;category&quot;:{&quot;id&quot;:0,&quot;name&quot;:&quot;string&quot;},&quot;name&quot;:&quot;fish&quot;,&quot;photoUrls&quot;:[&quot;string&quot;],&quot;tags&quot;:[{&quot;id&quot;:0,&quot;name&quot;:&quot;string&quot;}],&quot;status&quot;:&quot;available&quot;},{&quot;id&quot;:9223372036854772928,&quot;category&quot;:{&quot;id&quot;:0,&quot;name&quot;:&quot;string&quot;},&quot;name&quot;:&quot;fish&quot;,&quot;photoUrls&quot;:[&quot;string&quot;],&quot;tags&quot;:[{&quot;id&quot;:0,&quot;name&quot;:&quot;string&quot;}],&quot;status&quot;:&quot;available&quot;},{&quot;id&quot;:9223372036854772932,&quot;category&quot;:{&quot;id&quot;:0,&quot;name&quot;:&quot;string&quot;},&quot;name&quot;:&quot;doggie&quot;,&quot;photoUrls&quot;:[&quot;string&quot;],&quot;tags&quot;:[{&quot;id&quot;:0,&quot;name&quot;:&quot;string&quot;}],&quot;status&quot;:&quot;available&quot;},{&quot;id&quot;:9223372036854772937,&quot;category&quot;:{&quot;id&quot;:1,&quot;name&quot;:&quot;123&quot;},&quot;name&quot;:&quot;Bobik&quot;,&quot;photoUrls&quot;:[&quot;string&quot;],&quot;tags&quot;:[{&quot;id&quot;:1,&quot;name&quot;:&quot;234&quot;},{&quot;id&quot;:1,&quot;name&quot;:&quot;456&quot;}],&quot;status&quot;:&quot;available&quot;},{&quot;id&quot;:9223372036854772938,&quot;name&quot;:&quot;Jimmy&quot;,&quot;photoUrls&quot;:[&quot;string&quot;],&quot;tags&quot;:[],&quot;status&quot;:&quot;available&quot;},{&quot;id&quot;:9223372036854772939,&quot;category&quot;:{&quot;id&quot;:0,&quot;name&quot;:&quot;string&quot;},&quot;name&quot;:&quot;doggie&quot;,&quot;photoUrls&quot;:[&quot;string&quot;],&quot;tags&quot;:[{&quot;id&quot;:0,&quot;name&quot;:&quot;string&quot;}],&quot;status&quot;:&quot;available&quot;},{&quot;id&quot;:9223372036854772942,&quot;category&quot;:{&quot;id&quot;:0,&quot;name&quot;:&quot;string&quot;},&quot;name&quot;:&quot;fish&quot;,&quot;photoUrls&quot;:[&quot;string&quot;],&quot;tags&quot;:[{&quot;id&quot;:0,&quot;name&quot;:&quot;string&quot;}],&quot;status&quot;:&quot;available&quot;},{&quot;id&quot;:9223372036854772943,&quot;category&quot;:{&quot;id&quot;:0,&quot;name&quot;:&quot;string&quot;},&quot;name&quot;:&quot;fish&quot;,&quot;photoUrls&quot;:[&quot;string&quot;],&quot;tags&quot;:[{&quot;id&quot;:0,&quot;name&quot;:&quot;string&quot;}],&quot;status&quot;:&quot;available&quot;},{&quot;id&quot;:9223372036854772944,&quot;category&quot;:{&quot;id&quot;:0,&quot;name&quot;:&quot;string&quot;},&quot;name&quot;:&quot;fish&quot;,&quot;photoUrls&quot;:[&quot;string&quot;],&quot;tags&quot;:[{&quot;id&quot;:0,&quot;name&quot;:&quot;string&quot;}],&quot;status&quot;:&quot;available&quot;},{&quot;id&quot;:3342,&quot;category&quot;:{&quot;id&quot;:0},&quot;name&quot;:&quot;keks&quot;,&quot;photoUrls&quot;:[&quot;string&quot;],&quot;tags&quot;:[{&quot;id&quot;:0,&quot;name&quot;:&quot;string&quot;}],&quot;status&quot;:&quot;available&quot;},{&quot;id&quot;:9223372036854772959,&quot;category&quot;:{&quot;id&quot;:0,&quot;name&quot;:&quot;string&quot;},&quot;name&quot;:&quot;fish&quot;,&quot;photoUrls&quot;:[&quot;string&quot;],&quot;tags&quot;:[{&quot;id&quot;:0,&quot;name&quot;:&quot;string&quot;}],&quot;status&quot;:&quot;available&quot;},{&quot;id&quot;:5958,&quot;category&quot;:{&quot;id&quot;:0},&quot;name&quot;:&quot;keks&quot;,&quot;photoUrls&quot;:[&quot;string&quot;],&quot;tags&quot;:[{&quot;id&quot;:0,&quot;name&quot;:&quot;string&quot;}],&quot;status&quot;:&quot;available&quot;},{&quot;id&quot;:6730,&quot;category&quot;:{&quot;id&quot;:0},&quot;name&quot;:&quot;keks&quot;,&quot;photoUrls&quot;:[&quot;string&quot;],&quot;tags&quot;:[{&quot;id&quot;:0,&quot;name&quot;:&quot;string&quot;}],&quot;status&quot;:&quot;available&quot;},{&quot;id&quot;:9223372036854773018,&quot;category&quot;:{&quot;id&quot;:0,&quot;name&quot;:&quot;string&quot;},&quot;name&quot;:&quot;doggie&quot;,&quot;photoUrls&quot;:[&quot;string&quot;],&quot;tags&quot;:[{&quot;id&quot;:0,&quot;name&quot;:&quot;string&quot;}],&quot;status&quot;:&quot;available&quot;},{&quot;id&quot;:9223372036854773019,&quot;category&quot;:{&quot;id&quot;:0,&quot;name&quot;:&quot;string&quot;},&quot;name&quot;:&quot;Puppy&quot;,&quot;photoUrls&quot;:[&quot;string&quot;],&quot;tags&quot;:[{&quot;id&quot;:0,&quot;name&quot;:&quot;string&quot;}],&quot;status&quot;:&quot;available&quot;},{&quot;id&quot;:9223372036854773030,&quot;category&quot;:{&quot;id&quot;:0,&quot;name&quot;:&quot;string&quot;},&quot;name&quot;:&quot;doggie&quot;,&quot;photoUrls&quot;:[&quot;string&quot;],&quot;tags&quot;:[{&quot;id&quot;:0,&quot;name&quot;:&quot;string&quot;}],&quot;status&quot;:&quot;available&quot;},{&quot;id&quot;:9223372036854773032,&quot;category&quot;:{&quot;id&quot;:0,&quot;name&quot;:&quot;string&quot;},&quot;name&quot;:&quot;fish&quot;,&quot;photoUrls&quot;:[&quot;string&quot;],&quot;tags&quot;:[{&quot;id&quot;:0,&quot;name&quot;:&quot;string&quot;}],&quot;status&quot;:&quot;available&quot;},{&quot;id&quot;:9223372036854773033,&quot;category&quot;:{&quot;id&quot;:0,&quot;name&quot;:&quot;string&quot;},&quot;name&quot;:&quot;fish&quot;,&quot;photoUrls&quot;:[&quot;string&quot;],&quot;tags&quot;:[{&quot;id&quot;:0,&quot;name&quot;:&quot;string&quot;}],&quot;status&quot;:&quot;available&quot;},{&quot;id&quot;:9223372036854773034,&quot;category&quot;:{&quot;id&quot;:0,&quot;name&quot;:&quot;string&quot;},&quot;name&quot;:&quot;Puppy&quot;,&quot;photoUrls&quot;:[&quot;string&quot;],&quot;tags&quot;:[{&quot;id&quot;:0,&quot;name&quot;:&quot;string&quot;}],&quot;status&quot;:&quot;available&quot;},{&quot;id&quot;:9223372036854773035,&quot;name&quot;:&quot;Jimmy&quot;,&quot;photoUrls&quot;:[&quot;string&quot;],&quot;tags&quot;:[],&quot;status&quot;:&quot;available&quot;},{&quot;id&quot;:9223372036854773039,&quot;category&quot;:{&quot;id&quot;:0,&quot;name&quot;:&quot;string&quot;},&quot;name&quot;:&quot;doggie&quot;,&quot;photoUrls&quot;:[&quot;string&quot;],&quot;tags&quot;:[{&quot;id&quot;:0,&quot;name&quot;:&quot;string&quot;}],&quot;status&quot;:&quot;available&quot;},{&quot;id&quot;:9359,&quot;category&quot;:{&quot;id&quot;:0},&quot;name&quot;:&quot;keks&quot;,&quot;photoUrls&quot;:[&quot;string&quot;],&quot;tags&quot;:[{&quot;id&quot;:0,&quot;name&quot;:&quot;string&quot;}],&quot;status&quot;:&quot;available&quot;},{&quot;id&quot;:9223372036854773044,&quot;category&quot;:{&quot;id&quot;:0,&quot;name&quot;:&quot;string&quot;},&quot;name&quot;:&quot;fish&quot;,&quot;photoUrls&quot;:[&quot;string&quot;],&quot;tags&quot;:[{&quot;id&quot;:0,&quot;name&quot;:&quot;string&quot;}],&quot;status&quot;:&quot;available&quot;},{&quot;id&quot;:9223372036854773045,&quot;category&quot;:{&quot;id&quot;:0,&quot;name&quot;:&quot;string&quot;},&quot;name&quot;:&quot;Gigi&quot;,&quot;photoUrls&quot;:[&quot;string&quot;],&quot;tags&quot;:[{&quot;id&quot;:0,&quot;name&quot;:&quot;string&quot;}],&quot;status&quot;:&quot;available&quot;},{&quot;id&quot;:9223372036854773046,&quot;name&quot;:&quot;Jimmy&quot;,&quot;photoUrls&quot;:[&quot;string&quot;],&quot;tags&quot;:[],&quot;status&quot;:&quot;available&quot;},{&quot;id&quot;:9223372036854773048,&quot;category&quot;:{&quot;id&quot;:0,&quot;name&quot;:&quot;string&quot;},&quot;name&quot;:&quot;fish&quot;,&quot;photoUrls&quot;:[&quot;string&quot;],&quot;tags&quot;:[{&quot;id&quot;:0,&quot;name&quot;:&quot;string&quot;}],&quot;status&quot;:&quot;available&quot;},{&quot;id&quot;:123456,&quot;name&quot;:&quot;Fluffy&quot;,&quot;photoUrls&quot;:[],&quot;tags&quot;:[],&quot;status&quot;:&quot;available&quot;},{&quot;id&quot;:9223372036854773066,&quot;category&quot;:{&quot;id&quot;:0,&quot;name&quot;:&quot;Жужа&quot;},&quot;name&quot;:&quot;doggie&quot;,&quot;photoUrls&quot;:[&quot;string&quot;],&quot;tags&quot;:[{&quot;id&quot;:0,&quot;name&quot;:&quot;string&quot;}],&quot;status&quot;:&quot;available&quot;},{&quot;id&quot;:9223372036854773069,&quot;category&quot;:{&quot;id&quot;:0,&quot;name&quot;:&quot;string&quot;},&quot;name&quot;:&quot;doggie&quot;,&quot;photoUrls&quot;:[&quot;string&quot;],&quot;tags&quot;:[{&quot;id&quot;:0,&quot;name&quot;:&quot;string&quot;}],&quot;status&quot;:&quot;available&quot;},{&quot;id&quot;:9223372036854773070,&quot;category&quot;:{&quot;id&quot;:0,&quot;name&quot;:&quot;string&quot;},&quot;name&quot;:&quot;doggie&quot;,&quot;photoUrls&quot;:[&quot;string&quot;],&quot;tags&quot;:[{&quot;id&quot;:0,&quot;name&quot;:&quot;string&quot;}],&quot;status&quot;:&quot;available&quot;},{&quot;id&quot;:9223372036854773075,&quot;category&quot;:{&quot;id&quot;:0,&quot;name&quot;:&quot;string&quot;},&quot;name&quot;:&quot;doggie&quot;,&quot;photoUrls&quot;:[&quot;string&quot;],&quot;tags&quot;:[{&quot;id&quot;:0,&quot;name&quot;:&quot;string&quot;}],&quot;status&quot;:&quot;available&quot;},{&quot;id&quot;:9223372036854773078,&quot;category&quot;:{&quot;id&quot;:0,&quot;name&quot;:&quot;cats&quot;},&quot;name&quot;:&quot;красивые большие глазки&quot;,&quot;photoUrls&quot;:[&quot;https://klike.net/uploads/posts/2019-06/medium/1561011173_8.jpg&quot;],&quot;tags&quot;:[{&quot;id&quot;:0,&quot;name&quot;:&quot;большие глазки&quot;}],&quot;status&quot;:&quot;available&quot;},{&quot;id&quot;:9223372036854773080,&quot;category&quot;:{&quot;id&quot;:0,&quot;name&quot;:&quot;string&quot;},&quot;name&quot;:&quot;doggie&quot;,&quot;photoUrls&quot;:[&quot;string&quot;],&quot;tags&quot;:[{&quot;id&quot;:0,&quot;name&quot;:&quot;string&quot;}],&quot;status&quot;:&quot;available&quot;},{&quot;id&quot;:9223372036854773082,&quot;name&quot;:&quot;Jimmy&quot;,&quot;photoUrls&quot;:[&quot;string&quot;],&quot;tags&quot;:[],&quot;status&quot;:&quot;available&quot;},{&quot;id&quot;:9223372036854773085,&quot;category&quot;:{&quot;id&quot;:0,&quot;name&quot;:&quot;string&quot;},&quot;name&quot;:&quot;fish&quot;,&quot;photoUrls&quot;:[&quot;string&quot;],&quot;tags&quot;:[{&quot;id&quot;:0,&quot;name&quot;:&quot;string&quot;}],&quot;status&quot;:&quot;available&quot;},{&quot;id&quot;:9223372036854773086,&quot;category&quot;:{&quot;id&quot;:0,&quot;name&quot;:&quot;string&quot;},&quot;name&quot;:&quot;fish&quot;,&quot;photoUrls&quot;:[&quot;string&quot;],&quot;tags&quot;:[{&quot;id&quot;:0,&quot;name&quot;:&quot;string&quot;}],&quot;status&quot;:&quot;available&quot;},{&quot;id&quot;:9223372036854773094,&quot;category&quot;:{&quot;id&quot;:0,&quot;name&quot;:&quot;string&quot;},&quot;name&quot;:&quot;doggie&quot;,&quot;photoUrls&quot;:[&quot;string&quot;],&quot;tags&quot;:[{&quot;id&quot;:0,&quot;name&quot;:&quot;string&quot;}],&quot;status&quot;:&quot;available&quot;},{&quot;id&quot;:9223372036854773095,&quot;category&quot;:{&quot;id&quot;:0,&quot;name&quot;:&quot;cats&quot;},&quot;name&quot;:&quot;красивые большие глазки&quot;,&quot;photoUrls&quot;:[&quot;https://klike.net/uploads/posts/2019-06/medium/1561011173_8.jpg&quot;],&quot;tags&quot;:[{&quot;id&quot;:0,&quot;name&quot;:&quot;большие глазки&quot;}],&quot;status&quot;:&quot;available&quot;},{&quot;id&quot;:9223372036854773096,&quot;category&quot;:{&quot;id&quot;:0,&quot;name&quot;:&quot;string&quot;},&quot;name&quot;:&quot;doggie&quot;,&quot;photoUrls&quot;:[&quot;string&quot;],&quot;tags&quot;:[{&quot;id&quot;:0,&quot;name&quot;:&quot;string&quot;}],&quot;status&quot;:&quot;available&quot;},{&quot;id&quot;:9223372036854773099,&quot;category&quot;:{&quot;id&quot;:0,&quot;name&quot;:&quot;Жужа&quot;},&quot;name&quot;:&quot;doggie&quot;,&quot;photoUrls&quot;:[&quot;string&quot;],&quot;tags&quot;:[{&quot;id&quot;:0,&quot;name&quot;:&quot;string&quot;}],&quot;status&quot;:&quot;available&quot;},{&quot;id&quot;:99996,&quot;name&quot;:&quot;doggie_by_ms&quot;,&quot;photoUrls&quot;:[&quot;string&quot;],&quot;tags&quot;:[{&quot;id&quot;:0,&quot;name&quot;:&quot;string&quot;}],&quot;status&quot;:&quot;available&quot;},{&quot;id&quot;:9223372036854773102,&quot;category&quot;:{&quot;id&quot;:0,&quot;name&quot;:&quot;string&quot;},&quot;name&quot;:&quot;fish&quot;,&quot;photoUrls&quot;:[&quot;string&quot;],&quot;tags&quot;:[{&quot;id&quot;:0,&quot;name&quot;:&quot;string&quot;}],&quot;status&quot;:&quot;available&quot;},{&quot;id&quot;:9223372036854773103,&quot;category&quot;:{&quot;id&quot;:0,&quot;name&quot;:&quot;string&quot;},&quot;name&quot;:&quot;fish&quot;,&quot;photoUrls&quot;:[&quot;string&quot;],&quot;tags&quot;:[{&quot;id&quot;:0,&quot;name&quot;:&quot;string&quot;}],&quot;status&quot;:&quot;available&quot;},{&quot;id&quot;:9223372036854773110,&quot;category&quot;:{&quot;id&quot;:0,&quot;name&quot;:&quot;string&quot;},&quot;name&quot;:&quot;doggie&quot;,&quot;photoUrls&quot;:[&quot;string&quot;],&quot;tags&quot;:[{&quot;id&quot;:0,&quot;name&quot;:&quot;string&quot;}],&quot;status&quot;:&quot;available&quot;},{&quot;id&quot;:322,&quot;category&quot;:{&quot;id&quot;:323},&quot;name&quot;:&quot;Flopa&quot;,&quot;photoUrls&quot;:[],&quot;tags&quot;:[],&quot;status&quot;:&quot;available&quot;},{&quot;id&quot;:9223372036854773116,&quot;category&quot;:{&quot;id&quot;:0,&quot;name&quot;:&quot;Жужа&quot;},&quot;name&quot;:&quot;doggie&quot;,&quot;photoUrls&quot;:[&quot;string&quot;],&quot;tags&quot;:[{&quot;id&quot;:0,&quot;name&quot;:&quot;string&quot;}],&quot;status&quot;:&quot;available&quot;},{&quot;id&quot;:9223372036854773125,&quot;category&quot;:{&quot;id&quot;:0,&quot;name&quot;:&quot;string&quot;},&quot;name&quot;:&quot;fish&quot;,&quot;photoUrls&quot;:[&quot;string&quot;],&quot;tags&quot;:[{&quot;id&quot;:0,&quot;name&quot;:&quot;string&quot;}],&quot;status&quot;:&quot;available&quot;},{&quot;id&quot;:9223372036854773127,&quot;category&quot;:{&quot;id&quot;:0,&quot;name&quot;:&quot;string&quot;},&quot;name&quot;:&quot;fish&quot;,&quot;photoUrls&quot;:[&quot;string&quot;],&quot;tags&quot;:[{&quot;id&quot;:0,&quot;name&quot;:&quot;string&quot;}],&quot;status&quot;:&quot;available&quot;},{&quot;id&quot;:9223372036854773128,&quot;category&quot;:{&quot;id&quot;:0,&quot;name&quot;:&quot;string&quot;},&quot;name&quot;:&quot;fish&quot;,&quot;photoUrls&quot;:[&quot;string&quot;],&quot;tags&quot;:[{&quot;id&quot;:0,&quot;name&quot;:&quot;string&quot;}],&quot;status&quot;:&quot;available&quot;},{&quot;id&quot;:9223372036854773129,&quot;category&quot;:{&quot;id&quot;:0,&quot;name&quot;:&quot;string&quot;},&quot;name&quot;:&quot;fish&quot;,&quot;photoUrls&quot;:[&quot;string&quot;],&quot;tags&quot;:[{&quot;id&quot;:0,&quot;name&quot;:&quot;string&quot;}],&quot;status&quot;:&quot;available&quot;},{&quot;id&quot;:9223372036854773130,&quot;category&quot;:{&quot;id&quot;:0,&quot;name&quot;:&quot;Вава&quot;},&quot;name&quot;:&quot;doggie&quot;,&quot;photoUrls&quot;:[&quot;string&quot;],&quot;tags&quot;:[{&quot;id&quot;:0,&quot;name&quot;:&quot;string&quot;}],&quot;status&quot;:&quot;available&quot;},{&quot;id&quot;:9223372036854773133,&quot;category&quot;:{&quot;id&quot;:0,&quot;name&quot;:&quot;cats&quot;},&quot;name&quot;:&quot;красивые большие глазки&quot;,&quot;photoUrls&quot;:[&quot;https://klike.net/uploads/posts/2019-06/medium/1561011173_8.jpg&quot;],&quot;tags&quot;:[{&quot;id&quot;:0,&quot;name&quot;:&quot;большие глазки&quot;}],&quot;status&quot;:&quot;available&quot;},{&quot;id&quot;:103,&quot;category&quot;:{&quot;id&quot;:1,&quot;name&quot;:&quot;dog&quot;},&quot;name&quot;:&quot;pokkirie&quot;,&quot;photoUrls&quot;:[&quot;string&quot;],&quot;tags&quot;:[{&quot;id&quot;:0,&quot;name&quot;:&quot;string&quot;}],&quot;status&quot;:&quot;available&quot;},{&quot;id&quot;:9223372036854773169,&quot;name&quot;:&quot;Jimmy&quot;,&quot;photoUrls&quot;:[&quot;string&quot;],&quot;tags&quot;:[],&quot;status&quot;:&quot;available&quot;},{&quot;id&quot;:9223372036854773170,&quot;category&quot;:{&quot;id&quot;:0,&quot;name&quot;:&quot;string&quot;},&quot;name&quot;:&quot;doggie&quot;,&quot;photoUrls&quot;:[&quot;string&quot;],&quot;tags&quot;:[{&quot;id&quot;:0,&quot;name&quot;:&quot;string&quot;}],&quot;status&quot;:&quot;available&quot;},{&quot;id&quot;:9223372036854773187,&quot;category&quot;:{&quot;id&quot;:0,&quot;name&quot;:&quot;string&quot;},&quot;name&quot;:&quot;fish&quot;,&quot;photoUrls&quot;:[&quot;string&quot;],&quot;tags&quot;:[{&quot;id&quot;:0,&quot;name&quot;:&quot;string&quot;}],&quot;status&quot;:&quot;available&quot;},{&quot;id&quot;:9223372036854773188,&quot;category&quot;:{&quot;id&quot;:0,&quot;name&quot;:&quot;string&quot;},&quot;name&quot;:&quot;fish&quot;,&quot;photoUrls&quot;:[&quot;string&quot;],&quot;tags&quot;:[{&quot;id&quot;:0,&quot;name&quot;:&quot;string&quot;}],&quot;status&quot;:&quot;available&quot;},{&quot;id&quot;:90,&quot;category&quot;:{&quot;id&quot;:0,&quot;name&quot;:&quot;string&quot;},&quot;name&quot;:&quot;\&quot;\&quot;&quot;,&quot;photoUrls&quot;:[&quot;string&quot;],&quot;tags&quot;:[{&quot;id&quot;:0,&quot;name&quot;:&quot;tagSwathi&quot;}],&quot;status&quot;:&quot;available&quot;},{&quot;id&quot;:9223372036854773198,&quot;category&quot;:{&quot;id&quot;:0,&quot;name&quot;:&quot;string&quot;},&quot;name&quot;:&quot;doggie&quot;,&quot;photoUrls&quot;:[&quot;string&quot;],&quot;tags&quot;:[{&quot;id&quot;:0,&quot;name&quot;:&quot;tagSwathi&quot;}],&quot;status&quot;:&quot;available&quot;},{&quot;id&quot;:9223372036854773204,&quot;category&quot;:{&quot;id&quot;:0,&quot;name&quot;:&quot;string&quot;},&quot;name&quot;:&quot;fish&quot;,&quot;photoUrls&quot;:[&quot;string&quot;],&quot;tags&quot;:[{&quot;id&quot;:0,&quot;name&quot;:&quot;string&quot;}],&quot;status&quot;:&quot;available&quot;},{&quot;id&quot;:55,&quot;category&quot;:{&quot;id&quot;:0,&quot;name&quot;:&quot;string&quot;},&quot;name&quot;:&quot;VssAdministrator&quot;,&quot;photoUrls&quot;:[&quot;string&quot;],&quot;tags&quot;:[{&quot;id&quot;:0,&quot;name&quot;:&quot;string&quot;}],&quot;status&quot;:&quot;available&quot;},{&quot;id&quot;:9223372036854773212,&quot;category&quot;:{&quot;id&quot;:0,&quot;name&quot;:&quot;string&quot;},&quot;name&quot;:&quot;doggie&quot;,&quot;photoUrls&quot;:[&quot;string&quot;],&quot;tags&quot;:[{&quot;id&quot;:0,&quot;name&quot;:&quot;tagSwathi&quot;}],&quot;status&quot;:&quot;available&quot;},{&quot;id&quot;:9223372036854773216,&quot;category&quot;:{&quot;id&quot;:0,&quot;name&quot;:&quot;string&quot;},&quot;name&quot;:&quot;fish&quot;,&quot;photoUrls&quot;:[&quot;string&quot;],&quot;tags&quot;:[{&quot;id&quot;:0,&quot;name&quot;:&quot;string&quot;}],&quot;status&quot;:&quot;available&quot;},{&quot;id&quot;:9223372036854773218,&quot;category&quot;:{&quot;id&quot;:0,&quot;name&quot;:&quot;string&quot;},&quot;name&quot;:&quot;doggie&quot;,&quot;photoUrls&quot;:[&quot;string&quot;],&quot;tags&quot;:[{&quot;id&quot;:0,&quot;name&quot;:&quot;tagSwathi&quot;}],&quot;status&quot;:&quot;available&quot;},{&quot;id&quot;:9223372036854773232,&quot;category&quot;:{&quot;id&quot;:0,&quot;name&quot;:&quot;string&quot;},&quot;name&quot;:&quot;doggie&quot;,&quot;photoUrls&quot;:[&quot;string&quot;],&quot;tags&quot;:[{&quot;id&quot;:0,&quot;name&quot;:&quot;tagSwathi&quot;}],&quot;status&quot;:&quot;available&quot;},{&quot;id&quot;:9223372036854773236,&quot;category&quot;:{&quot;id&quot;:0,&quot;name&quot;:&quot;string&quot;},&quot;name&quot;:&quot;doggie&quot;,&quot;photoUrls&quot;:[&quot;string&quot;],&quot;tags&quot;:[{&quot;id&quot;:0,&quot;name&quot;:&quot;string&quot;}],&quot;status&quot;:&quot;available&quot;},{&quot;id&quot;:9223372036854773250,&quot;category&quot;:{&quot;id&quot;:0,&quot;name&quot;:&quot;string&quot;},&quot;name&quot;:&quot;doggie&quot;,&quot;photoUrls&quot;:[&quot;string&quot;],&quot;tags&quot;:[{&quot;id&quot;:0,&quot;name&quot;:&quot;string&quot;}],&quot;status&quot;:&quot;available&quot;},{&quot;id&quot;:9223372036854773251,&quot;category&quot;:{&quot;id&quot;:0,&quot;name&quot;:&quot;string&quot;},&quot;name&quot;:&quot;doggie&quot;,&quot;photoUrls&quot;:[&quot;string&quot;],&quot;tags&quot;:[{&quot;id&quot;:0,&quot;name&quot;:&quot;string&quot;}],&quot;status&quot;:&quot;available&quot;},{&quot;id&quot;:9223372036854773252,&quot;category&quot;:{&quot;id&quot;:0,&quot;name&quot;:&quot;string&quot;},&quot;name&quot;:&quot;fish&quot;,&quot;photoUrls&quot;:[&quot;string&quot;],&quot;tags&quot;:[{&quot;id&quot;:0,&quot;name&quot;:&quot;string&quot;}],&quot;status&quot;:&quot;available&quot;},{&quot;id&quot;:9223372036854773254,&quot;category&quot;:{&quot;id&quot;:0,&quot;name&quot;:&quot;string&quot;},&quot;name&quot;:&quot;fish&quot;,&quot;photoUrls&quot;:[&quot;string&quot;],&quot;tags&quot;:[{&quot;id&quot;:0,&quot;name&quot;:&quot;string&quot;}],&quot;status&quot;:&quot;available&quot;},{&quot;id&quot;:9223372036854773263,&quot;category&quot;:{&quot;id&quot;:0,&quot;name&quot;:&quot;string&quot;},&quot;name&quot;:&quot;fish&quot;,&quot;photoUrls&quot;:[&quot;string&quot;],&quot;tags&quot;:[{&quot;id&quot;:0,&quot;name&quot;:&quot;string&quot;}],&quot;status&quot;:&quot;available&quot;},{&quot;id&quot;:9223372036854773264,&quot;category&quot;:{&quot;id&quot;:0,&quot;name&quot;:&quot;string&quot;},&quot;name&quot;:&quot;fish&quot;,&quot;photoUrls&quot;:[&quot;string&quot;],&quot;tags&quot;:[{&quot;id&quot;:0,&quot;name&quot;:&quot;string&quot;}],&quot;status&quot;:&quot;available&quot;},{&quot;id&quot;:9223372036854773265,&quot;category&quot;:{&quot;id&quot;:0,&quot;name&quot;:&quot;string&quot;},&quot;name&quot;:&quot;doggie&quot;,&quot;photoUrls&quot;:[&quot;string&quot;],&quot;tags&quot;:[{&quot;id&quot;:0,&quot;name&quot;:&quot;string&quot;}],&quot;status&quot;:&quot;available&quot;},{&quot;id&quot;:9223372036854773266,&quot;category&quot;:{&quot;id&quot;:0,&quot;name&quot;:&quot;string&quot;},&quot;name&quot;:&quot;doggie&quot;,&quot;photoUrls&quot;:[&quot;string&quot;],&quot;tags&quot;:[{&quot;id&quot;:0,&quot;name&quot;:&quot;string&quot;}],&quot;status&quot;:&quot;available&quot;},{&quot;id&quot;:9223372036854773267,&quot;category&quot;:{&quot;id&quot;:0,&quot;name&quot;:&quot;string&quot;},&quot;name&quot;:&quot;doggie&quot;,&quot;photoUrls&quot;:[&quot;string&quot;],&quot;tags&quot;:[{&quot;id&quot;:0,&quot;name&quot;:&quot;string&quot;}],&quot;status&quot;:&quot;available&quot;},{&quot;id&quot;:9223372036854773268,&quot;category&quot;:{&quot;id&quot;:0,&quot;name&quot;:&quot;string&quot;},&quot;name&quot;:&quot;doggie&quot;,&quot;photoUrls&quot;:[&quot;string&quot;],&quot;tags&quot;:[{&quot;id&quot;:0,&quot;name&quot;:&quot;string&quot;}],&quot;status&quot;:&quot;available&quot;},{&quot;id&quot;:9223372036854773269,&quot;category&quot;:{&quot;id&quot;:0,&quot;name&quot;:&quot;string&quot;},&quot;name&quot;:&quot;doggie&quot;,&quot;photoUrls&quot;:[&quot;string&quot;],&quot;tags&quot;:[{&quot;id&quot;:0,&quot;name&quot;:&quot;string&quot;}],&quot;status&quot;:&quot;available&quot;},{&quot;id&quot;:9223372036854773270,&quot;category&quot;:{&quot;id&quot;:0,&quot;name&quot;:&quot;string&quot;},&quot;name&quot;:&quot;doggie&quot;,&quot;photoUrls&quot;:[&quot;string&quot;],&quot;tags&quot;:[{&quot;id&quot;:0,&quot;name&quot;:&quot;string&quot;}],&quot;status&quot;:&quot;available&quot;},{&quot;id&quot;:9223372036854773273,&quot;category&quot;:{&quot;id&quot;:0,&quot;name&quot;:&quot;string&quot;},&quot;name&quot;:&quot;doggie&quot;,&quot;photoUrls&quot;:[&quot;string&quot;],&quot;tags&quot;:[{&quot;id&quot;:0,&quot;name&quot;:&quot;string&quot;}],&quot;status&quot;:&quot;available&quot;},{&quot;id&quot;:9223372036854773274,&quot;category&quot;:{&quot;id&quot;:0,&quot;name&quot;:&quot;string&quot;},&quot;name&quot;:&quot;doggie&quot;,&quot;photoUrls&quot;:[&quot;string&quot;],&quot;tags&quot;:[{&quot;id&quot;:0,&quot;name&quot;:&quot;string&quot;}],&quot;status&quot;:&quot;available&quot;},{&quot;id&quot;:9223372036854773276,&quot;category&quot;:{&quot;id&quot;:0,&quot;name&quot;:&quot;string&quot;},&quot;name&quot;:&quot;doggie&quot;,&quot;photoUrls&quot;:[&quot;string&quot;],&quot;tags&quot;:[{&quot;id&quot;:0,&quot;name&quot;:&quot;string&quot;}],&quot;status&quot;:&quot;available&quot;},{&quot;id&quot;:9223372036854773278,&quot;category&quot;:{&quot;id&quot;:0,&quot;name&quot;:&quot;string&quot;},&quot;name&quot;:&quot;doggie&quot;,&quot;photoUrls&quot;:[&quot;string&quot;],&quot;tags&quot;:[{&quot;id&quot;:0,&quot;name&quot;:&quot;string&quot;}],&quot;status&quot;:&quot;available&quot;},{&quot;id&quot;:9223372036854773283,&quot;category&quot;:{&quot;id&quot;:0,&quot;name&quot;:&quot;string&quot;},&quot;name&quot;:&quot;doggie&quot;,&quot;photoUrls&quot;:[&quot;string&quot;],&quot;tags&quot;:[{&quot;id&quot;:0,&quot;name&quot;:&quot;string&quot;}],&quot;status&quot;:&quot;available&quot;},{&quot;id&quot;:12345,&quot;category&quot;:{&quot;id&quot;:0,&quot;name&quot;:&quot;cats&quot;},&quot;name&quot;:&quot;красивые большие глазки&quot;,&quot;photoUrls&quot;:[&quot;https://klike.net/uploads/posts/2019-06/medium/1561011173_8.jpg&quot;],&quot;tags&quot;:[{&quot;id&quot;:0,&quot;name&quot;:&quot;большие глазки&quot;}],&quot;status&quot;:&quot;available&quot;},{&quot;id&quot;:1816,&quot;category&quot;:{&quot;id&quot;:1804,&quot;name&quot;:&quot;dog&quot;},&quot;name&quot;:&quot;rex&quot;,&quot;photoUrls&quot;:[&quot;string&quot;],&quot;tags&quot;:[{&quot;id&quot;:1804,&quot;name&quot;:&quot;sheperd&quot;}],&quot;status&quot;:&quot;available&quot;},{&quot;id&quot;:9223372036854773285,&quot;category&quot;:{&quot;id&quot;:0,&quot;name&quot;:&quot;puppy&quot;},&quot;name&quot;:&quot;doggie&quot;,&quot;photoUrls&quot;:[&quot;string&quot;],&quot;tags&quot;:[{&quot;id&quot;:0,&quot;name&quot;:&quot;Charlie&quot;}],&quot;status&quot;:&quot;available&quot;},{&quot;id&quot;:9223372036854773286,&quot;category&quot;:{&quot;id&quot;:0,&quot;name&quot;:&quot;string&quot;},&quot;name&quot;:&quot;fish&quot;,&quot;photoUrls&quot;:[&quot;string&quot;],&quot;tags&quot;:[{&quot;id&quot;:0,&quot;name&quot;:&quot;string&quot;}],&quot;status&quot;:&quot;available&quot;},{&quot;id&quot;:9223372036854773287,&quot;name&quot;:&quot;siyaan&quot;,&quot;photoUrls&quot;:[],&quot;tags&quot;:[],&quot;status&quot;:&quot;available&quot;},{&quot;id&quot;:9223372036854773288,&quot;category&quot;:{&quot;id&quot;:0,&quot;name&quot;:&quot;string&quot;},&quot;name&quot;:&quot;doggie&quot;,&quot;photoUrls&quot;:[&quot;string&quot;],&quot;tags&quot;:[{&quot;id&quot;:0,&quot;name&quot;:&quot;string&quot;}],&quot;status&quot;:&quot;available&quot;},{&quot;id&quot;:9223372036854773289,&quot;category&quot;:{&quot;id&quot;:0,&quot;name&quot;:&quot;string&quot;},&quot;name&quot;:&quot;doggie&quot;,&quot;photoUrls&quot;:[&quot;string&quot;],&quot;tags&quot;:[{&quot;id&quot;:0,&quot;name&quot;:&quot;string&quot;}],&quot;status&quot;:&quot;available&quot;},{&quot;id&quot;:9223372036854773290,&quot;category&quot;:{&quot;id&quot;:0,&quot;name&quot;:&quot;string&quot;},&quot;name&quot;:&quot;fish&quot;,&quot;photoUrls&quot;:[&quot;string&quot;],&quot;tags&quot;:[{&quot;id&quot;:0,&quot;name&quot;:&quot;string&quot;}],&quot;status&quot;:&quot;available&quot;},{&quot;id&quot;:9223372036854773291,&quot;category&quot;:{&quot;id&quot;:0,&quot;name&quot;:&quot;string&quot;},&quot;name&quot;:&quot;doggie&quot;,&quot;photoUrls&quot;:[&quot;string&quot;],&quot;tags&quot;:[{&quot;id&quot;:0,&quot;name&quot;:&quot;string&quot;}],&quot;status&quot;:&quot;available&quot;},{&quot;id&quot;:9223372036854773292,&quot;category&quot;:{&quot;id&quot;:0,&quot;name&quot;:&quot;string&quot;},&quot;name&quot;:&quot;doggie&quot;,&quot;photoUrls&quot;:[&quot;string&quot;],&quot;tags&quot;:[{&quot;id&quot;:0,&quot;name&quot;:&quot;string&quot;}],&quot;status&quot;:&quot;available&quot;},{&quot;id&quot;:9223372036854773294,&quot;category&quot;:{&quot;id&quot;:0,&quot;name&quot;:&quot;string&quot;},&quot;name&quot;:&quot;fish&quot;,&quot;photoUrls&quot;:[&quot;string&quot;],&quot;tags&quot;:[{&quot;id&quot;:0,&quot;name&quot;:&quot;string&quot;}],&quot;status&quot;:&quot;available&quot;},{&quot;id&quot;:9223372036854773295,&quot;category&quot;:{&quot;id&quot;:0,&quot;name&quot;:&quot;string&quot;},&quot;name&quot;:&quot;fish&quot;,&quot;photoUrls&quot;:[&quot;string&quot;],&quot;tags&quot;:[{&quot;id&quot;:0,&quot;name&quot;:&quot;string&quot;}],&quot;status&quot;:&quot;available&quot;},{&quot;id&quot;:9223372036854773298,&quot;category&quot;:{&quot;id&quot;:0,&quot;name&quot;:&quot;string&quot;},&quot;name&quot;:&quot;doggie&quot;,&quot;photoUrls&quot;:[&quot;string&quot;],&quot;tags&quot;:[{&quot;id&quot;:0,&quot;name&quot;:&quot;string&quot;}],&quot;status&quot;:&quot;available&quot;},{&quot;id&quot;:98798404,&quot;category&quot;:{&quot;id&quot;:67482512,&quot;name&quot;:&quot;eiusmod Excepteur cillum&quot;},&quot;name&quot;:&quot;doggie&quot;,&quot;photoUrls&quot;:[&quot;consequat magna deserunt cupidatat&quot;,&quot;ullamco sunt amet ea conse&quot;],&quot;tags&quot;:[{&quot;id&quot;:38658984,&quot;name&quot;:&quot;consequat tempor&quot;},{&quot;id&quot;:-69811051,&quot;name&quot;:&quot;eu cillum do nisi sit&quot;}],&quot;status&quot;:&quot;available&quot;},{&quot;id&quot;:9223372036854773299,&quot;category&quot;:{&quot;id&quot;:0,&quot;name&quot;:&quot;string&quot;},&quot;name&quot;:&quot;doggie&quot;,&quot;photoUrls&quot;:[&quot;string&quot;],&quot;tags&quot;:[{&quot;id&quot;:0,&quot;name&quot;:&quot;string&quot;}],&quot;status&quot;:&quot;available&quot;},{&quot;id&quot;:9223372036854773303,&quot;category&quot;:{&quot;id&quot;:0,&quot;name&quot;:&quot;string&quot;},&quot;name&quot;:&quot;doggie&quot;,&quot;photoUrls&quot;:[&quot;string&quot;],&quot;tags&quot;:[{&quot;id&quot;:0,&quot;name&quot;:&quot;string&quot;}],&quot;status&quot;:&quot;available&quot;},{&quot;id&quot;:645,&quot;category&quot;:{&quot;id&quot;:1,&quot;name&quot;:&quot;dog&quot;},&quot;name&quot;:&quot;Wow&quot;,&quot;photoUrls&quot;:[],&quot;tags&quot;:[{&quot;id&quot;:1,&quot;name&quot;:&quot;Dog&quot;}],&quot;status&quot;:&quot;available&quot;},{&quot;id&quot;:9223372036854773320,&quot;category&quot;:{&quot;id&quot;:1,&quot;name&quot;:&quot;homie&quot;},&quot;name&quot;:&quot;Alice322&quot;,&quot;photoUrls&quot;:[&quot;string&quot;],&quot;tags&quot;:[{&quot;id&quot;:1,&quot;name&quot;:&quot;rabbit&quot;}],&quot;status&quot;:&quot;available&quot;},{&quot;id&quot;:9223372036854773332,&quot;category&quot;:{&quot;id&quot;:0,&quot;name&quot;:&quot;string&quot;},&quot;name&quot;:&quot;doggie&quot;,&quot;photoUrls&quot;:[&quot;string&quot;],&quot;tags&quot;:[{&quot;id&quot;:0,&quot;name&quot;:&quot;string&quot;}],&quot;status&quot;:&quot;available&quot;},{&quot;id&quot;:9223372036854773333,&quot;category&quot;:{&quot;id&quot;:0,&quot;name&quot;:&quot;string&quot;},&quot;name&quot;:&quot;doggie&quot;,&quot;photoUrls&quot;:[&quot;string&quot;],&quot;tags&quot;:[{&quot;id&quot;:0,&quot;name&quot;:&quot;string&quot;}],&quot;status&quot;:&quot;available&quot;},{&quot;id&quot;:9223372036854773334,&quot;category&quot;:{&quot;id&quot;:0,&quot;name&quot;:&quot;string&quot;},&quot;name&quot;:&quot;Blue&quot;,&quot;photoUrls&quot;:[&quot;string&quot;],&quot;tags&quot;:[{&quot;id&quot;:0,&quot;name&quot;:&quot;string&quot;}],&quot;status&quot;:&quot;available&quot;},{&quot;id&quot;:9223372036854773335,&quot;category&quot;:{&quot;id&quot;:0,&quot;name&quot;:&quot;string&quot;},&quot;name&quot;:&quot;doggie&quot;,&quot;photoUrls&quot;:[&quot;string&quot;],&quot;tags&quot;:[{&quot;id&quot;:0,&quot;name&quot;:&quot;string&quot;}],&quot;status&quot;:&quot;available&quot;},{&quot;id&quot;:9223372036854773337,&quot;category&quot;:{&quot;id&quot;:0,&quot;name&quot;:&quot;Вава&quot;},&quot;name&quot;:&quot;doggie&quot;,&quot;photoUrls&quot;:[&quot;string&quot;],&quot;tags&quot;:[{&quot;id&quot;:0,&quot;name&quot;:&quot;string&quot;}],&quot;status&quot;:&quot;available&quot;},{&quot;id&quot;:9223372036854773338,&quot;category&quot;:{&quot;id&quot;:0,&quot;name&quot;:&quot;string&quot;},&quot;name&quot;:&quot;fish&quot;,&quot;photoUrls&quot;:[&quot;string&quot;],&quot;tags&quot;:[{&quot;id&quot;:0,&quot;name&quot;:&quot;string&quot;}],&quot;status&quot;:&quot;available&quot;},{&quot;id&quot;:9223372036854773339,&quot;category&quot;:{&quot;id&quot;:0,&quot;name&quot;:&quot;string&quot;},&quot;name&quot;:&quot;doggie&quot;,&quot;photoUrls&quot;:[&quot;string&quot;],&quot;tags&quot;:[{&quot;id&quot;:0,&quot;name&quot;:&quot;string&quot;}],&quot;status&quot;:&quot;available&quot;},{&quot;id&quot;:9223372036854773340,&quot;category&quot;:{&quot;id&quot;:0,&quot;name&quot;:&quot;string&quot;},&quot;name&quot;:&quot;doggie&quot;,&quot;photoUrls&quot;:[&quot;string&quot;],&quot;tags&quot;:[{&quot;id&quot;:0,&quot;name&quot;:&quot;string&quot;}],&quot;status&quot;:&quot;available&quot;},{&quot;id&quot;:19,&quot;category&quot;:{&quot;id&quot;:0,&quot;name&quot;:&quot;string&quot;},&quot;name&quot;:&quot;doggie&quot;,&quot;photoUrls&quot;:[&quot;string&quot;],&quot;tags&quot;:[{&quot;id&quot;:0,&quot;name&quot;:&quot;string&quot;}],&quot;status&quot;:&quot;available&quot;},{&quot;id&quot;:9223372036854773345,&quot;category&quot;:{&quot;id&quot;:0,&quot;name&quot;:&quot;string&quot;},&quot;name&quot;:&quot;fish&quot;,&quot;photoUrls&quot;:[&quot;string&quot;],&quot;tags&quot;:[{&quot;id&quot;:0,&quot;name&quot;:&quot;string&quot;}],&quot;status&quot;:&quot;available&quot;},{&quot;id&quot;:12,&quot;category&quot;:{&quot;id&quot;:1,&quot;name&quot;:&quot;string&quot;},&quot;name&quot;:&quot;doggie&quot;,&quot;photoUrls&quot;:[&quot;string&quot;],&quot;tags&quot;:[{&quot;id&quot;:1,&quot;name&quot;:&quot;string&quot;}],&quot;status&quot;:&quot;available&quot;},{&quot;id&quot;:9223372036854773348,&quot;category&quot;:{&quot;id&quot;:0,&quot;name&quot;:&quot;string&quot;},&quot;name&quot;:&quot;doggie&quot;,&quot;photoUrls&quot;:[&quot;string&quot;],&quot;tags&quot;:[{&quot;id&quot;:0,&quot;name&quot;:&quot;string&quot;}],&quot;status&quot;:&quot;available&quot;},{&quot;id&quot;:9223372036854773351,&quot;category&quot;:{&quot;id&quot;:0,&quot;name&quot;:&quot;Вава&quot;},&quot;name&quot;:&quot;doggie&quot;,&quot;photoUrls&quot;:[&quot;string&quot;],&quot;tags&quot;:[{&quot;id&quot;:0,&quot;name&quot;:&quot;string&quot;}],&quot;status&quot;:&quot;available&quot;},{&quot;id&quot;:9223372036854773352,&quot;category&quot;:{&quot;id&quot;:0,&quot;name&quot;:&quot;string&quot;},&quot;name&quot;:&quot;doggie&quot;,&quot;photoUrls&quot;:[&quot;string&quot;],&quot;tags&quot;:[{&quot;id&quot;:0,&quot;name&quot;:&quot;string&quot;}],&quot;status&quot;:&quot;available&quot;},{&quot;id&quot;:9223372036854773353,&quot;category&quot;:{&quot;id&quot;:0,&quot;name&quot;:&quot;string&quot;},&quot;name&quot;:&quot;fish&quot;,&quot;photoUrls&quot;:[&quot;string&quot;],&quot;tags&quot;:[{&quot;id&quot;:0,&quot;name&quot;:&quot;string&quot;}],&quot;status&quot;:&quot;available&quot;},{&quot;id&quot;:9223372036854773363,&quot;category&quot;:{&quot;id&quot;:0,&quot;name&quot;:&quot;Вава&quot;},&quot;name&quot;:&quot;doggie&quot;,&quot;photoUrls&quot;:[&quot;string&quot;],&quot;tags&quot;:[{&quot;id&quot;:0,&quot;name&quot;:&quot;string&quot;}],&quot;status&quot;:&quot;available&quot;},{&quot;id&quot;:9223372036854773367,&quot;category&quot;:{&quot;id&quot;:0,&quot;name&quot;:&quot;string&quot;},&quot;name&quot;:&quot;doggie&quot;,&quot;photoUrls&quot;:[&quot;string&quot;],&quot;tags&quot;:[{&quot;id&quot;:0,&quot;name&quot;:&quot;string&quot;}],&quot;status&quot;:&quot;available&quot;},{&quot;id&quot;:9223372036854773368,&quot;category&quot;:{&quot;id&quot;:0,&quot;name&quot;:&quot;string&quot;},&quot;name&quot;:&quot;doggie&quot;,&quot;photoUrls&quot;:[&quot;string&quot;],&quot;tags&quot;:[{&quot;id&quot;:0,&quot;name&quot;:&quot;string&quot;}],&quot;status&quot;:&quot;available&quot;},{&quot;id&quot;:83402955,&quot;category&quot;:{&quot;id&quot;:-47552382,&quot;name&quot;:&quot;non commodo in&quot;},&quot;name&quot;:&quot;doggie&quot;,&quot;photoUrls&quot;:[&quot;est&quot;,&quot;aliqua culpa reprehenderit labore&quot;],&quot;tags&quot;:[{&quot;id&quot;:-12365530,&quot;name&quot;:&quot;ea&quot;},{&quot;id&quot;:4697299,&quot;name&quot;:&quot;deserunt&quot;}],&quot;status&quot;:&quot;available&quot;},{&quot;id&quot;:9223372036854773369,&quot;category&quot;:{&quot;id&quot;:0,&quot;name&quot;:&quot;string&quot;},&quot;name&quot;:&quot;test&quot;,&quot;photoUrls&quot;:[&quot;string&quot;],&quot;tags&quot;:[{&quot;id&quot;:0,&quot;name&quot;:&quot;string&quot;}],&quot;status&quot;:&quot;available&quot;},{&quot;id&quot;:9223372036854773370,&quot;category&quot;:{&quot;id&quot;:0,&quot;name&quot;:&quot;string&quot;},&quot;name&quot;:&quot;test&quot;,&quot;photoUrls&quot;:[&quot;string&quot;],&quot;tags&quot;:[{&quot;id&quot;:0,&quot;name&quot;:&quot;string&quot;}],&quot;status&quot;:&quot;available&quot;},{&quot;id&quot;:9223372036854773371,&quot;category&quot;:{&quot;id&quot;:0,&quot;name&quot;:&quot;string&quot;},&quot;name&quot;:&quot;test&quot;,&quot;photoUrls&quot;:[&quot;string&quot;],&quot;tags&quot;:[{&quot;id&quot;:0,&quot;name&quot;:&quot;string&quot;}],&quot;status&quot;:&quot;available&quot;},{&quot;id&quot;:9223372036854773372,&quot;category&quot;:{&quot;id&quot;:0,&quot;name&quot;:&quot;string&quot;},&quot;name&quot;:&quot;test&quot;,&quot;photoUrls&quot;:[&quot;string&quot;],&quot;tags&quot;:[{&quot;id&quot;:0,&quot;name&quot;:&quot;string&quot;}],&quot;status&quot;:&quot;available&quot;},{&quot;id&quot;:17751411,&quot;category&quot;:{&quot;id&quot;:95379400,&quot;name&quot;:&quot;esse iru&quot;},&quot;name&quot;:&quot;doggie&quot;,&quot;photoUrls&quot;:[&quot;in cupidatat nulla&quot;,&quot;est laborum ut&quot;],&quot;tags&quot;:[{&quot;id&quot;:57974765,&quot;name&quot;:&quot;incididunt ea sit&quot;},{&quot;id&quot;:-82122710,&quot;name&quot;:&quot;dolor sint in ea&quot;}],&quot;status&quot;:&quot;available&quot;},{&quot;id&quot;:9223372036854773375,&quot;category&quot;:{&quot;id&quot;:0,&quot;name&quot;:&quot;string&quot;},&quot;name&quot;:&quot;fish&quot;,&quot;photoUrls&quot;:[&quot;string&quot;],&quot;tags&quot;:[{&quot;id&quot;:0,&quot;name&quot;:&quot;string&quot;}],&quot;status&quot;:&quot;available&quot;},{&quot;id&quot;:9223372036854773377,&quot;category&quot;:{&quot;id&quot;:0,&quot;name&quot;:&quot;string&quot;},&quot;name&quot;:&quot;doggie&quot;,&quot;photoUrls&quot;:[&quot;string&quot;],&quot;tags&quot;:[{&quot;id&quot;:0,&quot;name&quot;:&quot;string&quot;}],&quot;status&quot;:&quot;available&quot;},{&quot;id&quot;:9223372036854773379,&quot;category&quot;:{&quot;id&quot;:0,&quot;name&quot;:&quot;Вава&quot;},&quot;name&quot;:&quot;doggie&quot;,&quot;photoUrls&quot;:[&quot;string&quot;],&quot;tags&quot;:[{&quot;id&quot;:0,&quot;name&quot;:&quot;string&quot;}],&quot;status&quot;:&quot;available&quot;},{&quot;id&quot;:1,&quot;category&quot;:{&quot;id&quot;:1,&quot;name&quot;:&quot;string&quot;},&quot;name&quot;:&quot;doggie&quot;,&quot;photoUrls&quot;:[&quot;string&quot;],&quot;tags&quot;:[{&quot;id&quot;:1,&quot;name&quot;:&quot;string&quot;}],&quot;status&quot;:&quot;available&quot;},{&quot;id&quot;:9223372036854773382,&quot;category&quot;:{&quot;id&quot;:0,&quot;name&quot;:&quot;Вава&quot;},&quot;name&quot;:&quot;doggie&quot;,&quot;photoUrls&quot;:[&quot;string&quot;],&quot;tags&quot;:[{&quot;id&quot;:0,&quot;name&quot;:&quot;string&quot;}],&quot;status&quot;:&quot;available&quot;}]&#10;classpath:examples/users/pets.feature:19&#10;js failed:&#10;&gt;&gt;&gt;&gt;&#10;01: https://petstore.swagger.io/v2/pet/1&#10;&lt;&lt;&lt;&lt;&#10;org.graalvm.polyglot.PolyglotException: SyntaxError: Unnamed:1:36 Expected ; but found eof&#10;https://petstore.swagger.io/v2/pet/1&#10;                                    ^&#10;&#10;- org.graalvm.polyglot.Context.eval(Context.java:425)&#10;- com.intuit.karate.graal.JsEngine.evalForValue(JsEngine.java:139)&#10;- com.intuit.karate.graal.JsEngine.eval(JsEngine.java:135)&#10;- com.intuit.karate.core.ScenarioEngine.evalJs(ScenarioEngine.java:1190)&#10;- com.intuit.karate.core.ScenarioEngine.evalKarateExpression(ScenarioEngine.java:2143)&#10;- com.intuit.karate.core.ScenarioEngine.evalKarateExpression(ScenarioEngine.java:2062)&#10;- com.intuit.karate.core.ScenarioEngine.url(ScenarioEngine.java:371)&#10;&#10;classpath:examples/users/pets.feature:22 ==&gt; expected: &lt;0&gt; but was: &lt;2&gt;" type="org.opentest4j.AssertionFailedError"><![CDATA[org.opentest4j.AssertionFailedError: 
status code was: 200, expected: 400, response time in milliseconds: 1762, url: https://petstore.swagger.io/v2/pet/findByStatus?status=available, response: 
[{"id":9223372036854772447,"category":{"id":1,"name":"123"},"name":"Bobik","photoUrls":["string"],"tags":[{"id":1,"name":"234"},{"id":1,"name":"456"}],"status":"available"},{"id":9223372036854772449,"category":{"id":0,"name":"string"},"name":"doggie","photoUrls":["string"],"tags":[{"id":0,"name":"string"}],"status":"available"},{"id":9223372036854772455,"category":{"id":0,"name":"string"},"name":"fish","photoUrls":["string"],"tags":[{"id":0,"name":"string"}],"status":"available"},{"id":9223372036854772456,"category":{"id":0,"name":"string"},"name":"fish","photoUrls":["string"],"tags":[{"id":0,"name":"string"}],"status":"available"},{"id":9223372036854772461,"category":{"id":0,"name":"string"},"name":"doggie","photoUrls":["string"],"tags":[{"id":0,"name":"string"}],"status":"available"},{"id":9223372036854772464,"category":{"id":1,"name":"123"},"name":"Bobik","photoUrls":["string"],"tags":[{"id":1,"name":"234"},{"id":1,"name":"456"}],"status":"available"},{"id":9223372036854772466,"category":{"id":0,"name":"string"},"name":"fish","photoUrls":["string"],"tags":[{"id":0,"name":"string"}],"status":"available"},{"id":9223372036854772467,"category":{"id":0,"name":"string"},"name":"fish","photoUrls":["string"],"tags":[{"id":0,"name":"string"}],"status":"available"},{"id":222,"name":"tex","photoUrls":[],"tags":[{"id":21,"name":"tex"}],"status":"available"},{"id":9223372036854772472,"category":{"id":-40550398,"name":"fish"},"name":"nemo","photoUrls":["ut incididunt Duis Ut quis","esse dolor aute"],"tags":[{"id":87374033,"name":"laborum anim commodo"},{"id":20541211,"name":"enim deserunt"}],"status":"available"},{"id":9223372036854772475,"name":"Jimmy","photoUrls":["string"],"tags":[],"status":"available"},{"id":49087884,"category":{"id":-50629969,"name":"Excepteur elit"},"name":"doggie","photoUrls":["sed velit","ullamco dolore minim voluptate"],"tags":[{"id":-56971972,"name":"ipsum id mollit"},{"id":-27456905,"name":"aliquip velit amet ex"}],"status":"available"},{"id":9223372036854772487,"category":{"id":0,"name":"string"},"name":"fish","photoUrls":["string"],"tags":[{"id":0,"name":"string"}],"status":"available"},{"id":9223372036854772488,"category":{"id":0,"name":"string"},"name":"fish","photoUrls":["string"],"tags":[{"id":0,"name":"string"}],"status":"available"},{"id":9223372036854772489,"category":{"id":0,"name":"string"},"name":"fish","photoUrls":["string"],"tags":[{"id":0,"name":"string"}],"status":"available"},{"id":9223372036854772490,"category":{"id":0,"name":"string"},"name":"fish","photoUrls":["string"],"tags":[{"id":0,"name":"string"}],"status":"available"},{"id":9223372036854772491,"category":{"id":0,"name":"string"},"name":"doggie","photoUrls":["string"],"tags":[{"id":0,"name":"string"}],"status":"available"},{"id":9223372036854772494,"category":{"id":1,"name":"Cat"},"name":"Bruno","photoUrls":["https://upload.wikimedia.org/wikipedia/commons/0/0e/Felis_silvestris_silvestris.jpg"],"tags":[{"id":1,"name":"Felis silvestris"}],"status":"available"},{"id":9223372036854772509,"category":{"id":0,"name":"string"},"name":"doggie","photoUrls":["string"],"tags":[{"id":0,"name":"string"}],"status":"available"},{"id":9223372036854772516,"category":{"id":0,"name":"string"},"name":"doggie","photoUrls":["string"],"tags":[{"id":0,"name":"string"}],"status":"available"},{"id":9223372036854772524,"category":{"id":0,"name":"string"},"name":"Blue","photoUrls":["string"],"tags":[{"id":0,"name":"string"}],"status":"available"},{"id":9223372036854772535,"category":{"id":1,"name":"123"},"name":"Bobik","photoUrls":["string"],"tags":[{"id":1,"name":"234"},{"id":1,"name":"456"}],"status":"available"},{"id":9223372036854772547,"category":{"id":0,"name":"string"},"name":"fish","photoUrls":["string"],"tags":[{"id":0,"name":"string"}],"status":"available"},{"id":9223372036854772548,"category":{"id":0,"name":"string"},"name":"fish","photoUrls":["string"],"tags":[{"id":0,"name":"string"}],"status":"available"},{"id":9223372036854772552,"category":{"id":0,"name":"string"},"name":"doggie","photoUrls":["string"],"tags":[{"id":0,"name":"string"}],"status":"available"},{"id":9223372036854772553,"category":{"id":0,"name":"string"},"name":"fish","photoUrls":["string"],"tags":[{"id":0,"name":"string"}],"status":"available"},{"id":23456789,"category":{"id":0,"name":"string"},"name":"doggie","photoUrls":["string"],"tags":[{"id":0,"name":"string"}],"status":"available"},{"id":9223372036854772560,"category":{"id":0,"name":"string"},"name":"fish","photoUrls":["string"],"tags":[{"id":0,"name":"string"}],"status":"available"},{"id":9223372036854772567,"category":{"id":0,"name":"string"},"name":"doggie","photoUrls":["string"],"tags":[{"id":0,"name":"string"}],"status":"available"},{"id":9223372036854772568,"name":"doggie","photoUrls":[],"tags":[],"status":"available"},{"id":9223372036854772569,"name":"doggie","photoUrls":[],"tags":[],"status":"available"},{"id":9223372036854772571,"name":"doggie","photoUrls":[],"tags":[],"status":"available"},{"id":9223372036854772574,"name":"petname","photoUrls":[],"tags":[],"status":"available"},{"id":9223372036854772577,"name":"doggie","photoUrls":[],"tags":[],"status":"available"},{"id":9223372036854772578,"name":"doggie3","photoUrls":[],"tags":[],"status":"available"},{"id":9223372036854772579,"name":"doggie","photoUrls":[],"tags":[],"status":"available"},{"id":9223372036854772580,"name":"doggie2","photoUrls":[],"tags":[],"status":"available"},{"id":9223372036854772581,"name":"doggie3","photoUrls":[],"tags":[],"status":"available"},{"id":9223372036854772582,"name":"doggie","photoUrls":[],"tags":[],"status":"available"},{"id":9223372036854772583,"name":"doggie","photoUrls":[],"tags":[],"status":"available"},{"id":9223372036854772584,"name":"doggie","photoUrls":[],"tags":[],"status":"available"},{"id":9223372036854772585,"name":"doggie2","photoUrls":[],"tags":[],"status":"available"},{"id":9223372036854772586,"name":"doggie3","photoUrls":[],"tags":[],"status":"available"},{"id":9223372036854772587,"name":"doggie","photoUrls":[],"tags":[],"status":"available"},{"id":9223372036854772588,"name":"doggie2","photoUrls":[],"tags":[],"status":"available"},{"id":9223372036854772589,"name":"doggie3","photoUrls":[],"tags":[],"status":"available"},{"id":9223372036854772590,"name":"doggie","photoUrls":[],"tags":[],"status":"available"},{"id":9223372036854772591,"name":"doggie2","photoUrls":[],"tags":[],"status":"available"},{"id":9223372036854772592,"name":"doggie3","photoUrls":[],"tags":[],"status":"available"},{"id":9223372036854772594,"name":"doggie","photoUrls":[],"tags":[],"status":"available"},{"id":9223372036854772596,"name":"doggie2","photoUrls":[],"tags":[],"status":"available"},{"id":9223372036854772597,"name":"doggie3","photoUrls":[],"tags":[],"status":"available"},{"id":9223372036854772598,"name":"doggie","photoUrls":[],"tags":[],"status":"available"},{"id":9223372036854772599,"name":"doggie2","photoUrls":[],"tags":[],"status":"available"},{"id":9223372036854772600,"name":"doggie3","photoUrls":[],"tags":[],"status":"available"},{"id":9223372036854772601,"name":"doggie","photoUrls":[],"tags":[],"status":"available"},{"id":9223372036854772602,"name":"doggie","photoUrls":[],"tags":[],"status":"available"},{"id":9223372036854772603,"name":"doggie2","photoUrls":[],"tags":[],"status":"available"},{"id":9223372036854772604,"name":"doggie3","photoUrls":[],"tags":[],"status":"available"},{"id":9223372036854772605,"name":"doggie","photoUrls":[],"tags":[],"status":"available"},{"id":9223372036854772606,"name":"doggie","photoUrls":[],"tags":[],"status":"available"},{"id":9223372036854772607,"name":"doggie","photoUrls":[],"tags":[],"status":"available"},{"id":9223372036854772618,"name":"doggie4","photoUrls":[],"tags":[],"status":"available"},{"id":9223372036854772619,"name":"doggie3","photoUrls":[],"tags":[],"status":"available"},{"id":9223372036854772620,"name":"doggie2","photoUrls":[],"tags":[],"status":"available"},{"id":9223372036854772621,"name":"doggie1","photoUrls":[],"tags":[],"status":"available"},{"id":9223372036854772622,"name":"doggie0","photoUrls":[],"tags":[],"status":"available"},{"id":9223372036854772629,"category":{"id":0,"name":"string"},"name":"doggie","photoUrls":["string"],"tags":[{"id":0,"name":"string"}],"status":"available"},{"id":9223372036854772630,"name":"doggie","photoUrls":[],"tags":[],"status":"available"},{"id":9223372036854772631,"name":"doggie","photoUrls":[],"tags":[],"status":"available"},{"id":9223372036854772633,"name":"doggie","photoUrls":[],"tags":[],"status":"available"},{"id":9223372036854772636,"name":"petname","photoUrls":[],"tags":[],"status":"available"},{"id":9223372036854772639,"name":"doggie","photoUrls":[],"tags":[],"status":"available"},{"id":9223372036854772640,"name":"doggie3","photoUrls":[],"tags":[],"status":"available"},{"id":9223372036854772641,"name":"doggie","photoUrls":[],"tags":[],"status":"available"},{"id":9223372036854772642,"name":"doggie2","photoUrls":[],"tags":[],"status":"available"},{"id":9223372036854772643,"name":"doggie3","photoUrls":[],"tags":[],"status":"available"},{"id":9223372036854772644,"name":"doggie","photoUrls":[],"tags":[],"status":"available"},{"id":9223372036854772645,"name":"doggie","photoUrls":[],"tags":[],"status":"available"},{"id":9223372036854772646,"name":"doggie","photoUrls":[],"tags":[],"status":"available"},{"id":9223372036854772647,"name":"doggie2","photoUrls":[],"tags":[],"status":"available"},{"id":9223372036854772648,"name":"doggie3","photoUrls":[],"tags":[],"status":"available"},{"id":9223372036854772649,"name":"doggie","photoUrls":[],"tags":[],"status":"available"},{"id":9223372036854772650,"name":"doggie2","photoUrls":[],"tags":[],"status":"available"},{"id":9223372036854772651,"name":"doggie3","photoUrls":[],"tags":[],"status":"available"},{"id":9223372036854772652,"name":"doggie","photoUrls":[],"tags":[],"status":"available"},{"id":9223372036854772653,"name":"doggie2","photoUrls":[],"tags":[],"status":"available"},{"id":9223372036854772654,"name":"doggie3","photoUrls":[],"tags":[],"status":"available"},{"id":9223372036854772655,"name":"doggie","photoUrls":[],"tags":[],"status":"available"},{"id":9223372036854772656,"name":"doggie2","photoUrls":[],"tags":[],"status":"available"},{"id":9223372036854772657,"name":"doggie3","photoUrls":[],"tags":[],"status":"available"},{"id":9223372036854772658,"name":"doggie","photoUrls":[],"tags":[],"status":"available"},{"id":9223372036854772659,"name":"doggie","photoUrls":[],"tags":[],"status":"available"},{"id":9223372036854772660,"name":"doggie","photoUrls":[],"tags":[],"status":"available"},{"id":9223372036854772661,"name":"doggie2","photoUrls":[],"tags":[],"status":"available"},{"id":9223372036854772663,"name":"doggie3","photoUrls":[],"tags":[],"status":"available"},{"id":9223372036854772664,"name":"doggie","photoUrls":[],"tags":[],"status":"available"},{"id":9223372036854772665,"name":"doggie","photoUrls":[],"tags":[],"status":"available"},{"id":9223372036854772666,"name":"doggie","photoUrls":[],"tags":[],"status":"available"},{"id":9223372036854772667,"name":"doggie2","photoUrls":[],"tags":[],"status":"available"},{"id":9223372036854772670,"name":"petname","photoUrls":[],"tags":[],"status":"available"},{"id":9223372036854772671,"name":"doggie3","photoUrls":[],"tags":[],"status":"available"},{"id":9223372036854772674,"name":"doggie","photoUrls":[],"tags":[],"status":"available"},{"id":9223372036854772675,"name":"doggie","photoUrls":[],"tags":[],"status":"available"},{"id":9223372036854772676,"name":"doggie","photoUrls":[],"tags":[],"status":"available"},{"id":9223372036854772677,"name":"doggie3","photoUrls":[],"tags":[],"status":"available"},{"id":9223372036854772678,"name":"doggie","photoUrls":[],"tags":[],"status":"available"},{"id":9223372036854772679,"name":"doggie","photoUrls":[],"tags":[],"status":"available"},{"id":9223372036854772680,"category":{"id":1,"name":"123"},"name":"Bobik","photoUrls":["string"],"tags":[{"id":1,"name":"234"},{"id":1,"name":"456"}],"status":"available"},{"id":9223372036854772683,"name":"doggie2","photoUrls":[],"tags":[],"status":"available"},{"id":9223372036854772687,"name":"doggie3","photoUrls":[],"tags":[],"status":"available"},{"id":9223372036854772689,"name":"doggie","photoUrls":[],"tags":[],"status":"available"},{"id":9223372036854772695,"name":"doggie","photoUrls":[],"tags":[],"status":"available"},{"id":9223372036854772696,"name":"doggie","photoUrls":[],"tags":[],"status":"available"},{"id":9223372036854772697,"name":"doggie2","photoUrls":[],"tags":[],"status":"available"},{"id":9223372036854772698,"name":"doggie1","photoUrls":[],"tags":[],"status":"available"},{"id":9223372036854772699,"name":"doggie3","photoUrls":[],"tags":[],"status":"available"},{"id":9223372036854772700,"name":"doggie0","photoUrls":[],"tags":[],"status":"available"},{"id":9223372036854772701,"name":"doggie4","photoUrls":[],"tags":[],"status":"available"},{"id":9223372036854772702,"name":"doggie2","photoUrls":[],"tags":[],"status":"available"},{"id":9223372036854772703,"name":"doggie3","photoUrls":[],"tags":[],"status":"available"},{"id":9223372036854772704,"name":"doggie","photoUrls":[],"tags":[],"status":"available"},{"id":9223372036854772706,"name":"doggie2","photoUrls":[],"tags":[],"status":"available"},{"id":9223372036854772707,"name":"doggie3","photoUrls":[],"tags":[],"status":"available"},{"id":9223372036854772709,"name":"doggie","photoUrls":[],"tags":[],"status":"available"},{"id":9223372036854772710,"name":"doggie2","photoUrls":[],"tags":[],"status":"available"},{"id":9223372036854772711,"name":"doggie3","photoUrls":[],"tags":[],"status":"available"},{"id":9223372036854772712,"name":"doggie","photoUrls":[],"tags":[],"status":"available"},{"id":9223372036854772713,"name":"doggie2","photoUrls":[],"tags":[],"status":"available"},{"id":9223372036854772714,"name":"doggie3","photoUrls":[],"tags":[],"status":"available"},{"id":9223372036854772715,"name":"doggie","photoUrls":[],"tags":[],"status":"available"},{"id":9223372036854772716,"name":"doggie2","photoUrls":[],"tags":[],"status":"available"},{"id":9223372036854772717,"name":"doggie3","photoUrls":[],"tags":[],"status":"available"},{"id":9223372036854772718,"name":"doggie","photoUrls":[],"tags":[],"status":"available"},{"id":9223372036854772719,"name":"doggie","photoUrls":[],"tags":[],"status":"available"},{"id":9223372036854772720,"name":"doggie2","photoUrls":[],"tags":[],"status":"available"},{"id":9223372036854772721,"name":"doggie3","photoUrls":[],"tags":[],"status":"available"},{"id":9223372036854772722,"name":"doggie","photoUrls":[],"tags":[],"status":"available"},{"id":9223372036854772723,"name":"doggie","photoUrls":[],"tags":[],"status":"available"},{"id":9223372036854772724,"name":"doggie","photoUrls":[],"tags":[],"status":"available"},{"id":9223372036854772735,"name":"doggie1","photoUrls":[],"tags":[],"status":"available"},{"id":9223372036854772736,"name":"doggie0","photoUrls":[],"tags":[],"status":"available"},{"id":9223372036854772737,"name":"doggie3","photoUrls":[],"tags":[],"status":"available"},{"id":9223372036854772738,"name":"doggie2","photoUrls":[],"tags":[],"status":"available"},{"id":9223372036854772739,"name":"doggie4","photoUrls":[],"tags":[],"status":"available"},{"id":9223372036854772744,"category":{"id":1,"name":"123"},"name":"Bobik","photoUrls":["string"],"tags":[{"id":1,"name":"234"},{"id":1,"name":"456"}],"status":"available"},{"id":9223372036854772748,"category":{"id":1,"name":"123"},"name":"Bobik","photoUrls":["string"],"tags":[{"id":1,"name":"234"},{"id":1,"name":"456"}],"status":"available"},{"id":9223372036854772751,"category":{"id":0,"name":"string"},"name":"fish","photoUrls":["string"],"tags":[{"id":0,"name":"string"}],"status":"available"},{"id":9223372036854772752,"category":{"id":0,"name":"string"},"name":"fish","photoUrls":["string"],"tags":[{"id":0,"name":"string"}],"status":"available"},{"id":9223372036854772753,"category":{"id":1,"name":"123"},"name":"Bobik","photoUrls":["string"],"tags":[{"id":1,"name":"234"},{"id":1,"name":"456"}],"status":"available"},{"id":9223372036854772758,"category":{"id":1,"name":"123"},"name":"Bobik","photoUrls":["string"],"tags":[{"id":1,"name":"234"},{"id":1,"name":"456"}],"status":"available"},{"id":112233,"category":{"id":30,"name":"Eq-dog"},"name":"Postman","photoUrls":["URLLink"],"tags":[{"id":10,"name":"Doberman"}],"status":"available"},{"id":9223372036854772764,"name":"Jimmy","photoUrls":["string"],"tags":[],"status":"available"},{"id":9222968140491042131,"category":{"id":0,"name":"string"},"name":"doggie","photoUrls":["string"],"tags":[{"id":0,"name":"string"}],"status":"available"},{"id":9223372036854772765,"category":{"id":0,"name":"string"},"name":"fish","photoUrls":["string"],"tags":[{"id":0,"name":"string"}],"status":"available"},{"id":9223372036854772766,"category":{"id":0,"name":"string"},"name":"fish","photoUrls":["string"],"tags":[{"id":0,"name":"string"}],"status":"available"},{"id":9223372036854772771,"category":{"id":0,"name":"string"},"name":"fish","photoUrls":["string"],"tags":[{"id":0,"name":"string"}],"status":"available"},{"id":9223372036854772772,"category":{"id":0,"name":"string"},"name":"fish","photoUrls":["string"],"tags":[{"id":0,"name":"string"}],"status":"available"},{"id":9223372036854772773,"category":{"id":0,"name":"string"},"name":"fish","photoUrls":["string"],"tags":[{"id":0,"name":"string"}],"status":"available"},{"id":9223372036854772778,"category":{"id":0,"name":"string"},"name":"fish","photoUrls":["string"],"tags":[{"id":0,"name":"string"}],"status":"available"},{"id":9223372036854772786,"category":{"id":1804,"name":"dog"},"name":"rex","photoUrls":["string"],"tags":[{"id":1804,"name":"sheperd"}],"status":"available"},{"id":9223372036854772787,"category":{"id":0,"name":"string"},"name":"doggie","photoUrls":["string"],"tags":[{"id":0,"name":"string"}],"status":"available"},{"id":9223372036854772792,"category":{"id":1804,"name":"dog"},"name":"rex","photoUrls":["string"],"tags":[{"id":1804,"name":"sheperd"}],"status":"available"},{"id":9223372036854772793,"category":{"id":1804,"name":"dog"},"name":"rex","photoUrls":["string"],"tags":[{"id":1804,"name":"sheperd"}],"status":"available"},{"id":9223372036854772794,"category":{"id":0,"name":"cats"},"name":"красивые большие глазки","photoUrls":["https://klike.net/uploads/posts/2019-06/medium/1561011173_8.jpg"],"tags":[{"id":0,"name":"большие глазки"}],"status":"available"},{"id":9222968140497180179,"category":{"id":0,"name":"string"},"name":"test","photoUrls":["string"],"tags":[{"id":0,"name":"string"}],"status":"available"},{"id":9223372036854772805,"category":{"id":1804,"name":"dog"},"name":"rex","photoUrls":["string"],"tags":[{"id":1804,"name":"sheperd"}],"status":"available"},{"id":1245,"category":{"id":1245,"name":"xyz"},"name":"xyz","photoUrls":["test"],"tags":[],"status":"available"},{"id":9223372036854772809,"category":{"id":1804,"name":"dog"},"name":"rex","photoUrls":["string"],"tags":[{"id":1804,"name":"sheperd"}],"status":"available"},{"id":1340,"category":{"id":1340,"name":"cat"},"name":"persic","photoUrls":["string"],"tags":[{"id":1340,"name":"red"}],"status":"available"},{"id":9223372036854772829,"category":{"id":1804,"name":"dog"},"name":"rex","photoUrls":["string"],"tags":[{"id":1804,"name":"sheperd"}],"status":"available"},{"id":9223372036854772831,"category":{"id":0,"name":"string"},"name":"doggie","photoUrls":["string"],"tags":[{"id":0,"name":"string"}],"status":"available"},{"id":478364873,"category":{"id":1,"name":"Cat"},"name":"Bruno","photoUrls":["https://upload.wikimedia.org/wikipedia/commons/0/0e/Felis_silvestris_silvestris.jpg"],"tags":[{"id":1,"name":"Felis silvestris"}],"status":"available"},{"id":9223372036854772832,"category":{"id":0,"name":"string"},"name":"fish","photoUrls":["string"],"tags":[{"id":0,"name":"string"}],"status":"available"},{"id":9223372036854772833,"category":{"id":0,"name":"string"},"name":"doggie","photoUrls":["string"],"tags":[{"id":0,"name":"string"}],"status":"available"},{"id":9223372036854772835,"category":{"id":0,"name":"string"},"name":"fish","photoUrls":["string"],"tags":[{"id":0,"name":"string"}],"status":"available"},{"id":9223372036854772838,"category":{"id":0,"name":"string"},"name":"doggie","photoUrls":["string"],"tags":[{"id":0,"name":"string"}],"status":"available"},{"id":9223372036854772845,"name":"doggieUpdated","photoUrls":[],"tags":[],"status":"available"},{"id":9223372036854772846,"name":"fishUpdated","photoUrls":[],"tags":[],"status":"available"},{"id":9223372036854772847,"name":"LunaUpdated","photoUrls":[],"tags":[],"status":"available"},{"id":9223372036854772848,"name":"CharlieUpdated","photoUrls":[],"tags":[],"status":"available"},{"id":9223372036854772849,"category":{"id":0,"name":"string"},"name":"fish","photoUrls":["string"],"tags":[{"id":0,"name":"string"}],"status":"available"},{"id":88888,"category":{"id":0,"name":"string"},"name":"bentley","photoUrls":["string"],"tags":[{"id":0,"name":"string"}],"status":"available"},{"id":9223372036854772862,"name":"doggieUpdated","photoUrls":[],"tags":[],"status":"available"},{"id":9223372036854772866,"name":"fishUpdated","photoUrls":[],"tags":[],"status":"available"},{"id":9223372036854772868,"name":"LunaUpdated","photoUrls":[],"tags":[],"status":"available"},{"id":9223372036854772869,"category":{"id":1804,"name":"dog"},"name":"rex","photoUrls":["string"],"tags":[{"id":1804,"name":"sheperd"}],"status":"available"},{"id":9223372036854772870,"name":"CharlieUpdated","photoUrls":[],"tags":[],"status":"available"},{"id":9223372036854772872,"category":{"id":1804,"name":"dog"},"name":"rex","photoUrls":["string"],"tags":[{"id":1804,"name":"sheperd"}],"status":"available"},{"id":9223372036854772875,"category":{"id":0,"name":"string"},"name":"fish","photoUrls":["string"],"tags":[{"id":0,"name":"string"}],"status":"available"},{"id":9223372036854772876,"category":{"id":0,"name":"string"},"name":"doggie","photoUrls":["string"],"tags":[{"id":0,"name":"string"}],"status":"available"},{"id":9223372036854772884,"category":{"id":0,"name":"Dog"},"name":"Günther","photoUrls":["https://www.bmel.de/SharedDocs/Bilder/DE/_Tiere/Haus-Zootiere/tierschutz-hunde.jpg?__blob=wide&v=3"],"tags":[{"id":0,"name":"string"}],"status":"available"},{"id":9223372036854772907,"category":{"id":0,"name":"string"},"name":"fish","photoUrls":["string"],"tags":[{"id":0,"name":"string"}],"status":"available"},{"id":9223372036854772911,"category":{"id":0,"name":"string"},"name":"fish","photoUrls":["string"],"tags":[{"id":0,"name":"string"}],"status":"available"},{"id":9223372036854772913,"category":{"id":0,"name":"Жужа"},"name":"doggie","photoUrls":["string"],"tags":[{"id":0,"name":"string"}],"status":"available"},{"id":9223372036854772922,"category":{"id":0,"name":"mer"},"name":"doggie","photoUrls":["string"],"tags":[{"id":0,"name":"kuuur"}],"status":"available"},{"id":9223372036854772926,"category":{"id":0,"name":"string"},"name":"doggie","photoUrls":["string"],"tags":[{"id":0,"name":"string"}],"status":"available"},{"id":9223372036854772927,"category":{"id":0,"name":"string"},"name":"fish","photoUrls":["string"],"tags":[{"id":0,"name":"string"}],"status":"available"},{"id":9223372036854772928,"category":{"id":0,"name":"string"},"name":"fish","photoUrls":["string"],"tags":[{"id":0,"name":"string"}],"status":"available"},{"id":9223372036854772932,"category":{"id":0,"name":"string"},"name":"doggie","photoUrls":["string"],"tags":[{"id":0,"name":"string"}],"status":"available"},{"id":9223372036854772937,"category":{"id":1,"name":"123"},"name":"Bobik","photoUrls":["string"],"tags":[{"id":1,"name":"234"},{"id":1,"name":"456"}],"status":"available"},{"id":9223372036854772938,"name":"Jimmy","photoUrls":["string"],"tags":[],"status":"available"},{"id":9223372036854772939,"category":{"id":0,"name":"string"},"name":"doggie","photoUrls":["string"],"tags":[{"id":0,"name":"string"}],"status":"available"},{"id":9223372036854772942,"category":{"id":0,"name":"string"},"name":"fish","photoUrls":["string"],"tags":[{"id":0,"name":"string"}],"status":"available"},{"id":9223372036854772943,"category":{"id":0,"name":"string"},"name":"fish","photoUrls":["string"],"tags":[{"id":0,"name":"string"}],"status":"available"},{"id":9223372036854772944,"category":{"id":0,"name":"string"},"name":"fish","photoUrls":["string"],"tags":[{"id":0,"name":"string"}],"status":"available"},{"id":3342,"category":{"id":0},"name":"keks","photoUrls":["string"],"tags":[{"id":0,"name":"string"}],"status":"available"},{"id":9223372036854772959,"category":{"id":0,"name":"string"},"name":"fish","photoUrls":["string"],"tags":[{"id":0,"name":"string"}],"status":"available"},{"id":5958,"category":{"id":0},"name":"keks","photoUrls":["string"],"tags":[{"id":0,"name":"string"}],"status":"available"},{"id":6730,"category":{"id":0},"name":"keks","photoUrls":["string"],"tags":[{"id":0,"name":"string"}],"status":"available"},{"id":9223372036854773018,"category":{"id":0,"name":"string"},"name":"doggie","photoUrls":["string"],"tags":[{"id":0,"name":"string"}],"status":"available"},{"id":9223372036854773019,"category":{"id":0,"name":"string"},"name":"Puppy","photoUrls":["string"],"tags":[{"id":0,"name":"string"}],"status":"available"},{"id":9223372036854773030,"category":{"id":0,"name":"string"},"name":"doggie","photoUrls":["string"],"tags":[{"id":0,"name":"string"}],"status":"available"},{"id":9223372036854773032,"category":{"id":0,"name":"string"},"name":"fish","photoUrls":["string"],"tags":[{"id":0,"name":"string"}],"status":"available"},{"id":9223372036854773033,"category":{"id":0,"name":"string"},"name":"fish","photoUrls":["string"],"tags":[{"id":0,"name":"string"}],"status":"available"},{"id":9223372036854773034,"category":{"id":0,"name":"string"},"name":"Puppy","photoUrls":["string"],"tags":[{"id":0,"name":"string"}],"status":"available"},{"id":9223372036854773035,"name":"Jimmy","photoUrls":["string"],"tags":[],"status":"available"},{"id":9223372036854773039,"category":{"id":0,"name":"string"},"name":"doggie","photoUrls":["string"],"tags":[{"id":0,"name":"string"}],"status":"available"},{"id":9359,"category":{"id":0},"name":"keks","photoUrls":["string"],"tags":[{"id":0,"name":"string"}],"status":"available"},{"id":9223372036854773044,"category":{"id":0,"name":"string"},"name":"fish","photoUrls":["string"],"tags":[{"id":0,"name":"string"}],"status":"available"},{"id":9223372036854773045,"category":{"id":0,"name":"string"},"name":"Gigi","photoUrls":["string"],"tags":[{"id":0,"name":"string"}],"status":"available"},{"id":9223372036854773046,"name":"Jimmy","photoUrls":["string"],"tags":[],"status":"available"},{"id":9223372036854773048,"category":{"id":0,"name":"string"},"name":"fish","photoUrls":["string"],"tags":[{"id":0,"name":"string"}],"status":"available"},{"id":123456,"name":"Fluffy","photoUrls":[],"tags":[],"status":"available"},{"id":9223372036854773066,"category":{"id":0,"name":"Жужа"},"name":"doggie","photoUrls":["string"],"tags":[{"id":0,"name":"string"}],"status":"available"},{"id":9223372036854773069,"category":{"id":0,"name":"string"},"name":"doggie","photoUrls":["string"],"tags":[{"id":0,"name":"string"}],"status":"available"},{"id":9223372036854773070,"category":{"id":0,"name":"string"},"name":"doggie","photoUrls":["string"],"tags":[{"id":0,"name":"string"}],"status":"available"},{"id":9223372036854773075,"category":{"id":0,"name":"string"},"name":"doggie","photoUrls":["string"],"tags":[{"id":0,"name":"string"}],"status":"available"},{"id":9223372036854773078,"category":{"id":0,"name":"cats"},"name":"красивые большие глазки","photoUrls":["https://klike.net/uploads/posts/2019-06/medium/1561011173_8.jpg"],"tags":[{"id":0,"name":"большие глазки"}],"status":"available"},{"id":9223372036854773080,"category":{"id":0,"name":"string"},"name":"doggie","photoUrls":["string"],"tags":[{"id":0,"name":"string"}],"status":"available"},{"id":9223372036854773082,"name":"Jimmy","photoUrls":["string"],"tags":[],"status":"available"},{"id":9223372036854773085,"category":{"id":0,"name":"string"},"name":"fish","photoUrls":["string"],"tags":[{"id":0,"name":"string"}],"status":"available"},{"id":9223372036854773086,"category":{"id":0,"name":"string"},"name":"fish","photoUrls":["string"],"tags":[{"id":0,"name":"string"}],"status":"available"},{"id":9223372036854773094,"category":{"id":0,"name":"string"},"name":"doggie","photoUrls":["string"],"tags":[{"id":0,"name":"string"}],"status":"available"},{"id":9223372036854773095,"category":{"id":0,"name":"cats"},"name":"красивые большие глазки","photoUrls":["https://klike.net/uploads/posts/2019-06/medium/1561011173_8.jpg"],"tags":[{"id":0,"name":"большие глазки"}],"status":"available"},{"id":9223372036854773096,"category":{"id":0,"name":"string"},"name":"doggie","photoUrls":["string"],"tags":[{"id":0,"name":"string"}],"status":"available"},{"id":9223372036854773099,"category":{"id":0,"name":"Жужа"},"name":"doggie","photoUrls":["string"],"tags":[{"id":0,"name":"string"}],"status":"available"},{"id":99996,"name":"doggie_by_ms","photoUrls":["string"],"tags":[{"id":0,"name":"string"}],"status":"available"},{"id":9223372036854773102,"category":{"id":0,"name":"string"},"name":"fish","photoUrls":["string"],"tags":[{"id":0,"name":"string"}],"status":"available"},{"id":9223372036854773103,"category":{"id":0,"name":"string"},"name":"fish","photoUrls":["string"],"tags":[{"id":0,"name":"string"}],"status":"available"},{"id":9223372036854773110,"category":{"id":0,"name":"string"},"name":"doggie","photoUrls":["string"],"tags":[{"id":0,"name":"string"}],"status":"available"},{"id":322,"category":{"id":323},"name":"Flopa","photoUrls":[],"tags":[],"status":"available"},{"id":9223372036854773116,"category":{"id":0,"name":"Жужа"},"name":"doggie","photoUrls":["string"],"tags":[{"id":0,"name":"string"}],"status":"available"},{"id":9223372036854773125,"category":{"id":0,"name":"string"},"name":"fish","photoUrls":["string"],"tags":[{"id":0,"name":"string"}],"status":"available"},{"id":9223372036854773127,"category":{"id":0,"name":"string"},"name":"fish","photoUrls":["string"],"tags":[{"id":0,"name":"string"}],"status":"available"},{"id":9223372036854773128,"category":{"id":0,"name":"string"},"name":"fish","photoUrls":["string"],"tags":[{"id":0,"name":"string"}],"status":"available"},{"id":9223372036854773129,"category":{"id":0,"name":"string"},"name":"fish","photoUrls":["string"],"tags":[{"id":0,"name":"string"}],"status":"available"},{"id":9223372036854773130,"category":{"id":0,"name":"Вава"},"name":"doggie","photoUrls":["string"],"tags":[{"id":0,"name":"string"}],"status":"available"},{"id":9223372036854773133,"category":{"id":0,"name":"cats"},"name":"красивые большие глазки","photoUrls":["https://klike.net/uploads/posts/2019-06/medium/1561011173_8.jpg"],"tags":[{"id":0,"name":"большие глазки"}],"status":"available"},{"id":103,"category":{"id":1,"name":"dog"},"name":"pokkirie","photoUrls":["string"],"tags":[{"id":0,"name":"string"}],"status":"available"},{"id":9223372036854773169,"name":"Jimmy","photoUrls":["string"],"tags":[],"status":"available"},{"id":9223372036854773170,"category":{"id":0,"name":"string"},"name":"doggie","photoUrls":["string"],"tags":[{"id":0,"name":"string"}],"status":"available"},{"id":9223372036854773187,"category":{"id":0,"name":"string"},"name":"fish","photoUrls":["string"],"tags":[{"id":0,"name":"string"}],"status":"available"},{"id":9223372036854773188,"category":{"id":0,"name":"string"},"name":"fish","photoUrls":["string"],"tags":[{"id":0,"name":"string"}],"status":"available"},{"id":90,"category":{"id":0,"name":"string"},"name":"\"\"","photoUrls":["string"],"tags":[{"id":0,"name":"tagSwathi"}],"status":"available"},{"id":9223372036854773198,"category":{"id":0,"name":"string"},"name":"doggie","photoUrls":["string"],"tags":[{"id":0,"name":"tagSwathi"}],"status":"available"},{"id":9223372036854773204,"category":{"id":0,"name":"string"},"name":"fish","photoUrls":["string"],"tags":[{"id":0,"name":"string"}],"status":"available"},{"id":55,"category":{"id":0,"name":"string"},"name":"VssAdministrator","photoUrls":["string"],"tags":[{"id":0,"name":"string"}],"status":"available"},{"id":9223372036854773212,"category":{"id":0,"name":"string"},"name":"doggie","photoUrls":["string"],"tags":[{"id":0,"name":"tagSwathi"}],"status":"available"},{"id":9223372036854773216,"category":{"id":0,"name":"string"},"name":"fish","photoUrls":["string"],"tags":[{"id":0,"name":"string"}],"status":"available"},{"id":9223372036854773218,"category":{"id":0,"name":"string"},"name":"doggie","photoUrls":["string"],"tags":[{"id":0,"name":"tagSwathi"}],"status":"available"},{"id":9223372036854773232,"category":{"id":0,"name":"string"},"name":"doggie","photoUrls":["string"],"tags":[{"id":0,"name":"tagSwathi"}],"status":"available"},{"id":9223372036854773236,"category":{"id":0,"name":"string"},"name":"doggie","photoUrls":["string"],"tags":[{"id":0,"name":"string"}],"status":"available"},{"id":9223372036854773250,"category":{"id":0,"name":"string"},"name":"doggie","photoUrls":["string"],"tags":[{"id":0,"name":"string"}],"status":"available"},{"id":9223372036854773251,"category":{"id":0,"name":"string"},"name":"doggie","photoUrls":["string"],"tags":[{"id":0,"name":"string"}],"status":"available"},{"id":9223372036854773252,"category":{"id":0,"name":"string"},"name":"fish","photoUrls":["string"],"tags":[{"id":0,"name":"string"}],"status":"available"},{"id":9223372036854773254,"category":{"id":0,"name":"string"},"name":"fish","photoUrls":["string"],"tags":[{"id":0,"name":"string"}],"status":"available"},{"id":9223372036854773263,"category":{"id":0,"name":"string"},"name":"fish","photoUrls":["string"],"tags":[{"id":0,"name":"string"}],"status":"available"},{"id":9223372036854773264,"category":{"id":0,"name":"string"},"name":"fish","photoUrls":["string"],"tags":[{"id":0,"name":"string"}],"status":"available"},{"id":9223372036854773265,"category":{"id":0,"name":"string"},"name":"doggie","photoUrls":["string"],"tags":[{"id":0,"name":"string"}],"status":"available"},{"id":9223372036854773266,"category":{"id":0,"name":"string"},"name":"doggie","photoUrls":["string"],"tags":[{"id":0,"name":"string"}],"status":"available"},{"id":9223372036854773267,"category":{"id":0,"name":"string"},"name":"doggie","photoUrls":["string"],"tags":[{"id":0,"name":"string"}],"status":"available"},{"id":9223372036854773268,"category":{"id":0,"name":"string"},"name":"doggie","photoUrls":["string"],"tags":[{"id":0,"name":"string"}],"status":"available"},{"id":9223372036854773269,"category":{"id":0,"name":"string"},"name":"doggie","photoUrls":["string"],"tags":[{"id":0,"name":"string"}],"status":"available"},{"id":9223372036854773270,"category":{"id":0,"name":"string"},"name":"doggie","photoUrls":["string"],"tags":[{"id":0,"name":"string"}],"status":"available"},{"id":9223372036854773273,"category":{"id":0,"name":"string"},"name":"doggie","photoUrls":["string"],"tags":[{"id":0,"name":"string"}],"status":"available"},{"id":9223372036854773274,"category":{"id":0,"name":"string"},"name":"doggie","photoUrls":["string"],"tags":[{"id":0,"name":"string"}],"status":"available"},{"id":9223372036854773276,"category":{"id":0,"name":"string"},"name":"doggie","photoUrls":["string"],"tags":[{"id":0,"name":"string"}],"status":"available"},{"id":9223372036854773278,"category":{"id":0,"name":"string"},"name":"doggie","photoUrls":["string"],"tags":[{"id":0,"name":"string"}],"status":"available"},{"id":9223372036854773283,"category":{"id":0,"name":"string"},"name":"doggie","photoUrls":["string"],"tags":[{"id":0,"name":"string"}],"status":"available"},{"id":12345,"category":{"id":0,"name":"cats"},"name":"красивые большие глазки","photoUrls":["https://klike.net/uploads/posts/2019-06/medium/1561011173_8.jpg"],"tags":[{"id":0,"name":"большие глазки"}],"status":"available"},{"id":1816,"category":{"id":1804,"name":"dog"},"name":"rex","photoUrls":["string"],"tags":[{"id":1804,"name":"sheperd"}],"status":"available"},{"id":9223372036854773285,"category":{"id":0,"name":"puppy"},"name":"doggie","photoUrls":["string"],"tags":[{"id":0,"name":"Charlie"}],"status":"available"},{"id":9223372036854773286,"category":{"id":0,"name":"string"},"name":"fish","photoUrls":["string"],"tags":[{"id":0,"name":"string"}],"status":"available"},{"id":9223372036854773287,"name":"siyaan","photoUrls":[],"tags":[],"status":"available"},{"id":9223372036854773288,"category":{"id":0,"name":"string"},"name":"doggie","photoUrls":["string"],"tags":[{"id":0,"name":"string"}],"status":"available"},{"id":9223372036854773289,"category":{"id":0,"name":"string"},"name":"doggie","photoUrls":["string"],"tags":[{"id":0,"name":"string"}],"status":"available"},{"id":9223372036854773290,"category":{"id":0,"name":"string"},"name":"fish","photoUrls":["string"],"tags":[{"id":0,"name":"string"}],"status":"available"},{"id":9223372036854773291,"category":{"id":0,"name":"string"},"name":"doggie","photoUrls":["string"],"tags":[{"id":0,"name":"string"}],"status":"available"},{"id":9223372036854773292,"category":{"id":0,"name":"string"},"name":"doggie","photoUrls":["string"],"tags":[{"id":0,"name":"string"}],"status":"available"},{"id":9223372036854773294,"category":{"id":0,"name":"string"},"name":"fish","photoUrls":["string"],"tags":[{"id":0,"name":"string"}],"status":"available"},{"id":9223372036854773295,"category":{"id":0,"name":"string"},"name":"fish","photoUrls":["string"],"tags":[{"id":0,"name":"string"}],"status":"available"},{"id":9223372036854773298,"category":{"id":0,"name":"string"},"name":"doggie","photoUrls":["string"],"tags":[{"id":0,"name":"string"}],"status":"available"},{"id":98798404,"category":{"id":67482512,"name":"eiusmod Excepteur cillum"},"name":"doggie","photoUrls":["consequat magna deserunt cupidatat","ullamco sunt amet ea conse"],"tags":[{"id":38658984,"name":"consequat tempor"},{"id":-69811051,"name":"eu cillum do nisi sit"}],"status":"available"},{"id":9223372036854773299,"category":{"id":0,"name":"string"},"name":"doggie","photoUrls":["string"],"tags":[{"id":0,"name":"string"}],"status":"available"},{"id":9223372036854773303,"category":{"id":0,"name":"string"},"name":"doggie","photoUrls":["string"],"tags":[{"id":0,"name":"string"}],"status":"available"},{"id":645,"category":{"id":1,"name":"dog"},"name":"Wow","photoUrls":[],"tags":[{"id":1,"name":"Dog"}],"status":"available"},{"id":9223372036854773320,"category":{"id":1,"name":"homie"},"name":"Alice322","photoUrls":["string"],"tags":[{"id":1,"name":"rabbit"}],"status":"available"},{"id":9223372036854773332,"category":{"id":0,"name":"string"},"name":"doggie","photoUrls":["string"],"tags":[{"id":0,"name":"string"}],"status":"available"},{"id":9223372036854773333,"category":{"id":0,"name":"string"},"name":"doggie","photoUrls":["string"],"tags":[{"id":0,"name":"string"}],"status":"available"},{"id":9223372036854773334,"category":{"id":0,"name":"string"},"name":"Blue","photoUrls":["string"],"tags":[{"id":0,"name":"string"}],"status":"available"},{"id":9223372036854773335,"category":{"id":0,"name":"string"},"name":"doggie","photoUrls":["string"],"tags":[{"id":0,"name":"string"}],"status":"available"},{"id":9223372036854773337,"category":{"id":0,"name":"Вава"},"name":"doggie","photoUrls":["string"],"tags":[{"id":0,"name":"string"}],"status":"available"},{"id":9223372036854773338,"category":{"id":0,"name":"string"},"name":"fish","photoUrls":["string"],"tags":[{"id":0,"name":"string"}],"status":"available"},{"id":9223372036854773339,"category":{"id":0,"name":"string"},"name":"doggie","photoUrls":["string"],"tags":[{"id":0,"name":"string"}],"status":"available"},{"id":9223372036854773340,"category":{"id":0,"name":"string"},"name":"doggie","photoUrls":["string"],"tags":[{"id":0,"name":"string"}],"status":"available"},{"id":19,"category":{"id":0,"name":"string"},"name":"doggie","photoUrls":["string"],"tags":[{"id":0,"name":"string"}],"status":"available"},{"id":9223372036854773345,"category":{"id":0,"name":"string"},"name":"fish","photoUrls":["string"],"tags":[{"id":0,"name":"string"}],"status":"available"},{"id":12,"category":{"id":1,"name":"string"},"name":"doggie","photoUrls":["string"],"tags":[{"id":1,"name":"string"}],"status":"available"},{"id":9223372036854773348,"category":{"id":0,"name":"string"},"name":"doggie","photoUrls":["string"],"tags":[{"id":0,"name":"string"}],"status":"available"},{"id":9223372036854773351,"category":{"id":0,"name":"Вава"},"name":"doggie","photoUrls":["string"],"tags":[{"id":0,"name":"string"}],"status":"available"},{"id":9223372036854773352,"category":{"id":0,"name":"string"},"name":"doggie","photoUrls":["string"],"tags":[{"id":0,"name":"string"}],"status":"available"},{"id":9223372036854773353,"category":{"id":0,"name":"string"},"name":"fish","photoUrls":["string"],"tags":[{"id":0,"name":"string"}],"status":"available"},{"id":9223372036854773363,"category":{"id":0,"name":"Вава"},"name":"doggie","photoUrls":["string"],"tags":[{"id":0,"name":"string"}],"status":"available"},{"id":9223372036854773367,"category":{"id":0,"name":"string"},"name":"doggie","photoUrls":["string"],"tags":[{"id":0,"name":"string"}],"status":"available"},{"id":9223372036854773368,"category":{"id":0,"name":"string"},"name":"doggie","photoUrls":["string"],"tags":[{"id":0,"name":"string"}],"status":"available"},{"id":83402955,"category":{"id":-47552382,"name":"non commodo in"},"name":"doggie","photoUrls":["est","aliqua culpa reprehenderit labore"],"tags":[{"id":-12365530,"name":"ea"},{"id":4697299,"name":"deserunt"}],"status":"available"},{"id":9223372036854773369,"category":{"id":0,"name":"string"},"name":"test","photoUrls":["string"],"tags":[{"id":0,"name":"string"}],"status":"available"},{"id":9223372036854773370,"category":{"id":0,"name":"string"},"name":"test","photoUrls":["string"],"tags":[{"id":0,"name":"string"}],"status":"available"},{"id":9223372036854773371,"category":{"id":0,"name":"string"},"name":"test","photoUrls":["string"],"tags":[{"id":0,"name":"string"}],"status":"available"},{"id":9223372036854773372,"category":{"id":0,"name":"string"},"name":"test","photoUrls":["string"],"tags":[{"id":0,"name":"string"}],"status":"available"},{"id":17751411,"category":{"id":95379400,"name":"esse iru"},"name":"doggie","photoUrls":["in cupidatat nulla","est laborum ut"],"tags":[{"id":57974765,"name":"incididunt ea sit"},{"id":-82122710,"name":"dolor sint in ea"}],"status":"available"},{"id":9223372036854773375,"category":{"id":0,"name":"string"},"name":"fish","photoUrls":["string"],"tags":[{"id":0,"name":"string"}],"status":"available"},{"id":9223372036854773377,"category":{"id":0,"name":"string"},"name":"doggie","photoUrls":["string"],"tags":[{"id":0,"name":"string"}],"status":"available"},{"id":9223372036854773379,"category":{"id":0,"name":"Вава"},"name":"doggie","photoUrls":["string"],"tags":[{"id":0,"name":"string"}],"status":"available"},{"id":1,"category":{"id":1,"name":"string"},"name":"doggie","photoUrls":["string"],"tags":[{"id":1,"name":"string"}],"status":"available"},{"id":9223372036854773382,"category":{"id":0,"name":"Вава"},"name":"doggie","photoUrls":["string"],"tags":[{"id":0,"name":"string"}],"status":"available"}]
classpath:examples/users/pets.feature:19
js failed:
>>>>
01: https://petstore.swagger.io/v2/pet/1
<<<<
org.graalvm.polyglot.PolyglotException: SyntaxError: Unnamed:1:36 Expected ; but found eof
https://petstore.swagger.io/v2/pet/1
                                    ^

- org.graalvm.polyglot.Context.eval(Context.java:425)
- com.intuit.karate.graal.JsEngine.evalForValue(JsEngine.java:139)
- com.intuit.karate.graal.JsEngine.eval(JsEngine.java:135)
- com.intuit.karate.core.ScenarioEngine.evalJs(ScenarioEngine.java:1190)
- com.intuit.karate.core.ScenarioEngine.evalKarateExpression(ScenarioEngine.java:2143)
- com.intuit.karate.core.ScenarioEngine.evalKarateExpression(ScenarioEngine.java:2062)
- com.intuit.karate.core.ScenarioEngine.url(ScenarioEngine.java:371)

classpath:examples/users/pets.feature:22 ==> expected: <0> but was: <2>
	at examples.ExamplesTest.testParallel(ExamplesTest.java:15)
]]></failure>
    <system-out><![CDATA[11:53:32.126 [main] DEBUG com.intuit.karate.Suite - [config] classpath:karate-config.js
11:53:32.133 [main] INFO  com.intuit.karate.Suite - backed up existing 'target\karate-reports' dir to: target\karate-reports_1678355612132
11:53:32.144 [main] DEBUG com.intuit.karate.Suite - waiting for 2 features to complete
11:53:34.238 [pool-1-thread-4] INFO  com.intuit.karate - karate.env system property was: null 
11:53:34.274 [pool-1-thread-1] INFO  com.intuit.karate - karate.env system property was: null 
11:53:34.282 [pool-1-thread-5] INFO  com.intuit.karate - karate.env system property was: null 
11:53:34.290 [pool-1-thread-3] INFO  com.intuit.karate - karate.env system property was: null 
11:53:34.301 [pool-1-thread-2] INFO  com.intuit.karate - karate.env system property was: null 
11:53:34.340 [pool-1-thread-5] ERROR com.intuit.karate - classpath:examples/users/pets.feature:22
Given url https://petstore.swagger.io/v2/pet/1
js failed:
>>>>
01: https://petstore.swagger.io/v2/pet/1
<<<<
org.graalvm.polyglot.PolyglotException: SyntaxError: Unnamed:1:36 Expected ; but found eof
https://petstore.swagger.io/v2/pet/1
                                    ^

- org.graalvm.polyglot.Context.eval(Context.java:425)
- com.intuit.karate.graal.JsEngine.evalForValue(JsEngine.java:139)
- com.intuit.karate.graal.JsEngine.eval(JsEngine.java:135)
- com.intuit.karate.core.ScenarioEngine.evalJs(ScenarioEngine.java:1190)
- com.intuit.karate.core.ScenarioEngine.evalKarateExpression(ScenarioEngine.java:2143)
- com.intuit.karate.core.ScenarioEngine.evalKarateExpression(ScenarioEngine.java:2062)
- com.intuit.karate.core.ScenarioEngine.url(ScenarioEngine.java:371)

classpath:examples/users/pets.feature:22
11:53:34.374 [pool-1-thread-5] INFO  com.intuit.karate - karate.env system property was: null 
11:53:35.229 [pool-1-thread-3] DEBUG com.intuit.karate - request:
1 > GET https://petstore.swagger.io/v2/pet/findByStatus?status=sold
1 > Host: petstore.swagger.io
1 > Connection: Keep-Alive
1 > User-Agent: Apache-HttpClient/4.5.13 (Java/11.0.18)
1 > Accept-Encoding: gzip,deflate


11:53:35.229 [pool-1-thread-5] DEBUG com.intuit.karate - request:
1 > GET https://petstore.swagger.io/v2/pet/findByStatus?status=pending
1 > Host: petstore.swagger.io
1 > Connection: Keep-Alive
1 > User-Agent: Apache-HttpClient/4.5.13 (Java/11.0.18)
1 > Accept-Encoding: gzip,deflate


11:53:35.229 [pool-1-thread-1] DEBUG com.intuit.karate - request:
1 > GET https://petstore.swagger.io/v2/pet/findByStatus?status=available
1 > Host: petstore.swagger.io
1 > Connection: Keep-Alive
1 > User-Agent: Apache-HttpClient/4.5.13 (Java/11.0.18)
1 > Accept-Encoding: gzip,deflate


11:53:35.229 [pool-1-thread-4] DEBUG com.intuit.karate - request:
1 > GET https://petstore.swagger.io/v2/pet/findByStatus?status=available
1 > Host: petstore.swagger.io
1 > Connection: Keep-Alive
1 > User-Agent: Apache-HttpClient/4.5.13 (Java/11.0.18)
1 > Accept-Encoding: gzip,deflate


11:53:35.231 [pool-1-thread-2] DEBUG com.intuit.karate - request:
1 > GET https://petstore.swagger.io/v2/pet/findByStatus?status=pending
1 > Host: petstore.swagger.io
1 > Connection: Keep-Alive
1 > User-Agent: Apache-HttpClient/4.5.13 (Java/11.0.18)
1 > Accept-Encoding: gzip,deflate


11:53:36.741 [pool-1-thread-3] DEBUG com.intuit.karate - response time in milliseconds: 1508
1 < 200
1 < Date: Thu, 09 Mar 2023 09:53:37 GMT
1 < Content-Type: application/json
1 < Transfer-Encoding: chunked
1 < Connection: keep-alive
1 < Access-Control-Allow-Origin: *
1 < Access-Control-Allow-Methods: GET, POST, DELETE, PUT
1 < Access-Control-Allow-Headers: Content-Type, api_key, Authorization
1 < Server: Jetty(9.2.9.v20150224)
[{"id":792216,"category":{"id":63198044,"name":"voluptate"},"name":"doggie","photoUrls":["Lorem","occaecat dolor"],"tags":[{"id":-86682720,"name":"consectetur est velit"},{"id":-83499041,"name":"occaecat fugiat officia"}],"status":"sold"},{"id":45,"category":{"id":0,"name":"string"},"name":"doggie","photoUrls":["string"],"tags":[{"id":0,"name":"string"}],"status":"sold"},{"id":9,"category":{"id":0,"name":"cats"},"name":"King Kong","photoUrls":["string"],"tags":[{"id":0,"name":"string"}],"status":"sold"},{"id":820,"category":{"id":0,"name":"string"},"name":"doggie","photoUrls":["string"],"tags":[{"id":0,"name":"string"}],"status":"sold"},{"id":9223372036854772878,"category":{"id":40449975,"name":"ut incididunt"},"name":"doggie","photoUrls":["anim sunt cillum ad","veniam mollit officia anim magna"],"tags":[{"id":38388819,"name":"deserunt "},{"id":12278161,"name":"sed magna"}],"status":"sold"},{"id":386,"category":{"id":0,"name":"string"},"name":"doggie","photoUrls":["string"],"tags":[{"id":0,"name":"string"}],"status":"sold"},{"id":9223372036854772930,"category":{"id":-469294,"name":"culpa irure adipisi"},"name":"doggie","photoUrls":["id ea in","ex consectetur nostrud eu amet"],"tags":[{"id":57175933,"name":"proident ullamco exercitation esse"},{"id":79346478,"name":"Duis tempor"}],"status":"sold"},{"id":9223372036854772931,"category":{"id":-81556182,"name":"velit laborum"},"name":"doggie","photoUrls":["dolor laboris amet voluptate quis","cupidatat consectetur consequ"],"tags":[{"id":-2593213,"name":"Duis amet velit sit pariatur"},{"id":51203760,"name":"veniam "}],"status":"sold"},{"id":532,"category":{"id":0,"name":"string"},"name":"doggie","photoUrls":["string"],"tags":[{"id":0,"name":"string"}],"status":"sold"},{"id":11111,"category":{"id":0,"name":"string"},"name":"Puppy","photoUrls":["string"],"tags":[{"id":0,"name":"string"}],"status":"sold"},{"id":43,"category":{"id":0,"name":"string"},"name":"doggie","photoUrls":["string"],"tags":[{"id":0,"name":"string"}],"status":"sold"},{"id":41,"category":{"id":0,"name":"string"},"name":"doggie","photoUrls":["string"],"tags":[{"id":0,"name":"string"}],"status":"sold"},{"id":101,"category":{"id":1,"name":"animal"},"name":"Bengal","photoUrls":["https://www.google.com/url?sa=i&url=https%3A%2F%2Fwww.dailypaws.com%2Fcats-kittens%2Fcat-breeds%2Fbengal&psig=AOvVaw3J69KUnPbdrvM0EcF7oBq8&ust=1678441087866000&source=images&cd=vfe&ved=0CBAQjRxqFwoTCMiRhLvGzv0CFQAAAAAdAAAAABAE"],"tags":[{"id":1,"name":"#cat"}],"status":"sold"},{"id":13,"category":{"id":0,"name":"cats"},"photoUrls":["string"],"tags":[{"id":0,"name":"string"}],"status":"sold"},{"id":3586,"category":{"id":0},"name":"keks","photoUrls":["string"],"tags":[{"id":0,"name":"string"}],"status":"sold"},{"id":4,"category":{"id":0,"name":"string"},"name":"doggie","photoUrls":["string"],"tags":[{"id":0,"name":"string"}],"status":"sold"},{"id":4808,"category":{"id":0},"name":"keks","photoUrls":["string"],"tags":[{"id":0,"name":"string"}],"status":"sold"},{"id":14,"category":{"id":0,"name":"string"},"name":"doggie","photoUrls":["string"],"tags":[{"id":0,"name":"string"}],"status":"sold"},{"id":3981,"category":{"id":0},"name":"keks","photoUrls":["string"],"tags":[{"id":0,"name":"string"}],"status":"sold"},{"id":8956,"category":{"id":0},"name":"keks","photoUrls":["string"],"tags":[{"id":0,"name":"string"}],"status":"sold"},{"id":4804,"category":{"id":0},"name":"keks","photoUrls":["string"],"tags":[{"id":0,"name":"string"}],"status":"sold"},{"id":565,"category":{"id":0},"name":"keks","photoUrls":["string"],"tags":[{"id":0,"name":"string"}],"status":"sold"},{"id":3246,"category":{"id":0,"name":"string"},"name":"keks","photoUrls":["string"],"tags":[{"id":0,"name":"string"}],"status":"sold"},{"id":17,"category":{"id":0,"name":"string"},"name":"doggie","photoUrls":["string"],"tags":[{"id":0,"name":"string"}],"status":"sold"},{"id":15,"category":{"id":0,"name":"string"},"name":"doggie","photoUrls":["string"],"tags":[{"id":0,"name":"string"}],"status":"sold"},{"id":9223372036854773300,"category":{"id":0,"name":"string"},"name":"doggie","photoUrls":["string"],"tags":[{"id":0,"name":"string"}],"status":"sold"}]

11:53:36.741 [pool-1-thread-2] DEBUG com.intuit.karate - response time in milliseconds: 1503
1 < 200
1 < Date: Thu, 09 Mar 2023 09:53:37 GMT
1 < Content-Type: application/json
1 < Transfer-Encoding: chunked
1 < Connection: keep-alive
1 < Access-Control-Allow-Origin: *
1 < Access-Control-Allow-Methods: GET, POST, DELETE, PUT
1 < Access-Control-Allow-Headers: Content-Type, api_key, Authorization
1 < Server: Jetty(9.2.9.v20150224)
[{"id":9223372036854772484,"category":{"id":-77945860,"name":"mollit"},"name":"doggie","photoUrls":["minim cillum officia veli","consectetur"],"tags":[{"id":16059288,"name":"aute adipisicing anim"},{"id":-3200776,"name":"reprehenderit Duis Lorem quis"}],"status":"pending"},{"id":9223372036854772510,"category":{"id":-62035720,"name":"sunt adipisicing aute"},"name":"doggie","photoUrls":["adipisicing aliqua nostrud","minim aute sint et"],"tags":[{"id":-50034940,"name":"aute anim"},{"id":-55324364,"name":"dolore cillum ut minim"}],"status":"pending"},{"id":82901748,"category":{"id":7962040,"name":"culpa fugiat consequat"},"name":"doggie","photoUrls":["elit proident non","Excepteur ex in incididunt enim"],"tags":[{"id":-75108271,"name":"sit anim"},{"id":-85364496,"name":"ipsum"}],"status":"pending"}]

11:53:36.741 [pool-1-thread-5] DEBUG com.intuit.karate - response time in milliseconds: 1508
1 < 200
1 < Date: Thu, 09 Mar 2023 09:53:37 GMT
1 < Content-Type: application/json
1 < Transfer-Encoding: chunked
1 < Connection: keep-alive
1 < Access-Control-Allow-Origin: *
1 < Access-Control-Allow-Methods: GET, POST, DELETE, PUT
1 < Access-Control-Allow-Headers: Content-Type, api_key, Authorization
1 < Server: Jetty(9.2.9.v20150224)
[{"id":9223372036854772484,"category":{"id":-77945860,"name":"mollit"},"name":"doggie","photoUrls":["minim cillum officia veli","consectetur"],"tags":[{"id":16059288,"name":"aute adipisicing anim"},{"id":-3200776,"name":"reprehenderit Duis Lorem quis"}],"status":"pending"},{"id":9223372036854772510,"category":{"id":-62035720,"name":"sunt adipisicing aute"},"name":"doggie","photoUrls":["adipisicing aliqua nostrud","minim aute sint et"],"tags":[{"id":-50034940,"name":"aute anim"},{"id":-55324364,"name":"dolore cillum ut minim"}],"status":"pending"},{"id":82901748,"category":{"id":7962040,"name":"culpa fugiat consequat"},"name":"doggie","photoUrls":["elit proident non","Excepteur ex in incididunt enim"],"tags":[{"id":-75108271,"name":"sit anim"},{"id":-85364496,"name":"ipsum"}],"status":"pending"}]

11:53:36.813 [pool-1-thread-2] INFO  com.intuit.karate - karate.env system property was: null 
11:53:36.817 [pool-1-thread-5] INFO  com.intuit.karate - karate.env system property was: null 
11:53:36.821 [pool-1-thread-2] DEBUG com.intuit.karate - request:
1 > PUT https://petstore.swagger.io/v2/pet/pet?status=doggie
1 > Host: petstore.swagger.io
1 > Connection: Keep-Alive
1 > User-Agent: Apache-HttpClient/4.5.13 (Java/11.0.18)
1 > Accept-Encoding: gzip,deflate


11:53:36.826 [pool-1-thread-5] DEBUG com.intuit.karate - request:
1 > GET https://jsonplaceholder.typicode.com/users
1 > Host: jsonplaceholder.typicode.com
1 > Connection: Keep-Alive
1 > User-Agent: Apache-HttpClient/4.5.13 (Java/11.0.18)
1 > Accept-Encoding: gzip,deflate


11:53:36.834 [pool-1-thread-3] INFO  com.intuit.karate - karate.env system property was: null 
11:53:36.846 [pool-1-thread-3] DEBUG com.intuit.karate - request:
1 > PUT https://petstore.swagger.io/v2/pet/pet?status=responses
1 > Host: petstore.swagger.io
1 > Connection: Keep-Alive
1 > User-Agent: Apache-HttpClient/4.5.13 (Java/11.0.18)
1 > Accept-Encoding: gzip,deflate


11:53:36.935 [pool-1-thread-5] DEBUG com.intuit.karate - response time in milliseconds: 108
1 < 200
1 < Date: Thu, 09 Mar 2023 09:53:37 GMT
1 < Content-Type: application/json; charset=utf-8
1 < Transfer-Encoding: chunked
1 < Connection: keep-alive
1 < X-Powered-By: Express
1 < X-Ratelimit-Limit: 1000
1 < X-Ratelimit-Remaining: 999
1 < X-Ratelimit-Reset: 1678250464
1 < Vary: Origin, Accept-Encoding
1 < Access-Control-Allow-Credentials: true
1 < Cache-Control: max-age=43200
1 < Pragma: no-cache
1 < Expires: -1
1 < X-Content-Type-Options: nosniff
1 < Etag: W/"160d-1eMSsxeJRfnVLRBmYJSbCiJZ1qQ"
1 < Via: 1.1 vegur
1 < CF-Cache-Status: HIT
1 < Age: 6357
1 < Server-Timing: cf-q-config;dur=8.0000008892966e-06
1 < Report-To: {"endpoints":[{"url":"https:\/\/a.nel.cloudflare.com\/report\/v3?s=0TmUU3RSQ%2FURVf6T5Vz10PyHICWy74yRgxWHq6ovGs4WtgpmfSTEXLcox9OnXGZa6Ys%2BJkWzdHkaJSfJuj21%2FIJDZO0fcRIH4DjeO42zFBFymUp9snzpx8v9P8eGXxU9z30sD7CyIHrr7JU%2Bdn%2BV"}],"group":"cf-nel","max_age":604800}
1 < NEL: {"success_fraction":0,"report_to":"cf-nel","max_age":604800}
1 < Server: cloudflare
1 < CF-RAY: 7a526e92e97c9cf1-JNB
1 < alt-svc: h3=":443"; ma=86400, h3-29=":443"; ma=86400
[
  {
    "id": 1,
    "name": "Leanne Graham",
    "username": "Bret",
    "email": "Sincere@april.biz",
    "address": {
      "street": "Kulas Light",
      "suite": "Apt. 556",
      "city": "Gwenborough",
      "zipcode": "92998-3874",
      "geo": {
        "lat": "-37.3159",
        "lng": "81.1496"
      }
    },
    "phone": "1-770-736-8031 x56442",
    "website": "hildegard.org",
    "company": {
      "name": "Romaguera-Crona",
      "catchPhrase": "Multi-layered client-server neural-net",
      "bs": "harness real-time e-markets"
    }
  },
  {
    "id": 2,
    "name": "Ervin Howell",
    "username": "Antonette",
    "email": "Shanna@melissa.tv",
    "address": {
      "street": "Victor Plains",
      "suite": "Suite 879",
      "city": "Wisokyburgh",
      "zipcode": "90566-7771",
      "geo": {
        "lat": "-43.9509",
        "lng": "-34.4618"
      }
    },
    "phone": "010-692-6593 x09125",
    "website": "anastasia.net",
    "company": {
      "name": "Deckow-Crist",
      "catchPhrase": "Proactive didactic contingency",
      "bs": "synergize scalable supply-chains"
    }
  },
  {
    "id": 3,
    "name": "Clementine Bauch",
    "username": "Samantha",
    "email": "Nathan@yesenia.net",
    "address": {
      "street": "Douglas Extension",
      "suite": "Suite 847",
      "city": "McKenziehaven",
      "zipcode": "59590-4157",
      "geo": {
        "lat": "-68.6102",
        "lng": "-47.0653"
      }
    },
    "phone": "1-463-123-4447",
    "website": "ramiro.info",
    "company": {
      "name": "Romaguera-Jacobson",
      "catchPhrase": "Face to face bifurcated interface",
      "bs": "e-enable strategic applications"
    }
  },
  {
    "id": 4,
    "name": "Patricia Lebsack",
    "username": "Karianne",
    "email": "Julianne.OConner@kory.org",
    "address": {
      "street": "Hoeger Mall",
      "suite": "Apt. 692",
      "city": "South Elvis",
      "zipcode": "53919-4257",
      "geo": {
        "lat": "29.4572",
        "lng": "-164.2990"
      }
    },
    "phone": "493-170-9623 x156",
    "website": "kale.biz",
    "company": {
      "name": "Robel-Corkery",
      "catchPhrase": "Multi-tiered zero tolerance productivity",
      "bs": "transition cutting-edge web services"
    }
  },
  {
    "id": 5,
    "name": "Chelsey Dietrich",
    "username": "Kamren",
    "email": "Lucio_Hettinger@annie.ca",
    "address": {
      "street": "Skiles Walks",
      "suite": "Suite 351",
      "city": "Roscoeview",
      "zipcode": "33263",
      "geo": {
        "lat": "-31.8129",
        "lng": "62.5342"
      }
    },
    "phone": "(254)954-1289",
    "website": "demarco.info",
    "company": {
      "name": "Keebler LLC",
      "catchPhrase": "User-centric fault-tolerant solution",
      "bs": "revolutionize end-to-end systems"
    }
  },
  {
    "id": 6,
    "name": "Mrs. Dennis Schulist",
    "username": "Leopoldo_Corkery",
    "email": "Karley_Dach@jasper.info",
    "address": {
      "street": "Norberto Crossing",
      "suite": "Apt. 950",
      "city": "South Christy",
      "zipcode": "23505-1337",
      "geo": {
        "lat": "-71.4197",
        "lng": "71.7478"
      }
    },
    "phone": "1-477-935-8478 x6430",
    "website": "ola.org",
    "company": {
      "name": "Considine-Lockman",
      "catchPhrase": "Synchronised bottom-line interface",
      "bs": "e-enable innovative applications"
    }
  },
  {
    "id": 7,
    "name": "Kurtis Weissnat",
    "username": "Elwyn.Skiles",
    "email": "Telly.Hoeger@billy.biz",
    "address": {
      "street": "Rex Trail",
      "suite": "Suite 280",
      "city": "Howemouth",
      "zipcode": "58804-1099",
      "geo": {
        "lat": "24.8918",
        "lng": "21.8984"
      }
    },
    "phone": "210.067.6132",
    "website": "elvis.io",
    "company": {
      "name": "Johns Group",
      "catchPhrase": "Configurable multimedia task-force",
      "bs": "generate enterprise e-tailers"
    }
  },
  {
    "id": 8,
    "name": "Nicholas Runolfsdottir V",
    "username": "Maxime_Nienow",
    "email": "Sherwood@rosamond.me",
    "address": {
      "street": "Ellsworth Summit",
      "suite": "Suite 729",
      "city": "Aliyaview",
      "zipcode": "45169",
      "geo": {
        "lat": "-14.3990",
        "lng": "-120.7677"
      }
    },
    "phone": "586.493.6943 x140",
    "website": "jacynthe.com",
    "company": {
      "name": "Abernathy Group",
      "catchPhrase": "Implemented secondary concept",
      "bs": "e-enable extensible e-tailers"
    }
  },
  {
    "id": 9,
    "name": "Glenna Reichert",
    "username": "Delphine",
    "email": "Chaim_McDermott@dana.io",
    "address": {
      "street": "Dayna Park",
      "suite": "Suite 449",
      "city": "Bartholomebury",
      "zipcode": "76495-3109",
      "geo": {
        "lat": "24.6463",
        "lng": "-168.8889"
      }
    },
    "phone": "(775)976-6794 x41206",
    "website": "conrad.com",
    "company": {
      "name": "Yost and Sons",
      "catchPhrase": "Switchable contextually-based project",
      "bs": "aggregate real-time technologies"
    }
  },
  {
    "id": 10,
    "name": "Clementina DuBuque",
    "username": "Moriah.Stanton",
    "email": "Rey.Padberg@karina.biz",
    "address": {
      "street": "Kattie Turnpike",
      "suite": "Suite 198",
      "city": "Lebsackbury",
      "zipcode": "31428-2261",
      "geo": {
        "lat": "-38.2386",
        "lng": "57.2232"
      }
    },
    "phone": "024-648-3804",
    "website": "ambrose.net",
    "company": {
      "name": "Hoeger LLC",
      "catchPhrase": "Centralized empowering task-force",
      "bs": "target end-to-end models"
    }
  }
]

11:53:37.003 [pool-1-thread-4] DEBUG com.intuit.karate - response time in milliseconds: 1762
1 < 200
1 < Date: Thu, 09 Mar 2023 09:53:37 GMT
1 < Content-Type: application/json
1 < Transfer-Encoding: chunked
1 < Connection: keep-alive
1 < Access-Control-Allow-Origin: *
1 < Access-Control-Allow-Methods: GET, POST, DELETE, PUT
1 < Access-Control-Allow-Headers: Content-Type, api_key, Authorization
1 < Server: Jetty(9.2.9.v20150224)
[{"id":9223372036854772447,"category":{"id":1,"name":"123"},"name":"Bobik","photoUrls":["string"],"tags":[{"id":1,"name":"234"},{"id":1,"name":"456"}],"status":"available"},{"id":9223372036854772449,"category":{"id":0,"name":"string"},"name":"doggie","photoUrls":["string"],"tags":[{"id":0,"name":"string"}],"status":"available"},{"id":9223372036854772455,"category":{"id":0,"name":"string"},"name":"fish","photoUrls":["string"],"tags":[{"id":0,"name":"string"}],"status":"available"},{"id":9223372036854772456,"category":{"id":0,"name":"string"},"name":"fish","photoUrls":["string"],"tags":[{"id":0,"name":"string"}],"status":"available"},{"id":9223372036854772461,"category":{"id":0,"name":"string"},"name":"doggie","photoUrls":["string"],"tags":[{"id":0,"name":"string"}],"status":"available"},{"id":9223372036854772464,"category":{"id":1,"name":"123"},"name":"Bobik","photoUrls":["string"],"tags":[{"id":1,"name":"234"},{"id":1,"name":"456"}],"status":"available"},{"id":9223372036854772466,"category":{"id":0,"name":"string"},"name":"fish","photoUrls":["string"],"tags":[{"id":0,"name":"string"}],"status":"available"},{"id":9223372036854772467,"category":{"id":0,"name":"string"},"name":"fish","photoUrls":["string"],"tags":[{"id":0,"name":"string"}],"status":"available"},{"id":222,"name":"tex","photoUrls":[],"tags":[{"id":21,"name":"tex"}],"status":"available"},{"id":9223372036854772472,"category":{"id":-40550398,"name":"fish"},"name":"nemo","photoUrls":["ut incididunt Duis Ut quis","esse dolor aute"],"tags":[{"id":87374033,"name":"laborum anim commodo"},{"id":20541211,"name":"enim deserunt"}],"status":"available"},{"id":9223372036854772475,"name":"Jimmy","photoUrls":["string"],"tags":[],"status":"available"},{"id":49087884,"category":{"id":-50629969,"name":"Excepteur elit"},"name":"doggie","photoUrls":["sed velit","ullamco dolore minim voluptate"],"tags":[{"id":-56971972,"name":"ipsum id mollit"},{"id":-27456905,"name":"aliquip velit amet ex"}],"status":"available"},{"id":9223372036854772487,"category":{"id":0,"name":"string"},"name":"fish","photoUrls":["string"],"tags":[{"id":0,"name":"string"}],"status":"available"},{"id":9223372036854772488,"category":{"id":0,"name":"string"},"name":"fish","photoUrls":["string"],"tags":[{"id":0,"name":"string"}],"status":"available"},{"id":9223372036854772489,"category":{"id":0,"name":"string"},"name":"fish","photoUrls":["string"],"tags":[{"id":0,"name":"string"}],"status":"available"},{"id":9223372036854772490,"category":{"id":0,"name":"string"},"name":"fish","photoUrls":["string"],"tags":[{"id":0,"name":"string"}],"status":"available"},{"id":9223372036854772491,"category":{"id":0,"name":"string"},"name":"doggie","photoUrls":["string"],"tags":[{"id":0,"name":"string"}],"status":"available"},{"id":9223372036854772494,"category":{"id":1,"name":"Cat"},"name":"Bruno","photoUrls":["https://upload.wikimedia.org/wikipedia/commons/0/0e/Felis_silvestris_silvestris.jpg"],"tags":[{"id":1,"name":"Felis silvestris"}],"status":"available"},{"id":9223372036854772509,"category":{"id":0,"name":"string"},"name":"doggie","photoUrls":["string"],"tags":[{"id":0,"name":"string"}],"status":"available"},{"id":9223372036854772516,"category":{"id":0,"name":"string"},"name":"doggie","photoUrls":["string"],"tags":[{"id":0,"name":"string"}],"status":"available"},{"id":9223372036854772524,"category":{"id":0,"name":"string"},"name":"Blue","photoUrls":["string"],"tags":[{"id":0,"name":"string"}],"status":"available"},{"id":9223372036854772535,"category":{"id":1,"name":"123"},"name":"Bobik","photoUrls":["string"],"tags":[{"id":1,"name":"234"},{"id":1,"name":"456"}],"status":"available"},{"id":9223372036854772547,"category":{"id":0,"name":"string"},"name":"fish","photoUrls":["string"],"tags":[{"id":0,"name":"string"}],"status":"available"},{"id":9223372036854772548,"category":{"id":0,"name":"string"},"name":"fish","photoUrls":["string"],"tags":[{"id":0,"name":"string"}],"status":"available"},{"id":9223372036854772552,"category":{"id":0,"name":"string"},"name":"doggie","photoUrls":["string"],"tags":[{"id":0,"name":"string"}],"status":"available"},{"id":9223372036854772553,"category":{"id":0,"name":"string"},"name":"fish","photoUrls":["string"],"tags":[{"id":0,"name":"string"}],"status":"available"},{"id":23456789,"category":{"id":0,"name":"string"},"name":"doggie","photoUrls":["string"],"tags":[{"id":0,"name":"string"}],"status":"available"},{"id":9223372036854772560,"category":{"id":0,"name":"string"},"name":"fish","photoUrls":["string"],"tags":[{"id":0,"name":"string"}],"status":"available"},{"id":9223372036854772567,"category":{"id":0,"name":"string"},"name":"doggie","photoUrls":["string"],"tags":[{"id":0,"name":"string"}],"status":"available"},{"id":9223372036854772568,"name":"doggie","photoUrls":[],"tags":[],"status":"available"},{"id":9223372036854772569,"name":"doggie","photoUrls":[],"tags":[],"status":"available"},{"id":9223372036854772571,"name":"doggie","photoUrls":[],"tags":[],"status":"available"},{"id":9223372036854772574,"name":"petname","photoUrls":[],"tags":[],"status":"available"},{"id":9223372036854772577,"name":"doggie","photoUrls":[],"tags":[],"status":"available"},{"id":9223372036854772578,"name":"doggie3","photoUrls":[],"tags":[],"status":"available"},{"id":9223372036854772579,"name":"doggie","photoUrls":[],"tags":[],"status":"available"},{"id":9223372036854772580,"name":"doggie2","photoUrls":[],"tags":[],"status":"available"},{"id":9223372036854772581,"name":"doggie3","photoUrls":[],"tags":[],"status":"available"},{"id":9223372036854772582,"name":"doggie","photoUrls":[],"tags":[],"status":"available"},{"id":9223372036854772583,"name":"doggie","photoUrls":[],"tags":[],"status":"available"},{"id":9223372036854772584,"name":"doggie","photoUrls":[],"tags":[],"status":"available"},{"id":9223372036854772585,"name":"doggie2","photoUrls":[],"tags":[],"status":"available"},{"id":9223372036854772586,"name":"doggie3","photoUrls":[],"tags":[],"status":"available"},{"id":9223372036854772587,"name":"doggie","photoUrls":[],"tags":[],"status":"available"},{"id":9223372036854772588,"name":"doggie2","photoUrls":[],"tags":[],"status":"available"},{"id":9223372036854772589,"name":"doggie3","photoUrls":[],"tags":[],"status":"available"},{"id":9223372036854772590,"name":"doggie","photoUrls":[],"tags":[],"status":"available"},{"id":9223372036854772591,"name":"doggie2","photoUrls":[],"tags":[],"status":"available"},{"id":9223372036854772592,"name":"doggie3","photoUrls":[],"tags":[],"status":"available"},{"id":9223372036854772594,"name":"doggie","photoUrls":[],"tags":[],"status":"available"},{"id":9223372036854772596,"name":"doggie2","photoUrls":[],"tags":[],"status":"available"},{"id":9223372036854772597,"name":"doggie3","photoUrls":[],"tags":[],"status":"available"},{"id":9223372036854772598,"name":"doggie","photoUrls":[],"tags":[],"status":"available"},{"id":9223372036854772599,"name":"doggie2","photoUrls":[],"tags":[],"status":"available"},{"id":9223372036854772600,"name":"doggie3","photoUrls":[],"tags":[],"status":"available"},{"id":9223372036854772601,"name":"doggie","photoUrls":[],"tags":[],"status":"available"},{"id":9223372036854772602,"name":"doggie","photoUrls":[],"tags":[],"status":"available"},{"id":9223372036854772603,"name":"doggie2","photoUrls":[],"tags":[],"status":"available"},{"id":9223372036854772604,"name":"doggie3","photoUrls":[],"tags":[],"status":"available"},{"id":9223372036854772605,"name":"doggie","photoUrls":[],"tags":[],"status":"available"},{"id":9223372036854772606,"name":"doggie","photoUrls":[],"tags":[],"status":"available"},{"id":9223372036854772607,"name":"doggie","photoUrls":[],"tags":[],"status":"available"},{"id":9223372036854772618,"name":"doggie4","photoUrls":[],"tags":[],"status":"available"},{"id":9223372036854772619,"name":"doggie3","photoUrls":[],"tags":[],"status":"available"},{"id":9223372036854772620,"name":"doggie2","photoUrls":[],"tags":[],"status":"available"},{"id":9223372036854772621,"name":"doggie1","photoUrls":[],"tags":[],"status":"available"},{"id":9223372036854772622,"name":"doggie0","photoUrls":[],"tags":[],"status":"available"},{"id":9223372036854772629,"category":{"id":0,"name":"string"},"name":"doggie","photoUrls":["string"],"tags":[{"id":0,"name":"string"}],"status":"available"},{"id":9223372036854772630,"name":"doggie","photoUrls":[],"tags":[],"status":"available"},{"id":9223372036854772631,"name":"doggie","photoUrls":[],"tags":[],"status":"available"},{"id":9223372036854772633,"name":"doggie","photoUrls":[],"tags":[],"status":"available"},{"id":9223372036854772636,"name":"petname","photoUrls":[],"tags":[],"status":"available"},{"id":9223372036854772639,"name":"doggie","photoUrls":[],"tags":[],"status":"available"},{"id":9223372036854772640,"name":"doggie3","photoUrls":[],"tags":[],"status":"available"},{"id":9223372036854772641,"name":"doggie","photoUrls":[],"tags":[],"status":"available"},{"id":9223372036854772642,"name":"doggie2","photoUrls":[],"tags":[],"status":"available"},{"id":9223372036854772643,"name":"doggie3","photoUrls":[],"tags":[],"status":"available"},{"id":9223372036854772644,"name":"doggie","photoUrls":[],"tags":[],"status":"available"},{"id":9223372036854772645,"name":"doggie","photoUrls":[],"tags":[],"status":"available"},{"id":9223372036854772646,"name":"doggie","photoUrls":[],"tags":[],"status":"available"},{"id":9223372036854772647,"name":"doggie2","photoUrls":[],"tags":[],"status":"available"},{"id":9223372036854772648,"name":"doggie3","photoUrls":[],"tags":[],"status":"available"},{"id":9223372036854772649,"name":"doggie","photoUrls":[],"tags":[],"status":"available"},{"id":9223372036854772650,"name":"doggie2","photoUrls":[],"tags":[],"status":"available"},{"id":9223372036854772651,"name":"doggie3","photoUrls":[],"tags":[],"status":"available"},{"id":9223372036854772652,"name":"doggie","photoUrls":[],"tags":[],"status":"available"},{"id":9223372036854772653,"name":"doggie2","photoUrls":[],"tags":[],"status":"available"},{"id":9223372036854772654,"name":"doggie3","photoUrls":[],"tags":[],"status":"available"},{"id":9223372036854772655,"name":"doggie","photoUrls":[],"tags":[],"status":"available"},{"id":9223372036854772656,"name":"doggie2","photoUrls":[],"tags":[],"status":"available"},{"id":9223372036854772657,"name":"doggie3","photoUrls":[],"tags":[],"status":"available"},{"id":9223372036854772658,"name":"doggie","photoUrls":[],"tags":[],"status":"available"},{"id":9223372036854772659,"name":"doggie","photoUrls":[],"tags":[],"status":"available"},{"id":9223372036854772660,"name":"doggie","photoUrls":[],"tags":[],"status":"available"},{"id":9223372036854772661,"name":"doggie2","photoUrls":[],"tags":[],"status":"available"},{"id":9223372036854772663,"name":"doggie3","photoUrls":[],"tags":[],"status":"available"},{"id":9223372036854772664,"name":"doggie","photoUrls":[],"tags":[],"status":"available"},{"id":9223372036854772665,"name":"doggie","photoUrls":[],"tags":[],"status":"available"},{"id":9223372036854772666,"name":"doggie","photoUrls":[],"tags":[],"status":"available"},{"id":9223372036854772667,"name":"doggie2","photoUrls":[],"tags":[],"status":"available"},{"id":9223372036854772670,"name":"petname","photoUrls":[],"tags":[],"status":"available"},{"id":9223372036854772671,"name":"doggie3","photoUrls":[],"tags":[],"status":"available"},{"id":9223372036854772674,"name":"doggie","photoUrls":[],"tags":[],"status":"available"},{"id":9223372036854772675,"name":"doggie","photoUrls":[],"tags":[],"status":"available"},{"id":9223372036854772676,"name":"doggie","photoUrls":[],"tags":[],"status":"available"},{"id":9223372036854772677,"name":"doggie3","photoUrls":[],"tags":[],"status":"available"},{"id":9223372036854772678,"name":"doggie","photoUrls":[],"tags":[],"status":"available"},{"id":9223372036854772679,"name":"doggie","photoUrls":[],"tags":[],"status":"available"},{"id":9223372036854772680,"category":{"id":1,"name":"123"},"name":"Bobik","photoUrls":["string"],"tags":[{"id":1,"name":"234"},{"id":1,"name":"456"}],"status":"available"},{"id":9223372036854772683,"name":"doggie2","photoUrls":[],"tags":[],"status":"available"},{"id":9223372036854772687,"name":"doggie3","photoUrls":[],"tags":[],"status":"available"},{"id":9223372036854772689,"name":"doggie","photoUrls":[],"tags":[],"status":"available"},{"id":9223372036854772695,"name":"doggie","photoUrls":[],"tags":[],"status":"available"},{"id":9223372036854772696,"name":"doggie","photoUrls":[],"tags":[],"status":"available"},{"id":9223372036854772697,"name":"doggie2","photoUrls":[],"tags":[],"status":"available"},{"id":9223372036854772698,"name":"doggie1","photoUrls":[],"tags":[],"status":"available"},{"id":9223372036854772699,"name":"doggie3","photoUrls":[],"tags":[],"status":"available"},{"id":9223372036854772700,"name":"doggie0","photoUrls":[],"tags":[],"status":"available"},{"id":9223372036854772701,"name":"doggie4","photoUrls":[],"tags":[],"status":"available"},{"id":9223372036854772702,"name":"doggie2","photoUrls":[],"tags":[],"status":"available"},{"id":9223372036854772703,"name":"doggie3","photoUrls":[],"tags":[],"status":"available"},{"id":9223372036854772704,"name":"doggie","photoUrls":[],"tags":[],"status":"available"},{"id":9223372036854772706,"name":"doggie2","photoUrls":[],"tags":[],"status":"available"},{"id":9223372036854772707,"name":"doggie3","photoUrls":[],"tags":[],"status":"available"},{"id":9223372036854772709,"name":"doggie","photoUrls":[],"tags":[],"status":"available"},{"id":9223372036854772710,"name":"doggie2","photoUrls":[],"tags":[],"status":"available"},{"id":9223372036854772711,"name":"doggie3","photoUrls":[],"tags":[],"status":"available"},{"id":9223372036854772712,"name":"doggie","photoUrls":[],"tags":[],"status":"available"},{"id":9223372036854772713,"name":"doggie2","photoUrls":[],"tags":[],"status":"available"},{"id":9223372036854772714,"name":"doggie3","photoUrls":[],"tags":[],"status":"available"},{"id":9223372036854772715,"name":"doggie","photoUrls":[],"tags":[],"status":"available"},{"id":9223372036854772716,"name":"doggie2","photoUrls":[],"tags":[],"status":"available"},{"id":9223372036854772717,"name":"doggie3","photoUrls":[],"tags":[],"status":"available"},{"id":9223372036854772718,"name":"doggie","photoUrls":[],"tags":[],"status":"available"},{"id":9223372036854772719,"name":"doggie","photoUrls":[],"tags":[],"status":"available"},{"id":9223372036854772720,"name":"doggie2","photoUrls":[],"tags":[],"status":"available"},{"id":9223372036854772721,"name":"doggie3","photoUrls":[],"tags":[],"status":"available"},{"id":9223372036854772722,"name":"doggie","photoUrls":[],"tags":[],"status":"available"},{"id":9223372036854772723,"name":"doggie","photoUrls":[],"tags":[],"status":"available"},{"id":9223372036854772724,"name":"doggie","photoUrls":[],"tags":[],"status":"available"},{"id":9223372036854772735,"name":"doggie1","photoUrls":[],"tags":[],"status":"available"},{"id":9223372036854772736,"name":"doggie0","photoUrls":[],"tags":[],"status":"available"},{"id":9223372036854772737,"name":"doggie3","photoUrls":[],"tags":[],"status":"available"},{"id":9223372036854772738,"name":"doggie2","photoUrls":[],"tags":[],"status":"available"},{"id":9223372036854772739,"name":"doggie4","photoUrls":[],"tags":[],"status":"available"},{"id":9223372036854772744,"category":{"id":1,"name":"123"},"name":"Bobik","photoUrls":["string"],"tags":[{"id":1,"name":"234"},{"id":1,"name":"456"}],"status":"available"},{"id":9223372036854772748,"category":{"id":1,"name":"123"},"name":"Bobik","photoUrls":["string"],"tags":[{"id":1,"name":"234"},{"id":1,"name":"456"}],"status":"available"},{"id":9223372036854772751,"category":{"id":0,"name":"string"},"name":"fish","photoUrls":["string"],"tags":[{"id":0,"name":"string"}],"status":"available"},{"id":9223372036854772752,"category":{"id":0,"name":"string"},"name":"fish","photoUrls":["string"],"tags":[{"id":0,"name":"string"}],"status":"available"},{"id":9223372036854772753,"category":{"id":1,"name":"123"},"name":"Bobik","photoUrls":["string"],"tags":[{"id":1,"name":"234"},{"id":1,"name":"456"}],"status":"available"},{"id":9223372036854772758,"category":{"id":1,"name":"123"},"name":"Bobik","photoUrls":["string"],"tags":[{"id":1,"name":"234"},{"id":1,"name":"456"}],"status":"available"},{"id":112233,"category":{"id":30,"name":"Eq-dog"},"name":"Postman","photoUrls":["URLLink"],"tags":[{"id":10,"name":"Doberman"}],"status":"available"},{"id":9223372036854772764,"name":"Jimmy","photoUrls":["string"],"tags":[],"status":"available"},{"id":9222968140491042131,"category":{"id":0,"name":"string"},"name":"doggie","photoUrls":["string"],"tags":[{"id":0,"name":"string"}],"status":"available"},{"id":9223372036854772765,"category":{"id":0,"name":"string"},"name":"fish","photoUrls":["string"],"tags":[{"id":0,"name":"string"}],"status":"available"},{"id":9223372036854772766,"category":{"id":0,"name":"string"},"name":"fish","photoUrls":["string"],"tags":[{"id":0,"name":"string"}],"status":"available"},{"id":9223372036854772771,"category":{"id":0,"name":"string"},"name":"fish","photoUrls":["string"],"tags":[{"id":0,"name":"string"}],"status":"available"},{"id":9223372036854772772,"category":{"id":0,"name":"string"},"name":"fish","photoUrls":["string"],"tags":[{"id":0,"name":"string"}],"status":"available"},{"id":9223372036854772773,"category":{"id":0,"name":"string"},"name":"fish","photoUrls":["string"],"tags":[{"id":0,"name":"string"}],"status":"available"},{"id":9223372036854772778,"category":{"id":0,"name":"string"},"name":"fish","photoUrls":["string"],"tags":[{"id":0,"name":"string"}],"status":"available"},{"id":9223372036854772786,"category":{"id":1804,"name":"dog"},"name":"rex","photoUrls":["string"],"tags":[{"id":1804,"name":"sheperd"}],"status":"available"},{"id":9223372036854772787,"category":{"id":0,"name":"string"},"name":"doggie","photoUrls":["string"],"tags":[{"id":0,"name":"string"}],"status":"available"},{"id":9223372036854772792,"category":{"id":1804,"name":"dog"},"name":"rex","photoUrls":["string"],"tags":[{"id":1804,"name":"sheperd"}],"status":"available"},{"id":9223372036854772793,"category":{"id":1804,"name":"dog"},"name":"rex","photoUrls":["string"],"tags":[{"id":1804,"name":"sheperd"}],"status":"available"},{"id":9223372036854772794,"category":{"id":0,"name":"cats"},"name":"красивые большие глазки","photoUrls":["https://klike.net/uploads/posts/2019-06/medium/1561011173_8.jpg"],"tags":[{"id":0,"name":"большие глазки"}],"status":"available"},{"id":9222968140497180179,"category":{"id":0,"name":"string"},"name":"test","photoUrls":["string"],"tags":[{"id":0,"name":"string"}],"status":"available"},{"id":9223372036854772805,"category":{"id":1804,"name":"dog"},"name":"rex","photoUrls":["string"],"tags":[{"id":1804,"name":"sheperd"}],"status":"available"},{"id":1245,"category":{"id":1245,"name":"xyz"},"name":"xyz","photoUrls":["test"],"tags":[],"status":"available"},{"id":9223372036854772809,"category":{"id":1804,"name":"dog"},"name":"rex","photoUrls":["string"],"tags":[{"id":1804,"name":"sheperd"}],"status":"available"},{"id":1340,"category":{"id":1340,"name":"cat"},"name":"persic","photoUrls":["string"],"tags":[{"id":1340,"name":"red"}],"status":"available"},{"id":9223372036854772829,"category":{"id":1804,"name":"dog"},"name":"rex","photoUrls":["string"],"tags":[{"id":1804,"name":"sheperd"}],"status":"available"},{"id":9223372036854772831,"category":{"id":0,"name":"string"},"name":"doggie","photoUrls":["string"],"tags":[{"id":0,"name":"string"}],"status":"available"},{"id":478364873,"category":{"id":1,"name":"Cat"},"name":"Bruno","photoUrls":["https://upload.wikimedia.org/wikipedia/commons/0/0e/Felis_silvestris_silvestris.jpg"],"tags":[{"id":1,"name":"Felis silvestris"}],"status":"available"},{"id":9223372036854772832,"category":{"id":0,"name":"string"},"name":"fish","photoUrls":["string"],"tags":[{"id":0,"name":"string"}],"status":"available"},{"id":9223372036854772833,"category":{"id":0,"name":"string"},"name":"doggie","photoUrls":["string"],"tags":[{"id":0,"name":"string"}],"status":"available"},{"id":9223372036854772835,"category":{"id":0,"name":"string"},"name":"fish","photoUrls":["string"],"tags":[{"id":0,"name":"string"}],"status":"available"},{"id":9223372036854772838,"category":{"id":0,"name":"string"},"name":"doggie","photoUrls":["string"],"tags":[{"id":0,"name":"string"}],"status":"available"},{"id":9223372036854772845,"name":"doggieUpdated","photoUrls":[],"tags":[],"status":"available"},{"id":9223372036854772846,"name":"fishUpdated","photoUrls":[],"tags":[],"status":"available"},{"id":9223372036854772847,"name":"LunaUpdated","photoUrls":[],"tags":[],"status":"available"},{"id":9223372036854772848,"name":"CharlieUpdated","photoUrls":[],"tags":[],"status":"available"},{"id":9223372036854772849,"category":{"id":0,"name":"string"},"name":"fish","photoUrls":["string"],"tags":[{"id":0,"name":"string"}],"status":"available"},{"id":88888,"category":{"id":0,"name":"string"},"name":"bentley","photoUrls":["string"],"tags":[{"id":0,"name":"string"}],"status":"available"},{"id":9223372036854772862,"name":"doggieUpdated","photoUrls":[],"tags":[],"status":"available"},{"id":9223372036854772866,"name":"fishUpdated","photoUrls":[],"tags":[],"status":"available"},{"id":9223372036854772868,"name":"LunaUpdated","photoUrls":[],"tags":[],"status":"available"},{"id":9223372036854772869,"category":{"id":1804,"name":"dog"},"name":"rex","photoUrls":["string"],"tags":[{"id":1804,"name":"sheperd"}],"status":"available"},{"id":9223372036854772870,"name":"CharlieUpdated","photoUrls":[],"tags":[],"status":"available"},{"id":9223372036854772872,"category":{"id":1804,"name":"dog"},"name":"rex","photoUrls":["string"],"tags":[{"id":1804,"name":"sheperd"}],"status":"available"},{"id":9223372036854772875,"category":{"id":0,"name":"string"},"name":"fish","photoUrls":["string"],"tags":[{"id":0,"name":"string"}],"status":"available"},{"id":9223372036854772876,"category":{"id":0,"name":"string"},"name":"doggie","photoUrls":["string"],"tags":[{"id":0,"name":"string"}],"status":"available"},{"id":9223372036854772884,"category":{"id":0,"name":"Dog"},"name":"Günther","photoUrls":["https://www.bmel.de/SharedDocs/Bilder/DE/_Tiere/Haus-Zootiere/tierschutz-hunde.jpg?__blob=wide&v=3"],"tags":[{"id":0,"name":"string"}],"status":"available"},{"id":9223372036854772907,"category":{"id":0,"name":"string"},"name":"fish","photoUrls":["string"],"tags":[{"id":0,"name":"string"}],"status":"available"},{"id":9223372036854772911,"category":{"id":0,"name":"string"},"name":"fish","photoUrls":["string"],"tags":[{"id":0,"name":"string"}],"status":"available"},{"id":9223372036854772913,"category":{"id":0,"name":"Жужа"},"name":"doggie","photoUrls":["string"],"tags":[{"id":0,"name":"string"}],"status":"available"},{"id":9223372036854772922,"category":{"id":0,"name":"mer"},"name":"doggie","photoUrls":["string"],"tags":[{"id":0,"name":"kuuur"}],"status":"available"},{"id":9223372036854772926,"category":{"id":0,"name":"string"},"name":"doggie","photoUrls":["string"],"tags":[{"id":0,"name":"string"}],"status":"available"},{"id":9223372036854772927,"category":{"id":0,"name":"string"},"name":"fish","photoUrls":["string"],"tags":[{"id":0,"name":"string"}],"status":"available"},{"id":9223372036854772928,"category":{"id":0,"name":"string"},"name":"fish","photoUrls":["string"],"tags":[{"id":0,"name":"string"}],"status":"available"},{"id":9223372036854772932,"category":{"id":0,"name":"string"},"name":"doggie","photoUrls":["string"],"tags":[{"id":0,"name":"string"}],"status":"available"},{"id":9223372036854772937,"category":{"id":1,"name":"123"},"name":"Bobik","photoUrls":["string"],"tags":[{"id":1,"name":"234"},{"id":1,"name":"456"}],"status":"available"},{"id":9223372036854772938,"name":"Jimmy","photoUrls":["string"],"tags":[],"status":"available"},{"id":9223372036854772939,"category":{"id":0,"name":"string"},"name":"doggie","photoUrls":["string"],"tags":[{"id":0,"name":"string"}],"status":"available"},{"id":9223372036854772942,"category":{"id":0,"name":"string"},"name":"fish","photoUrls":["string"],"tags":[{"id":0,"name":"string"}],"status":"available"},{"id":9223372036854772943,"category":{"id":0,"name":"string"},"name":"fish","photoUrls":["string"],"tags":[{"id":0,"name":"string"}],"status":"available"},{"id":9223372036854772944,"category":{"id":0,"name":"string"},"name":"fish","photoUrls":["string"],"tags":[{"id":0,"name":"string"}],"status":"available"},{"id":3342,"category":{"id":0},"name":"keks","photoUrls":["string"],"tags":[{"id":0,"name":"string"}],"status":"available"},{"id":9223372036854772959,"category":{"id":0,"name":"string"},"name":"fish","photoUrls":["string"],"tags":[{"id":0,"name":"string"}],"status":"available"},{"id":5958,"category":{"id":0},"name":"keks","photoUrls":["string"],"tags":[{"id":0,"name":"string"}],"status":"available"},{"id":6730,"category":{"id":0},"name":"keks","photoUrls":["string"],"tags":[{"id":0,"name":"string"}],"status":"available"},{"id":9223372036854773018,"category":{"id":0,"name":"string"},"name":"doggie","photoUrls":["string"],"tags":[{"id":0,"name":"string"}],"status":"available"},{"id":9223372036854773019,"category":{"id":0,"name":"string"},"name":"Puppy","photoUrls":["string"],"tags":[{"id":0,"name":"string"}],"status":"available"},{"id":9223372036854773030,"category":{"id":0,"name":"string"},"name":"doggie","photoUrls":["string"],"tags":[{"id":0,"name":"string"}],"status":"available"},{"id":9223372036854773032,"category":{"id":0,"name":"string"},"name":"fish","photoUrls":["string"],"tags":[{"id":0,"name":"string"}],"status":"available"},{"id":9223372036854773033,"category":{"id":0,"name":"string"},"name":"fish","photoUrls":["string"],"tags":[{"id":0,"name":"string"}],"status":"available"},{"id":9223372036854773034,"category":{"id":0,"name":"string"},"name":"Puppy","photoUrls":["string"],"tags":[{"id":0,"name":"string"}],"status":"available"},{"id":9223372036854773035,"name":"Jimmy","photoUrls":["string"],"tags":[],"status":"available"},{"id":9223372036854773039,"category":{"id":0,"name":"string"},"name":"doggie","photoUrls":["string"],"tags":[{"id":0,"name":"string"}],"status":"available"},{"id":9359,"category":{"id":0},"name":"keks","photoUrls":["string"],"tags":[{"id":0,"name":"string"}],"status":"available"},{"id":9223372036854773044,"category":{"id":0,"name":"string"},"name":"fish","photoUrls":["string"],"tags":[{"id":0,"name":"string"}],"status":"available"},{"id":9223372036854773045,"category":{"id":0,"name":"string"},"name":"Gigi","photoUrls":["string"],"tags":[{"id":0,"name":"string"}],"status":"available"},{"id":9223372036854773046,"name":"Jimmy","photoUrls":["string"],"tags":[],"status":"available"},{"id":9223372036854773048,"category":{"id":0,"name":"string"},"name":"fish","photoUrls":["string"],"tags":[{"id":0,"name":"string"}],"status":"available"},{"id":123456,"name":"Fluffy","photoUrls":[],"tags":[],"status":"available"},{"id":9223372036854773066,"category":{"id":0,"name":"Жужа"},"name":"doggie","photoUrls":["string"],"tags":[{"id":0,"name":"string"}],"status":"available"},{"id":9223372036854773069,"category":{"id":0,"name":"string"},"name":"doggie","photoUrls":["string"],"tags":[{"id":0,"name":"string"}],"status":"available"},{"id":9223372036854773070,"category":{"id":0,"name":"string"},"name":"doggie","photoUrls":["string"],"tags":[{"id":0,"name":"string"}],"status":"available"},{"id":9223372036854773075,"category":{"id":0,"name":"string"},"name":"doggie","photoUrls":["string"],"tags":[{"id":0,"name":"string"}],"status":"available"},{"id":9223372036854773078,"category":{"id":0,"name":"cats"},"name":"красивые большие глазки","photoUrls":["https://klike.net/uploads/posts/2019-06/medium/1561011173_8.jpg"],"tags":[{"id":0,"name":"большие глазки"}],"status":"available"},{"id":9223372036854773080,"category":{"id":0,"name":"string"},"name":"doggie","photoUrls":["string"],"tags":[{"id":0,"name":"string"}],"status":"available"},{"id":9223372036854773082,"name":"Jimmy","photoUrls":["string"],"tags":[],"status":"available"},{"id":9223372036854773085,"category":{"id":0,"name":"string"},"name":"fish","photoUrls":["string"],"tags":[{"id":0,"name":"string"}],"status":"available"},{"id":9223372036854773086,"category":{"id":0,"name":"string"},"name":"fish","photoUrls":["string"],"tags":[{"id":0,"name":"string"}],"status":"available"},{"id":9223372036854773094,"category":{"id":0,"name":"string"},"name":"doggie","photoUrls":["string"],"tags":[{"id":0,"name":"string"}],"status":"available"},{"id":9223372036854773095,"category":{"id":0,"name":"cats"},"name":"красивые большие глазки","photoUrls":["https://klike.net/uploads/posts/2019-06/medium/1561011173_8.jpg"],"tags":[{"id":0,"name":"большие глазки"}],"status":"available"},{"id":9223372036854773096,"category":{"id":0,"name":"string"},"name":"doggie","photoUrls":["string"],"tags":[{"id":0,"name":"string"}],"status":"available"},{"id":9223372036854773099,"category":{"id":0,"name":"Жужа"},"name":"doggie","photoUrls":["string"],"tags":[{"id":0,"name":"string"}],"status":"available"},{"id":99996,"name":"doggie_by_ms","photoUrls":["string"],"tags":[{"id":0,"name":"string"}],"status":"available"},{"id":9223372036854773102,"category":{"id":0,"name":"string"},"name":"fish","photoUrls":["string"],"tags":[{"id":0,"name":"string"}],"status":"available"},{"id":9223372036854773103,"category":{"id":0,"name":"string"},"name":"fish","photoUrls":["string"],"tags":[{"id":0,"name":"string"}],"status":"available"},{"id":9223372036854773110,"category":{"id":0,"name":"string"},"name":"doggie","photoUrls":["string"],"tags":[{"id":0,"name":"string"}],"status":"available"},{"id":322,"category":{"id":323},"name":"Flopa","photoUrls":[],"tags":[],"status":"available"},{"id":9223372036854773116,"category":{"id":0,"name":"Жужа"},"name":"doggie","photoUrls":["string"],"tags":[{"id":0,"name":"string"}],"status":"available"},{"id":9223372036854773125,"category":{"id":0,"name":"string"},"name":"fish","photoUrls":["string"],"tags":[{"id":0,"name":"string"}],"status":"available"},{"id":9223372036854773127,"category":{"id":0,"name":"string"},"name":"fish","photoUrls":["string"],"tags":[{"id":0,"name":"string"}],"status":"available"},{"id":9223372036854773128,"category":{"id":0,"name":"string"},"name":"fish","photoUrls":["string"],"tags":[{"id":0,"name":"string"}],"status":"available"},{"id":9223372036854773129,"category":{"id":0,"name":"string"},"name":"fish","photoUrls":["string"],"tags":[{"id":0,"name":"string"}],"status":"available"},{"id":9223372036854773130,"category":{"id":0,"name":"Вава"},"name":"doggie","photoUrls":["string"],"tags":[{"id":0,"name":"string"}],"status":"available"},{"id":9223372036854773133,"category":{"id":0,"name":"cats"},"name":"красивые большие глазки","photoUrls":["https://klike.net/uploads/posts/2019-06/medium/1561011173_8.jpg"],"tags":[{"id":0,"name":"большие глазки"}],"status":"available"},{"id":103,"category":{"id":1,"name":"dog"},"name":"pokkirie","photoUrls":["string"],"tags":[{"id":0,"name":"string"}],"status":"available"},{"id":9223372036854773169,"name":"Jimmy","photoUrls":["string"],"tags":[],"status":"available"},{"id":9223372036854773170,"category":{"id":0,"name":"string"},"name":"doggie","photoUrls":["string"],"tags":[{"id":0,"name":"string"}],"status":"available"},{"id":9223372036854773187,"category":{"id":0,"name":"string"},"name":"fish","photoUrls":["string"],"tags":[{"id":0,"name":"string"}],"status":"available"},{"id":9223372036854773188,"category":{"id":0,"name":"string"},"name":"fish","photoUrls":["string"],"tags":[{"id":0,"name":"string"}],"status":"available"},{"id":90,"category":{"id":0,"name":"string"},"name":"\"\"","photoUrls":["string"],"tags":[{"id":0,"name":"tagSwathi"}],"status":"available"},{"id":9223372036854773198,"category":{"id":0,"name":"string"},"name":"doggie","photoUrls":["string"],"tags":[{"id":0,"name":"tagSwathi"}],"status":"available"},{"id":9223372036854773204,"category":{"id":0,"name":"string"},"name":"fish","photoUrls":["string"],"tags":[{"id":0,"name":"string"}],"status":"available"},{"id":55,"category":{"id":0,"name":"string"},"name":"VssAdministrator","photoUrls":["string"],"tags":[{"id":0,"name":"string"}],"status":"available"},{"id":9223372036854773212,"category":{"id":0,"name":"string"},"name":"doggie","photoUrls":["string"],"tags":[{"id":0,"name":"tagSwathi"}],"status":"available"},{"id":9223372036854773216,"category":{"id":0,"name":"string"},"name":"fish","photoUrls":["string"],"tags":[{"id":0,"name":"string"}],"status":"available"},{"id":9223372036854773218,"category":{"id":0,"name":"string"},"name":"doggie","photoUrls":["string"],"tags":[{"id":0,"name":"tagSwathi"}],"status":"available"},{"id":9223372036854773232,"category":{"id":0,"name":"string"},"name":"doggie","photoUrls":["string"],"tags":[{"id":0,"name":"tagSwathi"}],"status":"available"},{"id":9223372036854773236,"category":{"id":0,"name":"string"},"name":"doggie","photoUrls":["string"],"tags":[{"id":0,"name":"string"}],"status":"available"},{"id":9223372036854773250,"category":{"id":0,"name":"string"},"name":"doggie","photoUrls":["string"],"tags":[{"id":0,"name":"string"}],"status":"available"},{"id":9223372036854773251,"category":{"id":0,"name":"string"},"name":"doggie","photoUrls":["string"],"tags":[{"id":0,"name":"string"}],"status":"available"},{"id":9223372036854773252,"category":{"id":0,"name":"string"},"name":"fish","photoUrls":["string"],"tags":[{"id":0,"name":"string"}],"status":"available"},{"id":9223372036854773254,"category":{"id":0,"name":"string"},"name":"fish","photoUrls":["string"],"tags":[{"id":0,"name":"string"}],"status":"available"},{"id":9223372036854773263,"category":{"id":0,"name":"string"},"name":"fish","photoUrls":["string"],"tags":[{"id":0,"name":"string"}],"status":"available"},{"id":9223372036854773264,"category":{"id":0,"name":"string"},"name":"fish","photoUrls":["string"],"tags":[{"id":0,"name":"string"}],"status":"available"},{"id":9223372036854773265,"category":{"id":0,"name":"string"},"name":"doggie","photoUrls":["string"],"tags":[{"id":0,"name":"string"}],"status":"available"},{"id":9223372036854773266,"category":{"id":0,"name":"string"},"name":"doggie","photoUrls":["string"],"tags":[{"id":0,"name":"string"}],"status":"available"},{"id":9223372036854773267,"category":{"id":0,"name":"string"},"name":"doggie","photoUrls":["string"],"tags":[{"id":0,"name":"string"}],"status":"available"},{"id":9223372036854773268,"category":{"id":0,"name":"string"},"name":"doggie","photoUrls":["string"],"tags":[{"id":0,"name":"string"}],"status":"available"},{"id":9223372036854773269,"category":{"id":0,"name":"string"},"name":"doggie","photoUrls":["string"],"tags":[{"id":0,"name":"string"}],"status":"available"},{"id":9223372036854773270,"category":{"id":0,"name":"string"},"name":"doggie","photoUrls":["string"],"tags":[{"id":0,"name":"string"}],"status":"available"},{"id":9223372036854773273,"category":{"id":0,"name":"string"},"name":"doggie","photoUrls":["string"],"tags":[{"id":0,"name":"string"}],"status":"available"},{"id":9223372036854773274,"category":{"id":0,"name":"string"},"name":"doggie","photoUrls":["string"],"tags":[{"id":0,"name":"string"}],"status":"available"},{"id":9223372036854773276,"category":{"id":0,"name":"string"},"name":"doggie","photoUrls":["string"],"tags":[{"id":0,"name":"string"}],"status":"available"},{"id":9223372036854773278,"category":{"id":0,"name":"string"},"name":"doggie","photoUrls":["string"],"tags":[{"id":0,"name":"string"}],"status":"available"},{"id":9223372036854773283,"category":{"id":0,"name":"string"},"name":"doggie","photoUrls":["string"],"tags":[{"id":0,"name":"string"}],"status":"available"},{"id":12345,"category":{"id":0,"name":"cats"},"name":"красивые большие глазки","photoUrls":["https://klike.net/uploads/posts/2019-06/medium/1561011173_8.jpg"],"tags":[{"id":0,"name":"большие глазки"}],"status":"available"},{"id":1816,"category":{"id":1804,"name":"dog"},"name":"rex","photoUrls":["string"],"tags":[{"id":1804,"name":"sheperd"}],"status":"available"},{"id":9223372036854773285,"category":{"id":0,"name":"puppy"},"name":"doggie","photoUrls":["string"],"tags":[{"id":0,"name":"Charlie"}],"status":"available"},{"id":9223372036854773286,"category":{"id":0,"name":"string"},"name":"fish","photoUrls":["string"],"tags":[{"id":0,"name":"string"}],"status":"available"},{"id":9223372036854773287,"name":"siyaan","photoUrls":[],"tags":[],"status":"available"},{"id":9223372036854773288,"category":{"id":0,"name":"string"},"name":"doggie","photoUrls":["string"],"tags":[{"id":0,"name":"string"}],"status":"available"},{"id":9223372036854773289,"category":{"id":0,"name":"string"},"name":"doggie","photoUrls":["string"],"tags":[{"id":0,"name":"string"}],"status":"available"},{"id":9223372036854773290,"category":{"id":0,"name":"string"},"name":"fish","photoUrls":["string"],"tags":[{"id":0,"name":"string"}],"status":"available"},{"id":9223372036854773291,"category":{"id":0,"name":"string"},"name":"doggie","photoUrls":["string"],"tags":[{"id":0,"name":"string"}],"status":"available"},{"id":9223372036854773292,"category":{"id":0,"name":"string"},"name":"doggie","photoUrls":["string"],"tags":[{"id":0,"name":"string"}],"status":"available"},{"id":9223372036854773294,"category":{"id":0,"name":"string"},"name":"fish","photoUrls":["string"],"tags":[{"id":0,"name":"string"}],"status":"available"},{"id":9223372036854773295,"category":{"id":0,"name":"string"},"name":"fish","photoUrls":["string"],"tags":[{"id":0,"name":"string"}],"status":"available"},{"id":9223372036854773298,"category":{"id":0,"name":"string"},"name":"doggie","photoUrls":["string"],"tags":[{"id":0,"name":"string"}],"status":"available"},{"id":98798404,"category":{"id":67482512,"name":"eiusmod Excepteur cillum"},"name":"doggie","photoUrls":["consequat magna deserunt cupidatat","ullamco sunt amet ea conse"],"tags":[{"id":38658984,"name":"consequat tempor"},{"id":-69811051,"name":"eu cillum do nisi sit"}],"status":"available"},{"id":9223372036854773299,"category":{"id":0,"name":"string"},"name":"doggie","photoUrls":["string"],"tags":[{"id":0,"name":"string"}],"status":"available"},{"id":9223372036854773303,"category":{"id":0,"name":"string"},"name":"doggie","photoUrls":["string"],"tags":[{"id":0,"name":"string"}],"status":"available"},{"id":645,"category":{"id":1,"name":"dog"},"name":"Wow","photoUrls":[],"tags":[{"id":1,"name":"Dog"}],"status":"available"},{"id":9223372036854773320,"category":{"id":1,"name":"homie"},"name":"Alice322","photoUrls":["string"],"tags":[{"id":1,"name":"rabbit"}],"status":"available"},{"id":9223372036854773332,"category":{"id":0,"name":"string"},"name":"doggie","photoUrls":["string"],"tags":[{"id":0,"name":"string"}],"status":"available"},{"id":9223372036854773333,"category":{"id":0,"name":"string"},"name":"doggie","photoUrls":["string"],"tags":[{"id":0,"name":"string"}],"status":"available"},{"id":9223372036854773334,"category":{"id":0,"name":"string"},"name":"Blue","photoUrls":["string"],"tags":[{"id":0,"name":"string"}],"status":"available"},{"id":9223372036854773335,"category":{"id":0,"name":"string"},"name":"doggie","photoUrls":["string"],"tags":[{"id":0,"name":"string"}],"status":"available"},{"id":9223372036854773337,"category":{"id":0,"name":"Вава"},"name":"doggie","photoUrls":["string"],"tags":[{"id":0,"name":"string"}],"status":"available"},{"id":9223372036854773338,"category":{"id":0,"name":"string"},"name":"fish","photoUrls":["string"],"tags":[{"id":0,"name":"string"}],"status":"available"},{"id":9223372036854773339,"category":{"id":0,"name":"string"},"name":"doggie","photoUrls":["string"],"tags":[{"id":0,"name":"string"}],"status":"available"},{"id":9223372036854773340,"category":{"id":0,"name":"string"},"name":"doggie","photoUrls":["string"],"tags":[{"id":0,"name":"string"}],"status":"available"},{"id":19,"category":{"id":0,"name":"string"},"name":"doggie","photoUrls":["string"],"tags":[{"id":0,"name":"string"}],"status":"available"},{"id":9223372036854773345,"category":{"id":0,"name":"string"},"name":"fish","photoUrls":["string"],"tags":[{"id":0,"name":"string"}],"status":"available"},{"id":12,"category":{"id":1,"name":"string"},"name":"doggie","photoUrls":["string"],"tags":[{"id":1,"name":"string"}],"status":"available"},{"id":9223372036854773348,"category":{"id":0,"name":"string"},"name":"doggie","photoUrls":["string"],"tags":[{"id":0,"name":"string"}],"status":"available"},{"id":9223372036854773351,"category":{"id":0,"name":"Вава"},"name":"doggie","photoUrls":["string"],"tags":[{"id":0,"name":"string"}],"status":"available"},{"id":9223372036854773352,"category":{"id":0,"name":"string"},"name":"doggie","photoUrls":["string"],"tags":[{"id":0,"name":"string"}],"status":"available"},{"id":9223372036854773353,"category":{"id":0,"name":"string"},"name":"fish","photoUrls":["string"],"tags":[{"id":0,"name":"string"}],"status":"available"},{"id":9223372036854773363,"category":{"id":0,"name":"Вава"},"name":"doggie","photoUrls":["string"],"tags":[{"id":0,"name":"string"}],"status":"available"},{"id":9223372036854773367,"category":{"id":0,"name":"string"},"name":"doggie","photoUrls":["string"],"tags":[{"id":0,"name":"string"}],"status":"available"},{"id":9223372036854773368,"category":{"id":0,"name":"string"},"name":"doggie","photoUrls":["string"],"tags":[{"id":0,"name":"string"}],"status":"available"},{"id":83402955,"category":{"id":-47552382,"name":"non commodo in"},"name":"doggie","photoUrls":["est","aliqua culpa reprehenderit labore"],"tags":[{"id":-12365530,"name":"ea"},{"id":4697299,"name":"deserunt"}],"status":"available"},{"id":9223372036854773369,"category":{"id":0,"name":"string"},"name":"test","photoUrls":["string"],"tags":[{"id":0,"name":"string"}],"status":"available"},{"id":9223372036854773370,"category":{"id":0,"name":"string"},"name":"test","photoUrls":["string"],"tags":[{"id":0,"name":"string"}],"status":"available"},{"id":9223372036854773371,"category":{"id":0,"name":"string"},"name":"test","photoUrls":["string"],"tags":[{"id":0,"name":"string"}],"status":"available"},{"id":9223372036854773372,"category":{"id":0,"name":"string"},"name":"test","photoUrls":["string"],"tags":[{"id":0,"name":"string"}],"status":"available"},{"id":17751411,"category":{"id":95379400,"name":"esse iru"},"name":"doggie","photoUrls":["in cupidatat nulla","est laborum ut"],"tags":[{"id":57974765,"name":"incididunt ea sit"},{"id":-82122710,"name":"dolor sint in ea"}],"status":"available"},{"id":9223372036854773375,"category":{"id":0,"name":"string"},"name":"fish","photoUrls":["string"],"tags":[{"id":0,"name":"string"}],"status":"available"},{"id":9223372036854773377,"category":{"id":0,"name":"string"},"name":"doggie","photoUrls":["string"],"tags":[{"id":0,"name":"string"}],"status":"available"},{"id":9223372036854773379,"category":{"id":0,"name":"Вава"},"name":"doggie","photoUrls":["string"],"tags":[{"id":0,"name":"string"}],"status":"available"},{"id":1,"category":{"id":1,"name":"string"},"name":"doggie","photoUrls":["string"],"tags":[{"id":1,"name":"string"}],"status":"available"},{"id":9223372036854773382,"category":{"id":0,"name":"Вава"},"name":"doggie","photoUrls":["string"],"tags":[{"id":0,"name":"string"}],"status":"available"}]

11:53:37.016 [pool-1-thread-1] DEBUG com.intuit.karate - response time in milliseconds: 1770
1 < 200
1 < Date: Thu, 09 Mar 2023 09:53:37 GMT
1 < Content-Type: application/json
1 < Transfer-Encoding: chunked
1 < Connection: keep-alive
1 < Access-Control-Allow-Origin: *
1 < Access-Control-Allow-Methods: GET, POST, DELETE, PUT
1 < Access-Control-Allow-Headers: Content-Type, api_key, Authorization
1 < Server: Jetty(9.2.9.v20150224)
[{"id":9223372036854772447,"category":{"id":1,"name":"123"},"name":"Bobik","photoUrls":["string"],"tags":[{"id":1,"name":"234"},{"id":1,"name":"456"}],"status":"available"},{"id":9223372036854772449,"category":{"id":0,"name":"string"},"name":"doggie","photoUrls":["string"],"tags":[{"id":0,"name":"string"}],"status":"available"},{"id":9223372036854772455,"category":{"id":0,"name":"string"},"name":"fish","photoUrls":["string"],"tags":[{"id":0,"name":"string"}],"status":"available"},{"id":9223372036854772456,"category":{"id":0,"name":"string"},"name":"fish","photoUrls":["string"],"tags":[{"id":0,"name":"string"}],"status":"available"},{"id":9223372036854772461,"category":{"id":0,"name":"string"},"name":"doggie","photoUrls":["string"],"tags":[{"id":0,"name":"string"}],"status":"available"},{"id":9223372036854772464,"category":{"id":1,"name":"123"},"name":"Bobik","photoUrls":["string"],"tags":[{"id":1,"name":"234"},{"id":1,"name":"456"}],"status":"available"},{"id":9223372036854772466,"category":{"id":0,"name":"string"},"name":"fish","photoUrls":["string"],"tags":[{"id":0,"name":"string"}],"status":"available"},{"id":9223372036854772467,"category":{"id":0,"name":"string"},"name":"fish","photoUrls":["string"],"tags":[{"id":0,"name":"string"}],"status":"available"},{"id":222,"name":"tex","photoUrls":[],"tags":[{"id":21,"name":"tex"}],"status":"available"},{"id":9223372036854772472,"category":{"id":-40550398,"name":"fish"},"name":"nemo","photoUrls":["ut incididunt Duis Ut quis","esse dolor aute"],"tags":[{"id":87374033,"name":"laborum anim commodo"},{"id":20541211,"name":"enim deserunt"}],"status":"available"},{"id":9223372036854772475,"name":"Jimmy","photoUrls":["string"],"tags":[],"status":"available"},{"id":49087884,"category":{"id":-50629969,"name":"Excepteur elit"},"name":"doggie","photoUrls":["sed velit","ullamco dolore minim voluptate"],"tags":[{"id":-56971972,"name":"ipsum id mollit"},{"id":-27456905,"name":"aliquip velit amet ex"}],"status":"available"},{"id":9223372036854772487,"category":{"id":0,"name":"string"},"name":"fish","photoUrls":["string"],"tags":[{"id":0,"name":"string"}],"status":"available"},{"id":9223372036854772488,"category":{"id":0,"name":"string"},"name":"fish","photoUrls":["string"],"tags":[{"id":0,"name":"string"}],"status":"available"},{"id":9223372036854772489,"category":{"id":0,"name":"string"},"name":"fish","photoUrls":["string"],"tags":[{"id":0,"name":"string"}],"status":"available"},{"id":9223372036854772490,"category":{"id":0,"name":"string"},"name":"fish","photoUrls":["string"],"tags":[{"id":0,"name":"string"}],"status":"available"},{"id":9223372036854772491,"category":{"id":0,"name":"string"},"name":"doggie","photoUrls":["string"],"tags":[{"id":0,"name":"string"}],"status":"available"},{"id":9223372036854772494,"category":{"id":1,"name":"Cat"},"name":"Bruno","photoUrls":["https://upload.wikimedia.org/wikipedia/commons/0/0e/Felis_silvestris_silvestris.jpg"],"tags":[{"id":1,"name":"Felis silvestris"}],"status":"available"},{"id":9223372036854772509,"category":{"id":0,"name":"string"},"name":"doggie","photoUrls":["string"],"tags":[{"id":0,"name":"string"}],"status":"available"},{"id":9223372036854772516,"category":{"id":0,"name":"string"},"name":"doggie","photoUrls":["string"],"tags":[{"id":0,"name":"string"}],"status":"available"},{"id":9223372036854772524,"category":{"id":0,"name":"string"},"name":"Blue","photoUrls":["string"],"tags":[{"id":0,"name":"string"}],"status":"available"},{"id":9223372036854772535,"category":{"id":1,"name":"123"},"name":"Bobik","photoUrls":["string"],"tags":[{"id":1,"name":"234"},{"id":1,"name":"456"}],"status":"available"},{"id":9223372036854772547,"category":{"id":0,"name":"string"},"name":"fish","photoUrls":["string"],"tags":[{"id":0,"name":"string"}],"status":"available"},{"id":9223372036854772548,"category":{"id":0,"name":"string"},"name":"fish","photoUrls":["string"],"tags":[{"id":0,"name":"string"}],"status":"available"},{"id":9223372036854772552,"category":{"id":0,"name":"string"},"name":"doggie","photoUrls":["string"],"tags":[{"id":0,"name":"string"}],"status":"available"},{"id":9223372036854772553,"category":{"id":0,"name":"string"},"name":"fish","photoUrls":["string"],"tags":[{"id":0,"name":"string"}],"status":"available"},{"id":23456789,"category":{"id":0,"name":"string"},"name":"doggie","photoUrls":["string"],"tags":[{"id":0,"name":"string"}],"status":"available"},{"id":9223372036854772560,"category":{"id":0,"name":"string"},"name":"fish","photoUrls":["string"],"tags":[{"id":0,"name":"string"}],"status":"available"},{"id":9223372036854772567,"category":{"id":0,"name":"string"},"name":"doggie","photoUrls":["string"],"tags":[{"id":0,"name":"string"}],"status":"available"},{"id":9223372036854772568,"name":"doggie","photoUrls":[],"tags":[],"status":"available"},{"id":9223372036854772569,"name":"doggie","photoUrls":[],"tags":[],"status":"available"},{"id":9223372036854772571,"name":"doggie","photoUrls":[],"tags":[],"status":"available"},{"id":9223372036854772574,"name":"petname","photoUrls":[],"tags":[],"status":"available"},{"id":9223372036854772577,"name":"doggie","photoUrls":[],"tags":[],"status":"available"},{"id":9223372036854772578,"name":"doggie3","photoUrls":[],"tags":[],"status":"available"},{"id":9223372036854772579,"name":"doggie","photoUrls":[],"tags":[],"status":"available"},{"id":9223372036854772580,"name":"doggie2","photoUrls":[],"tags":[],"status":"available"},{"id":9223372036854772581,"name":"doggie3","photoUrls":[],"tags":[],"status":"available"},{"id":9223372036854772582,"name":"doggie","photoUrls":[],"tags":[],"status":"available"},{"id":9223372036854772583,"name":"doggie","photoUrls":[],"tags":[],"status":"available"},{"id":9223372036854772584,"name":"doggie","photoUrls":[],"tags":[],"status":"available"},{"id":9223372036854772585,"name":"doggie2","photoUrls":[],"tags":[],"status":"available"},{"id":9223372036854772586,"name":"doggie3","photoUrls":[],"tags":[],"status":"available"},{"id":9223372036854772587,"name":"doggie","photoUrls":[],"tags":[],"status":"available"},{"id":9223372036854772588,"name":"doggie2","photoUrls":[],"tags":[],"status":"available"},{"id":9223372036854772589,"name":"doggie3","photoUrls":[],"tags":[],"status":"available"},{"id":9223372036854772590,"name":"doggie","photoUrls":[],"tags":[],"status":"available"},{"id":9223372036854772591,"name":"doggie2","photoUrls":[],"tags":[],"status":"available"},{"id":9223372036854772592,"name":"doggie3","photoUrls":[],"tags":[],"status":"available"},{"id":9223372036854772594,"name":"doggie","photoUrls":[],"tags":[],"status":"available"},{"id":9223372036854772596,"name":"doggie2","photoUrls":[],"tags":[],"status":"available"},{"id":9223372036854772597,"name":"doggie3","photoUrls":[],"tags":[],"status":"available"},{"id":9223372036854772598,"name":"doggie","photoUrls":[],"tags":[],"status":"available"},{"id":9223372036854772599,"name":"doggie2","photoUrls":[],"tags":[],"status":"available"},{"id":9223372036854772600,"name":"doggie3","photoUrls":[],"tags":[],"status":"available"},{"id":9223372036854772601,"name":"doggie","photoUrls":[],"tags":[],"status":"available"},{"id":9223372036854772602,"name":"doggie","photoUrls":[],"tags":[],"status":"available"},{"id":9223372036854772603,"name":"doggie2","photoUrls":[],"tags":[],"status":"available"},{"id":9223372036854772604,"name":"doggie3","photoUrls":[],"tags":[],"status":"available"},{"id":9223372036854772605,"name":"doggie","photoUrls":[],"tags":[],"status":"available"},{"id":9223372036854772606,"name":"doggie","photoUrls":[],"tags":[],"status":"available"},{"id":9223372036854772607,"name":"doggie","photoUrls":[],"tags":[],"status":"available"},{"id":9223372036854772618,"name":"doggie4","photoUrls":[],"tags":[],"status":"available"},{"id":9223372036854772619,"name":"doggie3","photoUrls":[],"tags":[],"status":"available"},{"id":9223372036854772620,"name":"doggie2","photoUrls":[],"tags":[],"status":"available"},{"id":9223372036854772621,"name":"doggie1","photoUrls":[],"tags":[],"status":"available"},{"id":9223372036854772622,"name":"doggie0","photoUrls":[],"tags":[],"status":"available"},{"id":9223372036854772629,"category":{"id":0,"name":"string"},"name":"doggie","photoUrls":["string"],"tags":[{"id":0,"name":"string"}],"status":"available"},{"id":9223372036854772630,"name":"doggie","photoUrls":[],"tags":[],"status":"available"},{"id":9223372036854772631,"name":"doggie","photoUrls":[],"tags":[],"status":"available"},{"id":9223372036854772633,"name":"doggie","photoUrls":[],"tags":[],"status":"available"},{"id":9223372036854772636,"name":"petname","photoUrls":[],"tags":[],"status":"available"},{"id":9223372036854772639,"name":"doggie","photoUrls":[],"tags":[],"status":"available"},{"id":9223372036854772640,"name":"doggie3","photoUrls":[],"tags":[],"status":"available"},{"id":9223372036854772641,"name":"doggie","photoUrls":[],"tags":[],"status":"available"},{"id":9223372036854772642,"name":"doggie2","photoUrls":[],"tags":[],"status":"available"},{"id":9223372036854772643,"name":"doggie3","photoUrls":[],"tags":[],"status":"available"},{"id":9223372036854772644,"name":"doggie","photoUrls":[],"tags":[],"status":"available"},{"id":9223372036854772645,"name":"doggie","photoUrls":[],"tags":[],"status":"available"},{"id":9223372036854772646,"name":"doggie","photoUrls":[],"tags":[],"status":"available"},{"id":9223372036854772647,"name":"doggie2","photoUrls":[],"tags":[],"status":"available"},{"id":9223372036854772648,"name":"doggie3","photoUrls":[],"tags":[],"status":"available"},{"id":9223372036854772649,"name":"doggie","photoUrls":[],"tags":[],"status":"available"},{"id":9223372036854772650,"name":"doggie2","photoUrls":[],"tags":[],"status":"available"},{"id":9223372036854772651,"name":"doggie3","photoUrls":[],"tags":[],"status":"available"},{"id":9223372036854772652,"name":"doggie","photoUrls":[],"tags":[],"status":"available"},{"id":9223372036854772653,"name":"doggie2","photoUrls":[],"tags":[],"status":"available"},{"id":9223372036854772654,"name":"doggie3","photoUrls":[],"tags":[],"status":"available"},{"id":9223372036854772655,"name":"doggie","photoUrls":[],"tags":[],"status":"available"},{"id":9223372036854772656,"name":"doggie2","photoUrls":[],"tags":[],"status":"available"},{"id":9223372036854772657,"name":"doggie3","photoUrls":[],"tags":[],"status":"available"},{"id":9223372036854772658,"name":"doggie","photoUrls":[],"tags":[],"status":"available"},{"id":9223372036854772659,"name":"doggie","photoUrls":[],"tags":[],"status":"available"},{"id":9223372036854772660,"name":"doggie","photoUrls":[],"tags":[],"status":"available"},{"id":9223372036854772661,"name":"doggie2","photoUrls":[],"tags":[],"status":"available"},{"id":9223372036854772663,"name":"doggie3","photoUrls":[],"tags":[],"status":"available"},{"id":9223372036854772664,"name":"doggie","photoUrls":[],"tags":[],"status":"available"},{"id":9223372036854772665,"name":"doggie","photoUrls":[],"tags":[],"status":"available"},{"id":9223372036854772666,"name":"doggie","photoUrls":[],"tags":[],"status":"available"},{"id":9223372036854772667,"name":"doggie2","photoUrls":[],"tags":[],"status":"available"},{"id":9223372036854772670,"name":"petname","photoUrls":[],"tags":[],"status":"available"},{"id":9223372036854772671,"name":"doggie3","photoUrls":[],"tags":[],"status":"available"},{"id":9223372036854772674,"name":"doggie","photoUrls":[],"tags":[],"status":"available"},{"id":9223372036854772675,"name":"doggie","photoUrls":[],"tags":[],"status":"available"},{"id":9223372036854772676,"name":"doggie","photoUrls":[],"tags":[],"status":"available"},{"id":9223372036854772677,"name":"doggie3","photoUrls":[],"tags":[],"status":"available"},{"id":9223372036854772678,"name":"doggie","photoUrls":[],"tags":[],"status":"available"},{"id":9223372036854772679,"name":"doggie","photoUrls":[],"tags":[],"status":"available"},{"id":9223372036854772680,"category":{"id":1,"name":"123"},"name":"Bobik","photoUrls":["string"],"tags":[{"id":1,"name":"234"},{"id":1,"name":"456"}],"status":"available"},{"id":9223372036854772683,"name":"doggie2","photoUrls":[],"tags":[],"status":"available"},{"id":9223372036854772687,"name":"doggie3","photoUrls":[],"tags":[],"status":"available"},{"id":9223372036854772689,"name":"doggie","photoUrls":[],"tags":[],"status":"available"},{"id":9223372036854772695,"name":"doggie","photoUrls":[],"tags":[],"status":"available"},{"id":9223372036854772696,"name":"doggie","photoUrls":[],"tags":[],"status":"available"},{"id":9223372036854772697,"name":"doggie2","photoUrls":[],"tags":[],"status":"available"},{"id":9223372036854772698,"name":"doggie1","photoUrls":[],"tags":[],"status":"available"},{"id":9223372036854772699,"name":"doggie3","photoUrls":[],"tags":[],"status":"available"},{"id":9223372036854772700,"name":"doggie0","photoUrls":[],"tags":[],"status":"available"},{"id":9223372036854772701,"name":"doggie4","photoUrls":[],"tags":[],"status":"available"},{"id":9223372036854772702,"name":"doggie2","photoUrls":[],"tags":[],"status":"available"},{"id":9223372036854772703,"name":"doggie3","photoUrls":[],"tags":[],"status":"available"},{"id":9223372036854772704,"name":"doggie","photoUrls":[],"tags":[],"status":"available"},{"id":9223372036854772706,"name":"doggie2","photoUrls":[],"tags":[],"status":"available"},{"id":9223372036854772707,"name":"doggie3","photoUrls":[],"tags":[],"status":"available"},{"id":9223372036854772709,"name":"doggie","photoUrls":[],"tags":[],"status":"available"},{"id":9223372036854772710,"name":"doggie2","photoUrls":[],"tags":[],"status":"available"},{"id":9223372036854772711,"name":"doggie3","photoUrls":[],"tags":[],"status":"available"},{"id":9223372036854772712,"name":"doggie","photoUrls":[],"tags":[],"status":"available"},{"id":9223372036854772713,"name":"doggie2","photoUrls":[],"tags":[],"status":"available"},{"id":9223372036854772714,"name":"doggie3","photoUrls":[],"tags":[],"status":"available"},{"id":9223372036854772715,"name":"doggie","photoUrls":[],"tags":[],"status":"available"},{"id":9223372036854772716,"name":"doggie2","photoUrls":[],"tags":[],"status":"available"},{"id":9223372036854772717,"name":"doggie3","photoUrls":[],"tags":[],"status":"available"},{"id":9223372036854772718,"name":"doggie","photoUrls":[],"tags":[],"status":"available"},{"id":9223372036854772719,"name":"doggie","photoUrls":[],"tags":[],"status":"available"},{"id":9223372036854772720,"name":"doggie2","photoUrls":[],"tags":[],"status":"available"},{"id":9223372036854772721,"name":"doggie3","photoUrls":[],"tags":[],"status":"available"},{"id":9223372036854772722,"name":"doggie","photoUrls":[],"tags":[],"status":"available"},{"id":9223372036854772723,"name":"doggie","photoUrls":[],"tags":[],"status":"available"},{"id":9223372036854772724,"name":"doggie","photoUrls":[],"tags":[],"status":"available"},{"id":9223372036854772735,"name":"doggie1","photoUrls":[],"tags":[],"status":"available"},{"id":9223372036854772736,"name":"doggie0","photoUrls":[],"tags":[],"status":"available"},{"id":9223372036854772737,"name":"doggie3","photoUrls":[],"tags":[],"status":"available"},{"id":9223372036854772738,"name":"doggie2","photoUrls":[],"tags":[],"status":"available"},{"id":9223372036854772739,"name":"doggie4","photoUrls":[],"tags":[],"status":"available"},{"id":9223372036854772744,"category":{"id":1,"name":"123"},"name":"Bobik","photoUrls":["string"],"tags":[{"id":1,"name":"234"},{"id":1,"name":"456"}],"status":"available"},{"id":9223372036854772748,"category":{"id":1,"name":"123"},"name":"Bobik","photoUrls":["string"],"tags":[{"id":1,"name":"234"},{"id":1,"name":"456"}],"status":"available"},{"id":9223372036854772751,"category":{"id":0,"name":"string"},"name":"fish","photoUrls":["string"],"tags":[{"id":0,"name":"string"}],"status":"available"},{"id":9223372036854772752,"category":{"id":0,"name":"string"},"name":"fish","photoUrls":["string"],"tags":[{"id":0,"name":"string"}],"status":"available"},{"id":9223372036854772753,"category":{"id":1,"name":"123"},"name":"Bobik","photoUrls":["string"],"tags":[{"id":1,"name":"234"},{"id":1,"name":"456"}],"status":"available"},{"id":9223372036854772758,"category":{"id":1,"name":"123"},"name":"Bobik","photoUrls":["string"],"tags":[{"id":1,"name":"234"},{"id":1,"name":"456"}],"status":"available"},{"id":112233,"category":{"id":30,"name":"Eq-dog"},"name":"Postman","photoUrls":["URLLink"],"tags":[{"id":10,"name":"Doberman"}],"status":"available"},{"id":9223372036854772764,"name":"Jimmy","photoUrls":["string"],"tags":[],"status":"available"},{"id":9222968140491042131,"category":{"id":0,"name":"string"},"name":"doggie","photoUrls":["string"],"tags":[{"id":0,"name":"string"}],"status":"available"},{"id":9223372036854772765,"category":{"id":0,"name":"string"},"name":"fish","photoUrls":["string"],"tags":[{"id":0,"name":"string"}],"status":"available"},{"id":9223372036854772766,"category":{"id":0,"name":"string"},"name":"fish","photoUrls":["string"],"tags":[{"id":0,"name":"string"}],"status":"available"},{"id":9223372036854772771,"category":{"id":0,"name":"string"},"name":"fish","photoUrls":["string"],"tags":[{"id":0,"name":"string"}],"status":"available"},{"id":9223372036854772772,"category":{"id":0,"name":"string"},"name":"fish","photoUrls":["string"],"tags":[{"id":0,"name":"string"}],"status":"available"},{"id":9223372036854772773,"category":{"id":0,"name":"string"},"name":"fish","photoUrls":["string"],"tags":[{"id":0,"name":"string"}],"status":"available"},{"id":9223372036854772778,"category":{"id":0,"name":"string"},"name":"fish","photoUrls":["string"],"tags":[{"id":0,"name":"string"}],"status":"available"},{"id":9223372036854772786,"category":{"id":1804,"name":"dog"},"name":"rex","photoUrls":["string"],"tags":[{"id":1804,"name":"sheperd"}],"status":"available"},{"id":9223372036854772787,"category":{"id":0,"name":"string"},"name":"doggie","photoUrls":["string"],"tags":[{"id":0,"name":"string"}],"status":"available"},{"id":9223372036854772792,"category":{"id":1804,"name":"dog"},"name":"rex","photoUrls":["string"],"tags":[{"id":1804,"name":"sheperd"}],"status":"available"},{"id":9223372036854772793,"category":{"id":1804,"name":"dog"},"name":"rex","photoUrls":["string"],"tags":[{"id":1804,"name":"sheperd"}],"status":"available"},{"id":9223372036854772794,"category":{"id":0,"name":"cats"},"name":"красивые большие глазки","photoUrls":["https://klike.net/uploads/posts/2019-06/medium/1561011173_8.jpg"],"tags":[{"id":0,"name":"большие глазки"}],"status":"available"},{"id":9222968140497180179,"category":{"id":0,"name":"string"},"name":"test","photoUrls":["string"],"tags":[{"id":0,"name":"string"}],"status":"available"},{"id":9223372036854772805,"category":{"id":1804,"name":"dog"},"name":"rex","photoUrls":["string"],"tags":[{"id":1804,"name":"sheperd"}],"status":"available"},{"id":1245,"category":{"id":1245,"name":"xyz"},"name":"xyz","photoUrls":["test"],"tags":[],"status":"available"},{"id":9223372036854772809,"category":{"id":1804,"name":"dog"},"name":"rex","photoUrls":["string"],"tags":[{"id":1804,"name":"sheperd"}],"status":"available"},{"id":1340,"category":{"id":1340,"name":"cat"},"name":"persic","photoUrls":["string"],"tags":[{"id":1340,"name":"red"}],"status":"available"},{"id":9223372036854772829,"category":{"id":1804,"name":"dog"},"name":"rex","photoUrls":["string"],"tags":[{"id":1804,"name":"sheperd"}],"status":"available"},{"id":9223372036854772831,"category":{"id":0,"name":"string"},"name":"doggie","photoUrls":["string"],"tags":[{"id":0,"name":"string"}],"status":"available"},{"id":478364873,"category":{"id":1,"name":"Cat"},"name":"Bruno","photoUrls":["https://upload.wikimedia.org/wikipedia/commons/0/0e/Felis_silvestris_silvestris.jpg"],"tags":[{"id":1,"name":"Felis silvestris"}],"status":"available"},{"id":9223372036854772832,"category":{"id":0,"name":"string"},"name":"fish","photoUrls":["string"],"tags":[{"id":0,"name":"string"}],"status":"available"},{"id":9223372036854772833,"category":{"id":0,"name":"string"},"name":"doggie","photoUrls":["string"],"tags":[{"id":0,"name":"string"}],"status":"available"},{"id":9223372036854772835,"category":{"id":0,"name":"string"},"name":"fish","photoUrls":["string"],"tags":[{"id":0,"name":"string"}],"status":"available"},{"id":9223372036854772838,"category":{"id":0,"name":"string"},"name":"doggie","photoUrls":["string"],"tags":[{"id":0,"name":"string"}],"status":"available"},{"id":9223372036854772845,"name":"doggieUpdated","photoUrls":[],"tags":[],"status":"available"},{"id":9223372036854772846,"name":"fishUpdated","photoUrls":[],"tags":[],"status":"available"},{"id":9223372036854772847,"name":"LunaUpdated","photoUrls":[],"tags":[],"status":"available"},{"id":9223372036854772848,"name":"CharlieUpdated","photoUrls":[],"tags":[],"status":"available"},{"id":9223372036854772849,"category":{"id":0,"name":"string"},"name":"fish","photoUrls":["string"],"tags":[{"id":0,"name":"string"}],"status":"available"},{"id":88888,"category":{"id":0,"name":"string"},"name":"bentley","photoUrls":["string"],"tags":[{"id":0,"name":"string"}],"status":"available"},{"id":9223372036854772862,"name":"doggieUpdated","photoUrls":[],"tags":[],"status":"available"},{"id":9223372036854772866,"name":"fishUpdated","photoUrls":[],"tags":[],"status":"available"},{"id":9223372036854772868,"name":"LunaUpdated","photoUrls":[],"tags":[],"status":"available"},{"id":9223372036854772869,"category":{"id":1804,"name":"dog"},"name":"rex","photoUrls":["string"],"tags":[{"id":1804,"name":"sheperd"}],"status":"available"},{"id":9223372036854772870,"name":"CharlieUpdated","photoUrls":[],"tags":[],"status":"available"},{"id":9223372036854772872,"category":{"id":1804,"name":"dog"},"name":"rex","photoUrls":["string"],"tags":[{"id":1804,"name":"sheperd"}],"status":"available"},{"id":9223372036854772875,"category":{"id":0,"name":"string"},"name":"fish","photoUrls":["string"],"tags":[{"id":0,"name":"string"}],"status":"available"},{"id":9223372036854772876,"category":{"id":0,"name":"string"},"name":"doggie","photoUrls":["string"],"tags":[{"id":0,"name":"string"}],"status":"available"},{"id":9223372036854772884,"category":{"id":0,"name":"Dog"},"name":"Günther","photoUrls":["https://www.bmel.de/SharedDocs/Bilder/DE/_Tiere/Haus-Zootiere/tierschutz-hunde.jpg?__blob=wide&v=3"],"tags":[{"id":0,"name":"string"}],"status":"available"},{"id":9223372036854772907,"category":{"id":0,"name":"string"},"name":"fish","photoUrls":["string"],"tags":[{"id":0,"name":"string"}],"status":"available"},{"id":9223372036854772911,"category":{"id":0,"name":"string"},"name":"fish","photoUrls":["string"],"tags":[{"id":0,"name":"string"}],"status":"available"},{"id":9223372036854772913,"category":{"id":0,"name":"Жужа"},"name":"doggie","photoUrls":["string"],"tags":[{"id":0,"name":"string"}],"status":"available"},{"id":9223372036854772922,"category":{"id":0,"name":"mer"},"name":"doggie","photoUrls":["string"],"tags":[{"id":0,"name":"kuuur"}],"status":"available"},{"id":9223372036854772926,"category":{"id":0,"name":"string"},"name":"doggie","photoUrls":["string"],"tags":[{"id":0,"name":"string"}],"status":"available"},{"id":9223372036854772927,"category":{"id":0,"name":"string"},"name":"fish","photoUrls":["string"],"tags":[{"id":0,"name":"string"}],"status":"available"},{"id":9223372036854772928,"category":{"id":0,"name":"string"},"name":"fish","photoUrls":["string"],"tags":[{"id":0,"name":"string"}],"status":"available"},{"id":9223372036854772932,"category":{"id":0,"name":"string"},"name":"doggie","photoUrls":["string"],"tags":[{"id":0,"name":"string"}],"status":"available"},{"id":9223372036854772937,"category":{"id":1,"name":"123"},"name":"Bobik","photoUrls":["string"],"tags":[{"id":1,"name":"234"},{"id":1,"name":"456"}],"status":"available"},{"id":9223372036854772938,"name":"Jimmy","photoUrls":["string"],"tags":[],"status":"available"},{"id":9223372036854772939,"category":{"id":0,"name":"string"},"name":"doggie","photoUrls":["string"],"tags":[{"id":0,"name":"string"}],"status":"available"},{"id":9223372036854772942,"category":{"id":0,"name":"string"},"name":"fish","photoUrls":["string"],"tags":[{"id":0,"name":"string"}],"status":"available"},{"id":9223372036854772943,"category":{"id":0,"name":"string"},"name":"fish","photoUrls":["string"],"tags":[{"id":0,"name":"string"}],"status":"available"},{"id":9223372036854772944,"category":{"id":0,"name":"string"},"name":"fish","photoUrls":["string"],"tags":[{"id":0,"name":"string"}],"status":"available"},{"id":3342,"category":{"id":0},"name":"keks","photoUrls":["string"],"tags":[{"id":0,"name":"string"}],"status":"available"},{"id":9223372036854772959,"category":{"id":0,"name":"string"},"name":"fish","photoUrls":["string"],"tags":[{"id":0,"name":"string"}],"status":"available"},{"id":5958,"category":{"id":0},"name":"keks","photoUrls":["string"],"tags":[{"id":0,"name":"string"}],"status":"available"},{"id":6730,"category":{"id":0},"name":"keks","photoUrls":["string"],"tags":[{"id":0,"name":"string"}],"status":"available"},{"id":9223372036854773018,"category":{"id":0,"name":"string"},"name":"doggie","photoUrls":["string"],"tags":[{"id":0,"name":"string"}],"status":"available"},{"id":9223372036854773019,"category":{"id":0,"name":"string"},"name":"Puppy","photoUrls":["string"],"tags":[{"id":0,"name":"string"}],"status":"available"},{"id":9223372036854773030,"category":{"id":0,"name":"string"},"name":"doggie","photoUrls":["string"],"tags":[{"id":0,"name":"string"}],"status":"available"},{"id":9223372036854773032,"category":{"id":0,"name":"string"},"name":"fish","photoUrls":["string"],"tags":[{"id":0,"name":"string"}],"status":"available"},{"id":9223372036854773033,"category":{"id":0,"name":"string"},"name":"fish","photoUrls":["string"],"tags":[{"id":0,"name":"string"}],"status":"available"},{"id":9223372036854773034,"category":{"id":0,"name":"string"},"name":"Puppy","photoUrls":["string"],"tags":[{"id":0,"name":"string"}],"status":"available"},{"id":9223372036854773035,"name":"Jimmy","photoUrls":["string"],"tags":[],"status":"available"},{"id":9223372036854773039,"category":{"id":0,"name":"string"},"name":"doggie","photoUrls":["string"],"tags":[{"id":0,"name":"string"}],"status":"available"},{"id":9359,"category":{"id":0},"name":"keks","photoUrls":["string"],"tags":[{"id":0,"name":"string"}],"status":"available"},{"id":9223372036854773044,"category":{"id":0,"name":"string"},"name":"fish","photoUrls":["string"],"tags":[{"id":0,"name":"string"}],"status":"available"},{"id":9223372036854773045,"category":{"id":0,"name":"string"},"name":"Gigi","photoUrls":["string"],"tags":[{"id":0,"name":"string"}],"status":"available"},{"id":9223372036854773046,"name":"Jimmy","photoUrls":["string"],"tags":[],"status":"available"},{"id":9223372036854773048,"category":{"id":0,"name":"string"},"name":"fish","photoUrls":["string"],"tags":[{"id":0,"name":"string"}],"status":"available"},{"id":123456,"name":"Fluffy","photoUrls":[],"tags":[],"status":"available"},{"id":9223372036854773066,"category":{"id":0,"name":"Жужа"},"name":"doggie","photoUrls":["string"],"tags":[{"id":0,"name":"string"}],"status":"available"},{"id":9223372036854773069,"category":{"id":0,"name":"string"},"name":"doggie","photoUrls":["string"],"tags":[{"id":0,"name":"string"}],"status":"available"},{"id":9223372036854773070,"category":{"id":0,"name":"string"},"name":"doggie","photoUrls":["string"],"tags":[{"id":0,"name":"string"}],"status":"available"},{"id":9223372036854773075,"category":{"id":0,"name":"string"},"name":"doggie","photoUrls":["string"],"tags":[{"id":0,"name":"string"}],"status":"available"},{"id":9223372036854773078,"category":{"id":0,"name":"cats"},"name":"красивые большие глазки","photoUrls":["https://klike.net/uploads/posts/2019-06/medium/1561011173_8.jpg"],"tags":[{"id":0,"name":"большие глазки"}],"status":"available"},{"id":9223372036854773080,"category":{"id":0,"name":"string"},"name":"doggie","photoUrls":["string"],"tags":[{"id":0,"name":"string"}],"status":"available"},{"id":9223372036854773082,"name":"Jimmy","photoUrls":["string"],"tags":[],"status":"available"},{"id":9223372036854773085,"category":{"id":0,"name":"string"},"name":"fish","photoUrls":["string"],"tags":[{"id":0,"name":"string"}],"status":"available"},{"id":9223372036854773086,"category":{"id":0,"name":"string"},"name":"fish","photoUrls":["string"],"tags":[{"id":0,"name":"string"}],"status":"available"},{"id":9223372036854773094,"category":{"id":0,"name":"string"},"name":"doggie","photoUrls":["string"],"tags":[{"id":0,"name":"string"}],"status":"available"},{"id":9223372036854773095,"category":{"id":0,"name":"cats"},"name":"красивые большие глазки","photoUrls":["https://klike.net/uploads/posts/2019-06/medium/1561011173_8.jpg"],"tags":[{"id":0,"name":"большие глазки"}],"status":"available"},{"id":9223372036854773096,"category":{"id":0,"name":"string"},"name":"doggie","photoUrls":["string"],"tags":[{"id":0,"name":"string"}],"status":"available"},{"id":9223372036854773099,"category":{"id":0,"name":"Жужа"},"name":"doggie","photoUrls":["string"],"tags":[{"id":0,"name":"string"}],"status":"available"},{"id":99996,"name":"doggie_by_ms","photoUrls":["string"],"tags":[{"id":0,"name":"string"}],"status":"available"},{"id":9223372036854773102,"category":{"id":0,"name":"string"},"name":"fish","photoUrls":["string"],"tags":[{"id":0,"name":"string"}],"status":"available"},{"id":9223372036854773103,"category":{"id":0,"name":"string"},"name":"fish","photoUrls":["string"],"tags":[{"id":0,"name":"string"}],"status":"available"},{"id":9223372036854773110,"category":{"id":0,"name":"string"},"name":"doggie","photoUrls":["string"],"tags":[{"id":0,"name":"string"}],"status":"available"},{"id":322,"category":{"id":323},"name":"Flopa","photoUrls":[],"tags":[],"status":"available"},{"id":9223372036854773116,"category":{"id":0,"name":"Жужа"},"name":"doggie","photoUrls":["string"],"tags":[{"id":0,"name":"string"}],"status":"available"},{"id":9223372036854773125,"category":{"id":0,"name":"string"},"name":"fish","photoUrls":["string"],"tags":[{"id":0,"name":"string"}],"status":"available"},{"id":9223372036854773127,"category":{"id":0,"name":"string"},"name":"fish","photoUrls":["string"],"tags":[{"id":0,"name":"string"}],"status":"available"},{"id":9223372036854773128,"category":{"id":0,"name":"string"},"name":"fish","photoUrls":["string"],"tags":[{"id":0,"name":"string"}],"status":"available"},{"id":9223372036854773129,"category":{"id":0,"name":"string"},"name":"fish","photoUrls":["string"],"tags":[{"id":0,"name":"string"}],"status":"available"},{"id":9223372036854773130,"category":{"id":0,"name":"Вава"},"name":"doggie","photoUrls":["string"],"tags":[{"id":0,"name":"string"}],"status":"available"},{"id":9223372036854773133,"category":{"id":0,"name":"cats"},"name":"красивые большие глазки","photoUrls":["https://klike.net/uploads/posts/2019-06/medium/1561011173_8.jpg"],"tags":[{"id":0,"name":"большие глазки"}],"status":"available"},{"id":103,"category":{"id":1,"name":"dog"},"name":"pokkirie","photoUrls":["string"],"tags":[{"id":0,"name":"string"}],"status":"available"},{"id":9223372036854773169,"name":"Jimmy","photoUrls":["string"],"tags":[],"status":"available"},{"id":9223372036854773170,"category":{"id":0,"name":"string"},"name":"doggie","photoUrls":["string"],"tags":[{"id":0,"name":"string"}],"status":"available"},{"id":9223372036854773187,"category":{"id":0,"name":"string"},"name":"fish","photoUrls":["string"],"tags":[{"id":0,"name":"string"}],"status":"available"},{"id":9223372036854773188,"category":{"id":0,"name":"string"},"name":"fish","photoUrls":["string"],"tags":[{"id":0,"name":"string"}],"status":"available"},{"id":90,"category":{"id":0,"name":"string"},"name":"\"\"","photoUrls":["string"],"tags":[{"id":0,"name":"tagSwathi"}],"status":"available"},{"id":9223372036854773198,"category":{"id":0,"name":"string"},"name":"doggie","photoUrls":["string"],"tags":[{"id":0,"name":"tagSwathi"}],"status":"available"},{"id":9223372036854773204,"category":{"id":0,"name":"string"},"name":"fish","photoUrls":["string"],"tags":[{"id":0,"name":"string"}],"status":"available"},{"id":55,"category":{"id":0,"name":"string"},"name":"VssAdministrator","photoUrls":["string"],"tags":[{"id":0,"name":"string"}],"status":"available"},{"id":9223372036854773212,"category":{"id":0,"name":"string"},"name":"doggie","photoUrls":["string"],"tags":[{"id":0,"name":"tagSwathi"}],"status":"available"},{"id":9223372036854773216,"category":{"id":0,"name":"string"},"name":"fish","photoUrls":["string"],"tags":[{"id":0,"name":"string"}],"status":"available"},{"id":9223372036854773218,"category":{"id":0,"name":"string"},"name":"doggie","photoUrls":["string"],"tags":[{"id":0,"name":"tagSwathi"}],"status":"available"},{"id":9223372036854773232,"category":{"id":0,"name":"string"},"name":"doggie","photoUrls":["string"],"tags":[{"id":0,"name":"tagSwathi"}],"status":"available"},{"id":9223372036854773236,"category":{"id":0,"name":"string"},"name":"doggie","photoUrls":["string"],"tags":[{"id":0,"name":"string"}],"status":"available"},{"id":9223372036854773250,"category":{"id":0,"name":"string"},"name":"doggie","photoUrls":["string"],"tags":[{"id":0,"name":"string"}],"status":"available"},{"id":9223372036854773251,"category":{"id":0,"name":"string"},"name":"doggie","photoUrls":["string"],"tags":[{"id":0,"name":"string"}],"status":"available"},{"id":9223372036854773252,"category":{"id":0,"name":"string"},"name":"fish","photoUrls":["string"],"tags":[{"id":0,"name":"string"}],"status":"available"},{"id":9223372036854773254,"category":{"id":0,"name":"string"},"name":"fish","photoUrls":["string"],"tags":[{"id":0,"name":"string"}],"status":"available"},{"id":9223372036854773263,"category":{"id":0,"name":"string"},"name":"fish","photoUrls":["string"],"tags":[{"id":0,"name":"string"}],"status":"available"},{"id":9223372036854773264,"category":{"id":0,"name":"string"},"name":"fish","photoUrls":["string"],"tags":[{"id":0,"name":"string"}],"status":"available"},{"id":9223372036854773265,"category":{"id":0,"name":"string"},"name":"doggie","photoUrls":["string"],"tags":[{"id":0,"name":"string"}],"status":"available"},{"id":9223372036854773266,"category":{"id":0,"name":"string"},"name":"doggie","photoUrls":["string"],"tags":[{"id":0,"name":"string"}],"status":"available"},{"id":9223372036854773267,"category":{"id":0,"name":"string"},"name":"doggie","photoUrls":["string"],"tags":[{"id":0,"name":"string"}],"status":"available"},{"id":9223372036854773268,"category":{"id":0,"name":"string"},"name":"doggie","photoUrls":["string"],"tags":[{"id":0,"name":"string"}],"status":"available"},{"id":9223372036854773269,"category":{"id":0,"name":"string"},"name":"doggie","photoUrls":["string"],"tags":[{"id":0,"name":"string"}],"status":"available"},{"id":9223372036854773270,"category":{"id":0,"name":"string"},"name":"doggie","photoUrls":["string"],"tags":[{"id":0,"name":"string"}],"status":"available"},{"id":9223372036854773273,"category":{"id":0,"name":"string"},"name":"doggie","photoUrls":["string"],"tags":[{"id":0,"name":"string"}],"status":"available"},{"id":9223372036854773274,"category":{"id":0,"name":"string"},"name":"doggie","photoUrls":["string"],"tags":[{"id":0,"name":"string"}],"status":"available"},{"id":9223372036854773276,"category":{"id":0,"name":"string"},"name":"doggie","photoUrls":["string"],"tags":[{"id":0,"name":"string"}],"status":"available"},{"id":9223372036854773278,"category":{"id":0,"name":"string"},"name":"doggie","photoUrls":["string"],"tags":[{"id":0,"name":"string"}],"status":"available"},{"id":9223372036854773283,"category":{"id":0,"name":"string"},"name":"doggie","photoUrls":["string"],"tags":[{"id":0,"name":"string"}],"status":"available"},{"id":12345,"category":{"id":0,"name":"cats"},"name":"красивые большие глазки","photoUrls":["https://klike.net/uploads/posts/2019-06/medium/1561011173_8.jpg"],"tags":[{"id":0,"name":"большие глазки"}],"status":"available"},{"id":1816,"category":{"id":1804,"name":"dog"},"name":"rex","photoUrls":["string"],"tags":[{"id":1804,"name":"sheperd"}],"status":"available"},{"id":9223372036854773285,"category":{"id":0,"name":"puppy"},"name":"doggie","photoUrls":["string"],"tags":[{"id":0,"name":"Charlie"}],"status":"available"},{"id":9223372036854773286,"category":{"id":0,"name":"string"},"name":"fish","photoUrls":["string"],"tags":[{"id":0,"name":"string"}],"status":"available"},{"id":9223372036854773287,"name":"siyaan","photoUrls":[],"tags":[],"status":"available"},{"id":9223372036854773288,"category":{"id":0,"name":"string"},"name":"doggie","photoUrls":["string"],"tags":[{"id":0,"name":"string"}],"status":"available"},{"id":9223372036854773289,"category":{"id":0,"name":"string"},"name":"doggie","photoUrls":["string"],"tags":[{"id":0,"name":"string"}],"status":"available"},{"id":9223372036854773290,"category":{"id":0,"name":"string"},"name":"fish","photoUrls":["string"],"tags":[{"id":0,"name":"string"}],"status":"available"},{"id":9223372036854773291,"category":{"id":0,"name":"string"},"name":"doggie","photoUrls":["string"],"tags":[{"id":0,"name":"string"}],"status":"available"},{"id":9223372036854773292,"category":{"id":0,"name":"string"},"name":"doggie","photoUrls":["string"],"tags":[{"id":0,"name":"string"}],"status":"available"},{"id":9223372036854773294,"category":{"id":0,"name":"string"},"name":"fish","photoUrls":["string"],"tags":[{"id":0,"name":"string"}],"status":"available"},{"id":9223372036854773295,"category":{"id":0,"name":"string"},"name":"fish","photoUrls":["string"],"tags":[{"id":0,"name":"string"}],"status":"available"},{"id":9223372036854773298,"category":{"id":0,"name":"string"},"name":"doggie","photoUrls":["string"],"tags":[{"id":0,"name":"string"}],"status":"available"},{"id":98798404,"category":{"id":67482512,"name":"eiusmod Excepteur cillum"},"name":"doggie","photoUrls":["consequat magna deserunt cupidatat","ullamco sunt amet ea conse"],"tags":[{"id":38658984,"name":"consequat tempor"},{"id":-69811051,"name":"eu cillum do nisi sit"}],"status":"available"},{"id":9223372036854773299,"category":{"id":0,"name":"string"},"name":"doggie","photoUrls":["string"],"tags":[{"id":0,"name":"string"}],"status":"available"},{"id":9223372036854773303,"category":{"id":0,"name":"string"},"name":"doggie","photoUrls":["string"],"tags":[{"id":0,"name":"string"}],"status":"available"},{"id":645,"category":{"id":1,"name":"dog"},"name":"Wow","photoUrls":[],"tags":[{"id":1,"name":"Dog"}],"status":"available"},{"id":9223372036854773320,"category":{"id":1,"name":"homie"},"name":"Alice322","photoUrls":["string"],"tags":[{"id":1,"name":"rabbit"}],"status":"available"},{"id":9223372036854773332,"category":{"id":0,"name":"string"},"name":"doggie","photoUrls":["string"],"tags":[{"id":0,"name":"string"}],"status":"available"},{"id":9223372036854773333,"category":{"id":0,"name":"string"},"name":"doggie","photoUrls":["string"],"tags":[{"id":0,"name":"string"}],"status":"available"},{"id":9223372036854773334,"category":{"id":0,"name":"string"},"name":"Blue","photoUrls":["string"],"tags":[{"id":0,"name":"string"}],"status":"available"},{"id":9223372036854773335,"category":{"id":0,"name":"string"},"name":"doggie","photoUrls":["string"],"tags":[{"id":0,"name":"string"}],"status":"available"},{"id":9223372036854773337,"category":{"id":0,"name":"Вава"},"name":"doggie","photoUrls":["string"],"tags":[{"id":0,"name":"string"}],"status":"available"},{"id":9223372036854773338,"category":{"id":0,"name":"string"},"name":"fish","photoUrls":["string"],"tags":[{"id":0,"name":"string"}],"status":"available"},{"id":9223372036854773339,"category":{"id":0,"name":"string"},"name":"doggie","photoUrls":["string"],"tags":[{"id":0,"name":"string"}],"status":"available"},{"id":9223372036854773340,"category":{"id":0,"name":"string"},"name":"doggie","photoUrls":["string"],"tags":[{"id":0,"name":"string"}],"status":"available"},{"id":19,"category":{"id":0,"name":"string"},"name":"doggie","photoUrls":["string"],"tags":[{"id":0,"name":"string"}],"status":"available"},{"id":9223372036854773345,"category":{"id":0,"name":"string"},"name":"fish","photoUrls":["string"],"tags":[{"id":0,"name":"string"}],"status":"available"},{"id":12,"category":{"id":1,"name":"string"},"name":"doggie","photoUrls":["string"],"tags":[{"id":1,"name":"string"}],"status":"available"},{"id":9223372036854773348,"category":{"id":0,"name":"string"},"name":"doggie","photoUrls":["string"],"tags":[{"id":0,"name":"string"}],"status":"available"},{"id":9223372036854773351,"category":{"id":0,"name":"Вава"},"name":"doggie","photoUrls":["string"],"tags":[{"id":0,"name":"string"}],"status":"available"},{"id":9223372036854773352,"category":{"id":0,"name":"string"},"name":"doggie","photoUrls":["string"],"tags":[{"id":0,"name":"string"}],"status":"available"},{"id":9223372036854773353,"category":{"id":0,"name":"string"},"name":"fish","photoUrls":["string"],"tags":[{"id":0,"name":"string"}],"status":"available"},{"id":9223372036854773363,"category":{"id":0,"name":"Вава"},"name":"doggie","photoUrls":["string"],"tags":[{"id":0,"name":"string"}],"status":"available"},{"id":9223372036854773367,"category":{"id":0,"name":"string"},"name":"doggie","photoUrls":["string"],"tags":[{"id":0,"name":"string"}],"status":"available"},{"id":9223372036854773368,"category":{"id":0,"name":"string"},"name":"doggie","photoUrls":["string"],"tags":[{"id":0,"name":"string"}],"status":"available"},{"id":83402955,"category":{"id":-47552382,"name":"non commodo in"},"name":"doggie","photoUrls":["est","aliqua culpa reprehenderit labore"],"tags":[{"id":-12365530,"name":"ea"},{"id":4697299,"name":"deserunt"}],"status":"available"},{"id":9223372036854773369,"category":{"id":0,"name":"string"},"name":"test","photoUrls":["string"],"tags":[{"id":0,"name":"string"}],"status":"available"},{"id":9223372036854773370,"category":{"id":0,"name":"string"},"name":"test","photoUrls":["string"],"tags":[{"id":0,"name":"string"}],"status":"available"},{"id":9223372036854773371,"category":{"id":0,"name":"string"},"name":"test","photoUrls":["string"],"tags":[{"id":0,"name":"string"}],"status":"available"},{"id":9223372036854773372,"category":{"id":0,"name":"string"},"name":"test","photoUrls":["string"],"tags":[{"id":0,"name":"string"}],"status":"available"},{"id":17751411,"category":{"id":95379400,"name":"esse iru"},"name":"doggie","photoUrls":["in cupidatat nulla","est laborum ut"],"tags":[{"id":57974765,"name":"incididunt ea sit"},{"id":-82122710,"name":"dolor sint in ea"}],"status":"available"},{"id":9223372036854773375,"category":{"id":0,"name":"string"},"name":"fish","photoUrls":["string"],"tags":[{"id":0,"name":"string"}],"status":"available"},{"id":9223372036854773377,"category":{"id":0,"name":"string"},"name":"doggie","photoUrls":["string"],"tags":[{"id":0,"name":"string"}],"status":"available"},{"id":9223372036854773379,"category":{"id":0,"name":"Вава"},"name":"doggie","photoUrls":["string"],"tags":[{"id":0,"name":"string"}],"status":"available"},{"id":1,"category":{"id":1,"name":"string"},"name":"doggie","photoUrls":["string"],"tags":[{"id":1,"name":"string"}],"status":"available"},{"id":9223372036854773382,"category":{"id":0,"name":"Вава"},"name":"doggie","photoUrls":["string"],"tags":[{"id":0,"name":"string"}],"status":"available"}]

11:53:37.184 [pool-1-thread-4] ERROR com.intuit.karate - classpath:examples/users/pets.feature:19
Then status 400
status code was: 200, expected: 400, response time in milliseconds: 1762, url: https://petstore.swagger.io/v2/pet/findByStatus?status=available, response: 
[{"id":9223372036854772447,"category":{"id":1,"name":"123"},"name":"Bobik","photoUrls":["string"],"tags":[{"id":1,"name":"234"},{"id":1,"name":"456"}],"status":"available"},{"id":9223372036854772449,"category":{"id":0,"name":"string"},"name":"doggie","photoUrls":["string"],"tags":[{"id":0,"name":"string"}],"status":"available"},{"id":9223372036854772455,"category":{"id":0,"name":"string"},"name":"fish","photoUrls":["string"],"tags":[{"id":0,"name":"string"}],"status":"available"},{"id":9223372036854772456,"category":{"id":0,"name":"string"},"name":"fish","photoUrls":["string"],"tags":[{"id":0,"name":"string"}],"status":"available"},{"id":9223372036854772461,"category":{"id":0,"name":"string"},"name":"doggie","photoUrls":["string"],"tags":[{"id":0,"name":"string"}],"status":"available"},{"id":9223372036854772464,"category":{"id":1,"name":"123"},"name":"Bobik","photoUrls":["string"],"tags":[{"id":1,"name":"234"},{"id":1,"name":"456"}],"status":"available"},{"id":9223372036854772466,"category":{"id":0,"name":"string"},"name":"fish","photoUrls":["string"],"tags":[{"id":0,"name":"string"}],"status":"available"},{"id":9223372036854772467,"category":{"id":0,"name":"string"},"name":"fish","photoUrls":["string"],"tags":[{"id":0,"name":"string"}],"status":"available"},{"id":222,"name":"tex","photoUrls":[],"tags":[{"id":21,"name":"tex"}],"status":"available"},{"id":9223372036854772472,"category":{"id":-40550398,"name":"fish"},"name":"nemo","photoUrls":["ut incididunt Duis Ut quis","esse dolor aute"],"tags":[{"id":87374033,"name":"laborum anim commodo"},{"id":20541211,"name":"enim deserunt"}],"status":"available"},{"id":9223372036854772475,"name":"Jimmy","photoUrls":["string"],"tags":[],"status":"available"},{"id":49087884,"category":{"id":-50629969,"name":"Excepteur elit"},"name":"doggie","photoUrls":["sed velit","ullamco dolore minim voluptate"],"tags":[{"id":-56971972,"name":"ipsum id mollit"},{"id":-27456905,"name":"aliquip velit amet ex"}],"status":"available"},{"id":9223372036854772487,"category":{"id":0,"name":"string"},"name":"fish","photoUrls":["string"],"tags":[{"id":0,"name":"string"}],"status":"available"},{"id":9223372036854772488,"category":{"id":0,"name":"string"},"name":"fish","photoUrls":["string"],"tags":[{"id":0,"name":"string"}],"status":"available"},{"id":9223372036854772489,"category":{"id":0,"name":"string"},"name":"fish","photoUrls":["string"],"tags":[{"id":0,"name":"string"}],"status":"available"},{"id":9223372036854772490,"category":{"id":0,"name":"string"},"name":"fish","photoUrls":["string"],"tags":[{"id":0,"name":"string"}],"status":"available"},{"id":9223372036854772491,"category":{"id":0,"name":"string"},"name":"doggie","photoUrls":["string"],"tags":[{"id":0,"name":"string"}],"status":"available"},{"id":9223372036854772494,"category":{"id":1,"name":"Cat"},"name":"Bruno","photoUrls":["https://upload.wikimedia.org/wikipedia/commons/0/0e/Felis_silvestris_silvestris.jpg"],"tags":[{"id":1,"name":"Felis silvestris"}],"status":"available"},{"id":9223372036854772509,"category":{"id":0,"name":"string"},"name":"doggie","photoUrls":["string"],"tags":[{"id":0,"name":"string"}],"status":"available"},{"id":9223372036854772516,"category":{"id":0,"name":"string"},"name":"doggie","photoUrls":["string"],"tags":[{"id":0,"name":"string"}],"status":"available"},{"id":9223372036854772524,"category":{"id":0,"name":"string"},"name":"Blue","photoUrls":["string"],"tags":[{"id":0,"name":"string"}],"status":"available"},{"id":9223372036854772535,"category":{"id":1,"name":"123"},"name":"Bobik","photoUrls":["string"],"tags":[{"id":1,"name":"234"},{"id":1,"name":"456"}],"status":"available"},{"id":9223372036854772547,"category":{"id":0,"name":"string"},"name":"fish","photoUrls":["string"],"tags":[{"id":0,"name":"string"}],"status":"available"},{"id":9223372036854772548,"category":{"id":0,"name":"string"},"name":"fish","photoUrls":["string"],"tags":[{"id":0,"name":"string"}],"status":"available"},{"id":9223372036854772552,"category":{"id":0,"name":"string"},"name":"doggie","photoUrls":["string"],"tags":[{"id":0,"name":"string"}],"status":"available"},{"id":9223372036854772553,"category":{"id":0,"name":"string"},"name":"fish","photoUrls":["string"],"tags":[{"id":0,"name":"string"}],"status":"available"},{"id":23456789,"category":{"id":0,"name":"string"},"name":"doggie","photoUrls":["string"],"tags":[{"id":0,"name":"string"}],"status":"available"},{"id":9223372036854772560,"category":{"id":0,"name":"string"},"name":"fish","photoUrls":["string"],"tags":[{"id":0,"name":"string"}],"status":"available"},{"id":9223372036854772567,"category":{"id":0,"name":"string"},"name":"doggie","photoUrls":["string"],"tags":[{"id":0,"name":"string"}],"status":"available"},{"id":9223372036854772568,"name":"doggie","photoUrls":[],"tags":[],"status":"available"},{"id":9223372036854772569,"name":"doggie","photoUrls":[],"tags":[],"status":"available"},{"id":9223372036854772571,"name":"doggie","photoUrls":[],"tags":[],"status":"available"},{"id":9223372036854772574,"name":"petname","photoUrls":[],"tags":[],"status":"available"},{"id":9223372036854772577,"name":"doggie","photoUrls":[],"tags":[],"status":"available"},{"id":9223372036854772578,"name":"doggie3","photoUrls":[],"tags":[],"status":"available"},{"id":9223372036854772579,"name":"doggie","photoUrls":[],"tags":[],"status":"available"},{"id":9223372036854772580,"name":"doggie2","photoUrls":[],"tags":[],"status":"available"},{"id":9223372036854772581,"name":"doggie3","photoUrls":[],"tags":[],"status":"available"},{"id":9223372036854772582,"name":"doggie","photoUrls":[],"tags":[],"status":"available"},{"id":9223372036854772583,"name":"doggie","photoUrls":[],"tags":[],"status":"available"},{"id":9223372036854772584,"name":"doggie","photoUrls":[],"tags":[],"status":"available"},{"id":9223372036854772585,"name":"doggie2","photoUrls":[],"tags":[],"status":"available"},{"id":9223372036854772586,"name":"doggie3","photoUrls":[],"tags":[],"status":"available"},{"id":9223372036854772587,"name":"doggie","photoUrls":[],"tags":[],"status":"available"},{"id":9223372036854772588,"name":"doggie2","photoUrls":[],"tags":[],"status":"available"},{"id":9223372036854772589,"name":"doggie3","photoUrls":[],"tags":[],"status":"available"},{"id":9223372036854772590,"name":"doggie","photoUrls":[],"tags":[],"status":"available"},{"id":9223372036854772591,"name":"doggie2","photoUrls":[],"tags":[],"status":"available"},{"id":9223372036854772592,"name":"doggie3","photoUrls":[],"tags":[],"status":"available"},{"id":9223372036854772594,"name":"doggie","photoUrls":[],"tags":[],"status":"available"},{"id":9223372036854772596,"name":"doggie2","photoUrls":[],"tags":[],"status":"available"},{"id":9223372036854772597,"name":"doggie3","photoUrls":[],"tags":[],"status":"available"},{"id":9223372036854772598,"name":"doggie","photoUrls":[],"tags":[],"status":"available"},{"id":9223372036854772599,"name":"doggie2","photoUrls":[],"tags":[],"status":"available"},{"id":9223372036854772600,"name":"doggie3","photoUrls":[],"tags":[],"status":"available"},{"id":9223372036854772601,"name":"doggie","photoUrls":[],"tags":[],"status":"available"},{"id":9223372036854772602,"name":"doggie","photoUrls":[],"tags":[],"status":"available"},{"id":9223372036854772603,"name":"doggie2","photoUrls":[],"tags":[],"status":"available"},{"id":9223372036854772604,"name":"doggie3","photoUrls":[],"tags":[],"status":"available"},{"id":9223372036854772605,"name":"doggie","photoUrls":[],"tags":[],"status":"available"},{"id":9223372036854772606,"name":"doggie","photoUrls":[],"tags":[],"status":"available"},{"id":9223372036854772607,"name":"doggie","photoUrls":[],"tags":[],"status":"available"},{"id":9223372036854772618,"name":"doggie4","photoUrls":[],"tags":[],"status":"available"},{"id":9223372036854772619,"name":"doggie3","photoUrls":[],"tags":[],"status":"available"},{"id":9223372036854772620,"name":"doggie2","photoUrls":[],"tags":[],"status":"available"},{"id":9223372036854772621,"name":"doggie1","photoUrls":[],"tags":[],"status":"available"},{"id":9223372036854772622,"name":"doggie0","photoUrls":[],"tags":[],"status":"available"},{"id":9223372036854772629,"category":{"id":0,"name":"string"},"name":"doggie","photoUrls":["string"],"tags":[{"id":0,"name":"string"}],"status":"available"},{"id":9223372036854772630,"name":"doggie","photoUrls":[],"tags":[],"status":"available"},{"id":9223372036854772631,"name":"doggie","photoUrls":[],"tags":[],"status":"available"},{"id":9223372036854772633,"name":"doggie","photoUrls":[],"tags":[],"status":"available"},{"id":9223372036854772636,"name":"petname","photoUrls":[],"tags":[],"status":"available"},{"id":9223372036854772639,"name":"doggie","photoUrls":[],"tags":[],"status":"available"},{"id":9223372036854772640,"name":"doggie3","photoUrls":[],"tags":[],"status":"available"},{"id":9223372036854772641,"name":"doggie","photoUrls":[],"tags":[],"status":"available"},{"id":9223372036854772642,"name":"doggie2","photoUrls":[],"tags":[],"status":"available"},{"id":9223372036854772643,"name":"doggie3","photoUrls":[],"tags":[],"status":"available"},{"id":9223372036854772644,"name":"doggie","photoUrls":[],"tags":[],"status":"available"},{"id":9223372036854772645,"name":"doggie","photoUrls":[],"tags":[],"status":"available"},{"id":9223372036854772646,"name":"doggie","photoUrls":[],"tags":[],"status":"available"},{"id":9223372036854772647,"name":"doggie2","photoUrls":[],"tags":[],"status":"available"},{"id":9223372036854772648,"name":"doggie3","photoUrls":[],"tags":[],"status":"available"},{"id":9223372036854772649,"name":"doggie","photoUrls":[],"tags":[],"status":"available"},{"id":9223372036854772650,"name":"doggie2","photoUrls":[],"tags":[],"status":"available"},{"id":9223372036854772651,"name":"doggie3","photoUrls":[],"tags":[],"status":"available"},{"id":9223372036854772652,"name":"doggie","photoUrls":[],"tags":[],"status":"available"},{"id":9223372036854772653,"name":"doggie2","photoUrls":[],"tags":[],"status":"available"},{"id":9223372036854772654,"name":"doggie3","photoUrls":[],"tags":[],"status":"available"},{"id":9223372036854772655,"name":"doggie","photoUrls":[],"tags":[],"status":"available"},{"id":9223372036854772656,"name":"doggie2","photoUrls":[],"tags":[],"status":"available"},{"id":9223372036854772657,"name":"doggie3","photoUrls":[],"tags":[],"status":"available"},{"id":9223372036854772658,"name":"doggie","photoUrls":[],"tags":[],"status":"available"},{"id":9223372036854772659,"name":"doggie","photoUrls":[],"tags":[],"status":"available"},{"id":9223372036854772660,"name":"doggie","photoUrls":[],"tags":[],"status":"available"},{"id":9223372036854772661,"name":"doggie2","photoUrls":[],"tags":[],"status":"available"},{"id":9223372036854772663,"name":"doggie3","photoUrls":[],"tags":[],"status":"available"},{"id":9223372036854772664,"name":"doggie","photoUrls":[],"tags":[],"status":"available"},{"id":9223372036854772665,"name":"doggie","photoUrls":[],"tags":[],"status":"available"},{"id":9223372036854772666,"name":"doggie","photoUrls":[],"tags":[],"status":"available"},{"id":9223372036854772667,"name":"doggie2","photoUrls":[],"tags":[],"status":"available"},{"id":9223372036854772670,"name":"petname","photoUrls":[],"tags":[],"status":"available"},{"id":9223372036854772671,"name":"doggie3","photoUrls":[],"tags":[],"status":"available"},{"id":9223372036854772674,"name":"doggie","photoUrls":[],"tags":[],"status":"available"},{"id":9223372036854772675,"name":"doggie","photoUrls":[],"tags":[],"status":"available"},{"id":9223372036854772676,"name":"doggie","photoUrls":[],"tags":[],"status":"available"},{"id":9223372036854772677,"name":"doggie3","photoUrls":[],"tags":[],"status":"available"},{"id":9223372036854772678,"name":"doggie","photoUrls":[],"tags":[],"status":"available"},{"id":9223372036854772679,"name":"doggie","photoUrls":[],"tags":[],"status":"available"},{"id":9223372036854772680,"category":{"id":1,"name":"123"},"name":"Bobik","photoUrls":["string"],"tags":[{"id":1,"name":"234"},{"id":1,"name":"456"}],"status":"available"},{"id":9223372036854772683,"name":"doggie2","photoUrls":[],"tags":[],"status":"available"},{"id":9223372036854772687,"name":"doggie3","photoUrls":[],"tags":[],"status":"available"},{"id":9223372036854772689,"name":"doggie","photoUrls":[],"tags":[],"status":"available"},{"id":9223372036854772695,"name":"doggie","photoUrls":[],"tags":[],"status":"available"},{"id":9223372036854772696,"name":"doggie","photoUrls":[],"tags":[],"status":"available"},{"id":9223372036854772697,"name":"doggie2","photoUrls":[],"tags":[],"status":"available"},{"id":9223372036854772698,"name":"doggie1","photoUrls":[],"tags":[],"status":"available"},{"id":9223372036854772699,"name":"doggie3","photoUrls":[],"tags":[],"status":"available"},{"id":9223372036854772700,"name":"doggie0","photoUrls":[],"tags":[],"status":"available"},{"id":9223372036854772701,"name":"doggie4","photoUrls":[],"tags":[],"status":"available"},{"id":9223372036854772702,"name":"doggie2","photoUrls":[],"tags":[],"status":"available"},{"id":9223372036854772703,"name":"doggie3","photoUrls":[],"tags":[],"status":"available"},{"id":9223372036854772704,"name":"doggie","photoUrls":[],"tags":[],"status":"available"},{"id":9223372036854772706,"name":"doggie2","photoUrls":[],"tags":[],"status":"available"},{"id":9223372036854772707,"name":"doggie3","photoUrls":[],"tags":[],"status":"available"},{"id":9223372036854772709,"name":"doggie","photoUrls":[],"tags":[],"status":"available"},{"id":9223372036854772710,"name":"doggie2","photoUrls":[],"tags":[],"status":"available"},{"id":9223372036854772711,"name":"doggie3","photoUrls":[],"tags":[],"status":"available"},{"id":9223372036854772712,"name":"doggie","photoUrls":[],"tags":[],"status":"available"},{"id":9223372036854772713,"name":"doggie2","photoUrls":[],"tags":[],"status":"available"},{"id":9223372036854772714,"name":"doggie3","photoUrls":[],"tags":[],"status":"available"},{"id":9223372036854772715,"name":"doggie","photoUrls":[],"tags":[],"status":"available"},{"id":9223372036854772716,"name":"doggie2","photoUrls":[],"tags":[],"status":"available"},{"id":9223372036854772717,"name":"doggie3","photoUrls":[],"tags":[],"status":"available"},{"id":9223372036854772718,"name":"doggie","photoUrls":[],"tags":[],"status":"available"},{"id":9223372036854772719,"name":"doggie","photoUrls":[],"tags":[],"status":"available"},{"id":9223372036854772720,"name":"doggie2","photoUrls":[],"tags":[],"status":"available"},{"id":9223372036854772721,"name":"doggie3","photoUrls":[],"tags":[],"status":"available"},{"id":9223372036854772722,"name":"doggie","photoUrls":[],"tags":[],"status":"available"},{"id":9223372036854772723,"name":"doggie","photoUrls":[],"tags":[],"status":"available"},{"id":9223372036854772724,"name":"doggie","photoUrls":[],"tags":[],"status":"available"},{"id":9223372036854772735,"name":"doggie1","photoUrls":[],"tags":[],"status":"available"},{"id":9223372036854772736,"name":"doggie0","photoUrls":[],"tags":[],"status":"available"},{"id":9223372036854772737,"name":"doggie3","photoUrls":[],"tags":[],"status":"available"},{"id":9223372036854772738,"name":"doggie2","photoUrls":[],"tags":[],"status":"available"},{"id":9223372036854772739,"name":"doggie4","photoUrls":[],"tags":[],"status":"available"},{"id":9223372036854772744,"category":{"id":1,"name":"123"},"name":"Bobik","photoUrls":["string"],"tags":[{"id":1,"name":"234"},{"id":1,"name":"456"}],"status":"available"},{"id":9223372036854772748,"category":{"id":1,"name":"123"},"name":"Bobik","photoUrls":["string"],"tags":[{"id":1,"name":"234"},{"id":1,"name":"456"}],"status":"available"},{"id":9223372036854772751,"category":{"id":0,"name":"string"},"name":"fish","photoUrls":["string"],"tags":[{"id":0,"name":"string"}],"status":"available"},{"id":9223372036854772752,"category":{"id":0,"name":"string"},"name":"fish","photoUrls":["string"],"tags":[{"id":0,"name":"string"}],"status":"available"},{"id":9223372036854772753,"category":{"id":1,"name":"123"},"name":"Bobik","photoUrls":["string"],"tags":[{"id":1,"name":"234"},{"id":1,"name":"456"}],"status":"available"},{"id":9223372036854772758,"category":{"id":1,"name":"123"},"name":"Bobik","photoUrls":["string"],"tags":[{"id":1,"name":"234"},{"id":1,"name":"456"}],"status":"available"},{"id":112233,"category":{"id":30,"name":"Eq-dog"},"name":"Postman","photoUrls":["URLLink"],"tags":[{"id":10,"name":"Doberman"}],"status":"available"},{"id":9223372036854772764,"name":"Jimmy","photoUrls":["string"],"tags":[],"status":"available"},{"id":9222968140491042131,"category":{"id":0,"name":"string"},"name":"doggie","photoUrls":["string"],"tags":[{"id":0,"name":"string"}],"status":"available"},{"id":9223372036854772765,"category":{"id":0,"name":"string"},"name":"fish","photoUrls":["string"],"tags":[{"id":0,"name":"string"}],"status":"available"},{"id":9223372036854772766,"category":{"id":0,"name":"string"},"name":"fish","photoUrls":["string"],"tags":[{"id":0,"name":"string"}],"status":"available"},{"id":9223372036854772771,"category":{"id":0,"name":"string"},"name":"fish","photoUrls":["string"],"tags":[{"id":0,"name":"string"}],"status":"available"},{"id":9223372036854772772,"category":{"id":0,"name":"string"},"name":"fish","photoUrls":["string"],"tags":[{"id":0,"name":"string"}],"status":"available"},{"id":9223372036854772773,"category":{"id":0,"name":"string"},"name":"fish","photoUrls":["string"],"tags":[{"id":0,"name":"string"}],"status":"available"},{"id":9223372036854772778,"category":{"id":0,"name":"string"},"name":"fish","photoUrls":["string"],"tags":[{"id":0,"name":"string"}],"status":"available"},{"id":9223372036854772786,"category":{"id":1804,"name":"dog"},"name":"rex","photoUrls":["string"],"tags":[{"id":1804,"name":"sheperd"}],"status":"available"},{"id":9223372036854772787,"category":{"id":0,"name":"string"},"name":"doggie","photoUrls":["string"],"tags":[{"id":0,"name":"string"}],"status":"available"},{"id":9223372036854772792,"category":{"id":1804,"name":"dog"},"name":"rex","photoUrls":["string"],"tags":[{"id":1804,"name":"sheperd"}],"status":"available"},{"id":9223372036854772793,"category":{"id":1804,"name":"dog"},"name":"rex","photoUrls":["string"],"tags":[{"id":1804,"name":"sheperd"}],"status":"available"},{"id":9223372036854772794,"category":{"id":0,"name":"cats"},"name":"красивые большие глазки","photoUrls":["https://klike.net/uploads/posts/2019-06/medium/1561011173_8.jpg"],"tags":[{"id":0,"name":"большие глазки"}],"status":"available"},{"id":9222968140497180179,"category":{"id":0,"name":"string"},"name":"test","photoUrls":["string"],"tags":[{"id":0,"name":"string"}],"status":"available"},{"id":9223372036854772805,"category":{"id":1804,"name":"dog"},"name":"rex","photoUrls":["string"],"tags":[{"id":1804,"name":"sheperd"}],"status":"available"},{"id":1245,"category":{"id":1245,"name":"xyz"},"name":"xyz","photoUrls":["test"],"tags":[],"status":"available"},{"id":9223372036854772809,"category":{"id":1804,"name":"dog"},"name":"rex","photoUrls":["string"],"tags":[{"id":1804,"name":"sheperd"}],"status":"available"},{"id":1340,"category":{"id":1340,"name":"cat"},"name":"persic","photoUrls":["string"],"tags":[{"id":1340,"name":"red"}],"status":"available"},{"id":9223372036854772829,"category":{"id":1804,"name":"dog"},"name":"rex","photoUrls":["string"],"tags":[{"id":1804,"name":"sheperd"}],"status":"available"},{"id":9223372036854772831,"category":{"id":0,"name":"string"},"name":"doggie","photoUrls":["string"],"tags":[{"id":0,"name":"string"}],"status":"available"},{"id":478364873,"category":{"id":1,"name":"Cat"},"name":"Bruno","photoUrls":["https://upload.wikimedia.org/wikipedia/commons/0/0e/Felis_silvestris_silvestris.jpg"],"tags":[{"id":1,"name":"Felis silvestris"}],"status":"available"},{"id":9223372036854772832,"category":{"id":0,"name":"string"},"name":"fish","photoUrls":["string"],"tags":[{"id":0,"name":"string"}],"status":"available"},{"id":9223372036854772833,"category":{"id":0,"name":"string"},"name":"doggie","photoUrls":["string"],"tags":[{"id":0,"name":"string"}],"status":"available"},{"id":9223372036854772835,"category":{"id":0,"name":"string"},"name":"fish","photoUrls":["string"],"tags":[{"id":0,"name":"string"}],"status":"available"},{"id":9223372036854772838,"category":{"id":0,"name":"string"},"name":"doggie","photoUrls":["string"],"tags":[{"id":0,"name":"string"}],"status":"available"},{"id":9223372036854772845,"name":"doggieUpdated","photoUrls":[],"tags":[],"status":"available"},{"id":9223372036854772846,"name":"fishUpdated","photoUrls":[],"tags":[],"status":"available"},{"id":9223372036854772847,"name":"LunaUpdated","photoUrls":[],"tags":[],"status":"available"},{"id":9223372036854772848,"name":"CharlieUpdated","photoUrls":[],"tags":[],"status":"available"},{"id":9223372036854772849,"category":{"id":0,"name":"string"},"name":"fish","photoUrls":["string"],"tags":[{"id":0,"name":"string"}],"status":"available"},{"id":88888,"category":{"id":0,"name":"string"},"name":"bentley","photoUrls":["string"],"tags":[{"id":0,"name":"string"}],"status":"available"},{"id":9223372036854772862,"name":"doggieUpdated","photoUrls":[],"tags":[],"status":"available"},{"id":9223372036854772866,"name":"fishUpdated","photoUrls":[],"tags":[],"status":"available"},{"id":9223372036854772868,"name":"LunaUpdated","photoUrls":[],"tags":[],"status":"available"},{"id":9223372036854772869,"category":{"id":1804,"name":"dog"},"name":"rex","photoUrls":["string"],"tags":[{"id":1804,"name":"sheperd"}],"status":"available"},{"id":9223372036854772870,"name":"CharlieUpdated","photoUrls":[],"tags":[],"status":"available"},{"id":9223372036854772872,"category":{"id":1804,"name":"dog"},"name":"rex","photoUrls":["string"],"tags":[{"id":1804,"name":"sheperd"}],"status":"available"},{"id":9223372036854772875,"category":{"id":0,"name":"string"},"name":"fish","photoUrls":["string"],"tags":[{"id":0,"name":"string"}],"status":"available"},{"id":9223372036854772876,"category":{"id":0,"name":"string"},"name":"doggie","photoUrls":["string"],"tags":[{"id":0,"name":"string"}],"status":"available"},{"id":9223372036854772884,"category":{"id":0,"name":"Dog"},"name":"Günther","photoUrls":["https://www.bmel.de/SharedDocs/Bilder/DE/_Tiere/Haus-Zootiere/tierschutz-hunde.jpg?__blob=wide&v=3"],"tags":[{"id":0,"name":"string"}],"status":"available"},{"id":9223372036854772907,"category":{"id":0,"name":"string"},"name":"fish","photoUrls":["string"],"tags":[{"id":0,"name":"string"}],"status":"available"},{"id":9223372036854772911,"category":{"id":0,"name":"string"},"name":"fish","photoUrls":["string"],"tags":[{"id":0,"name":"string"}],"status":"available"},{"id":9223372036854772913,"category":{"id":0,"name":"Жужа"},"name":"doggie","photoUrls":["string"],"tags":[{"id":0,"name":"string"}],"status":"available"},{"id":9223372036854772922,"category":{"id":0,"name":"mer"},"name":"doggie","photoUrls":["string"],"tags":[{"id":0,"name":"kuuur"}],"status":"available"},{"id":9223372036854772926,"category":{"id":0,"name":"string"},"name":"doggie","photoUrls":["string"],"tags":[{"id":0,"name":"string"}],"status":"available"},{"id":9223372036854772927,"category":{"id":0,"name":"string"},"name":"fish","photoUrls":["string"],"tags":[{"id":0,"name":"string"}],"status":"available"},{"id":9223372036854772928,"category":{"id":0,"name":"string"},"name":"fish","photoUrls":["string"],"tags":[{"id":0,"name":"string"}],"status":"available"},{"id":9223372036854772932,"category":{"id":0,"name":"string"},"name":"doggie","photoUrls":["string"],"tags":[{"id":0,"name":"string"}],"status":"available"},{"id":9223372036854772937,"category":{"id":1,"name":"123"},"name":"Bobik","photoUrls":["string"],"tags":[{"id":1,"name":"234"},{"id":1,"name":"456"}],"status":"available"},{"id":9223372036854772938,"name":"Jimmy","photoUrls":["string"],"tags":[],"status":"available"},{"id":9223372036854772939,"category":{"id":0,"name":"string"},"name":"doggie","photoUrls":["string"],"tags":[{"id":0,"name":"string"}],"status":"available"},{"id":9223372036854772942,"category":{"id":0,"name":"string"},"name":"fish","photoUrls":["string"],"tags":[{"id":0,"name":"string"}],"status":"available"},{"id":9223372036854772943,"category":{"id":0,"name":"string"},"name":"fish","photoUrls":["string"],"tags":[{"id":0,"name":"string"}],"status":"available"},{"id":9223372036854772944,"category":{"id":0,"name":"string"},"name":"fish","photoUrls":["string"],"tags":[{"id":0,"name":"string"}],"status":"available"},{"id":3342,"category":{"id":0},"name":"keks","photoUrls":["string"],"tags":[{"id":0,"name":"string"}],"status":"available"},{"id":9223372036854772959,"category":{"id":0,"name":"string"},"name":"fish","photoUrls":["string"],"tags":[{"id":0,"name":"string"}],"status":"available"},{"id":5958,"category":{"id":0},"name":"keks","photoUrls":["string"],"tags":[{"id":0,"name":"string"}],"status":"available"},{"id":6730,"category":{"id":0},"name":"keks","photoUrls":["string"],"tags":[{"id":0,"name":"string"}],"status":"available"},{"id":9223372036854773018,"category":{"id":0,"name":"string"},"name":"doggie","photoUrls":["string"],"tags":[{"id":0,"name":"string"}],"status":"available"},{"id":9223372036854773019,"category":{"id":0,"name":"string"},"name":"Puppy","photoUrls":["string"],"tags":[{"id":0,"name":"string"}],"status":"available"},{"id":9223372036854773030,"category":{"id":0,"name":"string"},"name":"doggie","photoUrls":["string"],"tags":[{"id":0,"name":"string"}],"status":"available"},{"id":9223372036854773032,"category":{"id":0,"name":"string"},"name":"fish","photoUrls":["string"],"tags":[{"id":0,"name":"string"}],"status":"available"},{"id":9223372036854773033,"category":{"id":0,"name":"string"},"name":"fish","photoUrls":["string"],"tags":[{"id":0,"name":"string"}],"status":"available"},{"id":9223372036854773034,"category":{"id":0,"name":"string"},"name":"Puppy","photoUrls":["string"],"tags":[{"id":0,"name":"string"}],"status":"available"},{"id":9223372036854773035,"name":"Jimmy","photoUrls":["string"],"tags":[],"status":"available"},{"id":9223372036854773039,"category":{"id":0,"name":"string"},"name":"doggie","photoUrls":["string"],"tags":[{"id":0,"name":"string"}],"status":"available"},{"id":9359,"category":{"id":0},"name":"keks","photoUrls":["string"],"tags":[{"id":0,"name":"string"}],"status":"available"},{"id":9223372036854773044,"category":{"id":0,"name":"string"},"name":"fish","photoUrls":["string"],"tags":[{"id":0,"name":"string"}],"status":"available"},{"id":9223372036854773045,"category":{"id":0,"name":"string"},"name":"Gigi","photoUrls":["string"],"tags":[{"id":0,"name":"string"}],"status":"available"},{"id":9223372036854773046,"name":"Jimmy","photoUrls":["string"],"tags":[],"status":"available"},{"id":9223372036854773048,"category":{"id":0,"name":"string"},"name":"fish","photoUrls":["string"],"tags":[{"id":0,"name":"string"}],"status":"available"},{"id":123456,"name":"Fluffy","photoUrls":[],"tags":[],"status":"available"},{"id":9223372036854773066,"category":{"id":0,"name":"Жужа"},"name":"doggie","photoUrls":["string"],"tags":[{"id":0,"name":"string"}],"status":"available"},{"id":9223372036854773069,"category":{"id":0,"name":"string"},"name":"doggie","photoUrls":["string"],"tags":[{"id":0,"name":"string"}],"status":"available"},{"id":9223372036854773070,"category":{"id":0,"name":"string"},"name":"doggie","photoUrls":["string"],"tags":[{"id":0,"name":"string"}],"status":"available"},{"id":9223372036854773075,"category":{"id":0,"name":"string"},"name":"doggie","photoUrls":["string"],"tags":[{"id":0,"name":"string"}],"status":"available"},{"id":9223372036854773078,"category":{"id":0,"name":"cats"},"name":"красивые большие глазки","photoUrls":["https://klike.net/uploads/posts/2019-06/medium/1561011173_8.jpg"],"tags":[{"id":0,"name":"большие глазки"}],"status":"available"},{"id":9223372036854773080,"category":{"id":0,"name":"string"},"name":"doggie","photoUrls":["string"],"tags":[{"id":0,"name":"string"}],"status":"available"},{"id":9223372036854773082,"name":"Jimmy","photoUrls":["string"],"tags":[],"status":"available"},{"id":9223372036854773085,"category":{"id":0,"name":"string"},"name":"fish","photoUrls":["string"],"tags":[{"id":0,"name":"string"}],"status":"available"},{"id":9223372036854773086,"category":{"id":0,"name":"string"},"name":"fish","photoUrls":["string"],"tags":[{"id":0,"name":"string"}],"status":"available"},{"id":9223372036854773094,"category":{"id":0,"name":"string"},"name":"doggie","photoUrls":["string"],"tags":[{"id":0,"name":"string"}],"status":"available"},{"id":9223372036854773095,"category":{"id":0,"name":"cats"},"name":"красивые большие глазки","photoUrls":["https://klike.net/uploads/posts/2019-06/medium/1561011173_8.jpg"],"tags":[{"id":0,"name":"большие глазки"}],"status":"available"},{"id":9223372036854773096,"category":{"id":0,"name":"string"},"name":"doggie","photoUrls":["string"],"tags":[{"id":0,"name":"string"}],"status":"available"},{"id":9223372036854773099,"category":{"id":0,"name":"Жужа"},"name":"doggie","photoUrls":["string"],"tags":[{"id":0,"name":"string"}],"status":"available"},{"id":99996,"name":"doggie_by_ms","photoUrls":["string"],"tags":[{"id":0,"name":"string"}],"status":"available"},{"id":9223372036854773102,"category":{"id":0,"name":"string"},"name":"fish","photoUrls":["string"],"tags":[{"id":0,"name":"string"}],"status":"available"},{"id":9223372036854773103,"category":{"id":0,"name":"string"},"name":"fish","photoUrls":["string"],"tags":[{"id":0,"name":"string"}],"status":"available"},{"id":9223372036854773110,"category":{"id":0,"name":"string"},"name":"doggie","photoUrls":["string"],"tags":[{"id":0,"name":"string"}],"status":"available"},{"id":322,"category":{"id":323},"name":"Flopa","photoUrls":[],"tags":[],"status":"available"},{"id":9223372036854773116,"category":{"id":0,"name":"Жужа"},"name":"doggie","photoUrls":["string"],"tags":[{"id":0,"name":"string"}],"status":"available"},{"id":9223372036854773125,"category":{"id":0,"name":"string"},"name":"fish","photoUrls":["string"],"tags":[{"id":0,"name":"string"}],"status":"available"},{"id":9223372036854773127,"category":{"id":0,"name":"string"},"name":"fish","photoUrls":["string"],"tags":[{"id":0,"name":"string"}],"status":"available"},{"id":9223372036854773128,"category":{"id":0,"name":"string"},"name":"fish","photoUrls":["string"],"tags":[{"id":0,"name":"string"}],"status":"available"},{"id":9223372036854773129,"category":{"id":0,"name":"string"},"name":"fish","photoUrls":["string"],"tags":[{"id":0,"name":"string"}],"status":"available"},{"id":9223372036854773130,"category":{"id":0,"name":"Вава"},"name":"doggie","photoUrls":["string"],"tags":[{"id":0,"name":"string"}],"status":"available"},{"id":9223372036854773133,"category":{"id":0,"name":"cats"},"name":"красивые большие глазки","photoUrls":["https://klike.net/uploads/posts/2019-06/medium/1561011173_8.jpg"],"tags":[{"id":0,"name":"большие глазки"}],"status":"available"},{"id":103,"category":{"id":1,"name":"dog"},"name":"pokkirie","photoUrls":["string"],"tags":[{"id":0,"name":"string"}],"status":"available"},{"id":9223372036854773169,"name":"Jimmy","photoUrls":["string"],"tags":[],"status":"available"},{"id":9223372036854773170,"category":{"id":0,"name":"string"},"name":"doggie","photoUrls":["string"],"tags":[{"id":0,"name":"string"}],"status":"available"},{"id":9223372036854773187,"category":{"id":0,"name":"string"},"name":"fish","photoUrls":["string"],"tags":[{"id":0,"name":"string"}],"status":"available"},{"id":9223372036854773188,"category":{"id":0,"name":"string"},"name":"fish","photoUrls":["string"],"tags":[{"id":0,"name":"string"}],"status":"available"},{"id":90,"category":{"id":0,"name":"string"},"name":"\"\"","photoUrls":["string"],"tags":[{"id":0,"name":"tagSwathi"}],"status":"available"},{"id":9223372036854773198,"category":{"id":0,"name":"string"},"name":"doggie","photoUrls":["string"],"tags":[{"id":0,"name":"tagSwathi"}],"status":"available"},{"id":9223372036854773204,"category":{"id":0,"name":"string"},"name":"fish","photoUrls":["string"],"tags":[{"id":0,"name":"string"}],"status":"available"},{"id":55,"category":{"id":0,"name":"string"},"name":"VssAdministrator","photoUrls":["string"],"tags":[{"id":0,"name":"string"}],"status":"available"},{"id":9223372036854773212,"category":{"id":0,"name":"string"},"name":"doggie","photoUrls":["string"],"tags":[{"id":0,"name":"tagSwathi"}],"status":"available"},{"id":9223372036854773216,"category":{"id":0,"name":"string"},"name":"fish","photoUrls":["string"],"tags":[{"id":0,"name":"string"}],"status":"available"},{"id":9223372036854773218,"category":{"id":0,"name":"string"},"name":"doggie","photoUrls":["string"],"tags":[{"id":0,"name":"tagSwathi"}],"status":"available"},{"id":9223372036854773232,"category":{"id":0,"name":"string"},"name":"doggie","photoUrls":["string"],"tags":[{"id":0,"name":"tagSwathi"}],"status":"available"},{"id":9223372036854773236,"category":{"id":0,"name":"string"},"name":"doggie","photoUrls":["string"],"tags":[{"id":0,"name":"string"}],"status":"available"},{"id":9223372036854773250,"category":{"id":0,"name":"string"},"name":"doggie","photoUrls":["string"],"tags":[{"id":0,"name":"string"}],"status":"available"},{"id":9223372036854773251,"category":{"id":0,"name":"string"},"name":"doggie","photoUrls":["string"],"tags":[{"id":0,"name":"string"}],"status":"available"},{"id":9223372036854773252,"category":{"id":0,"name":"string"},"name":"fish","photoUrls":["string"],"tags":[{"id":0,"name":"string"}],"status":"available"},{"id":9223372036854773254,"category":{"id":0,"name":"string"},"name":"fish","photoUrls":["string"],"tags":[{"id":0,"name":"string"}],"status":"available"},{"id":9223372036854773263,"category":{"id":0,"name":"string"},"name":"fish","photoUrls":["string"],"tags":[{"id":0,"name":"string"}],"status":"available"},{"id":9223372036854773264,"category":{"id":0,"name":"string"},"name":"fish","photoUrls":["string"],"tags":[{"id":0,"name":"string"}],"status":"available"},{"id":9223372036854773265,"category":{"id":0,"name":"string"},"name":"doggie","photoUrls":["string"],"tags":[{"id":0,"name":"string"}],"status":"available"},{"id":9223372036854773266,"category":{"id":0,"name":"string"},"name":"doggie","photoUrls":["string"],"tags":[{"id":0,"name":"string"}],"status":"available"},{"id":9223372036854773267,"category":{"id":0,"name":"string"},"name":"doggie","photoUrls":["string"],"tags":[{"id":0,"name":"string"}],"status":"available"},{"id":9223372036854773268,"category":{"id":0,"name":"string"},"name":"doggie","photoUrls":["string"],"tags":[{"id":0,"name":"string"}],"status":"available"},{"id":9223372036854773269,"category":{"id":0,"name":"string"},"name":"doggie","photoUrls":["string"],"tags":[{"id":0,"name":"string"}],"status":"available"},{"id":9223372036854773270,"category":{"id":0,"name":"string"},"name":"doggie","photoUrls":["string"],"tags":[{"id":0,"name":"string"}],"status":"available"},{"id":9223372036854773273,"category":{"id":0,"name":"string"},"name":"doggie","photoUrls":["string"],"tags":[{"id":0,"name":"string"}],"status":"available"},{"id":9223372036854773274,"category":{"id":0,"name":"string"},"name":"doggie","photoUrls":["string"],"tags":[{"id":0,"name":"string"}],"status":"available"},{"id":9223372036854773276,"category":{"id":0,"name":"string"},"name":"doggie","photoUrls":["string"],"tags":[{"id":0,"name":"string"}],"status":"available"},{"id":9223372036854773278,"category":{"id":0,"name":"string"},"name":"doggie","photoUrls":["string"],"tags":[{"id":0,"name":"string"}],"status":"available"},{"id":9223372036854773283,"category":{"id":0,"name":"string"},"name":"doggie","photoUrls":["string"],"tags":[{"id":0,"name":"string"}],"status":"available"},{"id":12345,"category":{"id":0,"name":"cats"},"name":"красивые большие глазки","photoUrls":["https://klike.net/uploads/posts/2019-06/medium/1561011173_8.jpg"],"tags":[{"id":0,"name":"большие глазки"}],"status":"available"},{"id":1816,"category":{"id":1804,"name":"dog"},"name":"rex","photoUrls":["string"],"tags":[{"id":1804,"name":"sheperd"}],"status":"available"},{"id":9223372036854773285,"category":{"id":0,"name":"puppy"},"name":"doggie","photoUrls":["string"],"tags":[{"id":0,"name":"Charlie"}],"status":"available"},{"id":9223372036854773286,"category":{"id":0,"name":"string"},"name":"fish","photoUrls":["string"],"tags":[{"id":0,"name":"string"}],"status":"available"},{"id":9223372036854773287,"name":"siyaan","photoUrls":[],"tags":[],"status":"available"},{"id":9223372036854773288,"category":{"id":0,"name":"string"},"name":"doggie","photoUrls":["string"],"tags":[{"id":0,"name":"string"}],"status":"available"},{"id":9223372036854773289,"category":{"id":0,"name":"string"},"name":"doggie","photoUrls":["string"],"tags":[{"id":0,"name":"string"}],"status":"available"},{"id":9223372036854773290,"category":{"id":0,"name":"string"},"name":"fish","photoUrls":["string"],"tags":[{"id":0,"name":"string"}],"status":"available"},{"id":9223372036854773291,"category":{"id":0,"name":"string"},"name":"doggie","photoUrls":["string"],"tags":[{"id":0,"name":"string"}],"status":"available"},{"id":9223372036854773292,"category":{"id":0,"name":"string"},"name":"doggie","photoUrls":["string"],"tags":[{"id":0,"name":"string"}],"status":"available"},{"id":9223372036854773294,"category":{"id":0,"name":"string"},"name":"fish","photoUrls":["string"],"tags":[{"id":0,"name":"string"}],"status":"available"},{"id":9223372036854773295,"category":{"id":0,"name":"string"},"name":"fish","photoUrls":["string"],"tags":[{"id":0,"name":"string"}],"status":"available"},{"id":9223372036854773298,"category":{"id":0,"name":"string"},"name":"doggie","photoUrls":["string"],"tags":[{"id":0,"name":"string"}],"status":"available"},{"id":98798404,"category":{"id":67482512,"name":"eiusmod Excepteur cillum"},"name":"doggie","photoUrls":["consequat magna deserunt cupidatat","ullamco sunt amet ea conse"],"tags":[{"id":38658984,"name":"consequat tempor"},{"id":-69811051,"name":"eu cillum do nisi sit"}],"status":"available"},{"id":9223372036854773299,"category":{"id":0,"name":"string"},"name":"doggie","photoUrls":["string"],"tags":[{"id":0,"name":"string"}],"status":"available"},{"id":9223372036854773303,"category":{"id":0,"name":"string"},"name":"doggie","photoUrls":["string"],"tags":[{"id":0,"name":"string"}],"status":"available"},{"id":645,"category":{"id":1,"name":"dog"},"name":"Wow","photoUrls":[],"tags":[{"id":1,"name":"Dog"}],"status":"available"},{"id":9223372036854773320,"category":{"id":1,"name":"homie"},"name":"Alice322","photoUrls":["string"],"tags":[{"id":1,"name":"rabbit"}],"status":"available"},{"id":9223372036854773332,"category":{"id":0,"name":"string"},"name":"doggie","photoUrls":["string"],"tags":[{"id":0,"name":"string"}],"status":"available"},{"id":9223372036854773333,"category":{"id":0,"name":"string"},"name":"doggie","photoUrls":["string"],"tags":[{"id":0,"name":"string"}],"status":"available"},{"id":9223372036854773334,"category":{"id":0,"name":"string"},"name":"Blue","photoUrls":["string"],"tags":[{"id":0,"name":"string"}],"status":"available"},{"id":9223372036854773335,"category":{"id":0,"name":"string"},"name":"doggie","photoUrls":["string"],"tags":[{"id":0,"name":"string"}],"status":"available"},{"id":9223372036854773337,"category":{"id":0,"name":"Вава"},"name":"doggie","photoUrls":["string"],"tags":[{"id":0,"name":"string"}],"status":"available"},{"id":9223372036854773338,"category":{"id":0,"name":"string"},"name":"fish","photoUrls":["string"],"tags":[{"id":0,"name":"string"}],"status":"available"},{"id":9223372036854773339,"category":{"id":0,"name":"string"},"name":"doggie","photoUrls":["string"],"tags":[{"id":0,"name":"string"}],"status":"available"},{"id":9223372036854773340,"category":{"id":0,"name":"string"},"name":"doggie","photoUrls":["string"],"tags":[{"id":0,"name":"string"}],"status":"available"},{"id":19,"category":{"id":0,"name":"string"},"name":"doggie","photoUrls":["string"],"tags":[{"id":0,"name":"string"}],"status":"available"},{"id":9223372036854773345,"category":{"id":0,"name":"string"},"name":"fish","photoUrls":["string"],"tags":[{"id":0,"name":"string"}],"status":"available"},{"id":12,"category":{"id":1,"name":"string"},"name":"doggie","photoUrls":["string"],"tags":[{"id":1,"name":"string"}],"status":"available"},{"id":9223372036854773348,"category":{"id":0,"name":"string"},"name":"doggie","photoUrls":["string"],"tags":[{"id":0,"name":"string"}],"status":"available"},{"id":9223372036854773351,"category":{"id":0,"name":"Вава"},"name":"doggie","photoUrls":["string"],"tags":[{"id":0,"name":"string"}],"status":"available"},{"id":9223372036854773352,"category":{"id":0,"name":"string"},"name":"doggie","photoUrls":["string"],"tags":[{"id":0,"name":"string"}],"status":"available"},{"id":9223372036854773353,"category":{"id":0,"name":"string"},"name":"fish","photoUrls":["string"],"tags":[{"id":0,"name":"string"}],"status":"available"},{"id":9223372036854773363,"category":{"id":0,"name":"Вава"},"name":"doggie","photoUrls":["string"],"tags":[{"id":0,"name":"string"}],"status":"available"},{"id":9223372036854773367,"category":{"id":0,"name":"string"},"name":"doggie","photoUrls":["string"],"tags":[{"id":0,"name":"string"}],"status":"available"},{"id":9223372036854773368,"category":{"id":0,"name":"string"},"name":"doggie","photoUrls":["string"],"tags":[{"id":0,"name":"string"}],"status":"available"},{"id":83402955,"category":{"id":-47552382,"name":"non commodo in"},"name":"doggie","photoUrls":["est","aliqua culpa reprehenderit labore"],"tags":[{"id":-12365530,"name":"ea"},{"id":4697299,"name":"deserunt"}],"status":"available"},{"id":9223372036854773369,"category":{"id":0,"name":"string"},"name":"test","photoUrls":["string"],"tags":[{"id":0,"name":"string"}],"status":"available"},{"id":9223372036854773370,"category":{"id":0,"name":"string"},"name":"test","photoUrls":["string"],"tags":[{"id":0,"name":"string"}],"status":"available"},{"id":9223372036854773371,"category":{"id":0,"name":"string"},"name":"test","photoUrls":["string"],"tags":[{"id":0,"name":"string"}],"status":"available"},{"id":9223372036854773372,"category":{"id":0,"name":"string"},"name":"test","photoUrls":["string"],"tags":[{"id":0,"name":"string"}],"status":"available"},{"id":17751411,"category":{"id":95379400,"name":"esse iru"},"name":"doggie","photoUrls":["in cupidatat nulla","est laborum ut"],"tags":[{"id":57974765,"name":"incididunt ea sit"},{"id":-82122710,"name":"dolor sint in ea"}],"status":"available"},{"id":9223372036854773375,"category":{"id":0,"name":"string"},"name":"fish","photoUrls":["string"],"tags":[{"id":0,"name":"string"}],"status":"available"},{"id":9223372036854773377,"category":{"id":0,"name":"string"},"name":"doggie","photoUrls":["string"],"tags":[{"id":0,"name":"string"}],"status":"available"},{"id":9223372036854773379,"category":{"id":0,"name":"Вава"},"name":"doggie","photoUrls":["string"],"tags":[{"id":0,"name":"string"}],"status":"available"},{"id":1,"category":{"id":1,"name":"string"},"name":"doggie","photoUrls":["string"],"tags":[{"id":1,"name":"string"}],"status":"available"},{"id":9223372036854773382,"category":{"id":0,"name":"Вава"},"name":"doggie","photoUrls":["string"],"tags":[{"id":0,"name":"string"}],"status":"available"}]
classpath:examples/users/pets.feature:19
11:53:37.300 [pool-1-thread-1] INFO  com.intuit.karate - karate.env system property was: null 
11:53:37.547 [pool-1-thread-5] DEBUG com.intuit.karate - request:
2 > GET https://jsonplaceholder.typicode.com/users/1
2 > Host: jsonplaceholder.typicode.com
2 > Connection: Keep-Alive
2 > User-Agent: Apache-HttpClient/4.5.13 (Java/11.0.18)
2 > Accept-Encoding: gzip,deflate


11:53:37.670 [pool-1-thread-5] DEBUG com.intuit.karate - response time in milliseconds: 122
2 < 200
2 < Date: Thu, 09 Mar 2023 09:53:38 GMT
2 < Content-Type: application/json; charset=utf-8
2 < Transfer-Encoding: chunked
2 < Connection: keep-alive
2 < X-Powered-By: Express
2 < X-Ratelimit-Limit: 1000
2 < X-Ratelimit-Remaining: 999
2 < X-Ratelimit-Reset: 1676298365
2 < Vary: Origin, Accept-Encoding
2 < Access-Control-Allow-Credentials: true
2 < Cache-Control: max-age=43200
2 < Pragma: no-cache
2 < Expires: -1
2 < X-Content-Type-Options: nosniff
2 < Etag: W/"1fd-+2Y3G3w049iSZtw5t1mzSnunngE"
2 < Via: 1.1 vegur
2 < CF-Cache-Status: HIT
2 < Age: 1060
2 < Server-Timing: cf-q-config;dur=6.0000002122251e-06
2 < Report-To: {"endpoints":[{"url":"https:\/\/a.nel.cloudflare.com\/report\/v3?s=yAQXAEsoLm8EFwSQEal9RgaAK3vM%2FUAHXHkE3t3ciVYAFKl3pj7TaEvv%2BBdpy33qTGYn0sKkLa6dnEreOpsh9kmTIIZ2N%2FmkweyDRNGxb7ptLlMVdvcZGz0AYXW0AlZhGcyKANyY1v3%2Bcp0%2Fi6FX"}],"group":"cf-nel","max_age":604800}
2 < NEL: {"success_fraction":0,"report_to":"cf-nel","max_age":604800}
2 < Server: cloudflare
2 < CF-RAY: 7a526e9778f69e8e-JNB
2 < alt-svc: h3=":443"; ma=86400, h3-29=":443"; ma=86400
{
  "id": 1,
  "name": "Leanne Graham",
  "username": "Bret",
  "email": "Sincere@april.biz",
  "address": {
    "street": "Kulas Light",
    "suite": "Apt. 556",
    "city": "Gwenborough",
    "zipcode": "92998-3874",
    "geo": {
      "lat": "-37.3159",
      "lng": "81.1496"
    }
  },
  "phone": "1-770-736-8031 x56442",
  "website": "hildegard.org",
  "company": {
    "name": "Romaguera-Crona",
    "catchPhrase": "Multi-layered client-server neural-net",
    "bs": "harness real-time e-markets"
  }
}

11:53:37.818 [pool-1-thread-1] DEBUG com.intuit.karate - request:
1 > POST https://jsonplaceholder.typicode.com/users
1 > Content-Type: application/json; charset=UTF-8
1 > Content-Length: 160
1 > Host: jsonplaceholder.typicode.com
1 > Connection: Keep-Alive
1 > User-Agent: Apache-HttpClient/4.5.13 (Java/11.0.18)
1 > Accept-Encoding: gzip,deflate
{"name":"Test User","username":"testuser","email":"test@user.com","address":{"street":"Has No Name","suite":"Apt. 123","city":"Electri","zipcode":"54321-6789"}}

11:53:37.878 [pool-1-thread-2] DEBUG com.intuit.karate - response time in milliseconds: 1057
1 < 405
1 < Date: Thu, 09 Mar 2023 09:53:38 GMT
1 < Content-Type: application/xml
1 < Content-Length: 102
1 < Connection: keep-alive
1 < Access-Control-Allow-Origin: *
1 < Access-Control-Allow-Methods: GET, POST, DELETE, PUT
1 < Access-Control-Allow-Headers: Content-Type, api_key, Authorization
1 < Server: Jetty(9.2.9.v20150224)
<?xml version="1.0" encoding="UTF-8" standalone="yes"?><apiResponse><type>unknown</type></apiResponse>

11:53:37.886 [pool-1-thread-3] DEBUG com.intuit.karate - response time in milliseconds: 1038
1 < 405
1 < Date: Thu, 09 Mar 2023 09:53:38 GMT
1 < Content-Type: application/xml
1 < Content-Length: 102
1 < Connection: keep-alive
1 < Access-Control-Allow-Origin: *
1 < Access-Control-Allow-Methods: GET, POST, DELETE, PUT
1 < Access-Control-Allow-Headers: Content-Type, api_key, Authorization
1 < Server: Jetty(9.2.9.v20150224)
<?xml version="1.0" encoding="UTF-8" standalone="yes"?><apiResponse><type>unknown</type></apiResponse>

11:53:38.414 [pool-1-thread-1] DEBUG com.intuit.karate - response time in milliseconds: 594
1 < 201
1 < Date: Thu, 09 Mar 2023 09:53:39 GMT
1 < Content-Type: application/json; charset=utf-8
1 < Content-Length: 216
1 < Connection: keep-alive
1 < X-Powered-By: Express
1 < X-Ratelimit-Limit: 1000
1 < X-Ratelimit-Remaining: 999
1 < X-Ratelimit-Reset: 1678355671
1 < Vary: Origin, X-HTTP-Method-Override, Accept-Encoding
1 < Access-Control-Allow-Credentials: true
1 < Cache-Control: no-cache
1 < Pragma: no-cache
1 < Expires: -1
1 < Access-Control-Expose-Headers: Location
1 < Location: http://jsonplaceholder.typicode.com/users/11
1 < X-Content-Type-Options: nosniff
1 < Etag: W/"d8-pYV7+YuMGP2hxHPU9ARrf97ifDA"
1 < Via: 1.1 vegur
1 < CF-Cache-Status: DYNAMIC
1 < Server-Timing: cf-q-config;dur=6.0000002122251e-06
1 < Report-To: {"endpoints":[{"url":"https:\/\/a.nel.cloudflare.com\/report\/v3?s=kG0hfCV%2BnVkvmpkVnEl0luXEa%2Bgs%2BS2%2Fw7zPjLcIBiPMYMPr15tjWJTeFuq%2BjBZvKvSHeCXgd0cCLH3gldYgF0rMIaAh55nZPWQMDXeLhZENg5N7Q5KjnC%2BQ5V8GtvyUGpUP42HCdBoBPGrKkjok"}],"group":"cf-nel","max_age":604800}
1 < NEL: {"success_fraction":0,"report_to":"cf-nel","max_age":604800}
1 < Server: cloudflare
1 < CF-RAY: 7a526e991b974f87-JNB
1 < alt-svc: h3=":443"; ma=86400, h3-29=":443"; ma=86400
{
  "name": "Test User",
  "username": "testuser",
  "email": "test@user.com",
  "address": {
    "street": "Has No Name",
    "suite": "Apt. 123",
    "city": "Electri",
    "zipcode": "54321-6789"
  },
  "id": 11
}

11:53:38.433 [pool-1-thread-1] INFO  com.intuit.karate - [print] created id is:  11 
---------------------------------------------------------
feature: classpath:examples/users/pets.feature
scenarios:  8 | passed:  6 | failed:  2 | time: 15.3969
---------------------------------------------------------

11:53:40.714 [pool-2-thread-1] INFO  com.intuit.karate.Suite - <<fail>> feature 1 of 2 (1 remaining) classpath:examples/users/pets.feature
---------------------------------------------------------
feature: classpath:examples/users/users.feature
scenarios:  2 | passed:  2 | failed:  0 | time: 1.9870
---------------------------------------------------------

11:53:40.863 [pool-2-thread-1] INFO  com.intuit.karate.Suite - <<pass>> feature 2 of 2 (0 remaining) classpath:examples/users/users.feature
Karate version: 1.3.1
======================================================
elapsed:  10.09 | threads:    5 | thread time: 17.38 
features:     2 | skipped:    0 | efficiency: 0.34
scenarios:   10 | passed:     8 | failed: 2
======================================================
>>> failed features:
status code was: 200, expected: 400, response time in milliseconds: 1762, url: https://petstore.swagger.io/v2/pet/findByStatus?status=available, response: 
[{"id":9223372036854772447,"category":{"id":1,"name":"123"},"name":"Bobik","photoUrls":["string"],"tags":[{"id":1,"name":"234"},{"id":1,"name":"456"}],"status":"available"},{"id":9223372036854772449,"category":{"id":0,"name":"string"},"name":"doggie","photoUrls":["string"],"tags":[{"id":0,"name":"string"}],"status":"available"},{"id":9223372036854772455,"category":{"id":0,"name":"string"},"name":"fish","photoUrls":["string"],"tags":[{"id":0,"name":"string"}],"status":"available"},{"id":9223372036854772456,"category":{"id":0,"name":"string"},"name":"fish","photoUrls":["string"],"tags":[{"id":0,"name":"string"}],"status":"available"},{"id":9223372036854772461,"category":{"id":0,"name":"string"},"name":"doggie","photoUrls":["string"],"tags":[{"id":0,"name":"string"}],"status":"available"},{"id":9223372036854772464,"category":{"id":1,"name":"123"},"name":"Bobik","photoUrls":["string"],"tags":[{"id":1,"name":"234"},{"id":1,"name":"456"}],"status":"available"},{"id":9223372036854772466,"category":{"id":0,"name":"string"},"name":"fish","photoUrls":["string"],"tags":[{"id":0,"name":"string"}],"status":"available"},{"id":9223372036854772467,"category":{"id":0,"name":"string"},"name":"fish","photoUrls":["string"],"tags":[{"id":0,"name":"string"}],"status":"available"},{"id":222,"name":"tex","photoUrls":[],"tags":[{"id":21,"name":"tex"}],"status":"available"},{"id":9223372036854772472,"category":{"id":-40550398,"name":"fish"},"name":"nemo","photoUrls":["ut incididunt Duis Ut quis","esse dolor aute"],"tags":[{"id":87374033,"name":"laborum anim commodo"},{"id":20541211,"name":"enim deserunt"}],"status":"available"},{"id":9223372036854772475,"name":"Jimmy","photoUrls":["string"],"tags":[],"status":"available"},{"id":49087884,"category":{"id":-50629969,"name":"Excepteur elit"},"name":"doggie","photoUrls":["sed velit","ullamco dolore minim voluptate"],"tags":[{"id":-56971972,"name":"ipsum id mollit"},{"id":-27456905,"name":"aliquip velit amet ex"}],"status":"available"},{"id":9223372036854772487,"category":{"id":0,"name":"string"},"name":"fish","photoUrls":["string"],"tags":[{"id":0,"name":"string"}],"status":"available"},{"id":9223372036854772488,"category":{"id":0,"name":"string"},"name":"fish","photoUrls":["string"],"tags":[{"id":0,"name":"string"}],"status":"available"},{"id":9223372036854772489,"category":{"id":0,"name":"string"},"name":"fish","photoUrls":["string"],"tags":[{"id":0,"name":"string"}],"status":"available"},{"id":9223372036854772490,"category":{"id":0,"name":"string"},"name":"fish","photoUrls":["string"],"tags":[{"id":0,"name":"string"}],"status":"available"},{"id":9223372036854772491,"category":{"id":0,"name":"string"},"name":"doggie","photoUrls":["string"],"tags":[{"id":0,"name":"string"}],"status":"available"},{"id":9223372036854772494,"category":{"id":1,"name":"Cat"},"name":"Bruno","photoUrls":["https://upload.wikimedia.org/wikipedia/commons/0/0e/Felis_silvestris_silvestris.jpg"],"tags":[{"id":1,"name":"Felis silvestris"}],"status":"available"},{"id":9223372036854772509,"category":{"id":0,"name":"string"},"name":"doggie","photoUrls":["string"],"tags":[{"id":0,"name":"string"}],"status":"available"},{"id":9223372036854772516,"category":{"id":0,"name":"string"},"name":"doggie","photoUrls":["string"],"tags":[{"id":0,"name":"string"}],"status":"available"},{"id":9223372036854772524,"category":{"id":0,"name":"string"},"name":"Blue","photoUrls":["string"],"tags":[{"id":0,"name":"string"}],"status":"available"},{"id":9223372036854772535,"category":{"id":1,"name":"123"},"name":"Bobik","photoUrls":["string"],"tags":[{"id":1,"name":"234"},{"id":1,"name":"456"}],"status":"available"},{"id":9223372036854772547,"category":{"id":0,"name":"string"},"name":"fish","photoUrls":["string"],"tags":[{"id":0,"name":"string"}],"status":"available"},{"id":9223372036854772548,"category":{"id":0,"name":"string"},"name":"fish","photoUrls":["string"],"tags":[{"id":0,"name":"string"}],"status":"available"},{"id":9223372036854772552,"category":{"id":0,"name":"string"},"name":"doggie","photoUrls":["string"],"tags":[{"id":0,"name":"string"}],"status":"available"},{"id":9223372036854772553,"category":{"id":0,"name":"string"},"name":"fish","photoUrls":["string"],"tags":[{"id":0,"name":"string"}],"status":"available"},{"id":23456789,"category":{"id":0,"name":"string"},"name":"doggie","photoUrls":["string"],"tags":[{"id":0,"name":"string"}],"status":"available"},{"id":9223372036854772560,"category":{"id":0,"name":"string"},"name":"fish","photoUrls":["string"],"tags":[{"id":0,"name":"string"}],"status":"available"},{"id":9223372036854772567,"category":{"id":0,"name":"string"},"name":"doggie","photoUrls":["string"],"tags":[{"id":0,"name":"string"}],"status":"available"},{"id":9223372036854772568,"name":"doggie","photoUrls":[],"tags":[],"status":"available"},{"id":9223372036854772569,"name":"doggie","photoUrls":[],"tags":[],"status":"available"},{"id":9223372036854772571,"name":"doggie","photoUrls":[],"tags":[],"status":"available"},{"id":9223372036854772574,"name":"petname","photoUrls":[],"tags":[],"status":"available"},{"id":9223372036854772577,"name":"doggie","photoUrls":[],"tags":[],"status":"available"},{"id":9223372036854772578,"name":"doggie3","photoUrls":[],"tags":[],"status":"available"},{"id":9223372036854772579,"name":"doggie","photoUrls":[],"tags":[],"status":"available"},{"id":9223372036854772580,"name":"doggie2","photoUrls":[],"tags":[],"status":"available"},{"id":9223372036854772581,"name":"doggie3","photoUrls":[],"tags":[],"status":"available"},{"id":9223372036854772582,"name":"doggie","photoUrls":[],"tags":[],"status":"available"},{"id":9223372036854772583,"name":"doggie","photoUrls":[],"tags":[],"status":"available"},{"id":9223372036854772584,"name":"doggie","photoUrls":[],"tags":[],"status":"available"},{"id":9223372036854772585,"name":"doggie2","photoUrls":[],"tags":[],"status":"available"},{"id":9223372036854772586,"name":"doggie3","photoUrls":[],"tags":[],"status":"available"},{"id":9223372036854772587,"name":"doggie","photoUrls":[],"tags":[],"status":"available"},{"id":9223372036854772588,"name":"doggie2","photoUrls":[],"tags":[],"status":"available"},{"id":9223372036854772589,"name":"doggie3","photoUrls":[],"tags":[],"status":"available"},{"id":9223372036854772590,"name":"doggie","photoUrls":[],"tags":[],"status":"available"},{"id":9223372036854772591,"name":"doggie2","photoUrls":[],"tags":[],"status":"available"},{"id":9223372036854772592,"name":"doggie3","photoUrls":[],"tags":[],"status":"available"},{"id":9223372036854772594,"name":"doggie","photoUrls":[],"tags":[],"status":"available"},{"id":9223372036854772596,"name":"doggie2","photoUrls":[],"tags":[],"status":"available"},{"id":9223372036854772597,"name":"doggie3","photoUrls":[],"tags":[],"status":"available"},{"id":9223372036854772598,"name":"doggie","photoUrls":[],"tags":[],"status":"available"},{"id":9223372036854772599,"name":"doggie2","photoUrls":[],"tags":[],"status":"available"},{"id":9223372036854772600,"name":"doggie3","photoUrls":[],"tags":[],"status":"available"},{"id":9223372036854772601,"name":"doggie","photoUrls":[],"tags":[],"status":"available"},{"id":9223372036854772602,"name":"doggie","photoUrls":[],"tags":[],"status":"available"},{"id":9223372036854772603,"name":"doggie2","photoUrls":[],"tags":[],"status":"available"},{"id":9223372036854772604,"name":"doggie3","photoUrls":[],"tags":[],"status":"available"},{"id":9223372036854772605,"name":"doggie","photoUrls":[],"tags":[],"status":"available"},{"id":9223372036854772606,"name":"doggie","photoUrls":[],"tags":[],"status":"available"},{"id":9223372036854772607,"name":"doggie","photoUrls":[],"tags":[],"status":"available"},{"id":9223372036854772618,"name":"doggie4","photoUrls":[],"tags":[],"status":"available"},{"id":9223372036854772619,"name":"doggie3","photoUrls":[],"tags":[],"status":"available"},{"id":9223372036854772620,"name":"doggie2","photoUrls":[],"tags":[],"status":"available"},{"id":9223372036854772621,"name":"doggie1","photoUrls":[],"tags":[],"status":"available"},{"id":9223372036854772622,"name":"doggie0","photoUrls":[],"tags":[],"status":"available"},{"id":9223372036854772629,"category":{"id":0,"name":"string"},"name":"doggie","photoUrls":["string"],"tags":[{"id":0,"name":"string"}],"status":"available"},{"id":9223372036854772630,"name":"doggie","photoUrls":[],"tags":[],"status":"available"},{"id":9223372036854772631,"name":"doggie","photoUrls":[],"tags":[],"status":"available"},{"id":9223372036854772633,"name":"doggie","photoUrls":[],"tags":[],"status":"available"},{"id":9223372036854772636,"name":"petname","photoUrls":[],"tags":[],"status":"available"},{"id":9223372036854772639,"name":"doggie","photoUrls":[],"tags":[],"status":"available"},{"id":9223372036854772640,"name":"doggie3","photoUrls":[],"tags":[],"status":"available"},{"id":9223372036854772641,"name":"doggie","photoUrls":[],"tags":[],"status":"available"},{"id":9223372036854772642,"name":"doggie2","photoUrls":[],"tags":[],"status":"available"},{"id":9223372036854772643,"name":"doggie3","photoUrls":[],"tags":[],"status":"available"},{"id":9223372036854772644,"name":"doggie","photoUrls":[],"tags":[],"status":"available"},{"id":9223372036854772645,"name":"doggie","photoUrls":[],"tags":[],"status":"available"},{"id":9223372036854772646,"name":"doggie","photoUrls":[],"tags":[],"status":"available"},{"id":9223372036854772647,"name":"doggie2","photoUrls":[],"tags":[],"status":"available"},{"id":9223372036854772648,"name":"doggie3","photoUrls":[],"tags":[],"status":"available"},{"id":9223372036854772649,"name":"doggie","photoUrls":[],"tags":[],"status":"available"},{"id":9223372036854772650,"name":"doggie2","photoUrls":[],"tags":[],"status":"available"},{"id":9223372036854772651,"name":"doggie3","photoUrls":[],"tags":[],"status":"available"},{"id":9223372036854772652,"name":"doggie","photoUrls":[],"tags":[],"status":"available"},{"id":9223372036854772653,"name":"doggie2","photoUrls":[],"tags":[],"status":"available"},{"id":9223372036854772654,"name":"doggie3","photoUrls":[],"tags":[],"status":"available"},{"id":9223372036854772655,"name":"doggie","photoUrls":[],"tags":[],"status":"available"},{"id":9223372036854772656,"name":"doggie2","photoUrls":[],"tags":[],"status":"available"},{"id":9223372036854772657,"name":"doggie3","photoUrls":[],"tags":[],"status":"available"},{"id":9223372036854772658,"name":"doggie","photoUrls":[],"tags":[],"status":"available"},{"id":9223372036854772659,"name":"doggie","photoUrls":[],"tags":[],"status":"available"},{"id":9223372036854772660,"name":"doggie","photoUrls":[],"tags":[],"status":"available"},{"id":9223372036854772661,"name":"doggie2","photoUrls":[],"tags":[],"status":"available"},{"id":9223372036854772663,"name":"doggie3","photoUrls":[],"tags":[],"status":"available"},{"id":9223372036854772664,"name":"doggie","photoUrls":[],"tags":[],"status":"available"},{"id":9223372036854772665,"name":"doggie","photoUrls":[],"tags":[],"status":"available"},{"id":9223372036854772666,"name":"doggie","photoUrls":[],"tags":[],"status":"available"},{"id":9223372036854772667,"name":"doggie2","photoUrls":[],"tags":[],"status":"available"},{"id":9223372036854772670,"name":"petname","photoUrls":[],"tags":[],"status":"available"},{"id":9223372036854772671,"name":"doggie3","photoUrls":[],"tags":[],"status":"available"},{"id":9223372036854772674,"name":"doggie","photoUrls":[],"tags":[],"status":"available"},{"id":9223372036854772675,"name":"doggie","photoUrls":[],"tags":[],"status":"available"},{"id":9223372036854772676,"name":"doggie","photoUrls":[],"tags":[],"status":"available"},{"id":9223372036854772677,"name":"doggie3","photoUrls":[],"tags":[],"status":"available"},{"id":9223372036854772678,"name":"doggie","photoUrls":[],"tags":[],"status":"available"},{"id":9223372036854772679,"name":"doggie","photoUrls":[],"tags":[],"status":"available"},{"id":9223372036854772680,"category":{"id":1,"name":"123"},"name":"Bobik","photoUrls":["string"],"tags":[{"id":1,"name":"234"},{"id":1,"name":"456"}],"status":"available"},{"id":9223372036854772683,"name":"doggie2","photoUrls":[],"tags":[],"status":"available"},{"id":9223372036854772687,"name":"doggie3","photoUrls":[],"tags":[],"status":"available"},{"id":9223372036854772689,"name":"doggie","photoUrls":[],"tags":[],"status":"available"},{"id":9223372036854772695,"name":"doggie","photoUrls":[],"tags":[],"status":"available"},{"id":9223372036854772696,"name":"doggie","photoUrls":[],"tags":[],"status":"available"},{"id":9223372036854772697,"name":"doggie2","photoUrls":[],"tags":[],"status":"available"},{"id":9223372036854772698,"name":"doggie1","photoUrls":[],"tags":[],"status":"available"},{"id":9223372036854772699,"name":"doggie3","photoUrls":[],"tags":[],"status":"available"},{"id":9223372036854772700,"name":"doggie0","photoUrls":[],"tags":[],"status":"available"},{"id":9223372036854772701,"name":"doggie4","photoUrls":[],"tags":[],"status":"available"},{"id":9223372036854772702,"name":"doggie2","photoUrls":[],"tags":[],"status":"available"},{"id":9223372036854772703,"name":"doggie3","photoUrls":[],"tags":[],"status":"available"},{"id":9223372036854772704,"name":"doggie","photoUrls":[],"tags":[],"status":"available"},{"id":9223372036854772706,"name":"doggie2","photoUrls":[],"tags":[],"status":"available"},{"id":9223372036854772707,"name":"doggie3","photoUrls":[],"tags":[],"status":"available"},{"id":9223372036854772709,"name":"doggie","photoUrls":[],"tags":[],"status":"available"},{"id":9223372036854772710,"name":"doggie2","photoUrls":[],"tags":[],"status":"available"},{"id":9223372036854772711,"name":"doggie3","photoUrls":[],"tags":[],"status":"available"},{"id":9223372036854772712,"name":"doggie","photoUrls":[],"tags":[],"status":"available"},{"id":9223372036854772713,"name":"doggie2","photoUrls":[],"tags":[],"status":"available"},{"id":9223372036854772714,"name":"doggie3","photoUrls":[],"tags":[],"status":"available"},{"id":9223372036854772715,"name":"doggie","photoUrls":[],"tags":[],"status":"available"},{"id":9223372036854772716,"name":"doggie2","photoUrls":[],"tags":[],"status":"available"},{"id":9223372036854772717,"name":"doggie3","photoUrls":[],"tags":[],"status":"available"},{"id":9223372036854772718,"name":"doggie","photoUrls":[],"tags":[],"status":"available"},{"id":9223372036854772719,"name":"doggie","photoUrls":[],"tags":[],"status":"available"},{"id":9223372036854772720,"name":"doggie2","photoUrls":[],"tags":[],"status":"available"},{"id":9223372036854772721,"name":"doggie3","photoUrls":[],"tags":[],"status":"available"},{"id":9223372036854772722,"name":"doggie","photoUrls":[],"tags":[],"status":"available"},{"id":9223372036854772723,"name":"doggie","photoUrls":[],"tags":[],"status":"available"},{"id":9223372036854772724,"name":"doggie","photoUrls":[],"tags":[],"status":"available"},{"id":9223372036854772735,"name":"doggie1","photoUrls":[],"tags":[],"status":"available"},{"id":9223372036854772736,"name":"doggie0","photoUrls":[],"tags":[],"status":"available"},{"id":9223372036854772737,"name":"doggie3","photoUrls":[],"tags":[],"status":"available"},{"id":9223372036854772738,"name":"doggie2","photoUrls":[],"tags":[],"status":"available"},{"id":9223372036854772739,"name":"doggie4","photoUrls":[],"tags":[],"status":"available"},{"id":9223372036854772744,"category":{"id":1,"name":"123"},"name":"Bobik","photoUrls":["string"],"tags":[{"id":1,"name":"234"},{"id":1,"name":"456"}],"status":"available"},{"id":9223372036854772748,"category":{"id":1,"name":"123"},"name":"Bobik","photoUrls":["string"],"tags":[{"id":1,"name":"234"},{"id":1,"name":"456"}],"status":"available"},{"id":9223372036854772751,"category":{"id":0,"name":"string"},"name":"fish","photoUrls":["string"],"tags":[{"id":0,"name":"string"}],"status":"available"},{"id":9223372036854772752,"category":{"id":0,"name":"string"},"name":"fish","photoUrls":["string"],"tags":[{"id":0,"name":"string"}],"status":"available"},{"id":9223372036854772753,"category":{"id":1,"name":"123"},"name":"Bobik","photoUrls":["string"],"tags":[{"id":1,"name":"234"},{"id":1,"name":"456"}],"status":"available"},{"id":9223372036854772758,"category":{"id":1,"name":"123"},"name":"Bobik","photoUrls":["string"],"tags":[{"id":1,"name":"234"},{"id":1,"name":"456"}],"status":"available"},{"id":112233,"category":{"id":30,"name":"Eq-dog"},"name":"Postman","photoUrls":["URLLink"],"tags":[{"id":10,"name":"Doberman"}],"status":"available"},{"id":9223372036854772764,"name":"Jimmy","photoUrls":["string"],"tags":[],"status":"available"},{"id":9222968140491042131,"category":{"id":0,"name":"string"},"name":"doggie","photoUrls":["string"],"tags":[{"id":0,"name":"string"}],"status":"available"},{"id":9223372036854772765,"category":{"id":0,"name":"string"},"name":"fish","photoUrls":["string"],"tags":[{"id":0,"name":"string"}],"status":"available"},{"id":9223372036854772766,"category":{"id":0,"name":"string"},"name":"fish","photoUrls":["string"],"tags":[{"id":0,"name":"string"}],"status":"available"},{"id":9223372036854772771,"category":{"id":0,"name":"string"},"name":"fish","photoUrls":["string"],"tags":[{"id":0,"name":"string"}],"status":"available"},{"id":9223372036854772772,"category":{"id":0,"name":"string"},"name":"fish","photoUrls":["string"],"tags":[{"id":0,"name":"string"}],"status":"available"},{"id":9223372036854772773,"category":{"id":0,"name":"string"},"name":"fish","photoUrls":["string"],"tags":[{"id":0,"name":"string"}],"status":"available"},{"id":9223372036854772778,"category":{"id":0,"name":"string"},"name":"fish","photoUrls":["string"],"tags":[{"id":0,"name":"string"}],"status":"available"},{"id":9223372036854772786,"category":{"id":1804,"name":"dog"},"name":"rex","photoUrls":["string"],"tags":[{"id":1804,"name":"sheperd"}],"status":"available"},{"id":9223372036854772787,"category":{"id":0,"name":"string"},"name":"doggie","photoUrls":["string"],"tags":[{"id":0,"name":"string"}],"status":"available"},{"id":9223372036854772792,"category":{"id":1804,"name":"dog"},"name":"rex","photoUrls":["string"],"tags":[{"id":1804,"name":"sheperd"}],"status":"available"},{"id":9223372036854772793,"category":{"id":1804,"name":"dog"},"name":"rex","photoUrls":["string"],"tags":[{"id":1804,"name":"sheperd"}],"status":"available"},{"id":9223372036854772794,"category":{"id":0,"name":"cats"},"name":"красивые большие глазки","photoUrls":["https://klike.net/uploads/posts/2019-06/medium/1561011173_8.jpg"],"tags":[{"id":0,"name":"большие глазки"}],"status":"available"},{"id":9222968140497180179,"category":{"id":0,"name":"string"},"name":"test","photoUrls":["string"],"tags":[{"id":0,"name":"string"}],"status":"available"},{"id":9223372036854772805,"category":{"id":1804,"name":"dog"},"name":"rex","photoUrls":["string"],"tags":[{"id":1804,"name":"sheperd"}],"status":"available"},{"id":1245,"category":{"id":1245,"name":"xyz"},"name":"xyz","photoUrls":["test"],"tags":[],"status":"available"},{"id":9223372036854772809,"category":{"id":1804,"name":"dog"},"name":"rex","photoUrls":["string"],"tags":[{"id":1804,"name":"sheperd"}],"status":"available"},{"id":1340,"category":{"id":1340,"name":"cat"},"name":"persic","photoUrls":["string"],"tags":[{"id":1340,"name":"red"}],"status":"available"},{"id":9223372036854772829,"category":{"id":1804,"name":"dog"},"name":"rex","photoUrls":["string"],"tags":[{"id":1804,"name":"sheperd"}],"status":"available"},{"id":9223372036854772831,"category":{"id":0,"name":"string"},"name":"doggie","photoUrls":["string"],"tags":[{"id":0,"name":"string"}],"status":"available"},{"id":478364873,"category":{"id":1,"name":"Cat"},"name":"Bruno","photoUrls":["https://upload.wikimedia.org/wikipedia/commons/0/0e/Felis_silvestris_silvestris.jpg"],"tags":[{"id":1,"name":"Felis silvestris"}],"status":"available"},{"id":9223372036854772832,"category":{"id":0,"name":"string"},"name":"fish","photoUrls":["string"],"tags":[{"id":0,"name":"string"}],"status":"available"},{"id":9223372036854772833,"category":{"id":0,"name":"string"},"name":"doggie","photoUrls":["string"],"tags":[{"id":0,"name":"string"}],"status":"available"},{"id":9223372036854772835,"category":{"id":0,"name":"string"},"name":"fish","photoUrls":["string"],"tags":[{"id":0,"name":"string"}],"status":"available"},{"id":9223372036854772838,"category":{"id":0,"name":"string"},"name":"doggie","photoUrls":["string"],"tags":[{"id":0,"name":"string"}],"status":"available"},{"id":9223372036854772845,"name":"doggieUpdated","photoUrls":[],"tags":[],"status":"available"},{"id":9223372036854772846,"name":"fishUpdated","photoUrls":[],"tags":[],"status":"available"},{"id":9223372036854772847,"name":"LunaUpdated","photoUrls":[],"tags":[],"status":"available"},{"id":9223372036854772848,"name":"CharlieUpdated","photoUrls":[],"tags":[],"status":"available"},{"id":9223372036854772849,"category":{"id":0,"name":"string"},"name":"fish","photoUrls":["string"],"tags":[{"id":0,"name":"string"}],"status":"available"},{"id":88888,"category":{"id":0,"name":"string"},"name":"bentley","photoUrls":["string"],"tags":[{"id":0,"name":"string"}],"status":"available"},{"id":9223372036854772862,"name":"doggieUpdated","photoUrls":[],"tags":[],"status":"available"},{"id":9223372036854772866,"name":"fishUpdated","photoUrls":[],"tags":[],"status":"available"},{"id":9223372036854772868,"name":"LunaUpdated","photoUrls":[],"tags":[],"status":"available"},{"id":9223372036854772869,"category":{"id":1804,"name":"dog"},"name":"rex","photoUrls":["string"],"tags":[{"id":1804,"name":"sheperd"}],"status":"available"},{"id":9223372036854772870,"name":"CharlieUpdated","photoUrls":[],"tags":[],"status":"available"},{"id":9223372036854772872,"category":{"id":1804,"name":"dog"},"name":"rex","photoUrls":["string"],"tags":[{"id":1804,"name":"sheperd"}],"status":"available"},{"id":9223372036854772875,"category":{"id":0,"name":"string"},"name":"fish","photoUrls":["string"],"tags":[{"id":0,"name":"string"}],"status":"available"},{"id":9223372036854772876,"category":{"id":0,"name":"string"},"name":"doggie","photoUrls":["string"],"tags":[{"id":0,"name":"string"}],"status":"available"},{"id":9223372036854772884,"category":{"id":0,"name":"Dog"},"name":"Günther","photoUrls":["https://www.bmel.de/SharedDocs/Bilder/DE/_Tiere/Haus-Zootiere/tierschutz-hunde.jpg?__blob=wide&v=3"],"tags":[{"id":0,"name":"string"}],"status":"available"},{"id":9223372036854772907,"category":{"id":0,"name":"string"},"name":"fish","photoUrls":["string"],"tags":[{"id":0,"name":"string"}],"status":"available"},{"id":9223372036854772911,"category":{"id":0,"name":"string"},"name":"fish","photoUrls":["string"],"tags":[{"id":0,"name":"string"}],"status":"available"},{"id":9223372036854772913,"category":{"id":0,"name":"Жужа"},"name":"doggie","photoUrls":["string"],"tags":[{"id":0,"name":"string"}],"status":"available"},{"id":9223372036854772922,"category":{"id":0,"name":"mer"},"name":"doggie","photoUrls":["string"],"tags":[{"id":0,"name":"kuuur"}],"status":"available"},{"id":9223372036854772926,"category":{"id":0,"name":"string"},"name":"doggie","photoUrls":["string"],"tags":[{"id":0,"name":"string"}],"status":"available"},{"id":9223372036854772927,"category":{"id":0,"name":"string"},"name":"fish","photoUrls":["string"],"tags":[{"id":0,"name":"string"}],"status":"available"},{"id":9223372036854772928,"category":{"id":0,"name":"string"},"name":"fish","photoUrls":["string"],"tags":[{"id":0,"name":"string"}],"status":"available"},{"id":9223372036854772932,"category":{"id":0,"name":"string"},"name":"doggie","photoUrls":["string"],"tags":[{"id":0,"name":"string"}],"status":"available"},{"id":9223372036854772937,"category":{"id":1,"name":"123"},"name":"Bobik","photoUrls":["string"],"tags":[{"id":1,"name":"234"},{"id":1,"name":"456"}],"status":"available"},{"id":9223372036854772938,"name":"Jimmy","photoUrls":["string"],"tags":[],"status":"available"},{"id":9223372036854772939,"category":{"id":0,"name":"string"},"name":"doggie","photoUrls":["string"],"tags":[{"id":0,"name":"string"}],"status":"available"},{"id":9223372036854772942,"category":{"id":0,"name":"string"},"name":"fish","photoUrls":["string"],"tags":[{"id":0,"name":"string"}],"status":"available"},{"id":9223372036854772943,"category":{"id":0,"name":"string"},"name":"fish","photoUrls":["string"],"tags":[{"id":0,"name":"string"}],"status":"available"},{"id":9223372036854772944,"category":{"id":0,"name":"string"},"name":"fish","photoUrls":["string"],"tags":[{"id":0,"name":"string"}],"status":"available"},{"id":3342,"category":{"id":0},"name":"keks","photoUrls":["string"],"tags":[{"id":0,"name":"string"}],"status":"available"},{"id":9223372036854772959,"category":{"id":0,"name":"string"},"name":"fish","photoUrls":["string"],"tags":[{"id":0,"name":"string"}],"status":"available"},{"id":5958,"category":{"id":0},"name":"keks","photoUrls":["string"],"tags":[{"id":0,"name":"string"}],"status":"available"},{"id":6730,"category":{"id":0},"name":"keks","photoUrls":["string"],"tags":[{"id":0,"name":"string"}],"status":"available"},{"id":9223372036854773018,"category":{"id":0,"name":"string"},"name":"doggie","photoUrls":["string"],"tags":[{"id":0,"name":"string"}],"status":"available"},{"id":9223372036854773019,"category":{"id":0,"name":"string"},"name":"Puppy","photoUrls":["string"],"tags":[{"id":0,"name":"string"}],"status":"available"},{"id":9223372036854773030,"category":{"id":0,"name":"string"},"name":"doggie","photoUrls":["string"],"tags":[{"id":0,"name":"string"}],"status":"available"},{"id":9223372036854773032,"category":{"id":0,"name":"string"},"name":"fish","photoUrls":["string"],"tags":[{"id":0,"name":"string"}],"status":"available"},{"id":9223372036854773033,"category":{"id":0,"name":"string"},"name":"fish","photoUrls":["string"],"tags":[{"id":0,"name":"string"}],"status":"available"},{"id":9223372036854773034,"category":{"id":0,"name":"string"},"name":"Puppy","photoUrls":["string"],"tags":[{"id":0,"name":"string"}],"status":"available"},{"id":9223372036854773035,"name":"Jimmy","photoUrls":["string"],"tags":[],"status":"available"},{"id":9223372036854773039,"category":{"id":0,"name":"string"},"name":"doggie","photoUrls":["string"],"tags":[{"id":0,"name":"string"}],"status":"available"},{"id":9359,"category":{"id":0},"name":"keks","photoUrls":["string"],"tags":[{"id":0,"name":"string"}],"status":"available"},{"id":9223372036854773044,"category":{"id":0,"name":"string"},"name":"fish","photoUrls":["string"],"tags":[{"id":0,"name":"string"}],"status":"available"},{"id":9223372036854773045,"category":{"id":0,"name":"string"},"name":"Gigi","photoUrls":["string"],"tags":[{"id":0,"name":"string"}],"status":"available"},{"id":9223372036854773046,"name":"Jimmy","photoUrls":["string"],"tags":[],"status":"available"},{"id":9223372036854773048,"category":{"id":0,"name":"string"},"name":"fish","photoUrls":["string"],"tags":[{"id":0,"name":"string"}],"status":"available"},{"id":123456,"name":"Fluffy","photoUrls":[],"tags":[],"status":"available"},{"id":9223372036854773066,"category":{"id":0,"name":"Жужа"},"name":"doggie","photoUrls":["string"],"tags":[{"id":0,"name":"string"}],"status":"available"},{"id":9223372036854773069,"category":{"id":0,"name":"string"},"name":"doggie","photoUrls":["string"],"tags":[{"id":0,"name":"string"}],"status":"available"},{"id":9223372036854773070,"category":{"id":0,"name":"string"},"name":"doggie","photoUrls":["string"],"tags":[{"id":0,"name":"string"}],"status":"available"},{"id":9223372036854773075,"category":{"id":0,"name":"string"},"name":"doggie","photoUrls":["string"],"tags":[{"id":0,"name":"string"}],"status":"available"},{"id":9223372036854773078,"category":{"id":0,"name":"cats"},"name":"красивые большие глазки","photoUrls":["https://klike.net/uploads/posts/2019-06/medium/1561011173_8.jpg"],"tags":[{"id":0,"name":"большие глазки"}],"status":"available"},{"id":9223372036854773080,"category":{"id":0,"name":"string"},"name":"doggie","photoUrls":["string"],"tags":[{"id":0,"name":"string"}],"status":"available"},{"id":9223372036854773082,"name":"Jimmy","photoUrls":["string"],"tags":[],"status":"available"},{"id":9223372036854773085,"category":{"id":0,"name":"string"},"name":"fish","photoUrls":["string"],"tags":[{"id":0,"name":"string"}],"status":"available"},{"id":9223372036854773086,"category":{"id":0,"name":"string"},"name":"fish","photoUrls":["string"],"tags":[{"id":0,"name":"string"}],"status":"available"},{"id":9223372036854773094,"category":{"id":0,"name":"string"},"name":"doggie","photoUrls":["string"],"tags":[{"id":0,"name":"string"}],"status":"available"},{"id":9223372036854773095,"category":{"id":0,"name":"cats"},"name":"красивые большие глазки","photoUrls":["https://klike.net/uploads/posts/2019-06/medium/1561011173_8.jpg"],"tags":[{"id":0,"name":"большие глазки"}],"status":"available"},{"id":9223372036854773096,"category":{"id":0,"name":"string"},"name":"doggie","photoUrls":["string"],"tags":[{"id":0,"name":"string"}],"status":"available"},{"id":9223372036854773099,"category":{"id":0,"name":"Жужа"},"name":"doggie","photoUrls":["string"],"tags":[{"id":0,"name":"string"}],"status":"available"},{"id":99996,"name":"doggie_by_ms","photoUrls":["string"],"tags":[{"id":0,"name":"string"}],"status":"available"},{"id":9223372036854773102,"category":{"id":0,"name":"string"},"name":"fish","photoUrls":["string"],"tags":[{"id":0,"name":"string"}],"status":"available"},{"id":9223372036854773103,"category":{"id":0,"name":"string"},"name":"fish","photoUrls":["string"],"tags":[{"id":0,"name":"string"}],"status":"available"},{"id":9223372036854773110,"category":{"id":0,"name":"string"},"name":"doggie","photoUrls":["string"],"tags":[{"id":0,"name":"string"}],"status":"available"},{"id":322,"category":{"id":323},"name":"Flopa","photoUrls":[],"tags":[],"status":"available"},{"id":9223372036854773116,"category":{"id":0,"name":"Жужа"},"name":"doggie","photoUrls":["string"],"tags":[{"id":0,"name":"string"}],"status":"available"},{"id":9223372036854773125,"category":{"id":0,"name":"string"},"name":"fish","photoUrls":["string"],"tags":[{"id":0,"name":"string"}],"status":"available"},{"id":9223372036854773127,"category":{"id":0,"name":"string"},"name":"fish","photoUrls":["string"],"tags":[{"id":0,"name":"string"}],"status":"available"},{"id":9223372036854773128,"category":{"id":0,"name":"string"},"name":"fish","photoUrls":["string"],"tags":[{"id":0,"name":"string"}],"status":"available"},{"id":9223372036854773129,"category":{"id":0,"name":"string"},"name":"fish","photoUrls":["string"],"tags":[{"id":0,"name":"string"}],"status":"available"},{"id":9223372036854773130,"category":{"id":0,"name":"Вава"},"name":"doggie","photoUrls":["string"],"tags":[{"id":0,"name":"string"}],"status":"available"},{"id":9223372036854773133,"category":{"id":0,"name":"cats"},"name":"красивые большие глазки","photoUrls":["https://klike.net/uploads/posts/2019-06/medium/1561011173_8.jpg"],"tags":[{"id":0,"name":"большие глазки"}],"status":"available"},{"id":103,"category":{"id":1,"name":"dog"},"name":"pokkirie","photoUrls":["string"],"tags":[{"id":0,"name":"string"}],"status":"available"},{"id":9223372036854773169,"name":"Jimmy","photoUrls":["string"],"tags":[],"status":"available"},{"id":9223372036854773170,"category":{"id":0,"name":"string"},"name":"doggie","photoUrls":["string"],"tags":[{"id":0,"name":"string"}],"status":"available"},{"id":9223372036854773187,"category":{"id":0,"name":"string"},"name":"fish","photoUrls":["string"],"tags":[{"id":0,"name":"string"}],"status":"available"},{"id":9223372036854773188,"category":{"id":0,"name":"string"},"name":"fish","photoUrls":["string"],"tags":[{"id":0,"name":"string"}],"status":"available"},{"id":90,"category":{"id":0,"name":"string"},"name":"\"\"","photoUrls":["string"],"tags":[{"id":0,"name":"tagSwathi"}],"status":"available"},{"id":9223372036854773198,"category":{"id":0,"name":"string"},"name":"doggie","photoUrls":["string"],"tags":[{"id":0,"name":"tagSwathi"}],"status":"available"},{"id":9223372036854773204,"category":{"id":0,"name":"string"},"name":"fish","photoUrls":["string"],"tags":[{"id":0,"name":"string"}],"status":"available"},{"id":55,"category":{"id":0,"name":"string"},"name":"VssAdministrator","photoUrls":["string"],"tags":[{"id":0,"name":"string"}],"status":"available"},{"id":9223372036854773212,"category":{"id":0,"name":"string"},"name":"doggie","photoUrls":["string"],"tags":[{"id":0,"name":"tagSwathi"}],"status":"available"},{"id":9223372036854773216,"category":{"id":0,"name":"string"},"name":"fish","photoUrls":["string"],"tags":[{"id":0,"name":"string"}],"status":"available"},{"id":9223372036854773218,"category":{"id":0,"name":"string"},"name":"doggie","photoUrls":["string"],"tags":[{"id":0,"name":"tagSwathi"}],"status":"available"},{"id":9223372036854773232,"category":{"id":0,"name":"string"},"name":"doggie","photoUrls":["string"],"tags":[{"id":0,"name":"tagSwathi"}],"status":"available"},{"id":9223372036854773236,"category":{"id":0,"name":"string"},"name":"doggie","photoUrls":["string"],"tags":[{"id":0,"name":"string"}],"status":"available"},{"id":9223372036854773250,"category":{"id":0,"name":"string"},"name":"doggie","photoUrls":["string"],"tags":[{"id":0,"name":"string"}],"status":"available"},{"id":9223372036854773251,"category":{"id":0,"name":"string"},"name":"doggie","photoUrls":["string"],"tags":[{"id":0,"name":"string"}],"status":"available"},{"id":9223372036854773252,"category":{"id":0,"name":"string"},"name":"fish","photoUrls":["string"],"tags":[{"id":0,"name":"string"}],"status":"available"},{"id":9223372036854773254,"category":{"id":0,"name":"string"},"name":"fish","photoUrls":["string"],"tags":[{"id":0,"name":"string"}],"status":"available"},{"id":9223372036854773263,"category":{"id":0,"name":"string"},"name":"fish","photoUrls":["string"],"tags":[{"id":0,"name":"string"}],"status":"available"},{"id":9223372036854773264,"category":{"id":0,"name":"string"},"name":"fish","photoUrls":["string"],"tags":[{"id":0,"name":"string"}],"status":"available"},{"id":9223372036854773265,"category":{"id":0,"name":"string"},"name":"doggie","photoUrls":["string"],"tags":[{"id":0,"name":"string"}],"status":"available"},{"id":9223372036854773266,"category":{"id":0,"name":"string"},"name":"doggie","photoUrls":["string"],"tags":[{"id":0,"name":"string"}],"status":"available"},{"id":9223372036854773267,"category":{"id":0,"name":"string"},"name":"doggie","photoUrls":["string"],"tags":[{"id":0,"name":"string"}],"status":"available"},{"id":9223372036854773268,"category":{"id":0,"name":"string"},"name":"doggie","photoUrls":["string"],"tags":[{"id":0,"name":"string"}],"status":"available"},{"id":9223372036854773269,"category":{"id":0,"name":"string"},"name":"doggie","photoUrls":["string"],"tags":[{"id":0,"name":"string"}],"status":"available"},{"id":9223372036854773270,"category":{"id":0,"name":"string"},"name":"doggie","photoUrls":["string"],"tags":[{"id":0,"name":"string"}],"status":"available"},{"id":9223372036854773273,"category":{"id":0,"name":"string"},"name":"doggie","photoUrls":["string"],"tags":[{"id":0,"name":"string"}],"status":"available"},{"id":9223372036854773274,"category":{"id":0,"name":"string"},"name":"doggie","photoUrls":["string"],"tags":[{"id":0,"name":"string"}],"status":"available"},{"id":9223372036854773276,"category":{"id":0,"name":"string"},"name":"doggie","photoUrls":["string"],"tags":[{"id":0,"name":"string"}],"status":"available"},{"id":9223372036854773278,"category":{"id":0,"name":"string"},"name":"doggie","photoUrls":["string"],"tags":[{"id":0,"name":"string"}],"status":"available"},{"id":9223372036854773283,"category":{"id":0,"name":"string"},"name":"doggie","photoUrls":["string"],"tags":[{"id":0,"name":"string"}],"status":"available"},{"id":12345,"category":{"id":0,"name":"cats"},"name":"красивые большие глазки","photoUrls":["https://klike.net/uploads/posts/2019-06/medium/1561011173_8.jpg"],"tags":[{"id":0,"name":"большие глазки"}],"status":"available"},{"id":1816,"category":{"id":1804,"name":"dog"},"name":"rex","photoUrls":["string"],"tags":[{"id":1804,"name":"sheperd"}],"status":"available"},{"id":9223372036854773285,"category":{"id":0,"name":"puppy"},"name":"doggie","photoUrls":["string"],"tags":[{"id":0,"name":"Charlie"}],"status":"available"},{"id":9223372036854773286,"category":{"id":0,"name":"string"},"name":"fish","photoUrls":["string"],"tags":[{"id":0,"name":"string"}],"status":"available"},{"id":9223372036854773287,"name":"siyaan","photoUrls":[],"tags":[],"status":"available"},{"id":9223372036854773288,"category":{"id":0,"name":"string"},"name":"doggie","photoUrls":["string"],"tags":[{"id":0,"name":"string"}],"status":"available"},{"id":9223372036854773289,"category":{"id":0,"name":"string"},"name":"doggie","photoUrls":["string"],"tags":[{"id":0,"name":"string"}],"status":"available"},{"id":9223372036854773290,"category":{"id":0,"name":"string"},"name":"fish","photoUrls":["string"],"tags":[{"id":0,"name":"string"}],"status":"available"},{"id":9223372036854773291,"category":{"id":0,"name":"string"},"name":"doggie","photoUrls":["string"],"tags":[{"id":0,"name":"string"}],"status":"available"},{"id":9223372036854773292,"category":{"id":0,"name":"string"},"name":"doggie","photoUrls":["string"],"tags":[{"id":0,"name":"string"}],"status":"available"},{"id":9223372036854773294,"category":{"id":0,"name":"string"},"name":"fish","photoUrls":["string"],"tags":[{"id":0,"name":"string"}],"status":"available"},{"id":9223372036854773295,"category":{"id":0,"name":"string"},"name":"fish","photoUrls":["string"],"tags":[{"id":0,"name":"string"}],"status":"available"},{"id":9223372036854773298,"category":{"id":0,"name":"string"},"name":"doggie","photoUrls":["string"],"tags":[{"id":0,"name":"string"}],"status":"available"},{"id":98798404,"category":{"id":67482512,"name":"eiusmod Excepteur cillum"},"name":"doggie","photoUrls":["consequat magna deserunt cupidatat","ullamco sunt amet ea conse"],"tags":[{"id":38658984,"name":"consequat tempor"},{"id":-69811051,"name":"eu cillum do nisi sit"}],"status":"available"},{"id":9223372036854773299,"category":{"id":0,"name":"string"},"name":"doggie","photoUrls":["string"],"tags":[{"id":0,"name":"string"}],"status":"available"},{"id":9223372036854773303,"category":{"id":0,"name":"string"},"name":"doggie","photoUrls":["string"],"tags":[{"id":0,"name":"string"}],"status":"available"},{"id":645,"category":{"id":1,"name":"dog"},"name":"Wow","photoUrls":[],"tags":[{"id":1,"name":"Dog"}],"status":"available"},{"id":9223372036854773320,"category":{"id":1,"name":"homie"},"name":"Alice322","photoUrls":["string"],"tags":[{"id":1,"name":"rabbit"}],"status":"available"},{"id":9223372036854773332,"category":{"id":0,"name":"string"},"name":"doggie","photoUrls":["string"],"tags":[{"id":0,"name":"string"}],"status":"available"},{"id":9223372036854773333,"category":{"id":0,"name":"string"},"name":"doggie","photoUrls":["string"],"tags":[{"id":0,"name":"string"}],"status":"available"},{"id":9223372036854773334,"category":{"id":0,"name":"string"},"name":"Blue","photoUrls":["string"],"tags":[{"id":0,"name":"string"}],"status":"available"},{"id":9223372036854773335,"category":{"id":0,"name":"string"},"name":"doggie","photoUrls":["string"],"tags":[{"id":0,"name":"string"}],"status":"available"},{"id":9223372036854773337,"category":{"id":0,"name":"Вава"},"name":"doggie","photoUrls":["string"],"tags":[{"id":0,"name":"string"}],"status":"available"},{"id":9223372036854773338,"category":{"id":0,"name":"string"},"name":"fish","photoUrls":["string"],"tags":[{"id":0,"name":"string"}],"status":"available"},{"id":9223372036854773339,"category":{"id":0,"name":"string"},"name":"doggie","photoUrls":["string"],"tags":[{"id":0,"name":"string"}],"status":"available"},{"id":9223372036854773340,"category":{"id":0,"name":"string"},"name":"doggie","photoUrls":["string"],"tags":[{"id":0,"name":"string"}],"status":"available"},{"id":19,"category":{"id":0,"name":"string"},"name":"doggie","photoUrls":["string"],"tags":[{"id":0,"name":"string"}],"status":"available"},{"id":9223372036854773345,"category":{"id":0,"name":"string"},"name":"fish","photoUrls":["string"],"tags":[{"id":0,"name":"string"}],"status":"available"},{"id":12,"category":{"id":1,"name":"string"},"name":"doggie","photoUrls":["string"],"tags":[{"id":1,"name":"string"}],"status":"available"},{"id":9223372036854773348,"category":{"id":0,"name":"string"},"name":"doggie","photoUrls":["string"],"tags":[{"id":0,"name":"string"}],"status":"available"},{"id":9223372036854773351,"category":{"id":0,"name":"Вава"},"name":"doggie","photoUrls":["string"],"tags":[{"id":0,"name":"string"}],"status":"available"},{"id":9223372036854773352,"category":{"id":0,"name":"string"},"name":"doggie","photoUrls":["string"],"tags":[{"id":0,"name":"string"}],"status":"available"},{"id":9223372036854773353,"category":{"id":0,"name":"string"},"name":"fish","photoUrls":["string"],"tags":[{"id":0,"name":"string"}],"status":"available"},{"id":9223372036854773363,"category":{"id":0,"name":"Вава"},"name":"doggie","photoUrls":["string"],"tags":[{"id":0,"name":"string"}],"status":"available"},{"id":9223372036854773367,"category":{"id":0,"name":"string"},"name":"doggie","photoUrls":["string"],"tags":[{"id":0,"name":"string"}],"status":"available"},{"id":9223372036854773368,"category":{"id":0,"name":"string"},"name":"doggie","photoUrls":["string"],"tags":[{"id":0,"name":"string"}],"status":"available"},{"id":83402955,"category":{"id":-47552382,"name":"non commodo in"},"name":"doggie","photoUrls":["est","aliqua culpa reprehenderit labore"],"tags":[{"id":-12365530,"name":"ea"},{"id":4697299,"name":"deserunt"}],"status":"available"},{"id":9223372036854773369,"category":{"id":0,"name":"string"},"name":"test","photoUrls":["string"],"tags":[{"id":0,"name":"string"}],"status":"available"},{"id":9223372036854773370,"category":{"id":0,"name":"string"},"name":"test","photoUrls":["string"],"tags":[{"id":0,"name":"string"}],"status":"available"},{"id":9223372036854773371,"category":{"id":0,"name":"string"},"name":"test","photoUrls":["string"],"tags":[{"id":0,"name":"string"}],"status":"available"},{"id":9223372036854773372,"category":{"id":0,"name":"string"},"name":"test","photoUrls":["string"],"tags":[{"id":0,"name":"string"}],"status":"available"},{"id":17751411,"category":{"id":95379400,"name":"esse iru"},"name":"doggie","photoUrls":["in cupidatat nulla","est laborum ut"],"tags":[{"id":57974765,"name":"incididunt ea sit"},{"id":-82122710,"name":"dolor sint in ea"}],"status":"available"},{"id":9223372036854773375,"category":{"id":0,"name":"string"},"name":"fish","photoUrls":["string"],"tags":[{"id":0,"name":"string"}],"status":"available"},{"id":9223372036854773377,"category":{"id":0,"name":"string"},"name":"doggie","photoUrls":["string"],"tags":[{"id":0,"name":"string"}],"status":"available"},{"id":9223372036854773379,"category":{"id":0,"name":"Вава"},"name":"doggie","photoUrls":["string"],"tags":[{"id":0,"name":"string"}],"status":"available"},{"id":1,"category":{"id":1,"name":"string"},"name":"doggie","photoUrls":["string"],"tags":[{"id":1,"name":"string"}],"status":"available"},{"id":9223372036854773382,"category":{"id":0,"name":"Вава"},"name":"doggie","photoUrls":["string"],"tags":[{"id":0,"name":"string"}],"status":"available"}]
classpath:examples/users/pets.feature:19
js failed:
>>>>
01: https://petstore.swagger.io/v2/pet/1
<<<<
org.graalvm.polyglot.PolyglotException: SyntaxError: Unnamed:1:36 Expected ; but found eof
https://petstore.swagger.io/v2/pet/1
                                    ^

- org.graalvm.polyglot.Context.eval(Context.java:425)
- com.intuit.karate.graal.JsEngine.evalForValue(JsEngine.java:139)
- com.intuit.karate.graal.JsEngine.eval(JsEngine.java:135)
- com.intuit.karate.core.ScenarioEngine.evalJs(ScenarioEngine.java:1190)
- com.intuit.karate.core.ScenarioEngine.evalKarateExpression(ScenarioEngine.java:2143)
- com.intuit.karate.core.ScenarioEngine.evalKarateExpression(ScenarioEngine.java:2062)
- com.intuit.karate.core.ScenarioEngine.url(ScenarioEngine.java:371)

classpath:examples/users/pets.feature:22
<<<

HTML report: (paste into browser to view) | Karate version: 1.3.1
file:///C:/Workspace/Karate/Karate/karate_test/target/karate-reports/karate-summary.html
===================================================================

]]></system-out>
  </testcase>
</testsuite>